2024-11-13 19:13:15.311 [info] Using settings sync service https://vscode-sync.trafficmanager.net/
2024-11-13 19:13:15.312 [info] Auto Sync is enabled.
2024-11-13 19:13:15.312 [info] Auto Sync: Suspended until auth token is available.
2024-11-13 19:13:16.840 [info] Auto Sync: Triggered by Interval
2024-11-13 19:13:16.841 [info] Sync started.
2024-11-13 19:13:17.209 [info] Settings: No changes found during synchronizing settings.
2024-11-13 19:13:17.216 [info] Keybindings: No changes found during synchronizing keybindings.
2024-11-13 19:13:17.251 [info] Snippets: No changes found during synchronizing snippets.
2024-11-13 19:13:17.252 [info] Tasks: No changes found during synchronizing tasks.
2024-11-13 19:13:17.257 [info] GlobalState: No changes found during synchronizing ui state.
2024-11-13 19:13:17.306 [info] Extensions: No changes found during synchronizing extensions.
2024-11-13 19:13:17.307 [info] Profiles: No changes found during synchronizing profiles.
2024-11-13 19:13:17.308 [info] Sync done. Took 469ms
2024-11-13 19:13:29.933 [info] Auto Sync: Triggered by Activity
2024-11-13 19:13:29.933 [info] Sync started.
2024-11-13 19:13:30.003 [info] Settings: No changes found during synchronizing settings.
2024-11-13 19:13:30.007 [info] Keybindings: No changes found during synchronizing keybindings.
2024-11-13 19:13:30.009 [info] Snippets: No changes found during synchronizing snippets.
2024-11-13 19:13:30.010 [info] Tasks: No changes found during synchronizing tasks.
2024-11-13 19:13:30.012 [info] GlobalState: No changes found during synchronizing ui state.
2024-11-13 19:13:30.041 [info] Extensions: No changes found during synchronizing extensions.
2024-11-13 19:13:30.042 [info] Profiles: No changes found during synchronizing profiles.
2024-11-13 19:13:30.042 [info] Sync done. Took 113ms
