2024-11-13 18:29:19.508 [info] [main] Log level: Info
2024-11-13 18:29:19.508 [info] [main] Validating found git in: "git"
2024-11-13 18:29:19.508 [info] [main] Using git "2.47.0" from "git"
2024-11-13 18:29:19.508 [info] [Model][doInitialScan] Initial repository scan started
2024-11-13 18:29:19.508 [info] > git rev-parse --show-toplevel [6ms]
2024-11-13 18:29:19.508 [info] fatal: not a git repository (or any of the parent directories): .git
2024-11-13 18:29:19.508 [info] > git rev-parse --show-toplevel [5ms]
2024-11-13 18:29:19.508 [info] fatal: not a git repository (or any of the parent directories): .git
2024-11-13 18:29:19.594 [info] > git rev-parse --show-toplevel [1ms]
2024-11-13 18:29:19.594 [info] fatal: not a git repository (or any of the parent directories): .git
2024-11-13 18:29:19.599 [info] > git rev-parse --show-toplevel [0ms]
2024-11-13 18:29:19.599 [info] fatal: not a git repository (or any of the parent directories): .git
2024-11-13 18:29:19.605 [info] > git rev-parse --show-toplevel [0ms]
2024-11-13 18:29:19.605 [info] fatal: not a git repository (or any of the parent directories): .git
2024-11-13 18:29:19.612 [info] > git rev-parse --show-toplevel [3ms]
2024-11-13 18:29:19.612 [info] fatal: not a git repository (or any of the parent directories): .git
2024-11-13 18:29:19.778 [info] > git rev-parse --show-toplevel [161ms]
2024-11-13 18:29:19.778 [info] fatal: not a git repository (or any of the parent directories): .git
2024-11-13 18:29:19.785 [info] > git rev-parse --show-toplevel [2ms]
2024-11-13 18:29:19.785 [info] fatal: not a git repository (or any of the parent directories): .git
2024-11-13 18:29:19.791 [info] > git rev-parse --show-toplevel [0ms]
2024-11-13 18:29:19.796 [info] > git rev-parse --git-dir --git-common-dir [0ms]
2024-11-13 18:29:19.804 [info] [Model][openRepository] Opened repository: /home/fgress2/.oh-my-zsh
2024-11-13 18:29:19.815 [info] > git rev-parse --show-toplevel [1ms]
2024-11-13 18:29:19.815 [info] fatal: not a git repository (or any of the parent directories): .git
2024-11-13 18:29:19.815 [info] > git config --get commit.template [6ms]
2024-11-13 18:29:19.827 [info] > git for-each-ref --format=%(refname)%00%(upstream:short)%00%(objectname)%00%(upstream:track)%00%(upstream:remotename)%00%(upstream:remoteref) refs/heads/master refs/remotes/master [1ms]
2024-11-13 18:29:19.827 [info] > git rev-parse --show-toplevel [6ms]
2024-11-13 18:29:19.827 [info] fatal: not a git repository (or any of the parent directories): .git
2024-11-13 18:29:19.846 [info] > git rev-parse --show-toplevel [14ms]
2024-11-13 18:29:19.846 [info] fatal: not a git repository (or any of the parent directories): .git
2024-11-13 18:29:19.853 [info] > git for-each-ref --sort -committerdate --format %(refname) %(objectname) %(*objectname) [7ms]
2024-11-13 18:29:19.854 [info] > git rev-parse --show-toplevel [2ms]
2024-11-13 18:29:19.854 [info] fatal: not a git repository (or any of the parent directories): .git
2024-11-13 18:29:19.861 [info] > git rev-parse --show-toplevel [1ms]
2024-11-13 18:29:19.861 [info] fatal: not a git repository (or any of the parent directories): .git
2024-11-13 18:29:19.867 [info] > git status -z -uall [28ms]
2024-11-13 18:29:19.886 [info] > git for-each-ref --format=%(refname)%00%(upstream:short)%00%(objectname)%00%(upstream:track)%00%(upstream:remotename)%00%(upstream:remoteref) refs/heads/master refs/remotes/master [9ms]
2024-11-13 18:29:19.892 [info] > git rev-parse --show-toplevel [26ms]
2024-11-13 18:29:19.892 [info] fatal: not a git repository (or any of the parent directories): .git
2024-11-13 18:29:19.899 [info] > git config --local branch.master.vscode-merge-base [7ms]
2024-11-13 18:29:19.904 [info] > git config --get commit.template [19ms]
2024-11-13 18:29:19.907 [info] > git rev-parse --show-toplevel [9ms]
2024-11-13 18:29:19.907 [info] fatal: not a git repository (or any of the parent directories): .git
2024-11-13 18:29:19.935 [info] > git for-each-ref --format=%(refname)%00%(upstream:short)%00%(objectname)%00%(upstream:track)%00%(upstream:remotename)%00%(upstream:remoteref) refs/heads/origin/master refs/remotes/origin/master [32ms]
2024-11-13 18:29:19.972 [info] > git merge-base refs/heads/master refs/remotes/origin/master [30ms]
2024-11-13 18:29:19.979 [info] > git rev-parse --show-toplevel [46ms]
2024-11-13 18:29:19.979 [info] fatal: not a git repository (or any of the parent directories): .git
2024-11-13 18:29:19.979 [info] > git for-each-ref --format=%(refname)%00%(upstream:short)%00%(objectname)%00%(upstream:track)%00%(upstream:remotename)%00%(upstream:remoteref) refs/heads/master refs/remotes/master [50ms]
2024-11-13 18:29:20.007 [info] > git diff --name-status -z --diff-filter=ADMR 7ed475cb589c9e82211f71b3a5d7083b69cea93c...refs/remotes/origin/master [29ms]
2024-11-13 18:29:20.012 [info] > git rev-parse --show-toplevel [25ms]
2024-11-13 18:29:20.012 [info] fatal: not a git repository (or any of the parent directories): .git
2024-11-13 18:29:20.035 [info] > git rev-parse --show-toplevel [17ms]
2024-11-13 18:29:20.035 [info] fatal: not a git repository (or any of the parent directories): .git
2024-11-13 18:29:20.038 [info] [Model][doInitialScan] Initial repository scan completed - repositories (1), closed repositories (0), parent repositories (0), unsafe repositories (0)
2024-11-13 18:29:20.039 [info] > git for-each-ref --sort -committerdate --format %(refname) %(objectname) %(*objectname) [5ms]
2024-11-13 18:29:20.098 [info] > git status -z -uall [72ms]
2024-11-13 18:29:20.326 [info] > git check-ignore -v -z --stdin [1ms]
2024-11-13 18:29:22.873 [info] > git rev-parse --show-toplevel [32ms]
2024-11-13 18:29:22.873 [info] fatal: not a git repository (or any of the parent directories): .git
2024-11-13 18:29:27.314 [info] > git rev-parse --show-toplevel [2ms]
2024-11-13 18:29:27.314 [info] fatal: not a git repository (or any of the parent directories): .git
2024-11-13 18:29:27.427 [info] > git rev-parse --show-toplevel [1ms]
2024-11-13 18:29:27.427 [info] fatal: not a git repository (or any of the parent directories): .git
2024-11-13 18:29:27.514 [info] > git rev-parse --show-toplevel [1ms]
2024-11-13 18:29:27.514 [info] fatal: not a git repository (or any of the parent directories): .git
2024-11-13 18:29:27.644 [info] > git rev-parse --show-toplevel [1ms]
2024-11-13 18:29:27.644 [info] fatal: not a git repository (or any of the parent directories): .git
2024-11-13 18:29:28.289 [info] > git fetch [1119ms]
2024-11-13 18:29:28.313 [info] > git config --get commit.template [11ms]
2024-11-13 18:29:28.313 [info] > git for-each-ref --format=%(refname)%00%(upstream:short)%00%(objectname)%00%(upstream:track)%00%(upstream:remotename)%00%(upstream:remoteref) refs/heads/master refs/remotes/master [1ms]
2024-11-13 18:29:28.336 [info] > git for-each-ref --sort -committerdate --format %(refname) %(objectname) %(*objectname) [1ms]
2024-11-13 18:29:28.353 [info] > git status -z -uall [29ms]
