Locating server…
Booting server...
Checking if /home/fgress2/.cache/yay/intellij-idea-ultimate-edition/src/idea-IU-242.23726.103/plugins/textmate/lib/bundles/markdown-math/preview-styles/index.css may be Tailwind-related…
Checking if /home/fgress2/.config/google-chrome/Default/Extensions/nmmhkkegccagdldgiimedpiccmgmieda/1.0.0.6_0/css/craw_window.css may be Tailwind-related…
Setting up server…
Listening for messages…
Checking if /home/fgress2/.config/Code/User/History/ed93d58/zJPS.css may be Tailwind-related…
Searching for Tailwind CSS projects in the workspace's folders.
Checking if /home/fgress2/.config/Code/User/History/ed93d58/8ofU.css may be Tailwind-related…
Checking if /home/fgress2/.config/Code/User/History/ed93d58/oJSc.css may be Tailwind-related…
Checking if /home/fgress2/.config/Code/User/History/7696e5c1/p4C3.css may be Tailwind-related…
Checking if /home/fgress2/.config/Code/User/History/7696e5c1/7foG.css may be Tailwind-related…
Checking if /home/fgress2/.config/wofi/style.css may be Tailwind-related…
Checking if /home/fgress2/.config/waybar/style.css may be Tailwind-related…
Checking if /home/fgress2/.config/spicetify/CustomApps/marketplace/style.css may be Tailwind-related…
Checking if /home/fgress2/.config/spicetify/Extracted/Raw/xpui/xpui-routes-collection-local-files.css may be Tailwind-related…
Checking if /home/fgress2/.config/spicetify/Extracted/Themed/xpui/xpui-routes-concert.css may be Tailwind-related…
Checking if /home/fgress2/.config/spicetify/Extracted/Themed/xpui/2962.css may be Tailwind-related…
Checking if /home/fgress2/.config/spicetify/Extracted/Themed/xpui/4008.css may be Tailwind-related…
Checking if /home/fgress2/.config/spicetify/Extracted/Themed/xpui/xpui-feature-activation.css may be Tailwind-related…
Checking if /home/fgress2/.config/spicetify/Extracted/Themed/xpui/home-ad-card.css may be Tailwind-related…
Checking if /home/fgress2/.config/spicetify/Extracted/Themed/xpui/xpui-routes-collection-concerts.css may be Tailwind-related…
Checking if /home/fgress2/.config/spicetify/Extracted/Themed/xpui/xpui.css may be Tailwind-related…
Checking if /home/fgress2/.config/spicetify/Extracted/Themed/xpui/xpui-routes-blend.css may be Tailwind-related…
Checking if /home/fgress2/.config/spicetify/Extracted/Themed/xpui/xpui-root-dialogs.css may be Tailwind-related…
Checking if /home/fgress2/.config/spicetify/Extracted/Themed/xpui/xpui-routes-profile.css may be Tailwind-related…
Checking if /home/fgress2/.config/spicetify/Extracted/Themed/xpui/xpui-routes-queue-page.css may be Tailwind-related…
Checking if /home/fgress2/.config/spicetify/Extracted/Themed/xpui/dwp-offline-empty-state.css may be Tailwind-related…
Checking if /home/fgress2/.config/spicetify/Extracted/Themed/xpui/legacy-hpto-compatibility.css may be Tailwind-related…
Checking if /home/fgress2/.config/spicetify/Extracted/Themed/xpui/dwp-home-chips-row.css may be Tailwind-related…
Checking if /home/fgress2/.config/spicetify/Extracted/Themed/xpui/dwp-video-player.css may be Tailwind-related…
Checking if /home/fgress2/.config/spicetify/Extracted/Themed/xpui/dwp-full-screen-mode-container.css may be Tailwind-related…
Checking if /home/fgress2/.config/spicetify/Extracted/Themed/xpui/xpui-routes-album.css may be Tailwind-related…
Checking if /home/fgress2/.config/spicetify/Extracted/Themed/xpui/dwp-leaderboard-component.css may be Tailwind-related…
Checking if /home/fgress2/.config/spicetify/Extracted/Themed/xpui/xpui-routes-play-history-page.css may be Tailwind-related…
Checking if /home/fgress2/.config/spicetify/Extracted/Themed/xpui/xpui-routes-desktop-settings.css may be Tailwind-related…
Checking if /home/fgress2/.config/spicetify/Extracted/Themed/xpui/dwp-feedback-bar.css may be Tailwind-related…
Checking if /home/fgress2/.config/spicetify/Extracted/Themed/xpui/xpui-routes-episode.css may be Tailwind-related…
Checking if /home/fgress2/.config/spicetify/Extracted/Themed/xpui/xpui-desktop-routes-settings.css may be Tailwind-related…
Checking if /home/fgress2/.config/spicetify/Extracted/Themed/xpui/7271.css may be Tailwind-related…
Checking if /home/fgress2/.config/spicetify/Extracted/Themed/xpui/9129.css may be Tailwind-related…
Checking if /home/fgress2/.config/spicetify/Extracted/Themed/xpui/xpui-routes-collection-local-files.css may be Tailwind-related…
Checking if /home/fgress2/.config/spicetify/Extracted/Themed/xpui/playlist-leavebehinds.css may be Tailwind-related…
Checking if /home/fgress2/.config/spicetify/Extracted/Themed/xpui/dwp-participant-list-page.css may be Tailwind-related…
Checking if /home/fgress2/.config/spicetify/Extracted/Themed/xpui/xpui-routes-venues.css may be Tailwind-related…
Checking if /home/fgress2/.config/spicetify/Extracted/Themed/xpui/xpui-desktop-modals.css may be Tailwind-related…
Checking if /home/fgress2/.config/spicetify/Extracted/Themed/xpui/dwp-now-playing-bar.css may be Tailwind-related…
Checking if /home/fgress2/.config/spicetify/Extracted/Themed/xpui/debug-locales.css may be Tailwind-related…
Checking if /home/fgress2/.config/spicetify/Extracted/Themed/xpui/5978.css may be Tailwind-related…
Checking if /home/fgress2/.config/spicetify/Extracted/Themed/xpui/xpui-routes-buddy-feed.css may be Tailwind-related…
Checking if /home/fgress2/.config/spicetify/Extracted/Themed/xpui/dwp-watch-feed-view-container.css may be Tailwind-related…
Checking if /home/fgress2/.config/spicetify/Extracted/Themed/xpui/concerts-on-tour-playlist-card.css may be Tailwind-related…
Checking if /home/fgress2/.config/spicetify/Extracted/Themed/xpui/7302.css may be Tailwind-related…
Checking if /home/fgress2/.config/spicetify/Extracted/Themed/xpui/xpui-debug-window-contents.css may be Tailwind-related…
Checking if /home/fgress2/.config/spicetify/Extracted/Themed/xpui/pip-mini-player.css may be Tailwind-related…
Checking if /home/fgress2/.config/spicetify/Extracted/Themed/xpui/xpui-routes-recent-searches.css may be Tailwind-related…
Checking if /home/fgress2/.config/spicetify/Extracted/Themed/xpui/xpui-routes-episode-more-like-this.css may be Tailwind-related…
Checking if /home/fgress2/.config/spicetify/Extracted/Themed/xpui/your-sound-capsule-modal.css may be Tailwind-related…
Checking if /home/fgress2/.config/spicetify/Extracted/Themed/xpui/home-hpto.css may be Tailwind-related…
Checking if /home/fgress2/.config/spicetify/Extracted/Raw/login/login.css may be Tailwind-related…
Checking if /home/fgress2/.config/spicetify/Extracted/Themed/login/login.css may be Tailwind-related…
Checking if /home/fgress2/.config/spicetify/Extracted/Raw/xpui/dwp-full-screen-mode-container.css may be Tailwind-related…
Checking if /home/fgress2/.config/spicetify/Extracted/Themed/xpui/browse-v2.css may be Tailwind-related…
Checking if /home/fgress2/.config/spicetify/Extracted/Raw/xpui/xpui-routes-concert.css may be Tailwind-related…
Checking if /home/fgress2/.config/spicetify/Extracted/Raw/xpui/xpui-root-dialogs.css may be Tailwind-related…
Checking if /home/fgress2/.config/spicetify/Extracted/Raw/xpui/4008.css may be Tailwind-related…
Checking if /home/fgress2/.config/spicetify/Extracted/Raw/xpui/2962.css may be Tailwind-related…
Checking if /home/fgress2/.config/spicetify/Extracted/Raw/xpui/xpui-feature-activation.css may be Tailwind-related…
Checking if /home/fgress2/.config/spicetify/Extracted/Raw/xpui/legacy-hpto-compatibility.css may be Tailwind-related…
Checking if /home/fgress2/.config/spicetify/Extracted/Raw/xpui/home-ad-card.css may be Tailwind-related…
Checking if /home/fgress2/.config/spicetify/Extracted/Raw/xpui/xpui-routes-collection-concerts.css may be Tailwind-related…
Checking if /home/fgress2/.config/spicetify/Extracted/Raw/xpui/xpui.css may be Tailwind-related…
Checking if /home/fgress2/.config/spicetify/Extracted/Raw/xpui/xpui-routes-queue-page.css may be Tailwind-related…
Checking if /home/fgress2/.config/spicetify/Extracted/Raw/xpui/xpui-routes-profile.css may be Tailwind-related…
Checking if /home/fgress2/.config/spicetify/Extracted/Raw/xpui/xpui-routes-blend.css may be Tailwind-related…
Checking if /home/fgress2/.config/spicetify/Extracted/Raw/xpui/dwp-offline-empty-state.css may be Tailwind-related…
Checking if /home/fgress2/.config/spicetify/Extracted/Raw/xpui/dwp-leaderboard-component.css may be Tailwind-related…
Checking if /home/fgress2/.config/spicetify/Extracted/Raw/xpui/xpui-routes-episode.css may be Tailwind-related…
Checking if /home/fgress2/.config/spicetify/Extracted/Raw/xpui/dwp-feedback-bar.css may be Tailwind-related…
Checking if /home/fgress2/.config/spicetify/Extracted/Raw/xpui/xpui-routes-album.css may be Tailwind-related…
Checking if /home/fgress2/.config/spicetify/Extracted/Raw/xpui/xpui-routes-play-history-page.css may be Tailwind-related…
Checking if /home/fgress2/.config/spicetify/Extracted/Raw/xpui/debug-locales.css may be Tailwind-related…
Checking if /home/fgress2/.config/spicetify/Extracted/Raw/xpui/dwp-now-playing-bar.css may be Tailwind-related…
Checking if /home/fgress2/.config/spicetify/Extracted/Raw/xpui/your-sound-capsule-modal.css may be Tailwind-related…
Checking if /home/fgress2/.config/spicetify/Extracted/Raw/xpui/xpui-routes-recent-searches.css may be Tailwind-related…
Checking if /home/fgress2/.config/spicetify/Extracted/Raw/xpui/xpui-routes-episode-more-like-this.css may be Tailwind-related…
Checking if /home/fgress2/.config/spicetify/Extracted/Raw/xpui/home-hpto.css may be Tailwind-related…
Checking if /home/fgress2/.config/spicetify/Extracted/Raw/xpui/pip-mini-player.css may be Tailwind-related…
Checking if /home/fgress2/.config/spicetify/Extracted/Raw/xpui/concerts-on-tour-playlist-card.css may be Tailwind-related…
Checking if /home/fgress2/.config/spicetify/Extracted/Raw/xpui/dwp-watch-feed-view-container.css may be Tailwind-related…
Checking if /home/fgress2/.config/spicetify/Extracted/Raw/xpui/7302.css may be Tailwind-related…
Checking if /home/fgress2/.config/spicetify/Extracted/Raw/xpui/xpui-debug-window-contents.css may be Tailwind-related…
Checking if /home/fgress2/.config/spicetify/Extracted/Raw/xpui/xpui-routes-venues.css may be Tailwind-related…
Checking if /home/fgress2/.config/spicetify/Extracted/Raw/xpui/xpui-desktop-modals.css may be Tailwind-related…
Checking if /home/fgress2/.config/spicetify/Extracted/Raw/xpui/dwp-participant-list-page.css may be Tailwind-related…
Checking if /home/fgress2/.config/spicetify/Extracted/Raw/xpui/5978.css may be Tailwind-related…
Checking if /home/fgress2/.config/spicetify/Extracted/Raw/xpui/xpui-routes-buddy-feed.css may be Tailwind-related…
Checking if /home/fgress2/.config/spicetify/Extracted/Raw/xpui/playlist-leavebehinds.css may be Tailwind-related…
Checking if /home/fgress2/.config/spicetify/Extracted/Raw/xpui/xpui-desktop-routes-settings.css may be Tailwind-related…
Checking if /home/fgress2/.config/spicetify/Extracted/Raw/xpui/7271.css may be Tailwind-related…
Checking if /home/fgress2/.config/spicetify/Extracted/Raw/xpui/9129.css may be Tailwind-related…
Checking if /home/fgress2/.config/spicetify/Extracted/Raw/xpui/xpui-routes-desktop-settings.css may be Tailwind-related…
Checking if /home/fgress2/.config/spicetify/Extracted/Raw/xpui/dwp-video-player.css may be Tailwind-related…
Checking if /home/fgress2/.config/spicetify/Extracted/Raw/xpui/dwp-home-chips-row.css may be Tailwind-related…
Checking if /home/fgress2/.config/spicetify/Extracted/Themed/xpui/xpui-routes-your-library-x.css may be Tailwind-related…
Checking if /home/fgress2/.config/spicetify/Extracted/Raw/xpui/dwp-lyrics-cinema-mode-container.css may be Tailwind-related…
Checking if /home/fgress2/.config/spicetify/Extracted/Themed/xpui/dwp-lyrics-cinema-mode-container.css may be Tailwind-related…
Checking if /home/fgress2/.config/spicetify/Extracted/Themed/xpui/xpui-routes-buddy-feed-legacy.css may be Tailwind-related…
Checking if /home/fgress2/.config/spicetify/Extracted/Themed/xpui/dwp-whats-new-feed.css may be Tailwind-related…
Checking if /home/fgress2/.config/spicetify/Extracted/Themed/xpui/xpui-routes-playlist.css may be Tailwind-related…
Checking if /home/fgress2/.config/spicetify/Extracted/Themed/xpui/2284.css may be Tailwind-related…
Checking if /home/fgress2/.config/spicetify/Extracted/Themed/xpui/dwp-billboard-ad.css may be Tailwind-related…
Checking if /home/fgress2/.config/spicetify/Extracted/Themed/xpui/xpui-routes-show.css may be Tailwind-related…
Checking if /home/fgress2/.config/spicetify/Extracted/Themed/xpui/xpui-pip-mini-player.css may be Tailwind-related…
Checking if /home/fgress2/.config/spicetify/Extracted/Themed/xpui/xpui-routes-collection-songs.css may be Tailwind-related…
Checking if /home/fgress2/.config/spicetify/Extracted/Raw/xpui/xpui-routes-stage-page.css may be Tailwind-related…
Checking if /home/fgress2/.config/spicetify/Extracted/Themed/xpui/xpui-routes-see-all-playlist-leavebehinds.css may be Tailwind-related…
Checking if /home/fgress2/.config/spicetify/Extracted/Themed/xpui/xpui-routes-cultural-moment-hub.css may be Tailwind-related…
Checking if /home/fgress2/.config/spicetify/Extracted/Themed/xpui/xpui-routes-all-show-ads.css may be Tailwind-related…
Checking if /home/fgress2/.config/spicetify/Extracted/Themed/xpui/xpui-routes-collection-episodes.css may be Tailwind-related…
Checking if /home/fgress2/.config/spicetify/Extracted/Themed/xpui/dwp-page-error-template.css may be Tailwind-related…
Checking if /home/fgress2/.config/spicetify/Extracted/Themed/xpui/xpui-routes-lyrics.css may be Tailwind-related…
Checking if /home/fgress2/.config/spicetify/Extracted/Raw/xpui/xpui-routes-buddy-feed-legacy.css may be Tailwind-related…
Checking if /home/fgress2/.config/spicetify/Extracted/Themed/xpui/dwp-panel-section.css may be Tailwind-related…
Checking if /home/fgress2/.config/spicetify/Extracted/Themed/xpui/xpui-routes-stage-page.css may be Tailwind-related…
Checking if /home/fgress2/.config/spicetify/Extracted/Raw/xpui/xpui-routes-playlist.css may be Tailwind-related…
Checking if /home/fgress2/.config/spicetify/Extracted/Raw/xpui/2284.css may be Tailwind-related…
Checking if /home/fgress2/.config/spicetify/Extracted/Raw/xpui/dwp-billboard-ad.css may be Tailwind-related…
Checking if /home/fgress2/.config/spicetify/Extracted/Raw/xpui/xpui-pip-mini-player.css may be Tailwind-related…
Checking if /home/fgress2/.config/spicetify/Extracted/Raw/xpui/xpui-routes-collection-songs.css may be Tailwind-related…
Checking if /home/fgress2/.config/spicetify/Extracted/Raw/xpui/xpui-routes-show.css may be Tailwind-related…
Checking if /home/fgress2/.config/spicetify/Extracted/Raw/xpui/dwp-panel-section.css may be Tailwind-related…
Checking if /home/fgress2/.config/spicetify/Extracted/Raw/xpui/dwp-whats-new-feed.css may be Tailwind-related…
Checking if /home/fgress2/.config/spicetify/Extracted/Raw/xpui/xpui-routes-see-all-playlist-leavebehinds.css may be Tailwind-related…
Checking if /home/fgress2/.config/spicetify/Extracted/Raw/xpui/xpui-routes-cultural-moment-hub.css may be Tailwind-related…
Checking if /home/fgress2/.config/spicetify/Extracted/Raw/xpui/xpui-routes-lyrics.css may be Tailwind-related…
Checking if /home/fgress2/.config/spicetify/Extracted/Themed/xpui/xpui-routes-offline-browse.css may be Tailwind-related…
Checking if /home/fgress2/.config/spicetify/Extracted/Raw/xpui/dwp-page-error-template.css may be Tailwind-related…
Checking if /home/fgress2/.config/spicetify/Extracted/Raw/xpui/xpui-routes-offline-browse.css may be Tailwind-related…
Checking if /home/fgress2/.config/spicetify/Extracted/Raw/xpui/xpui-routes-all-show-ads.css may be Tailwind-related…
Checking if /home/fgress2/.config/spicetify/Extracted/Raw/xpui/xpui-routes-collection-episodes.css may be Tailwind-related…
Checking if /home/fgress2/.config/spicetify/Extracted/Themed/xpui/xpui-routes-album-prerelease.css may be Tailwind-related…
Checking if /home/fgress2/.config/spicetify/Extracted/Raw/xpui/xpui-routes-album-prerelease.css may be Tailwind-related…
Checking if /home/fgress2/.config/spicetify/Extracted/Themed/xpui/vendor~xpui.css may be Tailwind-related…
Checking if /home/fgress2/.config/spicetify/Extracted/Raw/xpui/vendor~xpui.css may be Tailwind-related…
Checking if /home/fgress2/.config/spicetify/Extracted/Themed/xpui/xpui-routes-search.css may be Tailwind-related…
Checking if /home/fgress2/.config/spicetify/Extracted/Raw/xpui/xpui-routes-search.css may be Tailwind-related…
Checking if /home/fgress2/dotfiles/.config/wofi/style.css may be Tailwind-related…
Checking if /home/fgress2/dotfiles/.config/waybar/style.css may be Tailwind-related…
Checking if /home/fgress2/dotfiles/.config/spicetify/Extracted/Themed/login/login.css may be Tailwind-related…
Checking if /home/fgress2/dotfiles/.config/spicetify/Extracted/Raw/xpui/xpui-routes-collection-local-files.css may be Tailwind-related…
Checking if /home/fgress2/dotfiles/.config/spicetify/Extracted/Raw/xpui/dwp-full-screen-mode-container.css may be Tailwind-related…
Checking if /home/fgress2/dotfiles/.config/spicetify/Extracted/Themed/xpui/xpui-routes-collection-local-files.css may be Tailwind-related…
Checking if /home/fgress2/dotfiles/.config/spicetify/Extracted/Themed/xpui/dwp-full-screen-mode-container.css may be Tailwind-related…
Checking if /home/fgress2/dotfiles/.config/spicetify/Extracted/Themed/xpui/xpui-routes-concert.css may be Tailwind-related…
Checking if /home/fgress2/dotfiles/.config/spicetify/Extracted/Raw/xpui/xpui-routes-concert.css may be Tailwind-related…
Checking if /home/fgress2/dotfiles/.config/spicetify/Extracted/Raw/xpui/legacy-hpto-compatibility.css may be Tailwind-related…
Checking if /home/fgress2/dotfiles/.config/spicetify/Extracted/Raw/login/login.css may be Tailwind-related…
Checking if /home/fgress2/dotfiles/.config/spicetify/Extracted/Raw/xpui/xpui-feature-activation.css may be Tailwind-related…
Checking if /home/fgress2/dotfiles/.config/spicetify/Extracted/Raw/xpui/2962.css may be Tailwind-related…
Checking if /home/fgress2/dotfiles/.config/spicetify/Extracted/Raw/xpui/4008.css may be Tailwind-related…
Checking if /home/fgress2/dotfiles/.config/spicetify/Extracted/Raw/xpui/home-ad-card.css may be Tailwind-related…
Checking if /home/fgress2/dotfiles/.config/spicetify/Extracted/Raw/xpui/xpui-routes-collection-concerts.css may be Tailwind-related…
Checking if /home/fgress2/dotfiles/.config/spicetify/Extracted/Raw/xpui/xpui.css may be Tailwind-related…
Checking if /home/fgress2/dotfiles/.config/spicetify/Extracted/Raw/xpui/xpui-routes-blend.css may be Tailwind-related…
Checking if /home/fgress2/dotfiles/.config/spicetify/Extracted/Raw/xpui/xpui-root-dialogs.css may be Tailwind-related…
Checking if /home/fgress2/dotfiles/.config/spicetify/CustomApps/marketplace/style.css may be Tailwind-related…
Checking if /home/fgress2/dotfiles/.config/spicetify/Extracted/Raw/xpui/xpui-routes-queue-page.css may be Tailwind-related…
Checking if /home/fgress2/dotfiles/.config/spicetify/Extracted/Raw/xpui/xpui-routes-profile.css may be Tailwind-related…
Checking if /home/fgress2/dotfiles/.config/spicetify/Extracted/Raw/xpui/dwp-offline-empty-state.css may be Tailwind-related…
Checking if /home/fgress2/dotfiles/.config/spicetify/Extracted/Raw/xpui/xpui-routes-play-history-page.css may be Tailwind-related…
Checking if /home/fgress2/dotfiles/.config/spicetify/Extracted/Raw/xpui/dwp-leaderboard-component.css may be Tailwind-related…
Checking if /home/fgress2/dotfiles/.config/spicetify/Extracted/Raw/xpui/7271.css may be Tailwind-related…
Checking if /home/fgress2/dotfiles/.config/spicetify/Extracted/Raw/xpui/5978.css may be Tailwind-related…
Checking if /home/fgress2/dotfiles/.config/spicetify/Extracted/Raw/xpui/xpui-routes-venues.css may be Tailwind-related…
Checking if /home/fgress2/dotfiles/.config/spicetify/Extracted/Raw/xpui/xpui-debug-window-contents.css may be Tailwind-related…
Checking if /home/fgress2/dotfiles/.config/spicetify/Extracted/Raw/xpui/concerts-on-tour-playlist-card.css may be Tailwind-related…
Checking if /home/fgress2/dotfiles/.config/spicetify/Extracted/Raw/xpui/dwp-watch-feed-view-container.css may be Tailwind-related…
Checking if /home/fgress2/dotfiles/.config/spicetify/Extracted/Raw/xpui/your-sound-capsule-modal.css may be Tailwind-related…
Checking if /home/fgress2/dotfiles/.config/spicetify/Extracted/Raw/xpui/browse-v2.css may be Tailwind-related…
Checking if /home/fgress2/dotfiles/.config/spicetify/Extracted/Raw/xpui/3156.css may be Tailwind-related…
Checking if /home/fgress2/dotfiles/.config/spicetify/Extracted/Raw/xpui/xpui-routes-your-library-x.css may be Tailwind-related…
Checking if /home/fgress2/dotfiles/.config/spicetify/Extracted/Raw/xpui/xpui-routes-search.css may be Tailwind-related…
Checking if /home/fgress2/dotfiles/.config/spicetify/Extracted/Raw/xpui/vendor~xpui.css may be Tailwind-related…
Checking if /home/fgress2/dotfiles/.config/spicetify/Extracted/Raw/xpui/xpui-routes-album-prerelease.css may be Tailwind-related…
Checking if /home/fgress2/dotfiles/.config/spicetify/Extracted/Raw/xpui/xpui-routes-offline-browse.css may be Tailwind-related…
Checking if /home/fgress2/dotfiles/.config/spicetify/Extracted/Raw/xpui/dwp-lyrics-cinema-mode-container.css may be Tailwind-related…
Checking if /home/fgress2/dotfiles/.config/spicetify/Extracted/Themed/xpui/legacy-hpto-compatibility.css may be Tailwind-related…
Checking if /home/fgress2/dotfiles/.config/spicetify/Extracted/Themed/xpui/xpui-feature-activation.css may be Tailwind-related…
Checking if /home/fgress2/dotfiles/.config/spicetify/Extracted/Themed/xpui/2962.css may be Tailwind-related…
Checking if /home/fgress2/dotfiles/.config/spicetify/Extracted/Themed/xpui/xpui-root-dialogs.css may be Tailwind-related…
Checking if /home/fgress2/dotfiles/.config/spicetify/Extracted/Themed/xpui/xpui-routes-blend.css may be Tailwind-related…
Checking if /home/fgress2/dotfiles/.config/spicetify/Extracted/Themed/xpui/xpui.css may be Tailwind-related…
Checking if /home/fgress2/dotfiles/.config/spicetify/Extracted/Themed/xpui/xpui-routes-collection-concerts.css may be Tailwind-related…
Checking if /home/fgress2/dotfiles/.config/spicetify/Extracted/Themed/xpui/home-ad-card.css may be Tailwind-related…
Checking if /home/fgress2/dotfiles/.config/spicetify/Extracted/Themed/xpui/4008.css may be Tailwind-related…
Checking if /home/fgress2/dotfiles/.config/spicetify/Extracted/Raw/xpui/pip-mini-player.css may be Tailwind-related…
Checking if /home/fgress2/dotfiles/.config/spicetify/Extracted/Themed/xpui/dwp-offline-empty-state.css may be Tailwind-related…
Checking if /home/fgress2/dotfiles/.config/spicetify/Extracted/Raw/xpui/dwp-billboard-ad.css may be Tailwind-related…
Checking if /home/fgress2/dotfiles/.config/spicetify/Extracted/Themed/xpui/dwp-feedback-bar.css may be Tailwind-related…
Checking if /home/fgress2/dotfiles/.config/spicetify/Extracted/Themed/xpui/9129.css may be Tailwind-related…
Checking if /home/fgress2/dotfiles/.config/spicetify/Extracted/Raw/xpui/dwp-panel-section.css may be Tailwind-related…
Checking if /home/fgress2/dotfiles/.config/spicetify/Extracted/Themed/xpui/xpui-routes-episode.css may be Tailwind-related…
Checking if /home/fgress2/dotfiles/.config/spicetify/Extracted/Raw/xpui/xpui-routes-playlist.css may be Tailwind-related…
Checking if /home/fgress2/dotfiles/.config/spicetify/Extracted/Raw/xpui/xpui-routes-see-all-playlist-leavebehinds.css may be Tailwind-related…
Checking if /home/fgress2/dotfiles/.config/spicetify/Extracted/Raw/xpui/xpui-pip-mini-player.css may be Tailwind-related…
Checking if /home/fgress2/dotfiles/.config/spicetify/Extracted/Themed/xpui/xpui-desktop-routes-settings.css may be Tailwind-related…
Checking if /home/fgress2/dotfiles/.config/spicetify/Extracted/Raw/xpui/xpui-routes-show.css may be Tailwind-related…
Checking if /home/fgress2/dotfiles/.config/spicetify/Extracted/Themed/xpui/7271.css may be Tailwind-related…
Checking if /home/fgress2/dotfiles/.config/spicetify/Extracted/Themed/xpui/xpui-routes-album.css may be Tailwind-related…
Checking if /home/fgress2/dotfiles/.config/spicetify/Extracted/Raw/xpui/2284.css may be Tailwind-related…
Checking if /home/fgress2/dotfiles/.config/spicetify/Extracted/Themed/xpui/dwp-leaderboard-component.css may be Tailwind-related…
Checking if /home/fgress2/dotfiles/.config/spicetify/Extracted/Raw/xpui/dwp-whats-new-feed.css may be Tailwind-related…
Checking if /home/fgress2/dotfiles/.config/spicetify/Extracted/Raw/xpui/xpui-routes-cultural-moment-hub.css may be Tailwind-related…
Checking if /home/fgress2/dotfiles/.config/spicetify/Extracted/Raw/xpui/xpui-routes-collection-songs.css may be Tailwind-related…
Checking if /home/fgress2/dotfiles/.config/spicetify/Extracted/Themed/xpui/xpui-routes-play-history-page.css may be Tailwind-related…
Checking if /home/fgress2/dotfiles/.config/spicetify/Extracted/Themed/xpui/xpui-routes-desktop-settings.css may be Tailwind-related…
Checking if /home/fgress2/dotfiles/.config/spicetify/Extracted/Themed/xpui/5978.css may be Tailwind-related…
Checking if /home/fgress2/dotfiles/.config/spicetify/Extracted/Raw/xpui/xpui-routes-lyrics.css may be Tailwind-related…
Checking if /home/fgress2/dotfiles/.config/spicetify/Extracted/Themed/xpui/xpui-routes-buddy-feed.css may be Tailwind-related…
Checking if /home/fgress2/dotfiles/.config/spicetify/Extracted/Themed/xpui/debug-locales.css may be Tailwind-related…
Checking if /home/fgress2/dotfiles/.config/spicetify/Extracted/Raw/xpui/dwp-page-error-template.css may be Tailwind-related…
Checking if /home/fgress2/dotfiles/.config/spicetify/Extracted/Raw/xpui/xpui-routes-collection-episodes.css may be Tailwind-related…
Checking if /home/fgress2/dotfiles/.config/spicetify/Extracted/Themed/xpui/playlist-leavebehinds.css may be Tailwind-related…
Checking if /home/fgress2/dotfiles/.config/spicetify/Extracted/Themed/xpui/dwp-video-player.css may be Tailwind-related…
Checking if /home/fgress2/dotfiles/.config/spicetify/Extracted/Themed/xpui/dwp-now-playing-bar.css may be Tailwind-related…
Checking if /home/fgress2/dotfiles/.config/spicetify/Extracted/Themed/xpui/dwp-home-chips-row.css may be Tailwind-related…
Checking if /home/fgress2/dotfiles/.config/spicetify/Extracted/Themed/xpui/xpui-desktop-modals.css may be Tailwind-related…
Checking if /home/fgress2/dotfiles/.config/spicetify/Extracted/Themed/xpui/xpui-routes-venues.css may be Tailwind-related…
Checking if /home/fgress2/dotfiles/.config/spicetify/Extracted/Themed/xpui/dwp-participant-list-page.css may be Tailwind-related…
Checking if /home/fgress2/dotfiles/.config/spicetify/Extracted/Raw/xpui/xpui-routes-all-show-ads.css may be Tailwind-related…
Checking if /home/fgress2/dotfiles/.config/spicetify/Extracted/Themed/xpui/xpui-debug-window-contents.css may be Tailwind-related…
Checking if /home/fgress2/dotfiles/.config/spicetify/Extracted/Themed/xpui/7302.css may be Tailwind-related…
Checking if /home/fgress2/dotfiles/.config/spicetify/Extracted/Themed/xpui/dwp-watch-feed-view-container.css may be Tailwind-related…
Checking if /home/fgress2/dotfiles/.config/spicetify/Extracted/Themed/xpui/concerts-on-tour-playlist-card.css may be Tailwind-related…
Checking if /home/fgress2/dotfiles/.config/google-chrome/Default/Extensions/nmmhkkegccagdldgiimedpiccmgmieda/1.0.0.6_0/css/craw_window.css may be Tailwind-related…
Checking if /home/fgress2/dotfiles/.config/spicetify/Extracted/Themed/xpui/your-sound-capsule-modal.css may be Tailwind-related…
Checking if /home/fgress2/dotfiles/.config/spicetify/Extracted/Themed/xpui/home-hpto.css may be Tailwind-related…
Checking if /home/fgress2/dotfiles/.config/spicetify/Extracted/Themed/xpui/xpui-routes-recent-searches.css may be Tailwind-related…
Checking if /home/fgress2/dotfiles/.config/spicetify/Extracted/Themed/xpui/pip-mini-player.css may be Tailwind-related…
Checking if /home/fgress2/dotfiles/.config/spicetify/Extracted/Themed/xpui/xpui-routes-episode-more-like-this.css may be Tailwind-related…
Checking if /home/fgress2/dotfiles/.config/spicetify/Extracted/Themed/xpui/dwp-lyrics-cinema-mode-container.css may be Tailwind-related…
Checking if /home/fgress2/dotfiles/.config/spicetify/Extracted/Themed/xpui/xpui-routes-search.css may be Tailwind-related…
Checking if /home/fgress2/dotfiles/.config/spicetify/Extracted/Themed/xpui/xpui-routes-your-library-x.css may be Tailwind-related…
Checking if /home/fgress2/dotfiles/.config/spicetify/Extracted/Themed/xpui/3156.css may be Tailwind-related…
Checking if /home/fgress2/dotfiles/.config/spicetify/Extracted/Themed/xpui/browse-v2.css may be Tailwind-related…
Checking if /home/fgress2/dotfiles/.config/spicetify/Extracted/Raw/xpui/xpui-routes-buddy-feed-legacy.css may be Tailwind-related…
Checking if /home/fgress2/dotfiles/.config/spicetify/Extracted/Raw/xpui/xpui-routes-stage-page.css may be Tailwind-related…
Checking if /home/fgress2/dotfiles/.config/spicetify/Extracted/Themed/xpui/xpui-routes-profile.css may be Tailwind-related…
Checking if /home/fgress2/dotfiles/.config/spicetify/Extracted/Themed/xpui/xpui-routes-queue-page.css may be Tailwind-related…
Checking if /home/fgress2/dotfiles/.config/spicetify/Extracted/Raw/xpui/xpui-routes-recent-searches.css may be Tailwind-related…
Checking if /home/fgress2/dotfiles/.config/spicetify/Extracted/Raw/xpui/xpui-routes-episode-more-like-this.css may be Tailwind-related…
Checking if /home/fgress2/dotfiles/.config/spicetify/Extracted/Raw/xpui/home-hpto.css may be Tailwind-related…
Checking if /home/fgress2/dotfiles/.config/spicetify/Extracted/Raw/xpui/7302.css may be Tailwind-related…
Checking if /home/fgress2/dotfiles/.config/spicetify/Extracted/Raw/xpui/xpui-desktop-modals.css may be Tailwind-related…
Checking if /home/fgress2/dotfiles/.config/spicetify/Extracted/Themed/xpui/vendor~xpui.css may be Tailwind-related…
Checking if /home/fgress2/dotfiles/.config/spicetify/Extracted/Themed/xpui/xpui-routes-album-prerelease.css may be Tailwind-related…
Checking if /home/fgress2/dotfiles/.config/spicetify/Extracted/Themed/xpui/xpui-routes-offline-browse.css may be Tailwind-related…
Checking if /home/fgress2/dotfiles/.config/spicetify/Extracted/Raw/xpui/dwp-participant-list-page.css may be Tailwind-related…
Checking if /home/fgress2/dotfiles/.config/spicetify/Extracted/Themed/xpui/xpui-routes-buddy-feed-legacy.css may be Tailwind-related…
Checking if /home/fgress2/dotfiles/.config/spicetify/Extracted/Themed/xpui/xpui-routes-stage-page.css may be Tailwind-related…
Checking if /home/fgress2/dotfiles/.config/spicetify/Extracted/Themed/xpui/dwp-panel-section.css may be Tailwind-related…
Checking if /home/fgress2/dotfiles/.config/spicetify/Extracted/Themed/xpui/xpui-routes-show.css may be Tailwind-related…
Checking if /home/fgress2/dotfiles/.config/spicetify/Extracted/Themed/xpui/xpui-pip-mini-player.css may be Tailwind-related…
Checking if /home/fgress2/dotfiles/.config/spicetify/Extracted/Themed/xpui/xpui-routes-collection-songs.css may be Tailwind-related…
Checking if /home/fgress2/dotfiles/.config/spicetify/Extracted/Themed/xpui/xpui-routes-see-all-playlist-leavebehinds.css may be Tailwind-related…
Checking if /home/fgress2/dotfiles/.config/spicetify/Extracted/Themed/xpui/dwp-billboard-ad.css may be Tailwind-related…
Checking if /home/fgress2/dotfiles/.config/spicetify/Extracted/Themed/xpui/xpui-routes-playlist.css may be Tailwind-related…
Checking if /home/fgress2/dotfiles/.config/spicetify/Extracted/Themed/xpui/2284.css may be Tailwind-related…
Checking if /home/fgress2/dotfiles/.config/spicetify/Extracted/Themed/xpui/dwp-whats-new-feed.css may be Tailwind-related…
Checking if /home/fgress2/dotfiles/.config/spicetify/Extracted/Themed/xpui/dwp-page-error-template.css may be Tailwind-related…
Checking if /home/fgress2/dotfiles/.config/spicetify/Extracted/Themed/xpui/xpui-routes-collection-episodes.css may be Tailwind-related…
Checking if /home/fgress2/dotfiles/.config/spicetify/Extracted/Themed/xpui/xpui-routes-lyrics.css may be Tailwind-related…
Checking if /home/fgress2/dotfiles/.config/spicetify/Extracted/Raw/xpui/dwp-now-playing-bar.css may be Tailwind-related…
Checking if /home/fgress2/dotfiles/.config/spicetify/Extracted/Themed/xpui/xpui-routes-cultural-moment-hub.css may be Tailwind-related…
Checking if /home/fgress2/dotfiles/.config/spicetify/Extracted/Themed/xpui/xpui-routes-all-show-ads.css may be Tailwind-related…
Checking if /home/fgress2/dotfiles/.config/spicetify/Extracted/Raw/xpui/debug-locales.css may be Tailwind-related…
Checking if /home/fgress2/dotfiles/.config/spicetify/Extracted/Raw/xpui/xpui-routes-buddy-feed.css may be Tailwind-related…
Checking if /home/fgress2/dotfiles/.config/spicetify/Extracted/Raw/xpui/playlist-leavebehinds.css may be Tailwind-related…
Checking if /home/fgress2/dotfiles/.config/spicetify/Extracted/Raw/xpui/xpui-desktop-routes-settings.css may be Tailwind-related…
Checking if /home/fgress2/dotfiles/.config/spicetify/Extracted/Raw/xpui/9129.css may be Tailwind-related…
Checking if /home/fgress2/dotfiles/.config/spicetify/Extracted/Raw/xpui/dwp-feedback-bar.css may be Tailwind-related…
Checking if /home/fgress2/dotfiles/.config/spicetify/Extracted/Raw/xpui/xpui-routes-episode.css may be Tailwind-related…
Checking if /home/fgress2/dotfiles/.config/spicetify/Extracted/Raw/xpui/xpui-routes-album.css may be Tailwind-related…
Checking if /home/fgress2/dotfiles/.config/spicetify/Extracted/Raw/xpui/xpui-routes-desktop-settings.css may be Tailwind-related…
Checking if /home/fgress2/dotfiles/.config/spicetify/Extracted/Raw/xpui/dwp-video-player.css may be Tailwind-related…
Checking if /home/fgress2/dotfiles/.config/spicetify/Extracted/Raw/xpui/dwp-home-chips-row.css may be Tailwind-related…
Checking if /home/fgress2/dotfiles/.config/Code/User/History/7696e5c1/7foG.css may be Tailwind-related…
Checking if /home/fgress2/dotfiles/.config/Code/User/History/ed93d58/oJSc.css may be Tailwind-related…
Checking if /home/fgress2/dotfiles/.config/Code/User/History/ed93d58/zJPS.css may be Tailwind-related…
Checking if /home/fgress2/dotfiles/.config/Code/User/History/ed93d58/8ofU.css may be Tailwind-related…
Checking if /home/fgress2/dotfiles/.config/Code/User/History/7696e5c1/p4C3.css may be Tailwind-related…
Checking if /home/fgress2/.config/spicetify/Extracted/Themed/xpui/3156.css may be Tailwind-related…
Checking if /home/fgress2/.config/spicetify/Extracted/Raw/xpui/xpui-routes-your-library-x.css may be Tailwind-related…
Checking if /home/fgress2/.config/spicetify/Extracted/Raw/xpui/3156.css may be Tailwind-related…
Checking if /home/fgress2/dotfiles/.themes/Material-Black-Blueberry/gtk-3.0/gtk.css may be Tailwind-related…
Checking if /home/fgress2/dotfiles/.themes/Material-Black-Blueberry/gnome-shell/extensions/workspaces-to-dock/workspaces-to-dock.css may be Tailwind-related…
Checking if /home/fgress2/dotfiles/.spicetify/CustomApps/reddit/style.css may be Tailwind-related…
Checking if /home/fgress2/dotfiles/.themes/Material-Black-Blueberry/cinnamon/cinnamon.css may be Tailwind-related…
Checking if /home/fgress2/dotfiles/.themes/Material-Black-Blueberry/gnome-shell/gnome-shell.css may be Tailwind-related…
Checking if /home/fgress2/dotfiles/.themes/Material-Black-Blueberry/gnome-shell/pad-osd.css may be Tailwind-related…
Checking if /home/fgress2/dotfiles/.spicetify/CustomApps/lyrics-plus/style.css may be Tailwind-related…
Checking if /home/fgress2/dotfiles/.spicetify/CustomApps/new-releases/style.css may be Tailwind-related…
Checking if /home/fgress2/dotfiles/.themes/Material-Black-Blueberry/gtk-4.0/gtk.css may be Tailwind-related…
Checking if /home/fgress2/dotfiles/.spicetify/Themes/SpicetifyDefault/user.css may be Tailwind-related…
Checking if /home/fgress2/.config/spicetify/Extracted/Raw/xpui/browse-v2.css may be Tailwind-related…
Checking if /home/fgress2/.local/share/JetBrains/IntelliJIdea2024.2/python-ce/helpers/py3only/docutils/writers/pep_html/pep.css may be Tailwind-related…
Checking if /home/fgress2/.local/share/JetBrains/IntelliJIdea2024.2/python-ce/helpers/py3only/docutils/writers/html4css1/html4css1.css may be Tailwind-related…
Checking if /home/fgress2/.local/share/JetBrains/IntelliJIdea2024.2/python-ce/helpers/py3only/docutils/writers/s5_html/themes/small-black/pretty.css may be Tailwind-related…
Checking if /home/fgress2/.local/share/JetBrains/IntelliJIdea2024.2/python-ce/helpers/py3only/docutils/writers/s5_html/themes/small-white/pretty.css may be Tailwind-related…
Checking if /home/fgress2/.local/share/JetBrains/IntelliJIdea2024.2/python-ce/helpers/py3only/docutils/writers/s5_html/themes/small-white/framing.css may be Tailwind-related…
Checking if /home/fgress2/.local/share/JetBrains/IntelliJIdea2024.2/python-ce/helpers/py3only/docutils/writers/s5_html/themes/default/slides.css may be Tailwind-related…
Checking if /home/fgress2/.local/share/JetBrains/IntelliJIdea2024.2/python-ce/helpers/py3only/docutils/writers/s5_html/themes/big-black/pretty.css may be Tailwind-related…
Checking if /home/fgress2/.local/share/JetBrains/IntelliJIdea2024.2/python-ce/helpers/py3only/docutils/writers/s5_html/themes/big-black/framing.css may be Tailwind-related…
Checking if /home/fgress2/.local/share/JetBrains/IntelliJIdea2024.2/python-ce/helpers/py3only/docutils/writers/s5_html/themes/medium-black/pretty.css may be Tailwind-related…
Checking if /home/fgress2/.local/share/JetBrains/IntelliJIdea2024.2/python-ce/helpers/py3only/docutils/writers/s5_html/themes/default/print.css may be Tailwind-related…
Checking if /home/fgress2/.local/share/JetBrains/IntelliJIdea2024.2/python-ce/helpers/py3only/docutils/writers/s5_html/themes/big-white/pretty.css may be Tailwind-related…
Checking if /home/fgress2/.local/share/JetBrains/IntelliJIdea2024.2/python-ce/helpers/py3only/docutils/writers/s5_html/themes/default/framing.css may be Tailwind-related…
Checking if /home/fgress2/.local/share/JetBrains/IntelliJIdea2024.2/python-ce/helpers/py3only/docutils/writers/s5_html/themes/big-white/framing.css may be Tailwind-related…
Checking if /home/fgress2/.local/share/JetBrains/IntelliJIdea2024.2/python-ce/helpers/py3only/docutils/writers/s5_html/themes/default/s5-core.css may be Tailwind-related…
Checking if /home/fgress2/.local/share/JetBrains/IntelliJIdea2024.2/python-ce/helpers/py3only/docutils/writers/s5_html/themes/default/outline.css may be Tailwind-related…
Checking if /home/fgress2/.local/share/JetBrains/IntelliJIdea2024.2/python-ce/helpers/py3only/docutils/writers/s5_html/themes/default/pretty.css may be Tailwind-related…
Checking if /home/fgress2/.local/share/JetBrains/IntelliJIdea2024.2/python-ce/helpers/py3only/docutils/writers/s5_html/themes/default/opera.css may be Tailwind-related…
Checking if /home/fgress2/.local/share/JetBrains/IntelliJIdea2024.2/python-ce/helpers/py3only/docutils/writers/html4css1/math.css may be Tailwind-related…
Checking if /home/fgress2/.local/share/JetBrains/IntelliJIdea2024.2/python-ce/helpers/py3only/docutils/writers/s5_html/themes/medium-white/pretty.css may be Tailwind-related…
Checking if /home/fgress2/.local/share/JetBrains/IntelliJIdea2024.2/python-ce/helpers/py3only/docutils/writers/s5_html/themes/medium-white/framing.css may be Tailwind-related…
Checking if /home/fgress2/.local/share/JetBrains/IntelliJIdea2024.2/python-ce/helpers/coveragepy_old/coverage/htmlfiles/style.css may be Tailwind-related…
Checking if /home/fgress2/.local/share/JetBrains/IntelliJIdea2024.2/python/jupyter-web/intellij-old.css may be Tailwind-related…
Checking if /home/fgress2/.local/share/JetBrains/IntelliJIdea2024.2/python/jupyter-web/darcula-new.css may be Tailwind-related…
Checking if /home/fgress2/.local/share/JetBrains/IntelliJIdea2024.2/python-ce/helpers/coveragepy_old/coverage/htmlfiles/style.scss may be Tailwind-related…
Checking if /home/fgress2/.local/share/JetBrains/IntelliJIdea2024.2/python-ce/helpers/coveragepy_new/coverage/htmlfiles/style.css may be Tailwind-related…
Checking if /home/fgress2/.local/share/JetBrains/IntelliJIdea2024.2/python-ce/helpers/coveragepy_new/coverage/htmlfiles/style.scss may be Tailwind-related…
Checking if /home/fgress2/.local/share/JetBrains/IntelliJIdea2024.2/python/jupyter-web/darcula-old.css may be Tailwind-related…
Checking if /home/fgress2/.local/share/JetBrains/IntelliJIdea2024.2/python-ce/helpers/py2only/docutils/writers/html4css1/math.css may be Tailwind-related…
Checking if /home/fgress2/.local/share/JetBrains/IntelliJIdea2024.2/python-ce/helpers/py2only/docutils/writers/html4css1/html4css1.css may be Tailwind-related…
Checking if /home/fgress2/.local/share/JetBrains/IntelliJIdea2024.2/python-ce/helpers/py2only/docutils/writers/pep_html/pep.css may be Tailwind-related…
Checking if /home/fgress2/.local/share/JetBrains/IntelliJIdea2024.2/python-ce/helpers/py2only/docutils/writers/s5_html/themes/medium-white/pretty.css may be Tailwind-related…
Checking if /home/fgress2/.local/share/JetBrains/IntelliJIdea2024.2/python-ce/helpers/py2only/docutils/writers/s5_html/themes/medium-white/framing.css may be Tailwind-related…
Checking if /home/fgress2/.local/share/JetBrains/IntelliJIdea2024.2/python-ce/helpers/py2only/docutils/writers/s5_html/themes/big-white/framing.css may be Tailwind-related…
Checking if /home/fgress2/.local/share/spotify-launcher/install/usr/share/spotify/Apps/login/login.css may be Tailwind-related…
Checking if /home/fgress2/.local/share/spotify-launcher/install/usr/share/spotify/Apps/xpui/xpui-routes-collection-local-files.css may be Tailwind-related…
Checking if /home/fgress2/.local/share/spotify-launcher/install/usr/share/spotify/Apps/xpui/xpui-routes-concert.css may be Tailwind-related…
Checking if /home/fgress2/.local/share/spotify-launcher/install/usr/share/spotify/Apps/xpui/dwp-full-screen-mode-container.css may be Tailwind-related…
Checking if /home/fgress2/.local/share/spotify-launcher/install/usr/share/spotify/Apps/xpui/xpui-routes-blend.css may be Tailwind-related…
Checking if /home/fgress2/.local/share/spotify-launcher/install/usr/share/spotify/Apps/xpui/xpui-routes-collection-concerts.css may be Tailwind-related…
Checking if /home/fgress2/.local/share/spotify-launcher/install/usr/share/spotify/Apps/xpui/xpui-routes-queue-page.css may be Tailwind-related…
Checking if /home/fgress2/.local/share/spotify-launcher/install/usr/share/spotify/Apps/xpui/xpui-routes-profile.css may be Tailwind-related…
Checking if /home/fgress2/.local/share/spotify-launcher/install/usr/share/spotify/Apps/xpui/dwp-home-chips-row.css may be Tailwind-related…
Checking if /home/fgress2/.local/share/spotify-launcher/install/usr/share/spotify/Apps/xpui/xpui-routes-album.css may be Tailwind-related…
Checking if /home/fgress2/.local/share/spotify-launcher/install/usr/share/spotify/Apps/xpui/xpui-routes-episode.css may be Tailwind-related…
Checking if /home/fgress2/.local/share/spotify-launcher/install/usr/share/spotify/Apps/xpui/9129.css may be Tailwind-related…
Checking if /home/fgress2/.local/share/spotify-launcher/install/usr/share/spotify/Apps/xpui/7271.css may be Tailwind-related…
Checking if /home/fgress2/.local/share/spotify-launcher/install/usr/share/spotify/Apps/xpui/xpui-desktop-routes-settings.css may be Tailwind-related…
Checking if /home/fgress2/.local/share/spotify-launcher/install/usr/share/spotify/Apps/xpui/dwp-feedback-bar.css may be Tailwind-related…
Checking if /home/fgress2/.local/share/spotify-launcher/install/usr/share/spotify/Apps/xpui/dwp-leaderboard-component.css may be Tailwind-related…
Checking if /home/fgress2/.local/share/spotify-launcher/install/usr/share/spotify/Apps/xpui/xpui-routes-buddy-feed.css may be Tailwind-related…
Checking if /home/fgress2/.local/share/spotify-launcher/install/usr/share/spotify/Apps/xpui/playlist-leavebehinds.css may be Tailwind-related…
Checking if /home/fgress2/.local/share/spotify-launcher/install/usr/share/spotify/Apps/xpui/xpui-routes-play-history-page.css may be Tailwind-related…
Checking if /home/fgress2/.local/share/spotify-launcher/install/usr/share/spotify/Apps/xpui/xpui-routes-desktop-settings.css may be Tailwind-related…
Checking if /home/fgress2/.local/share/spotify-launcher/install/usr/share/spotify/Apps/xpui/dwp-video-player.css may be Tailwind-related…
Checking if /home/fgress2/.local/share/spotify-launcher/install/usr/share/spotify/Apps/xpui/dwp-offline-empty-state.css may be Tailwind-related…
Checking if /home/fgress2/.local/share/spotify-launcher/install/usr/share/spotify/Apps/xpui/5978.css may be Tailwind-related…
Checking if /home/fgress2/.local/share/spotify-launcher/install/usr/share/spotify/Apps/xpui/spicetify-routes-marketplace.css may be Tailwind-related…
Checking if /home/fgress2/.local/share/spotify-launcher/install/usr/share/spotify/Apps/xpui/debug-locales.css may be Tailwind-related…
Checking if /home/fgress2/.local/share/spotify-launcher/install/usr/share/spotify/Apps/xpui/colors.css may be Tailwind-related…
Checking if /home/fgress2/.local/share/spotify-launcher/install/usr/share/spotify/Apps/xpui/dwp-now-playing-bar.css may be Tailwind-related…
Checking if /home/fgress2/.local/share/spotify-launcher/install/usr/share/spotify/Apps/xpui/xpui.css may be Tailwind-related…
Checking if /home/fgress2/.local/share/spotify-launcher/install/usr/share/spotify/Apps/xpui/home-ad-card.css may be Tailwind-related…
Checking if /home/fgress2/.local/share/spotify-launcher/install/usr/share/spotify/Apps/xpui/4008.css may be Tailwind-related…
Checking if /home/fgress2/.local/share/spotify-launcher/install/usr/share/spotify/Apps/xpui/dwp-participant-list-page.css may be Tailwind-related…
Checking if /home/fgress2/.local/share/spotify-launcher/install/usr/share/spotify/Apps/xpui/2962.css may be Tailwind-related…
Checking if /home/fgress2/.local/share/spotify-launcher/install/usr/share/spotify/Apps/xpui/xpui-feature-activation.css may be Tailwind-related…
Checking if /home/fgress2/.local/share/spotify-launcher/install/usr/share/spotify/Apps/xpui/xpui-routes-venues.css may be Tailwind-related…
Checking if /home/fgress2/.local/share/spotify-launcher/install/usr/share/spotify/Apps/xpui/xpui-desktop-modals.css may be Tailwind-related…
Checking if /home/fgress2/.local/share/spotify-launcher/install/usr/share/spotify/Apps/xpui/xpui-root-dialogs.css may be Tailwind-related…
Checking if /home/fgress2/.local/share/spotify-launcher/install/usr/share/spotify/Apps/xpui/legacy-hpto-compatibility.css may be Tailwind-related…
Checking if /home/fgress2/.local/share/spotify-launcher/install/usr/share/spotify/Apps/xpui/xpui-debug-window-contents.css may be Tailwind-related…
Checking if /home/fgress2/.local/share/spotify-launcher/install/usr/share/spotify/Apps/xpui/7302.css may be Tailwind-related…
Checking if /home/fgress2/.local/share/spotify-launcher/install/usr/share/spotify/Apps/xpui/dwp-watch-feed-view-container.css may be Tailwind-related…
Checking if /home/fgress2/.local/share/spotify-launcher/install/usr/share/spotify/Apps/xpui/concerts-on-tour-playlist-card.css may be Tailwind-related…
Checking if /home/fgress2/.local/share/spotify-launcher/install/usr/share/spotify/Apps/xpui/home-hpto.css may be Tailwind-related…
Checking if /home/fgress2/.local/share/spotify-launcher/install/usr/share/spotify/Apps/xpui/xpui-routes-episode-more-like-this.css may be Tailwind-related…
Checking if /home/fgress2/.local/share/spotify-launcher/install/usr/share/spotify/Apps/xpui/xpui-routes-recent-searches.css may be Tailwind-related…
Checking if /home/fgress2/.local/share/spotify-launcher/install/usr/share/spotify/Apps/xpui/user.css may be Tailwind-related…
Checking if /home/fgress2/.local/share/spotify-launcher/install/usr/share/spotify/Apps/xpui/your-sound-capsule-modal.css may be Tailwind-related…
Checking if /home/fgress2/.local/share/spotify-launcher/install/usr/share/spotify/Apps/xpui/pip-mini-player.css may be Tailwind-related…
Checking if /home/fgress2/.local/share/spotify-launcher/install/usr/share/spotify/Apps/xpui/browse-v2.css may be Tailwind-related…
Checking if /home/fgress2/.local/share/spotify-launcher/install/usr/share/spotify/Apps/xpui/3156.css may be Tailwind-related…
Checking if /home/fgress2/.local/share/spotify-launcher/install/usr/share/spotify/Apps/xpui/xpui-routes-search.css may be Tailwind-related…
Checking if /home/fgress2/.local/share/spotify-launcher/install/usr/share/spotify/Apps/xpui/dwp-lyrics-cinema-mode-container.css may be Tailwind-related…
Checking if /home/fgress2/.local/share/spotify-launcher/install/usr/share/spotify/Apps/xpui/xpui-routes-your-library-x.css may be Tailwind-related…
Checking if /home/fgress2/.local/share/spotify-launcher/install/usr/share/spotify/Apps/xpui/xpui-routes-offline-browse.css may be Tailwind-related…
Checking if /home/fgress2/.local/share/spotify-launcher/install/usr/share/spotify/Apps/xpui/xpui-routes-stage-page.css may be Tailwind-related…
Checking if /home/fgress2/.local/share/spotify-launcher/install/usr/share/spotify/Apps/xpui/xpui-routes-buddy-feed-legacy.css may be Tailwind-related…
Checking if /home/fgress2/.local/share/spotify-launcher/install/usr/share/spotify/Apps/xpui/xpui-routes-album-prerelease.css may be Tailwind-related…
Checking if /home/fgress2/.local/share/spotify-launcher/install/usr/share/spotify/Apps/xpui/dwp-billboard-ad.css may be Tailwind-related…
Checking if /home/fgress2/.local/share/spotify-launcher/install/usr/share/spotify/Apps/xpui/dwp-panel-section.css may be Tailwind-related…
Checking if /home/fgress2/.local/share/spotify-launcher/install/usr/share/spotify/Apps/xpui/xpui-routes-show.css may be Tailwind-related…
Checking if /home/fgress2/.local/share/spotify-launcher/install/usr/share/spotify/Apps/xpui/xpui-routes-see-all-playlist-leavebehinds.css may be Tailwind-related…
Checking if /home/fgress2/.local/share/spotify-launcher/install/usr/share/spotify/Apps/xpui/xpui-routes-playlist.css may be Tailwind-related…
Checking if /home/fgress2/.local/share/spotify-launcher/install/usr/share/spotify/Apps/xpui/xpui-pip-mini-player.css may be Tailwind-related…
Checking if /home/fgress2/.local/share/spotify-launcher/install/usr/share/spotify/Apps/xpui/2284.css may be Tailwind-related…
Checking if /home/fgress2/.local/share/spotify-launcher/install/usr/share/spotify/Apps/xpui/xpui-routes-collection-songs.css may be Tailwind-related…
Checking if /home/fgress2/.local/share/spotify-launcher/install/usr/share/spotify/Apps/xpui/xpui-routes-cultural-moment-hub.css may be Tailwind-related…
Checking if /home/fgress2/.local/share/spotify-launcher/install/usr/share/spotify/Apps/xpui/dwp-whats-new-feed.css may be Tailwind-related…
Checking if /home/fgress2/.local/share/spotify-launcher/install/usr/share/spotify/Apps/xpui/vendor~xpui.css may be Tailwind-related…
Checking if /home/fgress2/.local/share/spotify-launcher/install/usr/share/spotify/Apps/xpui/xpui-routes-lyrics.css may be Tailwind-related…
Checking if /home/fgress2/.local/share/spotify-launcher/install/usr/share/spotify/Apps/xpui/dwp-page-error-template.css may be Tailwind-related…
Checking if /home/fgress2/.local/share/spotify-launcher/install/usr/share/spotify/Apps/xpui/xpui-routes-collection-episodes.css may be Tailwind-related…
Checking if /home/fgress2/.local/share/spotify-launcher/install/usr/share/spotify/Apps/xpui/xpui-routes-all-show-ads.css may be Tailwind-related…
Checking if /home/fgress2/.local/share/nvim/lazy/nvim-treesitter/tests/indent/css/open_block.css may be Tailwind-related…
Checking if /home/fgress2/.local/share/nvim/lazy/nvim-treesitter/tests/indent/css/next_rule.css may be Tailwind-related…
Checking if /home/fgress2/.local/share/JetBrains/IntelliJIdea2024.2/python/jupyter-web/intellij-new.css may be Tailwind-related…
Checking if /home/fgress2/.local/share/JetBrains/IntelliJIdea2024.2/python-ce/helpers/py2only/docutils/writers/s5_html/themes/small-white/framing.css may be Tailwind-related…
Checking if /home/fgress2/.local/share/JetBrains/IntelliJIdea2024.2/python-ce/helpers/py2only/docutils/writers/s5_html/themes/small-white/pretty.css may be Tailwind-related…
Checking if /home/fgress2/.local/share/JetBrains/IntelliJIdea2024.2/python-ce/helpers/py2only/docutils/writers/s5_html/themes/small-black/pretty.css may be Tailwind-related…
Checking if /home/fgress2/.local/share/JetBrains/IntelliJIdea2024.2/python-ce/helpers/py2only/docutils/writers/s5_html/themes/big-white/pretty.css may be Tailwind-related…
Checking if /home/fgress2/.local/share/JetBrains/IntelliJIdea2024.2/python-ce/helpers/py2only/docutils/writers/s5_html/themes/medium-black/pretty.css may be Tailwind-related…
Checking if /home/fgress2/.local/share/JetBrains/IntelliJIdea2024.2/python-ce/helpers/py2only/docutils/writers/s5_html/themes/default/slides.css may be Tailwind-related…
Checking if /home/fgress2/.local/share/JetBrains/IntelliJIdea2024.2/python-ce/helpers/py2only/docutils/writers/s5_html/themes/big-black/pretty.css may be Tailwind-related…
Checking if /home/fgress2/.local/share/JetBrains/IntelliJIdea2024.2/python-ce/helpers/py2only/docutils/writers/s5_html/themes/default/pretty.css may be Tailwind-related…
Checking if /home/fgress2/.local/share/JetBrains/IntelliJIdea2024.2/python-ce/helpers/py2only/docutils/writers/s5_html/themes/default/framing.css may be Tailwind-related…
Checking if /home/fgress2/.local/share/JetBrains/IntelliJIdea2024.2/python-ce/helpers/py2only/docutils/writers/s5_html/themes/big-black/framing.css may be Tailwind-related…
Checking if /home/fgress2/.local/share/JetBrains/IntelliJIdea2024.2/python-ce/helpers/py2only/docutils/writers/s5_html/themes/default/opera.css may be Tailwind-related…
Checking if /home/fgress2/.local/share/JetBrains/IntelliJIdea2024.2/python-ce/helpers/py2only/docutils/writers/s5_html/themes/default/print.css may be Tailwind-related…
Checking if /home/fgress2/.local/share/JetBrains/IntelliJIdea2024.2/python-ce/helpers/py2only/docutils/writers/s5_html/themes/default/s5-core.css may be Tailwind-related…
Checking if /home/fgress2/.local/share/JetBrains/IntelliJIdea2024.2/python-ce/helpers/py2only/docutils/writers/s5_html/themes/default/outline.css may be Tailwind-related…
Checking if /home/fgress2/.themes/Material-Black-Blueberry/gtk-4.0/gtk.css may be Tailwind-related…
Checking if /home/fgress2/.themes/Material-Black-Blueberry/cinnamon/cinnamon.css may be Tailwind-related…
Checking if /home/fgress2/.themes/Material-Black-Blueberry/gnome-shell/gnome-shell.css may be Tailwind-related…
Checking if /home/fgress2/documents/Obsidian/.obsidian/plugins/obsidian-style-settings/styles.css may be Tailwind-related…
Checking if /home/fgress2/.themes/Material-Black-Blueberry/gnome-shell/extensions/workspaces-to-dock/workspaces-to-dock.css may be Tailwind-related…
Checking if /home/fgress2/documents/Obsidian/.obsidian/plugins/obsidian-git/styles.css may be Tailwind-related…
Checking if /home/fgress2/.themes/Material-Black-Blueberry/gnome-shell/pad-osd.css may be Tailwind-related…
Checking if /home/fgress2/documents/Obsidian/.obsidian/plugins/obsidian-kanban/styles.css may be Tailwind-related…
Checking if /home/fgress2/documents/Obsidian/.obsidian/plugins/obsidian-tasks-plugin/styles.css may be Tailwind-related…
Checking if /home/fgress2/documents/Obsidian/.obsidian/plugins/templater-obsidian/styles.css may be Tailwind-related…
Checking if /home/fgress2/documents/Obsidian/.obsidian/plugins/table-editor-obsidian/styles.css may be Tailwind-related…
Checking if /home/fgress2/.themes/Material-Black-Blueberry/gtk-3.0/gtk.css may be Tailwind-related…
Checking if /home/fgress2/.vscode/extensions/yzhang.markdown-all-in-one-3.6.2/media/checkbox.css may be Tailwind-related…
Checking if /home/fgress2/.vscode/extensions/golang.go-0.42.1/media/welcome.css may be Tailwind-related…
Checking if /home/fgress2/.vscode/extensions/golang.go-0.42.1/media/codicon.css may be Tailwind-related…
Checking if /home/fgress2/.vscode/extensions/golang.go-0.42.1/media/reset.css may be Tailwind-related…
Checking if /home/fgress2/.vscode/extensions/golang.go-0.42.1/media/vscode.css may be Tailwind-related…
Checking if /home/fgress2/.vscode/extensions/rangav.vscode-thunder-client-2.29.13/dist/main.min.css may be Tailwind-related…
Checking if /home/fgress2/.vscode/extensions/ms-vsliveshare.vsliveshare-1.0.5941/webview/css/app.css may be Tailwind-related…
Checking if /home/fgress2/.vscode/extensions/rvest.vs-code-prettier-eslint-6.0.0/coverage/lcov-report/base.css may be Tailwind-related…
Checking if /home/fgress2/.vscode/extensions/rvest.vs-code-prettier-eslint-6.0.0/coverage/lcov-report/prettify.css may be Tailwind-related…
Checking if /home/fgress2/.vscode/extensions/ms-vsliveshare.vsliveshare-1.0.5941/welcomePage/welcomePage.css may be Tailwind-related…
Checking if /home/fgress2/.vscode/extensions/adpyke.codesnap-1.3.4/webview/style.css may be Tailwind-related…
Checking if /home/fgress2/.vscode/extensions/eamodio.gitlens-15.6.3/dist/webviews/rebase.css may be Tailwind-related…
Checking if /home/fgress2/.vscode/extensions/eamodio.gitlens-15.6.3/dist/webviews/home.css may be Tailwind-related…
Checking if /home/fgress2/.vscode/extensions/eamodio.gitlens-15.6.3/dist/webviews/welcome.css may be Tailwind-related…
Checking if /home/fgress2/.vscode/extensions/eamodio.gitlens-15.6.3/dist/webviews/graph.css may be Tailwind-related…
Checking if /home/fgress2/.vscode/extensions/eamodio.gitlens-15.6.3/dist/webviews/timeline.css may be Tailwind-related…
Checking if /home/fgress2/.vscode/extensions/eamodio.gitlens-15.6.3/dist/webviews/settings.css may be Tailwind-related…
Checking if /home/fgress2/.vscode/extensions/eamodio.gitlens-15.6.3/dist/webviews/commitDetails.css may be Tailwind-related…
Checking if /home/fgress2/.vscode/extensions/eamodio.gitlens-15.6.3/dist/webviews/patchDetails.css may be Tailwind-related…
Checking if /home/fgress2/.vscode/extensions/donjayamanne.githistory-0.6.20/dist/browser/bundle.css may be Tailwind-related…
Checking if /home/fgress2/.spicetify/CustomApps/lyrics-plus/style.css may be Tailwind-related…
Checking if /home/fgress2/.spicetify/CustomApps/reddit/style.css may be Tailwind-related…
Checking if /home/fgress2/.spicetify/CustomApps/new-releases/style.css may be Tailwind-related…
Checking if /home/fgress2/.spicetify/Themes/SpicetifyDefault/user.css may be Tailwind-related…
[Global] Creating projects: []
[Global] Preparing projects...
[Global] Initializing projects...
[Global] Initialized 0 projects
