2024-11-14 00:31:58.752 [info] Reading sessions from keychain...
2024-11-14 00:31:58.752 [info] Getting sessions for all scopes...
2024-11-14 00:31:58.752 [info] Getting sessions for all scopes...
2024-11-14 00:31:58.752 [info] Got stored sessions!
2024-11-14 00:31:58.752 [info] Got 1 verified sessions.
2024-11-14 00:31:58.752 [info] Got 1 sessions for ...
2024-11-14 00:31:58.752 [info] Got 1 sessions for ...
2024-11-14 00:31:58.752 [info] Getting sessions for read:user,repo,user:email,workflow...
2024-11-14 00:31:58.752 [info] Got 0 sessions for read:user,repo,user:email,workflow...
2024-11-14 00:31:58.933 [info] Getting sessions for read:user,repo,user:email,workflow...
2024-11-14 00:31:58.933 [info] Got 0 sessions for read:user,repo,user:email,workflow...
2024-11-14 00:32:01.490 [info] Getting sessions for read:user,repo,user:email...
2024-11-14 00:32:01.490 [info] Got 0 sessions for read:user,repo,user:email...
2024-11-14 00:32:01.490 [info] Getting sessions for read:user,repo,user:email,workflow...
2024-11-14 00:32:01.490 [info] Got 0 sessions for read:user,repo,user:email,workflow...
2024-11-14 00:32:01.491 [info] Getting sessions for all scopes...
2024-11-14 00:32:01.491 [info] Got 1 sessions for ...
2024-11-14 00:32:01.491 [info] Getting sessions for all scopes...
2024-11-14 00:32:01.491 [info] Got 1 sessions for ...
2024-11-14 00:32:01.559 [info] Getting sessions for read:user...
2024-11-14 00:32:01.559 [info] Got 0 sessions for read:user...
2024-11-14 00:32:01.559 [info] Getting sessions for read:user,repo,user:email,workflow...
2024-11-14 00:32:01.559 [info] Got 0 sessions for read:user,repo,user:email,workflow...
2024-11-14 00:32:01.585 [info] Getting sessions for user:email...
2024-11-14 00:32:01.585 [info] Got 1 sessions for user:email...
2024-11-14 00:32:01.585 [info] Getting sessions for user:email...
2024-11-14 00:32:01.585 [info] Got 1 sessions for user:email...
2024-11-14 00:32:01.814 [info] Getting sessions for all scopes...
2024-11-14 00:32:01.814 [info] Got 1 sessions for ...
2024-11-14 00:32:02.581 [info] Getting sessions for read:user,repo,user:email,workflow...
2024-11-14 00:32:02.581 [info] Got 0 sessions for read:user,repo,user:email,workflow...
2024-11-14 00:32:02.664 [info] Getting sessions for user:email...
2024-11-14 00:32:02.664 [info] Got 1 sessions for user:email...
2024-11-14 00:32:02.664 [info] Getting sessions for read:user,repo,user:email,workflow...
2024-11-14 00:32:02.664 [info] Got 0 sessions for read:user,repo,user:email,workflow...
2024-11-14 00:32:02.781 [info] Getting sessions for all scopes...
2024-11-14 00:32:02.781 [info] Got 1 sessions for ...
2024-11-14 00:32:02.802 [info] Getting sessions for read:user,repo,user:email,workflow...
2024-11-14 00:32:02.802 [info] Got 0 sessions for read:user,repo,user:email,workflow...
2024-11-14 00:32:02.812 [info] Getting sessions for user:email...
2024-11-14 00:32:02.812 [info] Got 1 sessions for user:email...
2024-11-14 00:32:03.830 [info] Getting sessions for all scopes...
2024-11-14 00:32:03.830 [info] Got 1 sessions for ...
2024-11-14 00:32:03.830 [info] Getting sessions for all scopes...
2024-11-14 00:32:03.830 [info] Got 1 sessions for ...
2024-11-14 00:32:03.840 [info] Getting sessions for read:user,repo,user:email,workflow...
2024-11-14 00:32:03.840 [info] Got 0 sessions for read:user,repo,user:email,workflow...
2024-11-14 00:32:03.841 [info] Getting sessions for user:email...
2024-11-14 00:32:03.841 [info] Got 1 sessions for user:email...
2024-11-14 00:32:03.844 [info] Getting sessions for all scopes...
2024-11-14 00:32:03.844 [info] Got 1 sessions for ...
2024-11-14 00:32:03.845 [info] Getting sessions for read:user,repo,user:email,workflow...
2024-11-14 00:32:03.845 [info] Got 0 sessions for read:user,repo,user:email,workflow...
2024-11-14 00:32:03.846 [info] Getting sessions for user:email...
2024-11-14 00:32:03.846 [info] Got 1 sessions for user:email...
2024-11-14 00:32:03.873 [info] Getting sessions for all scopes...
2024-11-14 00:32:03.873 [info] Got 1 sessions for ...
2024-11-14 00:32:03.881 [info] Getting sessions for read:user,repo,user:email,workflow...
2024-11-14 00:32:03.881 [info] Got 0 sessions for read:user,repo,user:email,workflow...
2024-11-14 00:32:03.882 [info] Getting sessions for user:email...
2024-11-14 00:32:03.882 [info] Got 1 sessions for user:email...
2024-11-14 00:32:04.171 [info] Getting sessions for all scopes...
2024-11-14 00:32:04.171 [info] Got 1 sessions for ...
2024-11-14 00:32:04.172 [info] Getting sessions for read:user,repo,user:email,workflow...
2024-11-14 00:32:04.172 [info] Got 0 sessions for read:user,repo,user:email,workflow...
2024-11-14 00:32:04.174 [info] Getting sessions for all scopes...
2024-11-14 00:32:04.174 [info] Got 1 sessions for ...
2024-11-14 00:32:04.175 [info] Getting sessions for read:user,repo,user:email,workflow...
2024-11-14 00:32:04.175 [info] Got 0 sessions for read:user,repo,user:email,workflow...
2024-11-14 00:32:31.227 [info] Getting sessions for user:email...
2024-11-14 00:32:31.227 [info] Got 1 sessions for user:email...
2024-11-14 00:32:31.227 [info] Getting sessions for user:email...
2024-11-14 00:32:31.227 [info] Got 1 sessions for user:email...
2024-11-14 00:34:17.722 [info] Getting sessions for read:user,repo,user:email,workflow...
2024-11-14 00:34:17.722 [info] Got 0 sessions for read:user,repo,user:email,workflow...
2024-11-14 00:34:42.287 [info] Getting sessions for all scopes...
2024-11-14 00:34:42.287 [info] Got 1 sessions for ...
2024-11-14 00:34:42.416 [info] Getting sessions for all scopes...
2024-11-14 00:34:42.417 [info] Got 1 sessions for ...
2024-11-14 00:36:35.435 [info] Getting sessions for read:user,repo,user:email,workflow...
2024-11-14 00:36:35.435 [info] Got 0 sessions for read:user,repo,user:email,workflow...
2024-11-14 00:36:35.744 [info] Getting sessions for read:user,repo,user:email,workflow...
2024-11-14 00:36:35.744 [info] Got 0 sessions for read:user,repo,user:email,workflow...
2024-11-14 00:36:36.058 [info] Getting sessions for read:user,repo,user:email,workflow...
2024-11-14 00:36:36.058 [info] Got 0 sessions for read:user,repo,user:email,workflow...
2024-11-14 00:47:05.282 [info] Getting sessions for all scopes...
2024-11-14 00:47:05.282 [info] Got 1 sessions for ...
2024-11-14 00:47:05.284 [info] Getting sessions for read:user,repo,user:email,workflow...
2024-11-14 00:47:05.284 [info] Got 0 sessions for read:user,repo,user:email,workflow...
2024-11-14 00:47:05.286 [info] Getting sessions for user:email...
2024-11-14 00:47:05.286 [info] Got 1 sessions for user:email...
2024-11-14 00:47:05.313 [info] Getting sessions for all scopes...
2024-11-14 00:47:05.313 [info] Got 1 sessions for ...
2024-11-14 00:47:05.314 [info] Getting sessions for read:user,repo,user:email,workflow...
2024-11-14 00:47:05.314 [info] Got 0 sessions for read:user,repo,user:email,workflow...
2024-11-14 00:47:05.315 [info] Getting sessions for user:email...
2024-11-14 00:47:05.315 [info] Got 1 sessions for user:email...
2024-11-14 00:57:03.724 [info] Getting sessions for read:user,repo,user:email,workflow...
2024-11-14 00:57:03.725 [info] Got 0 sessions for read:user,repo,user:email,workflow...
2024-11-14 00:57:03.728 [info] Getting sessions for read:user...
2024-11-14 00:57:03.728 [info] Got 0 sessions for read:user...
2024-11-14 00:57:03.731 [info] Getting sessions for user:email...
2024-11-14 00:57:03.731 [info] Got 1 sessions for user:email...
2024-11-14 00:57:04.419 [info] Getting sessions for all scopes...
2024-11-14 00:57:04.419 [info] Got 1 sessions for ...
2024-11-14 00:57:04.423 [info] Getting sessions for read:user,repo,user:email,workflow...
2024-11-14 00:57:04.423 [info] Got 0 sessions for read:user,repo,user:email,workflow...
2024-11-14 00:57:04.426 [info] Getting sessions for user:email...
2024-11-14 00:57:04.426 [info] Got 1 sessions for user:email...
2024-11-14 00:57:05.469 [info] Getting sessions for all scopes...
2024-11-14 00:57:05.469 [info] Got 1 sessions for ...
2024-11-14 00:57:05.469 [info] Getting sessions for all scopes...
2024-11-14 00:57:05.469 [info] Got 1 sessions for ...
2024-11-14 00:57:05.470 [info] Getting sessions for read:user,repo,user:email,workflow...
2024-11-14 00:57:05.470 [info] Got 0 sessions for read:user,repo,user:email,workflow...
2024-11-14 00:57:05.472 [info] Getting sessions for user:email...
2024-11-14 00:57:05.473 [info] Got 1 sessions for user:email...
2024-11-14 00:57:05.475 [info] Getting sessions for all scopes...
2024-11-14 00:57:05.475 [info] Got 1 sessions for ...
2024-11-14 00:57:05.477 [info] Getting sessions for read:user,repo,user:email,workflow...
2024-11-14 00:57:05.477 [info] Got 0 sessions for read:user,repo,user:email,workflow...
2024-11-14 00:57:05.479 [info] Getting sessions for user:email...
2024-11-14 00:57:05.479 [info] Got 1 sessions for user:email...
2024-11-14 00:57:05.488 [info] Getting sessions for all scopes...
2024-11-14 00:57:05.488 [info] Got 1 sessions for ...
2024-11-14 00:57:05.488 [info] Getting sessions for all scopes...
2024-11-14 00:57:05.488 [info] Got 1 sessions for ...
2024-11-14 00:57:05.490 [info] Getting sessions for read:user,repo,user:email,workflow...
2024-11-14 00:57:05.490 [info] Got 0 sessions for read:user,repo,user:email,workflow...
2024-11-14 00:57:05.492 [info] Getting sessions for user:email...
2024-11-14 00:57:05.492 [info] Got 1 sessions for user:email...
2024-11-14 01:02:06.030 [info] Getting sessions for all scopes...
2024-11-14 01:02:06.030 [info] Got 1 sessions for ...
2024-11-14 01:02:06.035 [info] Getting sessions for read:user,repo,user:email,workflow...
2024-11-14 01:02:06.035 [info] Got 0 sessions for read:user,repo,user:email,workflow...
2024-11-14 01:02:06.037 [info] Getting sessions for user:email...
2024-11-14 01:02:06.037 [info] Got 1 sessions for user:email...
2024-11-14 01:02:06.067 [info] Getting sessions for all scopes...
2024-11-14 01:02:06.067 [info] Got 1 sessions for ...
2024-11-14 01:02:06.069 [info] Getting sessions for read:user,repo,user:email,workflow...
2024-11-14 01:02:06.069 [info] Got 0 sessions for read:user,repo,user:email,workflow...
2024-11-14 01:02:06.071 [info] Getting sessions for user:email...
2024-11-14 01:02:06.071 [info] Got 1 sessions for user:email...
