2024-11-14 01:18:11.538 [info] Reading sessions from keychain...
2024-11-14 01:18:11.538 [info] Getting sessions for all scopes...
2024-11-14 01:18:11.538 [info] Getting sessions for all scopes...
2024-11-14 01:18:11.538 [info] Getting sessions for all scopes...
2024-11-14 01:18:11.538 [info] Got stored sessions!
2024-11-14 01:18:11.538 [info] Got 1 verified sessions.
2024-11-14 01:18:11.538 [info] Got 1 sessions for ...
2024-11-14 01:18:11.538 [info] Got 1 sessions for ...
2024-11-14 01:18:11.538 [info] Got 1 sessions for ...
2024-11-14 01:18:11.538 [info] Getting sessions for user:email...
2024-11-14 01:18:11.538 [info] Got 1 sessions for user:email...
2024-11-14 01:18:12.218 [info] Getting sessions for all scopes...
2024-11-14 01:18:12.218 [info] Got 1 sessions for ...
2024-11-14 01:18:15.224 [info] Getting sessions for read:user,repo,user:email...
2024-11-14 01:18:15.224 [info] Got 0 sessions for read:user,repo,user:email...
2024-11-14 01:18:15.225 [info] Getting sessions for read:user,repo,user:email,workflow...
2024-11-14 01:18:15.225 [info] Got 0 sessions for read:user,repo,user:email,workflow...
2024-11-14 01:18:15.225 [info] Getting sessions for all scopes...
2024-11-14 01:18:15.225 [info] Got 1 sessions for ...
2024-11-14 01:18:15.225 [info] Getting sessions for all scopes...
2024-11-14 01:18:15.225 [info] Got 1 sessions for ...
2024-11-14 01:18:15.297 [info] Getting sessions for read:user...
2024-11-14 01:18:15.297 [info] Got 0 sessions for read:user...
2024-11-14 01:18:15.297 [info] Getting sessions for read:user,repo,user:email,workflow...
2024-11-14 01:18:15.297 [info] Got 0 sessions for read:user,repo,user:email,workflow...
2024-11-14 01:18:15.321 [info] Getting sessions for user:email...
2024-11-14 01:18:15.321 [info] Got 1 sessions for user:email...
2024-11-14 01:18:15.321 [info] Getting sessions for user:email...
2024-11-14 01:18:15.321 [info] Got 1 sessions for user:email...
2024-11-14 01:18:15.584 [info] Getting sessions for all scopes...
2024-11-14 01:18:15.584 [info] Got 1 sessions for ...
2024-11-14 01:18:15.584 [info] Getting sessions for all scopes...
2024-11-14 01:18:15.584 [info] Got 1 sessions for ...
2024-11-14 01:18:16.389 [info] Getting sessions for read:user,repo,user:email,workflow...
2024-11-14 01:18:16.389 [info] Got 0 sessions for read:user,repo,user:email,workflow...
2024-11-14 01:18:16.428 [info] Getting sessions for user:email...
2024-11-14 01:18:16.429 [info] Got 1 sessions for user:email...
2024-11-14 01:18:16.429 [info] Getting sessions for read:user,repo,user:email,workflow...
2024-11-14 01:18:16.429 [info] Got 0 sessions for read:user,repo,user:email,workflow...
2024-11-14 01:18:17.362 [info] Getting sessions for all scopes...
2024-11-14 01:18:17.362 [info] Got 1 sessions for ...
2024-11-14 01:18:17.362 [info] Getting sessions for all scopes...
2024-11-14 01:18:17.362 [info] Got 1 sessions for ...
2024-11-14 01:18:17.372 [info] Getting sessions for read:user,repo,user:email,workflow...
2024-11-14 01:18:17.372 [info] Got 0 sessions for read:user,repo,user:email,workflow...
2024-11-14 01:18:17.373 [info] Getting sessions for user:email...
2024-11-14 01:18:17.373 [info] Got 1 sessions for user:email...
2024-11-14 01:18:17.375 [info] Getting sessions for all scopes...
2024-11-14 01:18:17.375 [info] Got 1 sessions for ...
2024-11-14 01:18:17.376 [info] Getting sessions for read:user,repo,user:email,workflow...
2024-11-14 01:18:17.376 [info] Got 0 sessions for read:user,repo,user:email,workflow...
2024-11-14 01:18:17.376 [info] Getting sessions for user:email...
2024-11-14 01:18:17.376 [info] Got 1 sessions for user:email...
2024-11-14 01:18:17.415 [info] Getting sessions for all scopes...
2024-11-14 01:18:17.415 [info] Got 1 sessions for ...
2024-11-14 01:18:17.415 [info] Getting sessions for read:user,repo,user:email,workflow...
2024-11-14 01:18:17.415 [info] Got 0 sessions for read:user,repo,user:email,workflow...
2024-11-14 01:18:17.416 [info] Getting sessions for user:email...
2024-11-14 01:18:17.416 [info] Got 1 sessions for user:email...
