2024-11-13 18:31:11.531 [info] Reading sessions from keychain...
2024-11-13 18:31:11.531 [info] Getting sessions for all scopes...
2024-11-13 18:31:11.531 [info] Getting sessions for all scopes...
2024-11-13 18:31:11.531 [info] Got stored sessions!
2024-11-13 18:31:11.531 [info] Got 1 verified sessions.
2024-11-13 18:31:11.531 [info] Got 1 sessions for ...
2024-11-13 18:31:11.531 [info] Got 1 sessions for ...
2024-11-13 18:31:11.531 [info] Getting sessions for read:user,repo,user:email,workflow...
2024-11-13 18:31:11.531 [info] Got 0 sessions for read:user,repo,user:email,workflow...
2024-11-13 18:31:12.097 [info] Getting sessions for all scopes...
2024-11-13 18:31:12.097 [info] Got 1 sessions for ...
2024-11-13 18:31:12.476 [info] Getting sessions for user:email...
2024-11-13 18:31:12.476 [info] Got 1 sessions for user:email...
2024-11-13 18:31:12.476 [info] Getting sessions for user:email...
2024-11-13 18:31:12.476 [info] Got 1 sessions for user:email...
2024-11-13 18:31:12.517 [info] Getting sessions for all scopes...
2024-11-13 18:31:12.517 [info] Got 1 sessions for ...
2024-11-13 18:31:14.449 [info] Getting sessions for read:user,repo,user:email...
2024-11-13 18:31:14.449 [info] Got 0 sessions for read:user,repo,user:email...
2024-11-13 18:31:14.449 [info] Getting sessions for read:user,repo,user:email,workflow...
2024-11-13 18:31:14.449 [info] Got 0 sessions for read:user,repo,user:email,workflow...
2024-11-13 18:31:14.449 [info] Getting sessions for all scopes...
2024-11-13 18:31:14.449 [info] Got 1 sessions for ...
2024-11-13 18:31:14.449 [info] Getting sessions for all scopes...
2024-11-13 18:31:14.449 [info] Got 1 sessions for ...
2024-11-13 18:31:14.526 [info] Getting sessions for read:user...
2024-11-13 18:31:14.526 [info] Got 0 sessions for read:user...
2024-11-13 18:31:14.526 [info] Getting sessions for read:user,repo,user:email,workflow...
2024-11-13 18:31:14.526 [info] Got 0 sessions for read:user,repo,user:email,workflow...
2024-11-13 18:31:15.426 [info] Getting sessions for user:email...
2024-11-13 18:31:15.427 [info] Got 1 sessions for user:email...
2024-11-13 18:31:15.427 [info] Getting sessions for user:email...
2024-11-13 18:31:15.427 [info] Got 1 sessions for user:email...
2024-11-13 18:31:15.645 [info] Getting sessions for all scopes...
2024-11-13 18:31:15.646 [info] Got 1 sessions for ...
2024-11-13 18:31:15.646 [info] Getting sessions for all scopes...
2024-11-13 18:31:15.646 [info] Got 1 sessions for ...
2024-11-13 18:31:15.740 [info] Getting sessions for read:user,repo,user:email,workflow...
2024-11-13 18:31:15.740 [info] Got 0 sessions for read:user,repo,user:email,workflow...
2024-11-13 18:31:15.841 [info] Getting sessions for read:user,repo,user:email,workflow...
2024-11-13 18:31:15.842 [info] Got 0 sessions for read:user,repo,user:email,workflow...
2024-11-13 18:31:15.856 [info] Getting sessions for user:email...
2024-11-13 18:31:15.856 [info] Got 1 sessions for user:email...
2024-11-13 18:31:16.605 [info] Getting sessions for all scopes...
2024-11-13 18:31:16.605 [info] Got 1 sessions for ...
2024-11-13 18:31:16.605 [info] Getting sessions for all scopes...
2024-11-13 18:31:16.605 [info] Got 1 sessions for ...
2024-11-13 18:31:16.612 [info] Getting sessions for read:user,repo,user:email,workflow...
2024-11-13 18:31:16.612 [info] Got 0 sessions for read:user,repo,user:email,workflow...
2024-11-13 18:31:16.613 [info] Getting sessions for user:email...
2024-11-13 18:31:16.613 [info] Got 1 sessions for user:email...
2024-11-13 18:31:16.621 [info] Getting sessions for all scopes...
2024-11-13 18:31:16.621 [info] Got 1 sessions for ...
2024-11-13 18:31:16.623 [info] Getting sessions for read:user,repo,user:email,workflow...
2024-11-13 18:31:16.623 [info] Got 0 sessions for read:user,repo,user:email,workflow...
2024-11-13 18:31:16.623 [info] Getting sessions for user:email...
2024-11-13 18:31:16.623 [info] Got 1 sessions for user:email...
2024-11-13 18:31:16.662 [info] Getting sessions for all scopes...
2024-11-13 18:31:16.662 [info] Got 1 sessions for ...
2024-11-13 18:31:16.665 [info] Getting sessions for read:user,repo,user:email,workflow...
2024-11-13 18:31:16.665 [info] Got 0 sessions for read:user,repo,user:email,workflow...
2024-11-13 18:31:16.666 [info] Getting sessions for user:email...
2024-11-13 18:31:16.666 [info] Got 1 sessions for user:email...
