2024-11-14 01:18:11.584 [info] [main] Log level: Info
2024-11-14 01:18:11.584 [info] [main] Validating found git in: "git"
2024-11-14 01:18:11.584 [info] [main] Using git "2.47.0" from "git"
2024-11-14 01:18:11.584 [info] [Model][doInitialScan] Initial repository scan started
2024-11-14 01:18:11.584 [info] > git rev-parse --show-toplevel [7ms]
2024-11-14 01:18:11.584 [info] fatal: not a git repository (or any of the parent directories): .git
2024-11-14 01:18:11.584 [info] > git rev-parse --show-toplevel [1ms]
2024-11-14 01:18:11.584 [info] fatal: not a git repository (or any of the parent directories): .git
2024-11-14 01:18:12.162 [info] > git rev-parse --show-toplevel [83ms]
2024-11-14 01:18:12.162 [info] fatal: not a git repository (or any of the parent directories): .git
2024-11-14 01:18:12.218 [info] > git rev-parse --show-toplevel [49ms]
2024-11-14 01:18:12.218 [info] fatal: not a git repository (or any of the parent directories): .git
2024-11-14 01:18:12.240 [info] > git rev-parse --show-toplevel [14ms]
2024-11-14 01:18:12.240 [info] fatal: not a git repository (or any of the parent directories): .git
2024-11-14 01:18:12.284 [info] > git rev-parse --show-toplevel [33ms]
2024-11-14 01:18:12.284 [info] fatal: not a git repository (or any of the parent directories): .git
2024-11-14 01:18:12.311 [info] > git rev-parse --show-toplevel [21ms]
2024-11-14 01:18:12.311 [info] fatal: not a git repository (or any of the parent directories): .git
2024-11-14 01:18:12.369 [info] > git rev-parse --show-toplevel [51ms]
2024-11-14 01:18:12.369 [info] fatal: not a git repository (or any of the parent directories): .git
2024-11-14 01:18:12.459 [info] > git rev-parse --show-toplevel [72ms]
2024-11-14 01:18:12.576 [info] > git rev-parse --show-toplevel [24ms]
2024-11-14 01:18:12.576 [info] fatal: not a git repository (or any of the parent directories): .git
2024-11-14 01:18:12.596 [info] > git rev-parse --show-toplevel [14ms]
2024-11-14 01:18:12.596 [info] fatal: not a git repository (or any of the parent directories): .git
2024-11-14 01:18:12.612 [info] > git rev-parse --show-toplevel [10ms]
2024-11-14 01:18:12.612 [info] fatal: not a git repository (or any of the parent directories): .git
2024-11-14 01:18:12.618 [info] > git rev-parse --show-toplevel [1ms]
2024-11-14 01:18:12.618 [info] fatal: not a git repository (or any of the parent directories): .git
2024-11-14 01:18:12.666 [info] > git rev-parse --show-toplevel [42ms]
2024-11-14 01:18:12.666 [info] fatal: not a git repository (or any of the parent directories): .git
2024-11-14 01:18:12.679 [info] > git rev-parse --show-toplevel [6ms]
2024-11-14 01:18:12.679 [info] fatal: not a git repository (or any of the parent directories): .git
2024-11-14 01:18:12.687 [info] > git rev-parse --show-toplevel [1ms]
2024-11-14 01:18:12.688 [info] fatal: not a git repository (or any of the parent directories): .git
2024-11-14 01:18:12.761 [info] > git rev-parse --show-toplevel [65ms]
2024-11-14 01:18:12.761 [info] fatal: not a git repository (or any of the parent directories): .git
2024-11-14 01:18:12.771 [info] > git rev-parse --show-toplevel [4ms]
2024-11-14 01:18:12.771 [info] fatal: not a git repository (or any of the parent directories): .git
2024-11-14 01:18:12.778 [info] > git rev-parse --show-toplevel [1ms]
2024-11-14 01:18:12.778 [info] fatal: not a git repository (or any of the parent directories): .git
2024-11-14 01:18:12.816 [info] > git rev-parse --show-toplevel [22ms]
2024-11-14 01:18:12.816 [info] fatal: not a git repository (or any of the parent directories): .git
2024-11-14 01:18:12.854 [info] > git rev-parse --show-toplevel [32ms]
2024-11-14 01:18:12.885 [info] > git rev-parse --show-toplevel [3ms]
2024-11-14 01:18:12.885 [info] fatal: not a git repository (or any of the parent directories): .git
2024-11-14 01:18:12.887 [info] [Model][doInitialScan] Initial repository scan completed - repositories (0), closed repositories (2), parent repositories (0), unsafe repositories (0)
2024-11-14 01:18:12.921 [info] > git rev-parse --show-toplevel [19ms]
2024-11-14 01:18:12.921 [info] fatal: not a git repository (or any of the parent directories): .git
2024-11-14 01:18:16.481 [info] > git rev-parse --show-toplevel [12ms]
2024-11-14 01:18:16.589 [info] > git rev-parse --show-toplevel [34ms]
2024-11-14 01:18:16.618 [info] > git rev-parse --show-toplevel [7ms]
2024-11-14 01:18:16.631 [info] > git rev-parse --show-toplevel [2ms]
