2024-11-13 23:16:02.821 [info] Reading sessions from keychain...
2024-11-13 23:16:02.821 [info] Getting sessions for all scopes...
2024-11-13 23:16:02.821 [info] Getting sessions for all scopes...
2024-11-13 23:16:02.821 [info] Got stored sessions!
2024-11-13 23:16:02.821 [info] Got 1 verified sessions.
2024-11-13 23:16:02.821 [info] Got 1 sessions for ...
2024-11-13 23:16:02.821 [info] Got 1 sessions for ...
2024-11-13 23:16:02.821 [info] Getting sessions for read:user,repo,user:email,workflow...
2024-11-13 23:16:02.821 [info] Got 0 sessions for read:user,repo,user:email,workflow...
2024-11-13 23:16:13.707 [info] Getting sessions for read:user,repo,user:email...
2024-11-13 23:16:13.707 [info] Got 0 sessions for read:user,repo,user:email...
2024-11-13 23:16:13.707 [info] Getting sessions for read:user,repo,user:email,workflow...
2024-11-13 23:16:13.707 [info] Got 0 sessions for read:user,repo,user:email,workflow...
2024-11-13 23:16:13.708 [info] Getting sessions for all scopes...
2024-11-13 23:16:13.708 [info] Got 1 sessions for ...
2024-11-13 23:16:13.708 [info] Getting sessions for all scopes...
2024-11-13 23:16:13.708 [info] Got 1 sessions for ...
2024-11-13 23:16:13.806 [info] Getting sessions for read:user...
2024-11-13 23:16:13.806 [info] Got 0 sessions for read:user...
2024-11-13 23:16:13.806 [info] Getting sessions for read:user,repo,user:email,workflow...
2024-11-13 23:16:13.806 [info] Got 0 sessions for read:user,repo,user:email,workflow...
2024-11-13 23:16:14.128 [info] Getting sessions for user:email...
2024-11-13 23:16:14.128 [info] Got 1 sessions for user:email...
2024-11-13 23:16:14.128 [info] Getting sessions for user:email...
2024-11-13 23:16:14.128 [info] Got 1 sessions for user:email...
2024-11-13 23:16:14.235 [info] Getting sessions for all scopes...
2024-11-13 23:16:14.235 [info] Got 1 sessions for ...
2024-11-13 23:16:14.236 [info] Getting sessions for all scopes...
2024-11-13 23:16:14.236 [info] Got 1 sessions for ...
2024-11-13 23:16:14.288 [info] Getting sessions for read:user,repo,user:email,workflow...
2024-11-13 23:16:14.288 [info] Got 0 sessions for read:user,repo,user:email,workflow...
2024-11-13 23:16:14.288 [info] Getting sessions for read:user,repo,user:email,workflow...
2024-11-13 23:16:14.288 [info] Got 0 sessions for read:user,repo,user:email,workflow...
2024-11-13 23:16:15.098 [info] Getting sessions for user:email...
2024-11-13 23:16:15.098 [info] Got 1 sessions for user:email...
2024-11-13 23:16:15.893 [info] Getting sessions for all scopes...
2024-11-13 23:16:15.893 [info] Got 1 sessions for ...
2024-11-13 23:16:15.894 [info] Getting sessions for all scopes...
2024-11-13 23:16:15.894 [info] Got 1 sessions for ...
2024-11-13 23:16:15.895 [info] Getting sessions for read:user,repo,user:email,workflow...
2024-11-13 23:16:15.895 [info] Got 0 sessions for read:user,repo,user:email,workflow...
2024-11-13 23:16:15.902 [info] Getting sessions for user:email...
2024-11-13 23:16:15.902 [info] Got 1 sessions for user:email...
2024-11-13 23:16:15.905 [info] Getting sessions for all scopes...
2024-11-13 23:16:15.905 [info] Got 1 sessions for ...
2024-11-13 23:16:15.916 [info] Getting sessions for read:user,repo,user:email,workflow...
2024-11-13 23:16:15.916 [info] Got 0 sessions for read:user,repo,user:email,workflow...
2024-11-13 23:16:15.917 [info] Getting sessions for user:email...
2024-11-13 23:16:15.917 [info] Got 1 sessions for user:email...
2024-11-13 23:16:15.975 [info] Getting sessions for all scopes...
2024-11-13 23:16:15.975 [info] Got 1 sessions for ...
2024-11-13 23:16:15.978 [info] Getting sessions for read:user,repo,user:email,workflow...
2024-11-13 23:16:15.978 [info] Got 0 sessions for read:user,repo,user:email,workflow...
2024-11-13 23:16:15.979 [info] Getting sessions for user:email...
2024-11-13 23:16:15.979 [info] Got 1 sessions for user:email...
2024-11-13 23:16:35.659 [info] Getting sessions for user:email...
2024-11-13 23:16:35.659 [info] Got 1 sessions for user:email...
2024-11-13 23:16:35.660 [info] Getting sessions for user:email...
2024-11-13 23:16:35.660 [info] Got 1 sessions for user:email...
2024-11-13 23:18:46.713 [info] Getting sessions for all scopes...
2024-11-13 23:18:46.713 [info] Got 1 sessions for ...
2024-11-13 23:20:01.136 [info] Getting sessions for read:user,repo,user:email,workflow...
2024-11-13 23:20:01.136 [info] Got 0 sessions for read:user,repo,user:email,workflow...
2024-11-13 23:26:38.341 [info] Getting sessions for all scopes...
2024-11-13 23:26:38.341 [info] Got 1 sessions for ...
2024-11-13 23:31:25.902 [info] Getting sessions for all scopes...
2024-11-13 23:31:25.902 [info] Got 1 sessions for ...
2024-11-13 23:31:25.906 [info] Getting sessions for read:user,repo,user:email,workflow...
2024-11-13 23:31:25.906 [info] Got 0 sessions for read:user,repo,user:email,workflow...
2024-11-13 23:31:25.909 [info] Getting sessions for user:email...
2024-11-13 23:31:25.909 [info] Got 1 sessions for user:email...
2024-11-13 23:31:25.940 [info] Getting sessions for all scopes...
2024-11-13 23:31:25.940 [info] Got 1 sessions for ...
2024-11-13 23:31:25.941 [info] Getting sessions for read:user,repo,user:email,workflow...
2024-11-13 23:31:25.941 [info] Got 0 sessions for read:user,repo,user:email,workflow...
2024-11-13 23:31:25.943 [info] Getting sessions for user:email...
2024-11-13 23:31:25.943 [info] Got 1 sessions for user:email...
2024-11-13 23:41:24.646 [info] Getting sessions for read:user,repo,user:email,workflow...
2024-11-13 23:41:24.647 [info] Got 0 sessions for read:user,repo,user:email,workflow...
2024-11-13 23:41:24.650 [info] Getting sessions for read:user...
2024-11-13 23:41:24.650 [info] Got 0 sessions for read:user...
2024-11-13 23:41:24.653 [info] Getting sessions for user:email...
2024-11-13 23:41:24.653 [info] Got 1 sessions for user:email...
2024-11-13 23:41:25.094 [info] Getting sessions for all scopes...
2024-11-13 23:41:25.094 [info] Got 1 sessions for ...
2024-11-13 23:41:25.098 [info] Getting sessions for read:user,repo,user:email,workflow...
2024-11-13 23:41:25.098 [info] Got 0 sessions for read:user,repo,user:email,workflow...
2024-11-13 23:41:25.101 [info] Getting sessions for user:email...
2024-11-13 23:41:25.101 [info] Got 1 sessions for user:email...
2024-11-13 23:41:26.139 [info] Getting sessions for all scopes...
2024-11-13 23:41:26.139 [info] Got 1 sessions for ...
2024-11-13 23:41:26.139 [info] Getting sessions for all scopes...
2024-11-13 23:41:26.139 [info] Got 1 sessions for ...
2024-11-13 23:41:26.145 [info] Getting sessions for read:user,repo,user:email,workflow...
2024-11-13 23:41:26.145 [info] Got 0 sessions for read:user,repo,user:email,workflow...
2024-11-13 23:41:26.147 [info] Getting sessions for user:email...
2024-11-13 23:41:26.147 [info] Got 1 sessions for user:email...
2024-11-13 23:41:26.148 [info] Getting sessions for all scopes...
2024-11-13 23:41:26.148 [info] Got 1 sessions for ...
2024-11-13 23:41:26.150 [info] Getting sessions for read:user,repo,user:email,workflow...
2024-11-13 23:41:26.150 [info] Got 0 sessions for read:user,repo,user:email,workflow...
2024-11-13 23:41:26.151 [info] Getting sessions for user:email...
2024-11-13 23:41:26.151 [info] Got 1 sessions for user:email...
2024-11-13 23:41:26.160 [info] Getting sessions for all scopes...
2024-11-13 23:41:26.160 [info] Got 1 sessions for ...
2024-11-13 23:41:26.163 [info] Getting sessions for read:user,repo,user:email,workflow...
2024-11-13 23:41:26.163 [info] Got 0 sessions for read:user,repo,user:email,workflow...
2024-11-13 23:41:26.165 [info] Getting sessions for user:email...
2024-11-13 23:41:26.165 [info] Got 1 sessions for user:email...
2024-11-13 23:46:27.464 [info] Getting sessions for all scopes...
2024-11-13 23:46:27.464 [info] Got 1 sessions for ...
2024-11-13 23:46:27.468 [info] Getting sessions for read:user,repo,user:email,workflow...
2024-11-13 23:46:27.468 [info] Got 0 sessions for read:user,repo,user:email,workflow...
2024-11-13 23:46:27.472 [info] Getting sessions for user:email...
2024-11-13 23:46:27.472 [info] Got 1 sessions for user:email...
2024-11-13 23:46:27.476 [info] Getting sessions for all scopes...
2024-11-13 23:46:27.476 [info] Got 1 sessions for ...
2024-11-13 23:46:27.479 [info] Getting sessions for read:user,repo,user:email,workflow...
2024-11-13 23:46:27.480 [info] Got 0 sessions for read:user,repo,user:email,workflow...
2024-11-13 23:46:27.482 [info] Getting sessions for user:email...
2024-11-13 23:46:27.482 [info] Got 1 sessions for user:email...
2024-11-13 23:56:26.178 [info] Getting sessions for all scopes...
2024-11-13 23:56:26.178 [info] Got 1 sessions for ...
2024-11-13 23:56:26.182 [info] Getting sessions for read:user,repo,user:email,workflow...
2024-11-13 23:56:26.182 [info] Got 0 sessions for read:user,repo,user:email,workflow...
2024-11-13 23:56:26.185 [info] Getting sessions for user:email...
2024-11-13 23:56:26.185 [info] Got 1 sessions for user:email...
2024-11-14 00:01:28.106 [info] Getting sessions for all scopes...
2024-11-14 00:01:28.106 [info] Got 1 sessions for ...
2024-11-14 00:01:28.110 [info] Getting sessions for read:user,repo,user:email,workflow...
2024-11-14 00:01:28.110 [info] Got 0 sessions for read:user,repo,user:email,workflow...
2024-11-14 00:01:28.114 [info] Getting sessions for user:email...
2024-11-14 00:01:28.114 [info] Got 1 sessions for user:email...
2024-11-14 00:01:28.118 [info] Getting sessions for all scopes...
2024-11-14 00:01:28.118 [info] Got 1 sessions for ...
2024-11-14 00:01:28.122 [info] Getting sessions for read:user,repo,user:email,workflow...
2024-11-14 00:01:28.122 [info] Got 0 sessions for read:user,repo,user:email,workflow...
2024-11-14 00:01:28.125 [info] Getting sessions for user:email...
2024-11-14 00:01:28.125 [info] Got 1 sessions for user:email...
2024-11-14 00:04:29.119 [info] Getting sessions for read:user,repo,user:email,workflow...
2024-11-14 00:04:29.119 [info] Got 0 sessions for read:user,repo,user:email,workflow...
2024-11-14 00:06:25.128 [info] Getting sessions for read:user,repo,user:email,workflow...
2024-11-14 00:06:25.128 [info] Got 0 sessions for read:user,repo,user:email,workflow...
2024-11-14 00:06:25.132 [info] Getting sessions for read:user...
2024-11-14 00:06:25.132 [info] Got 0 sessions for read:user...
2024-11-14 00:06:25.136 [info] Getting sessions for user:email...
2024-11-14 00:06:25.136 [info] Got 1 sessions for user:email...
2024-11-14 00:06:26.143 [info] Getting sessions for all scopes...
2024-11-14 00:06:26.143 [info] Got 1 sessions for ...
2024-11-14 00:06:26.146 [info] Getting sessions for read:user,repo,user:email,workflow...
2024-11-14 00:06:26.147 [info] Got 0 sessions for read:user,repo,user:email,workflow...
2024-11-14 00:06:26.149 [info] Getting sessions for user:email...
2024-11-14 00:06:26.149 [info] Got 1 sessions for user:email...
2024-11-14 00:06:27.155 [info] Getting sessions for all scopes...
2024-11-14 00:06:27.155 [info] Got 1 sessions for ...
2024-11-14 00:06:27.156 [info] Getting sessions for all scopes...
2024-11-14 00:06:27.156 [info] Got 1 sessions for ...
2024-11-14 00:06:27.158 [info] Getting sessions for read:user,repo,user:email,workflow...
2024-11-14 00:06:27.158 [info] Got 0 sessions for read:user,repo,user:email,workflow...
2024-11-14 00:06:27.161 [info] Getting sessions for user:email...
2024-11-14 00:06:27.161 [info] Got 1 sessions for user:email...
2024-11-14 00:06:27.165 [info] Getting sessions for all scopes...
2024-11-14 00:06:27.165 [info] Got 1 sessions for ...
2024-11-14 00:06:27.168 [info] Getting sessions for read:user,repo,user:email,workflow...
2024-11-14 00:06:27.168 [info] Got 0 sessions for read:user,repo,user:email,workflow...
2024-11-14 00:06:27.171 [info] Getting sessions for user:email...
2024-11-14 00:06:27.171 [info] Got 1 sessions for user:email...
2024-11-14 00:06:27.178 [info] Getting sessions for all scopes...
2024-11-14 00:06:27.178 [info] Got 1 sessions for ...
2024-11-14 00:06:27.178 [info] Getting sessions for read:user,repo,user:email,workflow...
2024-11-14 00:06:27.178 [info] Got 0 sessions for read:user,repo,user:email,workflow...
2024-11-14 00:06:27.179 [info] Getting sessions for user:email...
2024-11-14 00:06:27.179 [info] Got 1 sessions for user:email...
2024-11-14 00:09:48.414 [info] Getting sessions for read:user,repo,user:email,workflow...
2024-11-14 00:09:48.414 [info] Got 0 sessions for read:user,repo,user:email,workflow...
2024-11-14 00:11:15.975 [info] Getting sessions for read:user,repo,user:email,workflow...
2024-11-14 00:11:15.975 [info] Got 0 sessions for read:user,repo,user:email,workflow...
2024-11-14 00:11:16.612 [info] Getting sessions for read:user,repo,user:email,workflow...
2024-11-14 00:11:16.612 [info] Got 0 sessions for read:user,repo,user:email,workflow...
2024-11-14 00:11:16.771 [info] Getting sessions for read:user,repo,user:email,workflow...
2024-11-14 00:11:16.771 [info] Got 0 sessions for read:user,repo,user:email,workflow...
2024-11-14 00:11:26.190 [info] Getting sessions for all scopes...
2024-11-14 00:11:26.190 [info] Got 1 sessions for ...
2024-11-14 00:11:26.192 [info] Getting sessions for read:user,repo,user:email,workflow...
2024-11-14 00:11:26.192 [info] Got 0 sessions for read:user,repo,user:email,workflow...
2024-11-14 00:11:26.193 [info] Getting sessions for user:email...
2024-11-14 00:11:26.193 [info] Got 1 sessions for user:email...
2024-11-14 00:16:28.661 [info] Getting sessions for all scopes...
2024-11-14 00:16:28.661 [info] Got 1 sessions for ...
2024-11-14 00:16:28.663 [info] Getting sessions for read:user,repo,user:email,workflow...
2024-11-14 00:16:28.663 [info] Got 0 sessions for read:user,repo,user:email,workflow...
2024-11-14 00:16:28.664 [info] Getting sessions for user:email...
2024-11-14 00:16:28.664 [info] Got 1 sessions for user:email...
2024-11-14 00:16:28.666 [info] Getting sessions for all scopes...
2024-11-14 00:16:28.666 [info] Got 1 sessions for ...
2024-11-14 00:16:28.667 [info] Getting sessions for read:user,repo,user:email,workflow...
2024-11-14 00:16:28.667 [info] Got 0 sessions for read:user,repo,user:email,workflow...
2024-11-14 00:16:28.668 [info] Getting sessions for user:email...
2024-11-14 00:16:28.668 [info] Got 1 sessions for user:email...
2024-11-14 00:21:27.184 [info] Getting sessions for all scopes...
2024-11-14 00:21:27.184 [info] Got 1 sessions for ...
2024-11-14 00:21:27.186 [info] Getting sessions for read:user,repo,user:email,workflow...
2024-11-14 00:21:27.186 [info] Got 0 sessions for read:user,repo,user:email,workflow...
2024-11-14 00:21:27.189 [info] Getting sessions for user:email...
2024-11-14 00:21:27.189 [info] Got 1 sessions for user:email...
2024-11-14 00:26:26.196 [info] Getting sessions for all scopes...
2024-11-14 00:26:26.196 [info] Got 1 sessions for ...
2024-11-14 00:26:26.197 [info] Getting sessions for read:user,repo,user:email,workflow...
2024-11-14 00:26:26.197 [info] Got 0 sessions for read:user,repo,user:email,workflow...
2024-11-14 00:26:26.198 [info] Getting sessions for user:email...
2024-11-14 00:26:26.198 [info] Got 1 sessions for user:email...
2024-11-14 00:31:25.622 [info] Getting sessions for read:user,repo,user:email,workflow...
2024-11-14 00:31:25.623 [info] Got 0 sessions for read:user,repo,user:email,workflow...
2024-11-14 00:31:25.626 [info] Getting sessions for read:user...
2024-11-14 00:31:25.626 [info] Got 0 sessions for read:user...
2024-11-14 00:31:25.629 [info] Getting sessions for user:email...
2024-11-14 00:31:25.629 [info] Got 1 sessions for user:email...
2024-11-14 00:31:27.157 [info] Getting sessions for all scopes...
2024-11-14 00:31:27.157 [info] Got 1 sessions for ...
2024-11-14 00:31:27.161 [info] Getting sessions for read:user,repo,user:email,workflow...
2024-11-14 00:31:27.161 [info] Got 0 sessions for read:user,repo,user:email,workflow...
2024-11-14 00:31:27.165 [info] Getting sessions for user:email...
2024-11-14 00:31:27.165 [info] Got 1 sessions for user:email...
2024-11-14 00:31:28.007 [info] Getting sessions for all scopes...
2024-11-14 00:31:28.007 [info] Got 1 sessions for ...
2024-11-14 00:31:28.007 [info] Getting sessions for all scopes...
2024-11-14 00:31:28.007 [info] Got 1 sessions for ...
2024-11-14 00:31:28.010 [info] Getting sessions for read:user,repo,user:email,workflow...
2024-11-14 00:31:28.010 [info] Got 0 sessions for read:user,repo,user:email,workflow...
2024-11-14 00:31:28.013 [info] Getting sessions for user:email...
2024-11-14 00:31:28.013 [info] Got 1 sessions for user:email...
2024-11-14 00:31:28.015 [info] Getting sessions for all scopes...
2024-11-14 00:31:28.015 [info] Got 1 sessions for ...
2024-11-14 00:31:28.016 [info] Getting sessions for read:user,repo,user:email,workflow...
2024-11-14 00:31:28.016 [info] Got 0 sessions for read:user,repo,user:email,workflow...
2024-11-14 00:31:28.018 [info] Getting sessions for user:email...
2024-11-14 00:31:28.018 [info] Got 1 sessions for user:email...
2024-11-14 00:31:28.024 [info] Getting sessions for all scopes...
2024-11-14 00:31:28.024 [info] Got 1 sessions for ...
2024-11-14 00:31:28.025 [info] Getting sessions for read:user,repo,user:email,workflow...
2024-11-14 00:31:28.025 [info] Got 0 sessions for read:user,repo,user:email,workflow...
2024-11-14 00:31:28.026 [info] Getting sessions for user:email...
2024-11-14 00:31:28.026 [info] Got 1 sessions for user:email...
2024-11-14 00:31:28.029 [info] Getting sessions for all scopes...
2024-11-14 00:31:28.029 [info] Got 1 sessions for ...
2024-11-14 00:31:28.030 [info] Getting sessions for read:user,repo,user:email,workflow...
2024-11-14 00:31:28.030 [info] Got 0 sessions for read:user,repo,user:email,workflow...
2024-11-14 00:31:28.031 [info] Getting sessions for user:email...
2024-11-14 00:31:28.031 [info] Got 1 sessions for user:email...
2024-11-14 00:31:29.217 [info] Getting sessions for all scopes...
2024-11-14 00:31:29.217 [info] Got 1 sessions for ...
2024-11-14 00:31:29.221 [info] Getting sessions for read:user,repo,user:email,workflow...
2024-11-14 00:31:29.221 [info] Got 0 sessions for read:user,repo,user:email,workflow...
2024-11-14 00:31:29.224 [info] Getting sessions for user:email...
2024-11-14 00:31:29.224 [info] Got 1 sessions for user:email...
