2024-11-14 00:31:56.377 [info] Using settings sync service https://vscode-sync.trafficmanager.net/
2024-11-14 00:31:56.377 [info] Auto Sync is enabled.
2024-11-14 00:31:56.377 [info] Auto Sync: Suspended until auth token is available.
2024-11-14 00:32:31.233 [info] Auto Sync: Triggered by Interval
2024-11-14 00:32:31.233 [info] Sync started.
2024-11-14 00:32:31.739 [info] Settings: No changes found during synchronizing settings.
2024-11-14 00:32:31.756 [info] Keybindings: No changes found during synchronizing keybindings.
2024-11-14 00:32:31.759 [info] Snippets: No changes found during synchronizing snippets.
2024-11-14 00:32:31.761 [info] Tasks: No changes found during synchronizing tasks.
2024-11-14 00:32:32.302 [info] GlobalState: Updated remote ui state. Updated: cpp.1.lastSessionDate,cpp.1.sessionCount,java.2.lastSessionDate,java.2.sessionCount,csharp.1.lastSessionDate,csharp.1.sessionCount.
2024-11-14 00:32:32.307 [info] GlobalState: Updated last synchronized ui state
2024-11-14 00:32:32.355 [info] Extensions: No changes found during synchronizing extensions.
2024-11-14 00:32:32.356 [info] Profiles: No changes found during synchronizing profiles.
2024-11-14 00:32:32.357 [info] Sync done. Took 1127ms
2024-11-14 00:34:45.300 [info] Auto Sync: Triggered by Activity
2024-11-14 00:34:45.301 [info] Sync started.
2024-11-14 00:34:45.645 [info] Settings: No changes found during synchronizing settings.
2024-11-14 00:34:45.647 [info] Keybindings: No changes found during synchronizing keybindings.
2024-11-14 00:34:45.649 [info] Snippets: No changes found during synchronizing snippets.
2024-11-14 00:34:45.650 [info] Tasks: No changes found during synchronizing tasks.
2024-11-14 00:34:45.652 [info] GlobalState: No changes found during synchronizing ui state.
2024-11-14 00:34:45.692 [info] Extensions: No changes found during synchronizing extensions.
2024-11-14 00:34:45.693 [info] Profiles: No changes found during synchronizing profiles.
2024-11-14 00:34:45.694 [info] Sync done. Took 396ms
2024-11-14 00:35:36.987 [info] Auto Sync: Triggered by Activity
2024-11-14 00:35:36.988 [info] Sync started.
2024-11-14 00:35:37.317 [info] Settings: No changes found during synchronizing settings.
2024-11-14 00:35:37.320 [info] Keybindings: No changes found during synchronizing keybindings.
2024-11-14 00:35:37.321 [info] Snippets: No changes found during synchronizing snippets.
2024-11-14 00:35:37.323 [info] Tasks: No changes found during synchronizing tasks.
2024-11-14 00:35:37.324 [info] GlobalState: No changes found during synchronizing ui state.
2024-11-14 00:35:37.361 [info] Extensions: No changes found during synchronizing extensions.
2024-11-14 00:35:37.362 [info] Profiles: No changes found during synchronizing profiles.
2024-11-14 00:35:37.363 [info] Sync done. Took 378ms
2024-11-14 00:36:06.640 [info] Auto Sync: Triggered by Activity
2024-11-14 00:36:06.640 [info] Sync started.
2024-11-14 00:36:06.713 [info] Settings: No changes found during synchronizing settings.
2024-11-14 00:36:06.716 [info] Keybindings: No changes found during synchronizing keybindings.
2024-11-14 00:36:06.717 [info] Snippets: No changes found during synchronizing snippets.
2024-11-14 00:36:06.719 [info] Tasks: No changes found during synchronizing tasks.
2024-11-14 00:36:06.721 [info] GlobalState: No changes found during synchronizing ui state.
2024-11-14 00:36:06.768 [info] Extensions: No changes found during synchronizing extensions.
2024-11-14 00:36:06.769 [info] Profiles: No changes found during synchronizing profiles.
2024-11-14 00:36:06.770 [info] Sync done. Took 133ms
2024-11-14 00:41:06.783 [info] Auto Sync: Triggered by Interval
2024-11-14 00:41:06.784 [info] Sync started.
2024-11-14 00:41:07.105 [info] Settings: No changes found during synchronizing settings.
2024-11-14 00:41:07.109 [info] Keybindings: No changes found during synchronizing keybindings.
2024-11-14 00:41:07.111 [info] Snippets: No changes found during synchronizing snippets.
2024-11-14 00:41:07.113 [info] Tasks: No changes found during synchronizing tasks.
2024-11-14 00:41:07.116 [info] GlobalState: No changes found during synchronizing ui state.
2024-11-14 00:41:07.157 [info] Extensions: No changes found during synchronizing extensions.
2024-11-14 00:41:07.158 [info] Profiles: No changes found during synchronizing profiles.
2024-11-14 00:41:07.159 [info] Sync done. Took 378ms
2024-11-14 00:46:07.172 [info] Auto Sync: Triggered by Interval
2024-11-14 00:46:07.173 [info] Sync started.
2024-11-14 00:46:07.300 [info] Request failed https://vscode-sync.trafficmanager.net/v1/manifest
2024-11-14 00:46:07.300 [error] RequestFailed (UserDataSyncError) syncResource:unknown operationId:unknown: Connection refused for the request 'https://vscode-sync.trafficmanager.net/v1/manifest'.
    at kh.D (file:///opt/visual-studio-code/resources/app/out/vs/code/electron-utility/sharedProcess/sharedProcessMain.js:98:22115)
    at async kh.manifest (file:///opt/visual-studio-code/resources/app/out/vs/code/electron-utility/sharedProcess/sharedProcessMain.js:98:19962)
    at async eu.createSyncTask (file:///opt/visual-studio-code/resources/app/out/vs/code/electron-utility/sharedProcess/sharedProcessMain.js:98:121454)
    at async Xu.I (file:///opt/visual-studio-code/resources/app/out/vs/code/electron-utility/sharedProcess/sharedProcessMain.js:105:9288)
    at async Xu.H (file:///opt/visual-studio-code/resources/app/out/vs/code/electron-utility/sharedProcess/sharedProcessMain.js:105:8932)
2024-11-14 00:46:07.300 [error] RequestFailed (UserDataSyncError) syncResource:unknown operationId:unknown: Connection refused for the request 'https://vscode-sync.trafficmanager.net/v1/manifest'.
    at kh.D (file:///opt/visual-studio-code/resources/app/out/vs/code/electron-utility/sharedProcess/sharedProcessMain.js:98:22115)
    at async kh.manifest (file:///opt/visual-studio-code/resources/app/out/vs/code/electron-utility/sharedProcess/sharedProcessMain.js:98:19962)
    at async eu.createSyncTask (file:///opt/visual-studio-code/resources/app/out/vs/code/electron-utility/sharedProcess/sharedProcessMain.js:98:121454)
    at async Xu.I (file:///opt/visual-studio-code/resources/app/out/vs/code/electron-utility/sharedProcess/sharedProcessMain.js:105:9288)
    at async Xu.H (file:///opt/visual-studio-code/resources/app/out/vs/code/electron-utility/sharedProcess/sharedProcessMain.js:105:8932)
2024-11-14 00:51:07.314 [info] Auto Sync: Triggered by Interval
2024-11-14 00:51:07.315 [info] Sync started.
2024-11-14 00:51:07.629 [info] Settings: No changes found during synchronizing settings.
2024-11-14 00:51:07.632 [info] Keybindings: No changes found during synchronizing keybindings.
2024-11-14 00:51:07.634 [info] Snippets: No changes found during synchronizing snippets.
2024-11-14 00:51:07.636 [info] Tasks: No changes found during synchronizing tasks.
2024-11-14 00:51:07.639 [info] GlobalState: No changes found during synchronizing ui state.
2024-11-14 00:51:07.686 [info] Extensions: No changes found during synchronizing extensions.
2024-11-14 00:51:07.687 [info] Profiles: No changes found during synchronizing profiles.
2024-11-14 00:51:07.687 [info] Sync done. Took 377ms
2024-11-14 00:56:07.699 [info] Auto Sync: Triggered by Interval
2024-11-14 00:56:07.699 [info] Sync started.
2024-11-14 00:56:08.001 [info] Settings: No changes found during synchronizing settings.
2024-11-14 00:56:08.003 [info] Keybindings: No changes found during synchronizing keybindings.
2024-11-14 00:56:08.005 [info] Snippets: No changes found during synchronizing snippets.
2024-11-14 00:56:08.007 [info] Tasks: No changes found during synchronizing tasks.
2024-11-14 00:56:08.009 [info] GlobalState: No changes found during synchronizing ui state.
2024-11-14 00:56:08.043 [info] Extensions: No changes found during synchronizing extensions.
2024-11-14 00:56:08.044 [info] Profiles: No changes found during synchronizing profiles.
2024-11-14 00:56:08.044 [info] Sync done. Took 347ms
2024-11-14 01:00:32.582 [info] Auto Sync: Triggered by Activity
2024-11-14 01:00:32.583 [info] Sync started.
2024-11-14 01:00:32.859 [info] Settings: No changes found during synchronizing settings.
2024-11-14 01:00:32.862 [info] Keybindings: No changes found during synchronizing keybindings.
2024-11-14 01:00:32.864 [info] Snippets: No changes found during synchronizing snippets.
2024-11-14 01:00:32.866 [info] Tasks: No changes found during synchronizing tasks.
2024-11-14 01:00:32.868 [info] GlobalState: No changes found during synchronizing ui state.
2024-11-14 01:00:32.920 [info] Extensions: No changes found during synchronizing extensions.
2024-11-14 01:00:32.921 [info] Profiles: No changes found during synchronizing profiles.
2024-11-14 01:00:32.922 [info] Sync done. Took 342ms
2024-11-14 01:02:34.995 [info] Auto Sync: Triggered by Activity
2024-11-14 01:02:34.996 [info] Sync started.
2024-11-14 01:02:35.096 [info] Settings: No changes found during synchronizing settings.
2024-11-14 01:02:35.099 [info] Keybindings: No changes found during synchronizing keybindings.
2024-11-14 01:02:35.100 [info] Snippets: No changes found during synchronizing snippets.
2024-11-14 01:02:35.102 [info] Tasks: No changes found during synchronizing tasks.
2024-11-14 01:02:35.105 [info] GlobalState: No changes found during synchronizing ui state.
2024-11-14 01:02:35.154 [info] Extensions: No changes found during synchronizing extensions.
2024-11-14 01:02:35.155 [info] Profiles: No changes found during synchronizing profiles.
2024-11-14 01:02:35.157 [info] Sync done. Took 164ms
2024-11-14 01:03:33.727 [info] Auto Sync: Triggered by Activity
2024-11-14 01:03:33.727 [info] Sync started.
2024-11-14 01:03:34.071 [info] Settings: No changes found during synchronizing settings.
2024-11-14 01:03:34.073 [info] Keybindings: No changes found during synchronizing keybindings.
2024-11-14 01:03:34.075 [info] Snippets: No changes found during synchronizing snippets.
2024-11-14 01:03:34.077 [info] Tasks: No changes found during synchronizing tasks.
2024-11-14 01:03:34.080 [info] GlobalState: No changes found during synchronizing ui state.
2024-11-14 01:03:34.134 [info] Extensions: No changes found during synchronizing extensions.
2024-11-14 01:03:34.134 [info] Profiles: No changes found during synchronizing profiles.
2024-11-14 01:03:34.135 [info] Sync done. Took 411ms
2024-11-14 01:04:26.663 [info] Auto Sync: Triggered by Activity
2024-11-14 01:04:26.664 [info] Sync started.
2024-11-14 01:04:26.732 [info] Settings: No changes found during synchronizing settings.
2024-11-14 01:04:26.735 [info] Keybindings: No changes found during synchronizing keybindings.
2024-11-14 01:04:26.737 [info] Snippets: No changes found during synchronizing snippets.
2024-11-14 01:04:26.740 [info] Tasks: No changes found during synchronizing tasks.
2024-11-14 01:04:26.743 [info] GlobalState: No changes found during synchronizing ui state.
2024-11-14 01:04:26.782 [info] Extensions: No changes found during synchronizing extensions.
2024-11-14 01:04:26.783 [info] Profiles: No changes found during synchronizing profiles.
2024-11-14 01:04:26.784 [info] Sync done. Took 123ms
