2024-11-14 01:24:47.042 [info] Using settings sync service https://vscode-sync.trafficmanager.net/
2024-11-14 01:24:47.042 [info] Auto Sync is enabled.
2024-11-14 01:24:47.042 [info] Auto Sync: Suspended until auth token is available.
2024-11-14 01:24:48.290 [info] Auto Sync: Triggered by Interval
2024-11-14 01:24:48.291 [info] Sync started.
2024-11-14 01:24:48.409 [info] Request failed https://vscode-sync.trafficmanager.net/v1/manifest
2024-11-14 01:24:48.409 [error] RequestFailed (UserDataSyncError) syncResource:unknown operationId:unknown: Connection refused for the request 'https://vscode-sync.trafficmanager.net/v1/manifest'.
    at kh.D (file:///opt/visual-studio-code/resources/app/out/vs/code/electron-utility/sharedProcess/sharedProcessMain.js:98:22115)
    at async kh.manifest (file:///opt/visual-studio-code/resources/app/out/vs/code/electron-utility/sharedProcess/sharedProcessMain.js:98:19962)
    at async eu.createSyncTask (file:///opt/visual-studio-code/resources/app/out/vs/code/electron-utility/sharedProcess/sharedProcessMain.js:98:121454)
    at async Xu.I (file:///opt/visual-studio-code/resources/app/out/vs/code/electron-utility/sharedProcess/sharedProcessMain.js:105:9288)
    at async Xu.H (file:///opt/visual-studio-code/resources/app/out/vs/code/electron-utility/sharedProcess/sharedProcessMain.js:105:8932)
2024-11-14 01:24:48.409 [error] RequestFailed (UserDataSyncError) syncResource:unknown operationId:unknown: Connection refused for the request 'https://vscode-sync.trafficmanager.net/v1/manifest'.
    at kh.D (file:///opt/visual-studio-code/resources/app/out/vs/code/electron-utility/sharedProcess/sharedProcessMain.js:98:22115)
    at async kh.manifest (file:///opt/visual-studio-code/resources/app/out/vs/code/electron-utility/sharedProcess/sharedProcessMain.js:98:19962)
    at async eu.createSyncTask (file:///opt/visual-studio-code/resources/app/out/vs/code/electron-utility/sharedProcess/sharedProcessMain.js:98:121454)
    at async Xu.I (file:///opt/visual-studio-code/resources/app/out/vs/code/electron-utility/sharedProcess/sharedProcessMain.js:105:9288)
    at async Xu.H (file:///opt/visual-studio-code/resources/app/out/vs/code/electron-utility/sharedProcess/sharedProcessMain.js:105:8932)
2024-11-14 01:29:48.415 [info] Auto Sync: Triggered by Interval
2024-11-14 01:29:48.415 [info] Sync started.
2024-11-14 01:29:48.524 [info] Request failed https://vscode-sync.trafficmanager.net/v1/manifest
2024-11-14 01:29:48.524 [error] RequestFailed (UserDataSyncError) syncResource:unknown operationId:unknown: Connection refused for the request 'https://vscode-sync.trafficmanager.net/v1/manifest'.
    at kh.D (file:///opt/visual-studio-code/resources/app/out/vs/code/electron-utility/sharedProcess/sharedProcessMain.js:98:22115)
    at async kh.manifest (file:///opt/visual-studio-code/resources/app/out/vs/code/electron-utility/sharedProcess/sharedProcessMain.js:98:19962)
    at async eu.createSyncTask (file:///opt/visual-studio-code/resources/app/out/vs/code/electron-utility/sharedProcess/sharedProcessMain.js:98:121454)
    at async Xu.I (file:///opt/visual-studio-code/resources/app/out/vs/code/electron-utility/sharedProcess/sharedProcessMain.js:105:9288)
    at async Xu.H (file:///opt/visual-studio-code/resources/app/out/vs/code/electron-utility/sharedProcess/sharedProcessMain.js:105:8932)
2024-11-14 01:29:48.525 [error] RequestFailed (UserDataSyncError) syncResource:unknown operationId:unknown: Connection refused for the request 'https://vscode-sync.trafficmanager.net/v1/manifest'.
    at kh.D (file:///opt/visual-studio-code/resources/app/out/vs/code/electron-utility/sharedProcess/sharedProcessMain.js:98:22115)
    at async kh.manifest (file:///opt/visual-studio-code/resources/app/out/vs/code/electron-utility/sharedProcess/sharedProcessMain.js:98:19962)
    at async eu.createSyncTask (file:///opt/visual-studio-code/resources/app/out/vs/code/electron-utility/sharedProcess/sharedProcessMain.js:98:121454)
    at async Xu.I (file:///opt/visual-studio-code/resources/app/out/vs/code/electron-utility/sharedProcess/sharedProcessMain.js:105:9288)
    at async Xu.H (file:///opt/visual-studio-code/resources/app/out/vs/code/electron-utility/sharedProcess/sharedProcessMain.js:105:8932)
2024-11-14 01:34:48.528 [info] Auto Sync: Triggered by Interval
2024-11-14 01:34:48.529 [info] Sync started.
2024-11-14 01:34:48.631 [info] Request failed https://vscode-sync.trafficmanager.net/v1/manifest
2024-11-14 01:34:48.631 [error] RequestFailed (UserDataSyncError) syncResource:unknown operationId:unknown: Connection refused for the request 'https://vscode-sync.trafficmanager.net/v1/manifest'.
    at kh.D (file:///opt/visual-studio-code/resources/app/out/vs/code/electron-utility/sharedProcess/sharedProcessMain.js:98:22115)
    at async kh.manifest (file:///opt/visual-studio-code/resources/app/out/vs/code/electron-utility/sharedProcess/sharedProcessMain.js:98:19962)
    at async eu.createSyncTask (file:///opt/visual-studio-code/resources/app/out/vs/code/electron-utility/sharedProcess/sharedProcessMain.js:98:121454)
    at async Xu.I (file:///opt/visual-studio-code/resources/app/out/vs/code/electron-utility/sharedProcess/sharedProcessMain.js:105:9288)
    at async Xu.H (file:///opt/visual-studio-code/resources/app/out/vs/code/electron-utility/sharedProcess/sharedProcessMain.js:105:8932)
2024-11-14 01:34:48.632 [error] RequestFailed (UserDataSyncError) syncResource:unknown operationId:unknown: Connection refused for the request 'https://vscode-sync.trafficmanager.net/v1/manifest'.
    at kh.D (file:///opt/visual-studio-code/resources/app/out/vs/code/electron-utility/sharedProcess/sharedProcessMain.js:98:22115)
    at async kh.manifest (file:///opt/visual-studio-code/resources/app/out/vs/code/electron-utility/sharedProcess/sharedProcessMain.js:98:19962)
    at async eu.createSyncTask (file:///opt/visual-studio-code/resources/app/out/vs/code/electron-utility/sharedProcess/sharedProcessMain.js:98:121454)
    at async Xu.I (file:///opt/visual-studio-code/resources/app/out/vs/code/electron-utility/sharedProcess/sharedProcessMain.js:105:9288)
    at async Xu.H (file:///opt/visual-studio-code/resources/app/out/vs/code/electron-utility/sharedProcess/sharedProcessMain.js:105:8932)
2024-11-14 01:39:48.635 [info] Auto Sync: Triggered by Interval
2024-11-14 01:39:48.635 [info] Sync started.
2024-11-14 01:39:49.153 [info] Settings: No changes found during synchronizing settings.
2024-11-14 01:39:49.160 [info] Keybindings: No changes found during synchronizing keybindings.
2024-11-14 01:39:49.162 [info] Snippets: No changes found during synchronizing snippets.
2024-11-14 01:39:49.164 [info] Tasks: No changes found during synchronizing tasks.
2024-11-14 01:39:49.168 [info] GlobalState: No changes found during synchronizing ui state.
2024-11-14 01:39:49.228 [info] Extensions: No changes found during synchronizing extensions.
2024-11-14 01:39:49.234 [info] Profiles: No changes found during synchronizing profiles.
2024-11-14 01:39:49.235 [info] Sync done. Took 602ms
