2024-11-13 18:29:20.040 [info] Reading sessions from keychain...
2024-11-13 18:29:20.040 [info] Getting sessions for all scopes...
2024-11-13 18:29:20.040 [info] Getting sessions for all scopes...
2024-11-13 18:29:20.040 [info] Got stored sessions!
2024-11-13 18:29:20.040 [info] Got 1 verified sessions.
2024-11-13 18:29:20.040 [info] Got 1 sessions for ...
2024-11-13 18:29:20.040 [info] Got 1 sessions for ...
2024-11-13 18:29:20.040 [info] Getting sessions for read:user,repo,user:email,workflow...
2024-11-13 18:29:20.040 [info] Got 0 sessions for read:user,repo,user:email,workflow...
2024-11-13 18:29:22.861 [info] Getting sessions for read:user,repo,user:email...
2024-11-13 18:29:22.861 [info] Got 0 sessions for read:user,repo,user:email...
2024-11-13 18:29:22.861 [info] Getting sessions for read:user,repo,user:email,workflow...
2024-11-13 18:29:22.861 [info] Got 0 sessions for read:user,repo,user:email,workflow...
2024-11-13 18:29:22.861 [info] Getting sessions for all scopes...
2024-11-13 18:29:22.861 [info] Got 1 sessions for ...
2024-11-13 18:29:22.861 [info] Getting sessions for all scopes...
2024-11-13 18:29:22.861 [info] Got 1 sessions for ...
2024-11-13 18:29:22.917 [info] Getting sessions for read:user...
2024-11-13 18:29:22.917 [info] Got 0 sessions for read:user...
2024-11-13 18:29:22.917 [info] Getting sessions for read:user,repo,user:email,workflow...
2024-11-13 18:29:22.917 [info] Got 0 sessions for read:user,repo,user:email,workflow...
2024-11-13 18:29:23.166 [info] Getting sessions for user:email...
2024-11-13 18:29:23.167 [info] Got 1 sessions for user:email...
2024-11-13 18:29:23.167 [info] Getting sessions for user:email...
2024-11-13 18:29:23.167 [info] Got 1 sessions for user:email...
2024-11-13 18:29:23.259 [info] Getting sessions for all scopes...
2024-11-13 18:29:23.259 [info] Got 1 sessions for ...
2024-11-13 18:29:23.259 [info] Getting sessions for all scopes...
2024-11-13 18:29:23.259 [info] Got 1 sessions for ...
2024-11-13 18:29:23.292 [info] Getting sessions for read:user,repo,user:email,workflow...
2024-11-13 18:29:23.293 [info] Got 0 sessions for read:user,repo,user:email,workflow...
2024-11-13 18:29:24.106 [info] Getting sessions for user:email...
2024-11-13 18:29:24.106 [info] Got 1 sessions for user:email...
2024-11-13 18:29:24.106 [info] Getting sessions for read:user,repo,user:email,workflow...
2024-11-13 18:29:24.106 [info] Got 0 sessions for read:user,repo,user:email,workflow...
2024-11-13 18:29:24.888 [info] Getting sessions for all scopes...
2024-11-13 18:29:24.888 [info] Got 1 sessions for ...
2024-11-13 18:29:24.888 [info] Getting sessions for all scopes...
2024-11-13 18:29:24.888 [info] Got 1 sessions for ...
2024-11-13 18:29:24.897 [info] Getting sessions for read:user,repo,user:email,workflow...
2024-11-13 18:29:24.897 [info] Got 0 sessions for read:user,repo,user:email,workflow...
2024-11-13 18:29:24.898 [info] Getting sessions for user:email...
2024-11-13 18:29:24.898 [info] Got 1 sessions for user:email...
2024-11-13 18:29:24.901 [info] Getting sessions for all scopes...
2024-11-13 18:29:24.901 [info] Got 1 sessions for ...
2024-11-13 18:29:24.902 [info] Getting sessions for read:user,repo,user:email,workflow...
2024-11-13 18:29:24.902 [info] Got 0 sessions for read:user,repo,user:email,workflow...
2024-11-13 18:29:24.903 [info] Getting sessions for user:email...
2024-11-13 18:29:24.903 [info] Got 1 sessions for user:email...
2024-11-13 18:29:24.938 [info] Getting sessions for all scopes...
2024-11-13 18:29:24.938 [info] Got 1 sessions for ...
2024-11-13 18:29:24.938 [info] Getting sessions for read:user,repo,user:email,workflow...
2024-11-13 18:29:24.938 [info] Got 0 sessions for read:user,repo,user:email,workflow...
2024-11-13 18:29:24.939 [info] Getting sessions for user:email...
2024-11-13 18:29:24.939 [info] Got 1 sessions for user:email...
2024-11-13 18:29:27.238 [info] Getting sessions for all scopes...
2024-11-13 18:29:27.238 [info] Got 1 sessions for ...
2024-11-13 18:29:27.313 [info] Getting sessions for user:email...
2024-11-13 18:29:27.313 [info] Got 1 sessions for user:email...
2024-11-13 18:29:27.704 [info] Getting sessions for all scopes...
2024-11-13 18:29:27.704 [info] Got 1 sessions for ...
