2024-11-18 12:47:48.795 [info] [main] Log level: Info
2024-11-18 12:47:48.795 [info] [main] Validating found git in: "git"
2024-11-18 12:47:48.795 [info] [main] Using git "2.47.0" from "git"
2024-11-18 12:47:48.795 [info] [Model][doInitialScan] Initial repository scan started
2024-11-18 12:47:48.795 [info] > git rev-parse --show-toplevel [14ms]
2024-11-18 12:47:48.795 [info] fatal: not a git repository (or any of the parent directories): .git
2024-11-18 12:47:48.795 [info] > git rev-parse --show-toplevel [2ms]
2024-11-18 12:47:48.795 [info] fatal: not a git repository (or any of the parent directories): .git
2024-11-18 12:47:49.432 [info] > git rev-parse --show-toplevel [18ms]
2024-11-18 12:47:49.432 [info] fatal: not a git repository (or any of the parent directories): .git
2024-11-18 12:47:49.519 [info] > git rev-parse --show-toplevel [3ms]
2024-11-18 12:47:49.519 [info] fatal: not a git repository (or any of the parent directories): .git
2024-11-18 12:47:49.529 [info] > git rev-parse --show-toplevel [5ms]
2024-11-18 12:47:49.529 [info] fatal: not a git repository (or any of the parent directories): .git
2024-11-18 12:47:49.554 [info] > git rev-parse --show-toplevel [19ms]
2024-11-18 12:47:49.554 [info] fatal: not a git repository (or any of the parent directories): .git
2024-11-18 12:47:49.566 [info] > git rev-parse --show-toplevel [6ms]
2024-11-18 12:47:49.566 [info] fatal: not a git repository (or any of the parent directories): .git
2024-11-18 12:47:49.575 [info] > git rev-parse --show-toplevel [4ms]
2024-11-18 12:47:49.575 [info] fatal: not a git repository (or any of the parent directories): .git
2024-11-18 12:47:49.680 [info] > git rev-parse --show-toplevel [72ms]
2024-11-18 12:47:49.680 [info] fatal: not a git repository (or any of the parent directories): .git
2024-11-18 12:47:49.711 [info] > git rev-parse --show-toplevel [24ms]
2024-11-18 12:47:49.782 [info] > git rev-parse --show-toplevel [32ms]
2024-11-18 12:47:49.782 [info] fatal: not a git repository (or any of the parent directories): .git
2024-11-18 12:47:49.874 [info] > git rev-parse --show-toplevel [85ms]
2024-11-18 12:47:49.874 [info] fatal: not a git repository (or any of the parent directories): .git
2024-11-18 12:47:49.889 [info] > git rev-parse --show-toplevel [10ms]
2024-11-18 12:47:49.889 [info] fatal: not a git repository (or any of the parent directories): .git
2024-11-18 12:47:49.895 [info] > git rev-parse --show-toplevel [2ms]
2024-11-18 12:47:49.895 [info] fatal: not a git repository (or any of the parent directories): .git
2024-11-18 12:47:49.997 [info] > git rev-parse --show-toplevel [82ms]
2024-11-18 12:47:49.997 [info] fatal: not a git repository (or any of the parent directories): .git
2024-11-18 12:47:50.006 [info] > git rev-parse --show-toplevel [4ms]
2024-11-18 12:47:50.006 [info] fatal: not a git repository (or any of the parent directories): .git
2024-11-18 12:47:50.011 [info] > git rev-parse --show-toplevel [0ms]
2024-11-18 12:47:50.012 [info] fatal: not a git repository (or any of the parent directories): .git
2024-11-18 12:47:50.061 [info] > git rev-parse --show-toplevel [44ms]
2024-11-18 12:47:50.061 [info] fatal: not a git repository (or any of the parent directories): .git
2024-11-18 12:47:50.089 [info] > git rev-parse --show-toplevel [23ms]
2024-11-18 12:47:50.089 [info] fatal: not a git repository (or any of the parent directories): .git
2024-11-18 12:47:50.095 [info] > git rev-parse --show-toplevel [1ms]
2024-11-18 12:47:50.095 [info] fatal: not a git repository (or any of the parent directories): .git
2024-11-18 12:47:50.104 [info] > git rev-parse --show-toplevel [4ms]
2024-11-18 12:47:50.104 [info] fatal: not a git repository (or any of the parent directories): .git
2024-11-18 12:47:50.137 [info] > git rev-parse --show-toplevel [28ms]
2024-11-18 12:47:50.145 [info] > git rev-parse --show-toplevel [2ms]
2024-11-18 12:47:50.145 [info] fatal: not a git repository (or any of the parent directories): .git
2024-11-18 12:47:50.147 [info] [Model][doInitialScan] Initial repository scan completed - repositories (0), closed repositories (2), parent repositories (0), unsafe repositories (0)
2024-11-18 12:47:53.807 [info] > git rev-parse --show-toplevel [13ms]
2024-11-18 12:47:53.931 [info] > git rev-parse --show-toplevel [19ms]
2024-11-18 12:47:53.978 [info] > git rev-parse --show-toplevel [2ms]
2024-11-18 12:47:54.006 [info] > git rev-parse --show-toplevel [4ms]
2024-11-18 12:49:10.189 [info] > git rev-parse --show-toplevel [2ms]
2024-11-18 12:49:10.189 [info] fatal: not a git repository (or any of the parent directories): .git
2024-11-18 12:49:31.590 [info] > git rev-parse --show-toplevel [4ms]
2024-11-18 12:49:31.590 [info] fatal: not a git repository (or any of the parent directories): .git
2024-11-18 12:49:34.972 [info] > git rev-parse --show-toplevel [3ms]
2024-11-18 12:49:34.972 [info] fatal: not a git repository (or any of the parent directories): .git
2024-11-18 12:49:37.688 [info] > git rev-parse --show-toplevel [2ms]
2024-11-18 12:49:37.688 [info] fatal: not a git repository (or any of the parent directories): .git
2024-11-18 12:49:38.658 [info] > git rev-parse --show-toplevel [4ms]
2024-11-18 12:49:38.658 [info] fatal: not a git repository (or any of the parent directories): .git
2024-11-18 12:56:32.398 [info] > git rev-parse --show-toplevel [1ms]
2024-11-18 12:56:32.409 [info] > git rev-parse --git-dir --git-common-dir [1ms]
2024-11-18 12:56:32.426 [info] [Model][openRepository] Opened repository: /home/fgress2/documents/Obsidian
2024-11-18 12:56:32.449 [info] > git config --get commit.template [12ms]
2024-11-18 12:56:32.450 [info] > git for-each-ref --format=%(refname)%00%(upstream:short)%00%(objectname)%00%(upstream:track)%00%(upstream:remotename)%00%(upstream:remoteref) refs/heads/main refs/remotes/main [2ms]
2024-11-18 12:56:32.488 [info] > git status -z -uall [26ms]
2024-11-18 12:56:32.488 [info] > git for-each-ref --sort -committerdate --format %(refname) %(objectname) %(*objectname) [16ms]
2024-11-18 12:56:32.516 [info] > git for-each-ref --format=%(refname)%00%(upstream:short)%00%(objectname)%00%(upstream:track)%00%(upstream:remotename)%00%(upstream:remoteref) refs/heads/main refs/remotes/main [12ms]
2024-11-18 12:56:32.527 [info] > git config --local branch.main.vscode-merge-base [1ms]
2024-11-18 12:56:32.527 [warning] [Git][config] git config failed: Failed to execute git
2024-11-18 12:56:32.537 [info] > git config --get commit.template [22ms]
2024-11-18 12:56:32.580 [info] > git reflog main --grep-reflog=branch: Created from *. [43ms]
2024-11-18 12:56:32.601 [info] > git symbolic-ref --short refs/remotes/origin/HEAD [11ms]
2024-11-18 12:56:32.601 [info] fatal: ref refs/remotes/origin/HEAD is not a symbolic ref
2024-11-18 12:56:32.601 [warning] [Repository][getDefaultBranch] Failed to get default branch details: Failed to execute git.
2024-11-18 12:56:32.613 [info] > git for-each-ref --format=%(refname)%00%(upstream:short)%00%(objectname)%00%(upstream:track)%00%(upstream:remotename)%00%(upstream:remoteref) refs/heads/main refs/remotes/main [66ms]
2024-11-18 12:56:32.613 [info] > git merge-base refs/heads/main refs/remotes/origin/main [2ms]
2024-11-18 12:56:32.623 [info] > git diff --name-status -z --diff-filter=ADMR a1c7628cbb726e319903571b075265ac3dd0800f...refs/remotes/origin/main [1ms]
2024-11-18 12:56:32.644 [info] > git status -z -uall [10ms]
2024-11-18 12:56:32.646 [info] > git for-each-ref --sort -committerdate --format %(refname) %(objectname) %(*objectname) [2ms]
2024-11-18 12:56:32.991 [info] > git check-ignore -v -z --stdin [1ms]
2024-11-18 12:56:33.858 [info] > git fetch [1433ms]
2024-11-18 12:56:33.876 [info] > git config --get commit.template [1ms]
2024-11-18 12:56:33.889 [info] > git for-each-ref --format=%(refname)%00%(upstream:short)%00%(objectname)%00%(upstream:track)%00%(upstream:remotename)%00%(upstream:remoteref) refs/heads/main refs/remotes/main [1ms]
2024-11-18 12:56:33.910 [info] > git status -z -uall [11ms]
2024-11-18 12:56:33.911 [info] > git for-each-ref --sort -committerdate --format %(refname) %(objectname) %(*objectname) [1ms]
2024-11-18 12:59:35.337 [info] > git fetch [1403ms]
2024-11-18 12:59:35.365 [info] > git config --get commit.template [12ms]
2024-11-18 12:59:35.366 [info] > git for-each-ref --format=%(refname)%00%(upstream:short)%00%(objectname)%00%(upstream:track)%00%(upstream:remotename)%00%(upstream:remoteref) refs/heads/main refs/remotes/main [0ms]
2024-11-18 12:59:35.387 [info] > git status -z -uall [10ms]
2024-11-18 12:59:35.387 [info] > git for-each-ref --sort -committerdate --format %(refname) %(objectname) %(*objectname) [1ms]
2024-11-18 13:02:36.773 [info] > git fetch [1370ms]
2024-11-18 13:02:36.789 [info] > git config --get commit.template [0ms]
2024-11-18 13:02:36.802 [info] > git for-each-ref --format=%(refname)%00%(upstream:short)%00%(objectname)%00%(upstream:track)%00%(upstream:remotename)%00%(upstream:remoteref) refs/heads/main refs/remotes/main [1ms]
2024-11-18 13:02:36.821 [info] > git status -z -uall [10ms]
2024-11-18 13:02:36.822 [info] > git for-each-ref --sort -committerdate --format %(refname) %(objectname) %(*objectname) [1ms]
2024-11-18 13:05:38.292 [info] > git fetch [1447ms]
2024-11-18 13:05:38.320 [info] > git config --get commit.template [12ms]
2024-11-18 13:05:38.321 [info] > git for-each-ref --format=%(refname)%00%(upstream:short)%00%(objectname)%00%(upstream:track)%00%(upstream:remotename)%00%(upstream:remoteref) refs/heads/main refs/remotes/main [2ms]
2024-11-18 13:05:38.343 [info] > git status -z -uall [12ms]
2024-11-18 13:05:38.344 [info] > git for-each-ref --sort -committerdate --format %(refname) %(objectname) %(*objectname) [1ms]
2024-11-18 13:06:32.924 [info] > git config --get commit.template [11ms]
2024-11-18 13:06:32.925 [info] > git for-each-ref --format=%(refname)%00%(upstream:short)%00%(objectname)%00%(upstream:track)%00%(upstream:remotename)%00%(upstream:remoteref) refs/heads/main refs/remotes/main [1ms]
2024-11-18 13:06:32.946 [info] > git status -z -uall [10ms]
2024-11-18 13:06:32.947 [info] > git for-each-ref --sort -committerdate --format %(refname) %(objectname) %(*objectname) [1ms]
2024-11-18 13:06:37.977 [info] > git config --get commit.template [11ms]
2024-11-18 13:06:37.978 [info] > git for-each-ref --format=%(refname)%00%(upstream:short)%00%(objectname)%00%(upstream:track)%00%(upstream:remotename)%00%(upstream:remoteref) refs/heads/main refs/remotes/main [1ms]
2024-11-18 13:06:37.999 [info] > git status -z -uall [11ms]
2024-11-18 13:06:38.000 [info] > git for-each-ref --sort -committerdate --format %(refname) %(objectname) %(*objectname) [2ms]
2024-11-18 13:08:39.862 [info] > git fetch [1494ms]
2024-11-18 13:08:39.889 [info] > git config --get commit.template [12ms]
2024-11-18 13:08:39.890 [info] > git for-each-ref --format=%(refname)%00%(upstream:short)%00%(objectname)%00%(upstream:track)%00%(upstream:remotename)%00%(upstream:remoteref) refs/heads/main refs/remotes/main [1ms]
2024-11-18 13:08:39.915 [info] > git status -z -uall [12ms]
2024-11-18 13:08:39.916 [info] > git for-each-ref --sort -committerdate --format %(refname) %(objectname) %(*objectname) [1ms]
2024-11-18 13:11:43.390 [info] > git fetch [1643ms]
2024-11-18 13:11:43.403 [info] > git config --get commit.template [1ms]
2024-11-18 13:11:43.413 [info] > git for-each-ref --format=%(refname)%00%(upstream:short)%00%(objectname)%00%(upstream:track)%00%(upstream:remotename)%00%(upstream:remoteref) refs/heads/main refs/remotes/main [1ms]
2024-11-18 13:11:43.435 [info] > git status -z -uall [11ms]
2024-11-18 13:11:43.435 [info] > git for-each-ref --sort -committerdate --format %(refname) %(objectname) %(*objectname) [1ms]
2024-11-18 13:16:12.241 [info] > git fetch [1510ms]
2024-11-18 13:16:12.258 [info] > git config --get commit.template [1ms]
2024-11-18 13:16:12.270 [info] > git for-each-ref --format=%(refname)%00%(upstream:short)%00%(objectname)%00%(upstream:track)%00%(upstream:remotename)%00%(upstream:remoteref) refs/heads/main refs/remotes/main [1ms]
2024-11-18 13:16:12.293 [info] > git status -z -uall [12ms]
2024-11-18 13:16:12.294 [info] > git for-each-ref --sort -committerdate --format %(refname) %(objectname) %(*objectname) [1ms]
2024-11-18 13:16:32.916 [info] > git config --get commit.template [11ms]
2024-11-18 13:16:32.916 [info] > git for-each-ref --format=%(refname)%00%(upstream:short)%00%(objectname)%00%(upstream:track)%00%(upstream:remotename)%00%(upstream:remoteref) refs/heads/main refs/remotes/main [1ms]
2024-11-18 13:16:32.940 [info] > git status -z -uall [13ms]
2024-11-18 13:16:32.941 [info] > git for-each-ref --sort -committerdate --format %(refname) %(objectname) %(*objectname) [1ms]
2024-11-18 13:16:37.973 [info] > git config --get commit.template [12ms]
2024-11-18 13:16:37.974 [info] > git for-each-ref --format=%(refname)%00%(upstream:short)%00%(objectname)%00%(upstream:track)%00%(upstream:remotename)%00%(upstream:remoteref) refs/heads/main refs/remotes/main [1ms]
2024-11-18 13:16:37.995 [info] > git status -z -uall [11ms]
2024-11-18 13:16:37.996 [info] > git for-each-ref --sort -committerdate --format %(refname) %(objectname) %(*objectname) [1ms]
2024-11-18 13:19:13.760 [info] > git fetch [1443ms]
2024-11-18 13:19:13.774 [info] > git config --get commit.template [1ms]
2024-11-18 13:19:13.786 [info] > git for-each-ref --format=%(refname)%00%(upstream:short)%00%(objectname)%00%(upstream:track)%00%(upstream:remotename)%00%(upstream:remoteref) refs/heads/main refs/remotes/main [0ms]
2024-11-18 13:19:13.810 [info] > git status -z -uall [12ms]
2024-11-18 13:19:13.810 [info] > git for-each-ref --sort -committerdate --format %(refname) %(objectname) %(*objectname) [1ms]
2024-11-18 13:24:57.519 [info] > git fetch [1651ms]
2024-11-18 13:24:57.547 [info] > git config --get commit.template [13ms]
2024-11-18 13:24:57.548 [info] > git for-each-ref --format=%(refname)%00%(upstream:short)%00%(objectname)%00%(upstream:track)%00%(upstream:remotename)%00%(upstream:remoteref) refs/heads/main refs/remotes/main [1ms]
2024-11-18 13:24:57.569 [info] > git status -z -uall [10ms]
2024-11-18 13:24:57.570 [info] > git for-each-ref --sort -committerdate --format %(refname) %(objectname) %(*objectname) [1ms]
2024-11-18 13:26:43.007 [info] > git config --get commit.template [12ms]
2024-11-18 13:26:43.008 [info] > git for-each-ref --format=%(refname)%00%(upstream:short)%00%(objectname)%00%(upstream:track)%00%(upstream:remotename)%00%(upstream:remoteref) refs/heads/main refs/remotes/main [1ms]
2024-11-18 13:26:43.030 [info] > git status -z -uall [10ms]
2024-11-18 13:26:43.031 [info] > git for-each-ref --sort -committerdate --format %(refname) %(objectname) %(*objectname) [1ms]
2024-11-18 13:27:21.720 [info] > git config --get commit.template [12ms]
2024-11-18 13:27:21.720 [info] > git for-each-ref --format=%(refname)%00%(upstream:short)%00%(objectname)%00%(upstream:track)%00%(upstream:remotename)%00%(upstream:remoteref) refs/heads/main refs/remotes/main [1ms]
2024-11-18 13:27:21.745 [info] > git status -z -uall [12ms]
2024-11-18 13:27:21.745 [info] > git for-each-ref --sort -committerdate --format %(refname) %(objectname) %(*objectname) [1ms]
2024-11-18 13:27:21.761 [info] > git merge-base refs/heads/main refs/remotes/origin/main [1ms]
2024-11-18 13:27:21.775 [info] > git diff --name-status -z --diff-filter=ADMR 08f893d99f9046f39e4ba5ba51829a900263e91b...refs/remotes/origin/main [1ms]
2024-11-18 13:27:26.793 [info] > git config --get commit.template [12ms]
2024-11-18 13:27:26.793 [info] > git for-each-ref --format=%(refname)%00%(upstream:short)%00%(objectname)%00%(upstream:track)%00%(upstream:remotename)%00%(upstream:remoteref) refs/heads/main refs/remotes/main [1ms]
2024-11-18 13:27:26.815 [info] > git status -z -uall [11ms]
2024-11-18 13:27:26.816 [info] > git for-each-ref --sort -committerdate --format %(refname) %(objectname) %(*objectname) [1ms]
2024-11-18 13:27:57.103 [info] > git rev-parse --show-toplevel [1ms]
2024-11-18 13:27:58.094 [info] > git rev-parse --show-toplevel [1ms]
2024-11-18 13:28:27.331 [info] > git fetch [1593ms]
2024-11-18 13:28:27.344 [info] > git config --get commit.template [1ms]
2024-11-18 13:28:27.357 [info] > git for-each-ref --format=%(refname)%00%(upstream:short)%00%(objectname)%00%(upstream:track)%00%(upstream:remotename)%00%(upstream:remoteref) refs/heads/main refs/remotes/main [1ms]
2024-11-18 13:28:27.381 [info] > git status -z -uall [14ms]
2024-11-18 13:28:27.381 [info] > git for-each-ref --sort -committerdate --format %(refname) %(objectname) %(*objectname) [1ms]
2024-11-18 13:36:54.621 [info] > git rev-parse --show-toplevel [2ms]
2024-11-18 13:36:54.633 [info] > git rev-parse --git-dir --git-common-dir [1ms]
2024-11-18 13:36:54.637 [info] [Model][openRepository] Opened repository: /home/fgress2/.cache/yay/yay
2024-11-18 13:36:54.649 [info] > git config --get commit.template [1ms]
2024-11-18 13:36:54.660 [info] > git for-each-ref --format=%(refname)%00%(upstream:short)%00%(objectname)%00%(upstream:track)%00%(upstream:remotename)%00%(upstream:remoteref) refs/heads/master refs/remotes/master [1ms]
2024-11-18 13:36:54.670 [warning] [Git][revParse] Unable to read file: ENOENT: no such file or directory, open '/home/fgress2/.cache/yay/yay/.git/refs/remotes/origin/master'
2024-11-18 13:36:54.672 [info] > git rev-parse refs/remotes/origin/master [2ms]
2024-11-18 13:36:54.691 [info] > git status -z -uall [10ms]
2024-11-18 13:36:54.703 [info] > git for-each-ref --sort -committerdate --format %(refname) %(objectname) %(*objectname) [12ms]
2024-11-18 13:36:54.725 [info] > git for-each-ref --format=%(refname)%00%(upstream:short)%00%(objectname)%00%(upstream:track)%00%(upstream:remotename)%00%(upstream:remoteref) refs/heads/master refs/remotes/master [11ms]
2024-11-18 13:36:54.736 [info] > git config --get commit.template [11ms]
2024-11-18 13:36:54.738 [info] > git config --local branch.master.vscode-merge-base [3ms]
2024-11-18 13:36:54.738 [warning] [Git][config] git config failed: Failed to execute git
2024-11-18 13:36:54.757 [info] > git reflog master --grep-reflog=branch: Created from *. [9ms]
2024-11-18 13:36:54.794 [info] > git for-each-ref --format=%(refname)%00%(upstream:short)%00%(objectname)%00%(upstream:track)%00%(upstream:remotename)%00%(upstream:remoteref) refs/heads/master refs/remotes/master [38ms]
2024-11-18 13:36:54.814 [warning] [Git][revParse] Unable to read file: ENOENT: no such file or directory, open '/home/fgress2/.cache/yay/yay/.git/refs/remotes/origin/master'
2024-11-18 13:36:54.815 [info] > git symbolic-ref --short refs/remotes/origin/HEAD [50ms]
2024-11-18 13:36:54.825 [info] > git rev-parse refs/remotes/origin/master [11ms]
2024-11-18 13:36:54.843 [info] > git status -z -uall [9ms]
2024-11-18 13:36:54.843 [info] > git for-each-ref --sort -committerdate --format %(refname) %(objectname) %(*objectname) [1ms]
2024-11-18 13:36:54.856 [info] > git for-each-ref --format=%(refname)%00%(upstream:short)%00%(objectname)%00%(upstream:track)%00%(upstream:remotename)%00%(upstream:remoteref) refs/heads/origin/master refs/remotes/origin/master [32ms]
2024-11-18 13:36:54.868 [info] > git for-each-ref --format=%(refname)%00%(upstream:short)%00%(objectname)%00%(upstream:track)%00%(upstream:remotename)%00%(upstream:remoteref) refs/heads/master refs/remotes/master [13ms]
2024-11-18 13:36:54.879 [info] > git config --local branch.master.vscode-merge-base origin/master [12ms]
2024-11-18 13:36:54.889 [info] > git config --local branch.master.vscode-merge-base [11ms]
2024-11-18 13:36:54.899 [info] > git config --get commit.template [10ms]
2024-11-18 13:36:54.909 [info] > git for-each-ref --format=%(refname)%00%(upstream:short)%00%(objectname)%00%(upstream:track)%00%(upstream:remotename)%00%(upstream:remoteref) refs/heads/origin/master refs/remotes/origin/master [10ms]
2024-11-18 13:36:54.919 [info] > git for-each-ref --format=%(refname)%00%(upstream:short)%00%(objectname)%00%(upstream:track)%00%(upstream:remotename)%00%(upstream:remoteref) refs/heads/master refs/remotes/master [11ms]
2024-11-18 13:36:54.928 [warning] [Git][revParse] Unable to read file: ENOENT: no such file or directory, open '/home/fgress2/.cache/yay/yay/.git/refs/remotes/origin/master'
2024-11-18 13:36:54.929 [info] > git merge-base refs/heads/master refs/remotes/origin/master [11ms]
2024-11-18 13:36:54.939 [info] > git rev-parse refs/remotes/origin/master [11ms]
2024-11-18 13:36:54.957 [info] > git status -z -uall [10ms]
2024-11-18 13:36:54.957 [info] > git diff --name-status -z --diff-filter=ADMR 179b744dec6648ff7c7b051c692ba20c906f348e...refs/remotes/origin/master [19ms]
2024-11-18 13:36:54.958 [info] > git for-each-ref --sort -committerdate --format %(refname) %(objectname) %(*objectname) [1ms]
2024-11-18 13:36:55.208 [info] > git check-ignore -v -z --stdin [1ms]
2024-11-18 13:44:26.741 [info] > git rev-parse --show-toplevel [1ms]
2024-11-18 13:44:27.721 [info] > git rev-parse --show-toplevel [1ms]
2024-11-18 13:44:33.635 [info] > git config --get commit.template [12ms]
2024-11-18 13:44:33.635 [info] > git config --get commit.template [1ms]
2024-11-18 13:44:33.659 [info] > git for-each-ref --format=%(refname)%00%(upstream:short)%00%(objectname)%00%(upstream:track)%00%(upstream:remotename)%00%(upstream:remoteref) refs/heads/master refs/remotes/master [1ms]
2024-11-18 13:44:33.659 [info] > git for-each-ref --format=%(refname)%00%(upstream:short)%00%(objectname)%00%(upstream:track)%00%(upstream:remotename)%00%(upstream:remoteref) refs/heads/main refs/remotes/main [13ms]
2024-11-18 13:44:33.671 [warning] [Git][revParse] Unable to read file: ENOENT: no such file or directory, open '/home/fgress2/.cache/yay/yay/.git/refs/remotes/origin/master'
2024-11-18 13:44:33.671 [info] > git rev-parse refs/remotes/origin/master [1ms]
2024-11-18 13:44:33.694 [info] > git status -z -uall [12ms]
2024-11-18 13:44:33.695 [info] > git for-each-ref --sort -committerdate --format %(refname) %(objectname) %(*objectname) [1ms]
2024-11-18 13:44:33.723 [info] > git status -z -uall [12ms]
2024-11-18 13:44:33.724 [info] > git for-each-ref --sort -committerdate --format %(refname) %(objectname) %(*objectname) [2ms]
2024-11-18 13:44:33.740 [info] > git merge-base refs/heads/main refs/remotes/origin/main [3ms]
2024-11-18 13:44:33.754 [info] > git diff --name-status -z --diff-filter=ADMR 9743c05a440ef9993bedbd958958ab0f5fb78f7e...refs/remotes/origin/main [1ms]
2024-11-18 13:44:33.840 [info] > git fetch [232ms]
2024-11-18 13:44:33.858 [info] > git config --get commit.template [0ms]
2024-11-18 13:44:33.872 [info] > git for-each-ref --format=%(refname)%00%(upstream:short)%00%(objectname)%00%(upstream:track)%00%(upstream:remotename)%00%(upstream:remoteref) refs/heads/master refs/remotes/master [1ms]
2024-11-18 13:44:33.884 [warning] [Git][revParse] Unable to read file: ENOENT: no such file or directory, open '/home/fgress2/.cache/yay/yay/.git/refs/remotes/origin/master'
2024-11-18 13:44:33.885 [info] > git rev-parse refs/remotes/origin/master [1ms]
2024-11-18 13:44:33.906 [info] > git status -z -uall [12ms]
2024-11-18 13:44:33.907 [info] > git for-each-ref --sort -committerdate --format %(refname) %(objectname) %(*objectname) [2ms]
2024-11-18 13:44:35.094 [info] > git fetch [1503ms]
2024-11-18 13:44:35.122 [info] > git config --get commit.template [11ms]
2024-11-18 13:44:35.122 [info] > git for-each-ref --format=%(refname)%00%(upstream:short)%00%(objectname)%00%(upstream:track)%00%(upstream:remotename)%00%(upstream:remoteref) refs/heads/main refs/remotes/main [1ms]
2024-11-18 13:44:35.143 [info] > git status -z -uall [11ms]
2024-11-18 13:44:35.143 [info] > git for-each-ref --sort -committerdate --format %(refname) %(objectname) %(*objectname) [0ms]
2024-11-18 13:44:53.071 [info] > git config --get commit.template [15ms]
2024-11-18 13:44:53.071 [info] > git config --get commit.template [1ms]
2024-11-18 13:44:53.096 [info] > git for-each-ref --format=%(refname)%00%(upstream:short)%00%(objectname)%00%(upstream:track)%00%(upstream:remotename)%00%(upstream:remoteref) refs/heads/master refs/remotes/master [13ms]
2024-11-18 13:44:53.108 [warning] [Git][revParse] Unable to read file: ENOENT: no such file or directory, open '/home/fgress2/.cache/yay/yay/.git/refs/remotes/origin/master'
2024-11-18 13:44:53.108 [info] > git for-each-ref --format=%(refname)%00%(upstream:short)%00%(objectname)%00%(upstream:track)%00%(upstream:remotename)%00%(upstream:remoteref) refs/heads/main refs/remotes/main [13ms]
2024-11-18 13:44:53.108 [info] > git rev-parse refs/remotes/origin/master [0ms]
2024-11-18 13:44:53.131 [info] > git status -z -uall [11ms]
2024-11-18 13:44:53.154 [info] > git status -z -uall [12ms]
2024-11-18 13:44:53.154 [info] > git for-each-ref --sort -committerdate --format %(refname) %(objectname) %(*objectname) [23ms]
2024-11-18 13:44:53.157 [info] > git for-each-ref --sort -committerdate --format %(refname) %(objectname) %(*objectname) [4ms]
2024-11-18 13:46:32.932 [info] > git config --get commit.template [14ms]
2024-11-18 13:46:32.932 [info] > git for-each-ref --format=%(refname)%00%(upstream:short)%00%(objectname)%00%(upstream:track)%00%(upstream:remotename)%00%(upstream:remoteref) refs/heads/main refs/remotes/main [1ms]
2024-11-18 13:46:32.956 [info] > git status -z -uall [12ms]
2024-11-18 13:46:32.956 [info] > git for-each-ref --sort -committerdate --format %(refname) %(objectname) %(*objectname) [1ms]
2024-11-18 13:46:37.977 [info] > git config --get commit.template [1ms]
2024-11-18 13:46:37.990 [info] > git for-each-ref --format=%(refname)%00%(upstream:short)%00%(objectname)%00%(upstream:track)%00%(upstream:remotename)%00%(upstream:remoteref) refs/heads/main refs/remotes/main [1ms]
2024-11-18 13:46:38.013 [info] > git status -z -uall [12ms]
2024-11-18 13:46:38.014 [info] > git for-each-ref --sort -committerdate --format %(refname) %(objectname) %(*objectname) [2ms]
2024-11-18 13:47:34.170 [info] > git fetch [244ms]
2024-11-18 13:47:34.200 [info] > git config --get commit.template [11ms]
2024-11-18 13:47:34.200 [info] > git for-each-ref --format=%(refname)%00%(upstream:short)%00%(objectname)%00%(upstream:track)%00%(upstream:remotename)%00%(upstream:remoteref) refs/heads/master refs/remotes/master [1ms]
2024-11-18 13:47:34.212 [warning] [Git][revParse] Unable to read file: ENOENT: no such file or directory, open '/home/fgress2/.cache/yay/yay/.git/refs/remotes/origin/master'
2024-11-18 13:47:34.213 [info] > git rev-parse refs/remotes/origin/master [1ms]
2024-11-18 13:47:34.239 [info] > git status -z -uall [12ms]
2024-11-18 13:47:34.240 [info] > git for-each-ref --sort -committerdate --format %(refname) %(objectname) %(*objectname) [1ms]
2024-11-18 13:47:36.694 [info] > git fetch [1532ms]
2024-11-18 13:47:36.723 [info] > git config --get commit.template [10ms]
2024-11-18 13:47:36.723 [info] > git for-each-ref --format=%(refname)%00%(upstream:short)%00%(objectname)%00%(upstream:track)%00%(upstream:remotename)%00%(upstream:remoteref) refs/heads/main refs/remotes/main [1ms]
2024-11-18 13:47:36.745 [info] > git status -z -uall [11ms]
2024-11-18 13:47:36.746 [info] > git for-each-ref --sort -committerdate --format %(refname) %(objectname) %(*objectname) [1ms]
2024-11-18 13:50:34.518 [info] > git fetch [252ms]
2024-11-18 13:50:34.547 [info] > git config --get commit.template [12ms]
2024-11-18 13:50:34.548 [info] > git for-each-ref --format=%(refname)%00%(upstream:short)%00%(objectname)%00%(upstream:track)%00%(upstream:remotename)%00%(upstream:remoteref) refs/heads/master refs/remotes/master [1ms]
2024-11-18 13:50:34.558 [warning] [Git][revParse] Unable to read file: ENOENT: no such file or directory, open '/home/fgress2/.cache/yay/yay/.git/refs/remotes/origin/master'
2024-11-18 13:50:34.559 [info] > git rev-parse refs/remotes/origin/master [1ms]
2024-11-18 13:50:34.584 [info] > git status -z -uall [14ms]
2024-11-18 13:50:34.585 [info] > git for-each-ref --sort -committerdate --format %(refname) %(objectname) %(*objectname) [1ms]
2024-11-18 13:50:38.232 [info] > git fetch [1466ms]
2024-11-18 13:50:38.259 [info] > git config --get commit.template [11ms]
2024-11-18 13:50:38.260 [info] > git for-each-ref --format=%(refname)%00%(upstream:short)%00%(objectname)%00%(upstream:track)%00%(upstream:remotename)%00%(upstream:remoteref) refs/heads/main refs/remotes/main [1ms]
2024-11-18 13:50:38.283 [info] > git status -z -uall [12ms]
2024-11-18 13:50:38.283 [info] > git for-each-ref --sort -committerdate --format %(refname) %(objectname) %(*objectname) [1ms]
2024-11-18 13:53:35.167 [info] > git fetch [557ms]
2024-11-18 13:53:35.184 [info] > git config --get commit.template [1ms]
2024-11-18 13:53:35.198 [info] > git for-each-ref --format=%(refname)%00%(upstream:short)%00%(objectname)%00%(upstream:track)%00%(upstream:remotename)%00%(upstream:remoteref) refs/heads/master refs/remotes/master [1ms]
2024-11-18 13:53:35.209 [warning] [Git][revParse] Unable to read file: ENOENT: no such file or directory, open '/home/fgress2/.cache/yay/yay/.git/refs/remotes/origin/master'
2024-11-18 13:53:35.210 [info] > git rev-parse refs/remotes/origin/master [1ms]
2024-11-18 13:53:35.232 [info] > git status -z -uall [11ms]
2024-11-18 13:53:35.232 [info] > git for-each-ref --sort -committerdate --format %(refname) %(objectname) %(*objectname) [1ms]
2024-11-18 13:53:39.771 [info] > git fetch [1466ms]
2024-11-18 13:53:39.801 [info] > git config --get commit.template [14ms]
2024-11-18 13:53:39.802 [info] > git for-each-ref --format=%(refname)%00%(upstream:short)%00%(objectname)%00%(upstream:track)%00%(upstream:remotename)%00%(upstream:remoteref) refs/heads/main refs/remotes/main [2ms]
2024-11-18 13:53:39.828 [info] > git status -z -uall [14ms]
2024-11-18 13:53:39.829 [info] > git for-each-ref --sort -committerdate --format %(refname) %(objectname) %(*objectname) [1ms]
2024-11-18 13:56:32.907 [info] > git config --get commit.template [1ms]
2024-11-18 13:56:32.919 [info] > git for-each-ref --format=%(refname)%00%(upstream:short)%00%(objectname)%00%(upstream:track)%00%(upstream:remotename)%00%(upstream:remoteref) refs/heads/main refs/remotes/main [1ms]
2024-11-18 13:56:32.942 [info] > git status -z -uall [11ms]
2024-11-18 13:56:32.943 [info] > git for-each-ref --sort -committerdate --format %(refname) %(objectname) %(*objectname) [1ms]
2024-11-18 13:56:35.488 [info] > git fetch [238ms]
2024-11-18 13:56:35.521 [info] > git for-each-ref --format=%(refname)%00%(upstream:short)%00%(objectname)%00%(upstream:track)%00%(upstream:remotename)%00%(upstream:remoteref) refs/heads/master refs/remotes/master [2ms]
2024-11-18 13:56:35.521 [info] > git config --get commit.template [15ms]
2024-11-18 13:56:35.532 [warning] [Git][revParse] Unable to read file: ENOENT: no such file or directory, open '/home/fgress2/.cache/yay/yay/.git/refs/remotes/origin/master'
2024-11-18 13:56:35.533 [info] > git rev-parse refs/remotes/origin/master [1ms]
2024-11-18 13:56:35.553 [info] > git status -z -uall [9ms]
2024-11-18 13:56:35.554 [info] > git for-each-ref --sort -committerdate --format %(refname) %(objectname) %(*objectname) [1ms]
2024-11-18 13:56:37.979 [info] > git config --get commit.template [13ms]
2024-11-18 13:56:37.980 [info] > git for-each-ref --format=%(refname)%00%(upstream:short)%00%(objectname)%00%(upstream:track)%00%(upstream:remotename)%00%(upstream:remoteref) refs/heads/main refs/remotes/main [1ms]
2024-11-18 13:56:38.006 [info] > git status -z -uall [13ms]
2024-11-18 13:56:38.006 [info] > git for-each-ref --sort -committerdate --format %(refname) %(objectname) %(*objectname) [1ms]
2024-11-18 13:56:41.454 [info] > git fetch [1610ms]
2024-11-18 13:56:41.474 [info] > git config --get commit.template [1ms]
2024-11-18 13:56:41.489 [info] > git for-each-ref --format=%(refname)%00%(upstream:short)%00%(objectname)%00%(upstream:track)%00%(upstream:remotename)%00%(upstream:remoteref) refs/heads/main refs/remotes/main [4ms]
2024-11-18 13:56:41.510 [info] > git status -z -uall [11ms]
2024-11-18 13:56:41.511 [info] > git for-each-ref --sort -committerdate --format %(refname) %(objectname) %(*objectname) [1ms]
2024-11-18 13:59:19.770 [info] > git rev-parse --show-toplevel [1ms]
2024-11-18 13:59:27.751 [info] > git rev-parse --show-toplevel [2ms]
2024-11-18 13:59:28.971 [info] > git rev-parse --show-toplevel [1ms]
2024-11-18 13:59:33.378 [info] > git rev-parse --show-toplevel [1ms]
