2024-11-13 20:29:47.233 [info] [main] Log level: Info
2024-11-13 20:29:47.233 [info] [main] Validating found git in: "git"
2024-11-13 20:29:47.233 [info] [main] Using git "2.47.0" from "git"
2024-11-13 20:29:47.233 [info] [Model][doInitialScan] Initial repository scan started
2024-11-13 20:29:47.233 [info] > git rev-parse --show-toplevel [5ms]
2024-11-13 20:29:47.233 [info] fatal: not a git repository (or any of the parent directories): .git
2024-11-13 20:29:47.233 [info] > git rev-parse --show-toplevel [2ms]
2024-11-13 20:29:47.233 [info] fatal: not a git repository (or any of the parent directories): .git
2024-11-13 20:29:47.388 [info] > git rev-parse --show-toplevel [5ms]
2024-11-13 20:29:47.388 [info] fatal: not a git repository (or any of the parent directories): .git
2024-11-13 20:29:47.592 [info] > git rev-parse --show-toplevel [168ms]
2024-11-13 20:29:47.592 [info] fatal: not a git repository (or any of the parent directories): .git
2024-11-13 20:29:47.612 [info] > git rev-parse --show-toplevel [7ms]
2024-11-13 20:29:47.612 [info] fatal: not a git repository (or any of the parent directories): .git
2024-11-13 20:29:47.620 [info] > git rev-parse --show-toplevel [1ms]
2024-11-13 20:29:47.620 [info] fatal: not a git repository (or any of the parent directories): .git
2024-11-13 20:29:47.631 [info] > git rev-parse --show-toplevel [3ms]
2024-11-13 20:29:47.631 [info] fatal: not a git repository (or any of the parent directories): .git
2024-11-13 20:29:47.638 [info] > git rev-parse --show-toplevel [1ms]
2024-11-13 20:29:47.638 [info] fatal: not a git repository (or any of the parent directories): .git
2024-11-13 20:29:47.646 [info] > git rev-parse --show-toplevel [1ms]
2024-11-13 20:29:47.654 [info] > git rev-parse --git-dir --git-common-dir [1ms]
2024-11-13 20:29:47.670 [info] [Model][openRepository] Opened repository: /home/fgress2/.oh-my-zsh
2024-11-13 20:29:47.685 [info] > git rev-parse --show-toplevel [1ms]
2024-11-13 20:29:47.685 [info] fatal: not a git repository (or any of the parent directories): .git
2024-11-13 20:29:47.686 [info] > git config --get commit.template [7ms]
2024-11-13 20:29:47.703 [info] > git rev-parse --show-toplevel [9ms]
2024-11-13 20:29:47.703 [info] fatal: not a git repository (or any of the parent directories): .git
2024-11-13 20:29:47.712 [info] > git for-each-ref --format=%(refname)%00%(upstream:short)%00%(objectname)%00%(upstream:track)%00%(upstream:remotename)%00%(upstream:remoteref) refs/heads/master refs/remotes/master [9ms]
2024-11-13 20:29:47.715 [info] > git rev-parse --show-toplevel [4ms]
2024-11-13 20:29:47.715 [info] fatal: not a git repository (or any of the parent directories): .git
2024-11-13 20:29:47.737 [info] > git rev-parse --show-toplevel [16ms]
2024-11-13 20:29:47.737 [info] fatal: not a git repository (or any of the parent directories): .git
2024-11-13 20:29:47.743 [info] > git for-each-ref --sort -committerdate --format %(refname) %(objectname) %(*objectname) [7ms]
2024-11-13 20:29:47.749 [info] > git rev-parse --show-toplevel [6ms]
2024-11-13 20:29:47.749 [info] fatal: not a git repository (or any of the parent directories): .git
2024-11-13 20:29:47.766 [info] > git status -z -uall [37ms]
2024-11-13 20:29:47.767 [info] > git rev-parse --show-toplevel [13ms]
2024-11-13 20:29:47.767 [info] fatal: not a git repository (or any of the parent directories): .git
2024-11-13 20:29:47.790 [info] > git for-each-ref --format=%(refname)%00%(upstream:short)%00%(objectname)%00%(upstream:track)%00%(upstream:remotename)%00%(upstream:remoteref) refs/heads/master refs/remotes/master [15ms]
2024-11-13 20:29:47.801 [info] > git config --local branch.master.vscode-merge-base [5ms]
2024-11-13 20:29:47.806 [info] > git config --get commit.template [18ms]
2024-11-13 20:29:47.807 [info] > git rev-parse --show-toplevel [23ms]
2024-11-13 20:29:47.807 [info] fatal: not a git repository (or any of the parent directories): .git
2024-11-13 20:29:47.816 [info] > git for-each-ref --format=%(refname)%00%(upstream:short)%00%(objectname)%00%(upstream:track)%00%(upstream:remotename)%00%(upstream:remoteref) refs/heads/origin/master refs/remotes/origin/master [10ms]
2024-11-13 20:29:47.833 [info] > git merge-base refs/heads/master refs/remotes/origin/master [11ms]
2024-11-13 20:29:47.839 [info] > git rev-parse --show-toplevel [26ms]
2024-11-13 20:29:47.839 [info] fatal: not a git repository (or any of the parent directories): .git
2024-11-13 20:29:47.855 [info] > git for-each-ref --format=%(refname)%00%(upstream:short)%00%(objectname)%00%(upstream:track)%00%(upstream:remotename)%00%(upstream:remoteref) refs/heads/master refs/remotes/master [27ms]
2024-11-13 20:29:47.860 [info] > git rev-parse --show-toplevel [16ms]
2024-11-13 20:29:47.860 [info] fatal: not a git repository (or any of the parent directories): .git
2024-11-13 20:29:47.860 [info] > git diff --name-status -z --diff-filter=ADMR 7ed475cb589c9e82211f71b3a5d7083b69cea93c...refs/remotes/origin/master [22ms]
2024-11-13 20:29:47.877 [info] > git rev-parse --show-toplevel [11ms]
2024-11-13 20:29:47.877 [info] fatal: not a git repository (or any of the parent directories): .git
2024-11-13 20:29:47.878 [info] [Model][doInitialScan] Initial repository scan completed - repositories (1), closed repositories (0), parent repositories (0), unsafe repositories (0)
2024-11-13 20:29:47.912 [info] > git for-each-ref --sort -committerdate --format %(refname) %(objectname) %(*objectname) [23ms]
2024-11-13 20:29:47.912 [info] > git fetch [242ms]
2024-11-13 20:29:47.912 [info] fatal: unable to access 'https://github.com/ohmyzsh/ohmyzsh.git/': SSL: no alternative certificate subject name matches target hostname 'github.com'
2024-11-13 20:29:47.930 [info] > git status -z -uall [46ms] (cancelled)
2024-11-13 20:29:47.949 [info] > git rev-parse --show-toplevel [54ms]
2024-11-13 20:29:47.949 [info] fatal: not a git repository (or any of the parent directories): .git
2024-11-13 20:29:47.957 [info] > git config --get commit.template [36ms]
2024-11-13 20:29:47.982 [info] > git for-each-ref --format=%(refname)%00%(upstream:short)%00%(objectname)%00%(upstream:track)%00%(upstream:remotename)%00%(upstream:remoteref) refs/heads/master refs/remotes/master [17ms]
2024-11-13 20:29:48.174 [info] > git for-each-ref --sort -committerdate --format %(refname) %(objectname) %(*objectname) [12ms]
2024-11-13 20:29:48.192 [info] > git status -z -uall [35ms]
2024-11-13 20:30:46.582 [info] > git rev-parse --show-toplevel [1ms]
2024-11-13 20:30:46.598 [info] > git rev-parse --git-dir --git-common-dir [1ms]
2024-11-13 20:30:46.603 [info] [Model][openRepository] Opened repository: /home/fgress2/documents/Obsidian
2024-11-13 20:30:46.626 [info] > git config --get commit.template [12ms]
2024-11-13 20:30:46.666 [info] > git for-each-ref --format=%(refname)%00%(upstream:short)%00%(objectname)%00%(upstream:track)%00%(upstream:remotename)%00%(upstream:remoteref) refs/heads/main refs/remotes/main [30ms]
2024-11-13 20:30:46.694 [info] > git status -z -uall [9ms]
2024-11-13 20:30:46.696 [info] > git for-each-ref --sort -committerdate --format %(refname) %(objectname) %(*objectname) [2ms]
2024-11-13 20:30:46.719 [info] > git for-each-ref --format=%(refname)%00%(upstream:short)%00%(objectname)%00%(upstream:track)%00%(upstream:remotename)%00%(upstream:remoteref) refs/heads/main refs/remotes/main [11ms]
2024-11-13 20:30:46.730 [info] > git config --local branch.main.vscode-merge-base [2ms]
2024-11-13 20:30:46.730 [warning] [Git][config] git config failed: Failed to execute git
2024-11-13 20:30:46.738 [info] > git config --get commit.template [20ms]
2024-11-13 20:30:46.748 [info] > git reflog main --grep-reflog=branch: Created from *. [10ms]
2024-11-13 20:30:46.758 [info] > git for-each-ref --format=%(refname)%00%(upstream:short)%00%(objectname)%00%(upstream:track)%00%(upstream:remotename)%00%(upstream:remoteref) refs/heads/main refs/remotes/main [11ms]
2024-11-13 20:30:46.758 [info] > git symbolic-ref --short refs/remotes/origin/HEAD [1ms]
2024-11-13 20:30:46.758 [info] fatal: ref refs/remotes/origin/HEAD is not a symbolic ref
2024-11-13 20:30:46.758 [warning] [Repository][getDefaultBranch] Failed to get default branch details: Failed to execute git.
2024-11-13 20:30:46.769 [info] > git merge-base refs/heads/main refs/remotes/origin/main [2ms]
2024-11-13 20:30:46.794 [info] > git status -z -uall [9ms]
2024-11-13 20:30:46.795 [info] > git diff --name-status -z --diff-filter=ADMR a3f624fdbfbe96d046c5ff8473f5f701dedf08c2...refs/remotes/origin/main [17ms]
2024-11-13 20:30:46.795 [info] > git for-each-ref --sort -committerdate --format %(refname) %(objectname) %(*objectname) [1ms]
2024-11-13 20:30:47.718 [info] > git fetch [28ms]
2024-11-13 20:30:47.718 [info] ssh: connect to host github.com port 22: Connection refused
fatal: Could not read from remote repository.

Please make sure you have the correct access rights
and the repository exists.
2024-11-13 20:30:47.733 [info] > git config --get commit.template [2ms]
2024-11-13 20:30:47.744 [info] > git for-each-ref --format=%(refname)%00%(upstream:short)%00%(objectname)%00%(upstream:track)%00%(upstream:remotename)%00%(upstream:remoteref) refs/heads/main refs/remotes/main [1ms]
2024-11-13 20:30:47.763 [info] > git status -z -uall [10ms]
2024-11-13 20:30:47.763 [info] > git for-each-ref --sort -committerdate --format %(refname) %(objectname) %(*objectname) [1ms]
2024-11-13 20:30:48.784 [info] > git config --get commit.template [1ms]
2024-11-13 20:30:48.797 [info] > git for-each-ref --format=%(refname)%00%(upstream:short)%00%(objectname)%00%(upstream:track)%00%(upstream:remotename)%00%(upstream:remoteref) refs/heads/main refs/remotes/main [2ms]
2024-11-13 20:30:48.817 [info] > git status -z -uall [11ms]
2024-11-13 20:30:48.817 [info] > git for-each-ref --sort -committerdate --format %(refname) %(objectname) %(*objectname) [1ms]
2024-11-13 20:30:58.464 [info] > git rev-parse --show-toplevel [4ms]
2024-11-13 20:30:58.464 [info] fatal: not a git repository (or any of the parent directories): .git
