2024-11-13 18:46:55.911 [info] [main] Log level: Info
2024-11-13 18:46:55.911 [info] [main] Validating found git in: "git"
2024-11-13 18:46:55.911 [info] [main] Using git "2.47.0" from "git"
2024-11-13 18:46:55.911 [info] [Model][doInitialScan] Initial repository scan started
2024-11-13 18:46:55.911 [info] > git rev-parse --show-toplevel [8ms]
2024-11-13 18:46:55.911 [info] fatal: not a git repository (or any of the parent directories): .git
2024-11-13 18:46:55.911 [info] > git rev-parse --show-toplevel [5ms]
2024-11-13 18:46:55.911 [info] fatal: not a git repository (or any of the parent directories): .git
2024-11-13 18:46:55.920 [info] > git rev-parse --show-toplevel [2ms]
2024-11-13 18:46:55.920 [info] fatal: not a git repository (or any of the parent directories): .git
2024-11-13 18:46:55.974 [info] > git rev-parse --show-toplevel [49ms]
2024-11-13 18:46:55.974 [info] fatal: not a git repository (or any of the parent directories): .git
2024-11-13 18:46:56.046 [info] > git rev-parse --show-toplevel [65ms]
2024-11-13 18:46:56.046 [info] fatal: not a git repository (or any of the parent directories): .git
2024-11-13 18:46:56.098 [info] > git rev-parse --show-toplevel [43ms]
2024-11-13 18:46:56.098 [info] fatal: not a git repository (or any of the parent directories): .git
2024-11-13 18:46:56.118 [info] > git rev-parse --show-toplevel [12ms]
2024-11-13 18:46:56.118 [info] fatal: not a git repository (or any of the parent directories): .git
2024-11-13 18:46:56.130 [info] > git rev-parse --show-toplevel [5ms]
2024-11-13 18:46:56.130 [info] fatal: not a git repository (or any of the parent directories): .git
2024-11-13 18:46:56.321 [info] > git rev-parse --show-toplevel [16ms]
2024-11-13 18:46:56.329 [info] > git rev-parse --git-dir --git-common-dir [1ms]
2024-11-13 18:46:56.334 [info] [Model][openRepository] Opened repository: /home/fgress2/.oh-my-zsh
2024-11-13 18:46:56.406 [info] > git rev-parse --show-toplevel [1ms]
2024-11-13 18:46:56.406 [info] fatal: not a git repository (or any of the parent directories): .git
2024-11-13 18:46:56.406 [info] > git config --get commit.template [6ms]
2024-11-13 18:46:56.420 [info] > git rev-parse --show-toplevel [7ms]
2024-11-13 18:46:56.420 [info] fatal: not a git repository (or any of the parent directories): .git
2024-11-13 18:46:56.434 [info] > git for-each-ref --format=%(refname)%00%(upstream:short)%00%(objectname)%00%(upstream:track)%00%(upstream:remotename)%00%(upstream:remoteref) refs/heads/master refs/remotes/master [16ms]
2024-11-13 18:46:56.435 [info] > git rev-parse --show-toplevel [8ms]
2024-11-13 18:46:56.435 [info] fatal: not a git repository (or any of the parent directories): .git
2024-11-13 18:46:56.451 [info] > git rev-parse --show-toplevel [11ms]
2024-11-13 18:46:56.451 [info] fatal: not a git repository (or any of the parent directories): .git
2024-11-13 18:46:56.455 [info] > git for-each-ref --sort -committerdate --format %(refname) %(objectname) %(*objectname) [5ms]
2024-11-13 18:46:56.456 [info] > git rev-parse --show-toplevel [1ms]
2024-11-13 18:46:56.456 [info] fatal: not a git repository (or any of the parent directories): .git
2024-11-13 18:46:56.462 [info] > git rev-parse --show-toplevel [1ms]
2024-11-13 18:46:56.462 [info] fatal: not a git repository (or any of the parent directories): .git
2024-11-13 18:46:56.468 [info] > git rev-parse --show-toplevel [1ms]
2024-11-13 18:46:56.468 [info] fatal: not a git repository (or any of the parent directories): .git
2024-11-13 18:46:56.472 [info] > git rev-parse --show-toplevel [0ms]
2024-11-13 18:46:56.472 [info] fatal: not a git repository (or any of the parent directories): .git
2024-11-13 18:46:56.477 [info] > git rev-parse --show-toplevel [1ms]
2024-11-13 18:46:56.477 [info] fatal: not a git repository (or any of the parent directories): .git
2024-11-13 18:46:56.482 [info] > git rev-parse --show-toplevel [0ms]
2024-11-13 18:46:56.482 [info] fatal: not a git repository (or any of the parent directories): .git
2024-11-13 18:46:56.484 [info] [Model][doInitialScan] Initial repository scan completed - repositories (1), closed repositories (0), parent repositories (0), unsafe repositories (0)
2024-11-13 18:46:56.490 [info] > git rev-parse --show-toplevel [0ms]
2024-11-13 18:46:56.490 [info] fatal: not a git repository (or any of the parent directories): .git
2024-11-13 18:46:56.528 [info] > git status -z -uall [83ms]
2024-11-13 18:46:56.544 [info] > git for-each-ref --format=%(refname)%00%(upstream:short)%00%(objectname)%00%(upstream:track)%00%(upstream:remotename)%00%(upstream:remoteref) refs/heads/master refs/remotes/master [7ms]
2024-11-13 18:46:56.557 [info] > git config --get commit.template [13ms]
2024-11-13 18:46:56.557 [info] > git config --local branch.master.vscode-merge-base [8ms]
2024-11-13 18:46:56.568 [info] > git for-each-ref --format=%(refname)%00%(upstream:short)%00%(objectname)%00%(upstream:track)%00%(upstream:remotename)%00%(upstream:remoteref) refs/heads/origin/master refs/remotes/origin/master [6ms]
2024-11-13 18:46:56.576 [info] > git for-each-ref --format=%(refname)%00%(upstream:short)%00%(objectname)%00%(upstream:track)%00%(upstream:remotename)%00%(upstream:remoteref) refs/heads/master refs/remotes/master [8ms]
2024-11-13 18:46:56.576 [info] > git merge-base refs/heads/master refs/remotes/origin/master [2ms]
2024-11-13 18:46:56.593 [info] > git diff --name-status -z --diff-filter=ADMR 7ed475cb589c9e82211f71b3a5d7083b69cea93c...refs/remotes/origin/master [11ms]
2024-11-13 18:46:56.594 [info] > git for-each-ref --sort -committerdate --format %(refname) %(objectname) %(*objectname) [1ms]
2024-11-13 18:46:56.611 [info] > git status -z -uall [24ms]
2024-11-13 18:46:57.029 [info] > git check-ignore -v -z --stdin [91ms]
2024-11-13 18:47:01.188 [info] > git fetch [1243ms]
2024-11-13 18:47:01.220 [info] > git config --get commit.template [12ms]
2024-11-13 18:47:01.282 [info] > git for-each-ref --format=%(refname)%00%(upstream:short)%00%(objectname)%00%(upstream:track)%00%(upstream:remotename)%00%(upstream:remoteref) refs/heads/master refs/remotes/master [15ms]
2024-11-13 18:47:01.334 [info] > git for-each-ref --sort -committerdate --format %(refname) %(objectname) %(*objectname) [7ms]
2024-11-13 18:47:01.382 [info] > git status -z -uall [64ms]
2024-11-13 18:48:03.011 [info] > git rev-parse --show-toplevel [3ms]
2024-11-13 18:48:03.011 [info] fatal: not a git repository (or any of the parent directories): .git
2024-11-13 18:48:25.129 [info] > git rev-parse --show-toplevel [4ms]
2024-11-13 18:48:25.129 [info] fatal: not a git repository (or any of the parent directories): .git
2024-11-13 18:48:27.466 [info] > git rev-parse --show-toplevel [3ms]
2024-11-13 18:48:27.466 [info] fatal: not a git repository (or any of the parent directories): .git
2024-11-13 18:48:38.556 [info] > git rev-parse --show-toplevel [4ms]
2024-11-13 18:48:38.556 [info] fatal: not a git repository (or any of the parent directories): .git
2024-11-13 18:48:41.720 [info] > git rev-parse --show-toplevel [3ms]
2024-11-13 18:48:41.720 [info] fatal: not a git repository (or any of the parent directories): .git
