2024-11-14 00:31:57.885 [info] [main] Log level: Info
2024-11-14 00:31:57.885 [info] [main] Validating found git in: "git"
2024-11-14 00:31:57.885 [info] [main] Using git "2.47.0" from "git"
2024-11-14 00:31:57.885 [info] [Model][doInitialScan] Initial repository scan started
2024-11-14 00:31:57.885 [info] > git rev-parse --show-toplevel [6ms]
2024-11-14 00:31:57.885 [info] fatal: not a git repository (or any of the parent directories): .git
2024-11-14 00:31:57.885 [info] > git rev-parse --show-toplevel [3ms]
2024-11-14 00:31:57.885 [info] fatal: not a git repository (or any of the parent directories): .git
2024-11-14 00:31:58.191 [info] > git rev-parse --show-toplevel [1ms]
2024-11-14 00:31:58.191 [info] fatal: not a git repository (or any of the parent directories): .git
2024-11-14 00:31:58.256 [info] > git rev-parse --show-toplevel [2ms]
2024-11-14 00:31:58.256 [info] fatal: not a git repository (or any of the parent directories): .git
2024-11-14 00:31:58.263 [info] > git rev-parse --show-toplevel [1ms]
2024-11-14 00:31:58.263 [info] fatal: not a git repository (or any of the parent directories): .git
2024-11-14 00:31:58.277 [info] > git rev-parse --show-toplevel [7ms]
2024-11-14 00:31:58.277 [info] fatal: not a git repository (or any of the parent directories): .git
2024-11-14 00:31:58.283 [info] > git rev-parse --show-toplevel [1ms]
2024-11-14 00:31:58.283 [info] fatal: not a git repository (or any of the parent directories): .git
2024-11-14 00:31:58.289 [info] > git rev-parse --show-toplevel [1ms]
2024-11-14 00:31:58.289 [info] fatal: not a git repository (or any of the parent directories): .git
2024-11-14 00:31:58.298 [info] > git rev-parse --show-toplevel [5ms]
2024-11-14 00:31:58.304 [info] > git rev-parse --git-dir --git-common-dir [1ms]
2024-11-14 00:31:58.312 [info] [Model][openRepository] Opened repository: /home/fgress2/.oh-my-zsh
2024-11-14 00:31:58.336 [info] > git rev-parse --show-toplevel [13ms]
2024-11-14 00:31:58.336 [info] fatal: not a git repository (or any of the parent directories): .git
2024-11-14 00:31:58.336 [info] > git config --get commit.template [18ms]
2024-11-14 00:31:58.354 [info] > git rev-parse --show-toplevel [13ms]
2024-11-14 00:31:58.354 [info] fatal: not a git repository (or any of the parent directories): .git
2024-11-14 00:31:58.360 [info] > git for-each-ref --format=%(refname)%00%(upstream:short)%00%(objectname)%00%(upstream:track)%00%(upstream:remotename)%00%(upstream:remoteref) refs/heads/master refs/remotes/master [9ms]
2024-11-14 00:31:58.361 [info] > git rev-parse --show-toplevel [2ms]
2024-11-14 00:31:58.361 [info] fatal: not a git repository (or any of the parent directories): .git
2024-11-14 00:31:58.384 [info] > git rev-parse --show-toplevel [19ms]
2024-11-14 00:31:58.384 [info] fatal: not a git repository (or any of the parent directories): .git
2024-11-14 00:31:58.413 [info] > git for-each-ref --sort -committerdate --format %(refname) %(objectname) %(*objectname) [33ms]
2024-11-14 00:31:58.415 [info] > git status -z -uall [40ms]
2024-11-14 00:31:58.444 [info] > git rev-parse --show-toplevel [48ms]
2024-11-14 00:31:58.444 [info] fatal: not a git repository (or any of the parent directories): .git
2024-11-14 00:31:58.462 [info] > git for-each-ref --format=%(refname)%00%(upstream:short)%00%(objectname)%00%(upstream:track)%00%(upstream:remotename)%00%(upstream:remoteref) refs/heads/master refs/remotes/master [11ms]
2024-11-14 00:31:58.469 [info] > git config --local branch.master.vscode-merge-base [1ms]
2024-11-14 00:31:58.474 [info] > git config --get commit.template [11ms]
2024-11-14 00:31:58.474 [info] > git rev-parse --show-toplevel [17ms]
2024-11-14 00:31:58.474 [info] fatal: not a git repository (or any of the parent directories): .git
2024-11-14 00:31:58.502 [info] > git for-each-ref --format=%(refname)%00%(upstream:short)%00%(objectname)%00%(upstream:track)%00%(upstream:remotename)%00%(upstream:remoteref) refs/heads/origin/master refs/remotes/origin/master [29ms]
2024-11-14 00:31:58.544 [info] > git merge-base refs/heads/master refs/remotes/origin/master [37ms]
2024-11-14 00:31:58.549 [info] > git rev-parse --show-toplevel [48ms]
2024-11-14 00:31:58.549 [info] fatal: not a git repository (or any of the parent directories): .git
2024-11-14 00:31:58.579 [info] > git diff --name-status -z --diff-filter=ADMR 7ed475cb589c9e82211f71b3a5d7083b69cea93c...refs/remotes/origin/master [30ms]
2024-11-14 00:31:58.580 [info] > git for-each-ref --format=%(refname)%00%(upstream:short)%00%(objectname)%00%(upstream:track)%00%(upstream:remotename)%00%(upstream:remoteref) refs/heads/master refs/remotes/master [57ms]
2024-11-14 00:31:58.684 [info] > git rev-parse --show-toplevel [106ms]
2024-11-14 00:31:58.684 [info] fatal: not a git repository (or any of the parent directories): .git
2024-11-14 00:31:58.720 [info] > git rev-parse --show-toplevel [30ms]
2024-11-14 00:31:58.720 [info] fatal: not a git repository (or any of the parent directories): .git
2024-11-14 00:31:58.746 [info] > git rev-parse --show-toplevel [8ms]
2024-11-14 00:31:58.746 [info] fatal: not a git repository (or any of the parent directories): .git
2024-11-14 00:31:58.746 [info] > git for-each-ref --sort -committerdate --format %(refname) %(objectname) %(*objectname) [16ms]
2024-11-14 00:31:58.764 [info] > git status -z -uall [39ms]
2024-11-14 00:31:58.764 [info] > git rev-parse --show-toplevel [12ms]
2024-11-14 00:31:58.764 [info] fatal: not a git repository (or any of the parent directories): .git
2024-11-14 00:31:58.816 [info] > git rev-parse --show-toplevel [46ms]
2024-11-14 00:31:58.822 [info] > git rev-parse --git-dir --git-common-dir [1ms]
2024-11-14 00:31:58.824 [info] [Model][openRepository] Opened repository: /home/fgress2/dotfiles
2024-11-14 00:31:58.826 [info] [Model][doInitialScan] Initial repository scan completed - repositories (2), closed repositories (0), parent repositories (0), unsafe repositories (0)
2024-11-14 00:31:58.832 [info] > git config --get commit.template [1ms]
2024-11-14 00:31:58.838 [info] > git for-each-ref --format=%(refname)%00%(upstream:short)%00%(objectname)%00%(upstream:track)%00%(upstream:remotename)%00%(upstream:remoteref) refs/heads/main refs/remotes/main [1ms]
2024-11-14 00:31:58.849 [info] > git for-each-ref --sort -committerdate --format %(refname) %(objectname) %(*objectname) [1ms]
2024-11-14 00:31:58.902 [info] > git status -z -uall [59ms]
2024-11-14 00:31:58.917 [info] > git for-each-ref --format=%(refname)%00%(upstream:short)%00%(objectname)%00%(upstream:track)%00%(upstream:remotename)%00%(upstream:remoteref) refs/heads/main refs/remotes/main [7ms]
2024-11-14 00:31:58.926 [info] > git config --local branch.main.vscode-merge-base [5ms]
2024-11-14 00:31:58.926 [warning] [Git][config] git config failed: Failed to execute git
2024-11-14 00:31:58.931 [info] > git config --get commit.template [15ms]
2024-11-14 00:31:58.936 [info] > git reflog main --grep-reflog=branch: Created from *. [5ms]
2024-11-14 00:31:58.949 [info] > git for-each-ref --format=%(refname)%00%(upstream:short)%00%(objectname)%00%(upstream:track)%00%(upstream:remotename)%00%(upstream:remoteref) refs/heads/main refs/remotes/main [2ms]
2024-11-14 00:31:58.949 [info] > git symbolic-ref --short refs/remotes/origin/HEAD [7ms]
2024-11-14 00:31:58.949 [info] fatal: ref refs/remotes/origin/HEAD is not a symbolic ref
2024-11-14 00:31:58.949 [warning] [Repository][getDefaultBranch] Failed to get default branch details: Failed to execute git.
2024-11-14 00:31:59.075 [info] > git merge-base refs/heads/main refs/remotes/origin/main [121ms]
2024-11-14 00:31:59.119 [info] > git status -z -uall [115ms]
2024-11-14 00:31:59.120 [info] > git for-each-ref --sort -committerdate --format %(refname) %(objectname) %(*objectname) [110ms]
2024-11-14 00:31:59.132 [info] > git merge-base refs/heads/main refs/remotes/origin/main [4ms]
2024-11-14 00:31:59.140 [info] > git diff --name-status -z --diff-filter=ADMR 444b83d4ebd77050df09d471a1481ae15867a397...refs/remotes/origin/main [59ms]
2024-11-14 00:31:59.164 [info] > git diff --name-status -z --diff-filter=ADMR 444b83d4ebd77050df09d471a1481ae15867a397...refs/remotes/origin/main [24ms]
2024-11-14 00:32:01.499 [info] > git rev-parse --show-toplevel [16ms]
2024-11-14 00:32:01.499 [info] fatal: not a git repository (or any of the parent directories): .git
2024-11-14 00:32:31.800 [info] > git rev-parse --show-toplevel [5ms]
2024-11-14 00:32:31.800 [info] fatal: not a git repository (or any of the parent directories): .git
2024-11-14 00:32:41.818 [info] > git rev-parse --show-toplevel [1ms]
2024-11-14 00:32:41.818 [info] fatal: not a git repository (or any of the parent directories): .git
2024-11-14 00:32:43.841 [info] > git rev-parse --show-toplevel [2ms]
2024-11-14 00:32:43.841 [info] fatal: not a git repository (or any of the parent directories): .git
2024-11-14 00:32:50.864 [info] > git rev-parse --show-toplevel [3ms]
2024-11-14 00:32:50.864 [info] fatal: not a git repository (or any of the parent directories): .git
2024-11-14 00:34:17.561 [info] > git rev-parse --show-toplevel [1ms]
2024-11-14 00:34:17.575 [info] > git rev-parse --git-dir --git-common-dir [0ms]
2024-11-14 00:34:17.577 [info] [Model][openRepository] Opened repository: /home/fgress2/documents/Obsidian
2024-11-14 00:34:17.602 [info] > git config --get commit.template [13ms]
2024-11-14 00:34:17.650 [info] > git for-each-ref --format=%(refname)%00%(upstream:short)%00%(objectname)%00%(upstream:track)%00%(upstream:remotename)%00%(upstream:remoteref) refs/heads/main refs/remotes/main [38ms]
2024-11-14 00:34:17.683 [info] > git status -z -uall [11ms]
2024-11-14 00:34:17.684 [info] > git for-each-ref --sort -committerdate --format %(refname) %(objectname) %(*objectname) [1ms]
2024-11-14 00:34:17.704 [info] > git for-each-ref --format=%(refname)%00%(upstream:short)%00%(objectname)%00%(upstream:track)%00%(upstream:remotename)%00%(upstream:remoteref) refs/heads/main refs/remotes/main [11ms]
2024-11-14 00:34:17.713 [info] > git config --local branch.main.vscode-merge-base [1ms]
2024-11-14 00:34:17.713 [warning] [Git][config] git config failed: Failed to execute git
2024-11-14 00:34:17.722 [info] > git config --get commit.template [20ms]
2024-11-14 00:34:17.732 [info] > git reflog main --grep-reflog=branch: Created from *. [10ms]
2024-11-14 00:34:17.742 [info] > git for-each-ref --format=%(refname)%00%(upstream:short)%00%(objectname)%00%(upstream:track)%00%(upstream:remotename)%00%(upstream:remoteref) refs/heads/main refs/remotes/main [10ms]
2024-11-14 00:34:17.743 [info] > git symbolic-ref --short refs/remotes/origin/HEAD [1ms]
2024-11-14 00:34:17.743 [info] fatal: ref refs/remotes/origin/HEAD is not a symbolic ref
2024-11-14 00:34:17.743 [warning] [Repository][getDefaultBranch] Failed to get default branch details: Failed to execute git.
2024-11-14 00:34:17.771 [info] > git status -z -uall [8ms]
2024-11-14 00:34:17.771 [info] > git merge-base refs/heads/main refs/remotes/origin/main [19ms]
2024-11-14 00:34:17.780 [info] > git for-each-ref --sort -committerdate --format %(refname) %(objectname) %(*objectname) [9ms]
2024-11-14 00:34:17.790 [info] > git merge-base refs/heads/main refs/remotes/origin/main [1ms]
2024-11-14 00:34:17.799 [info] > git diff --name-status -z --diff-filter=ADMR adbc3be61d3ee1c6ba81ef5045e5f07209fa21a6...refs/remotes/origin/main [20ms]
2024-11-14 00:34:17.800 [info] > git diff --name-status -z --diff-filter=ADMR adbc3be61d3ee1c6ba81ef5045e5f07209fa21a6...refs/remotes/origin/main [1ms]
2024-11-14 00:34:42.368 [info] > git config --get commit.template [1ms]
2024-11-14 00:34:42.388 [info] > git for-each-ref --format=%(refname)%00%(upstream:short)%00%(objectname)%00%(upstream:track)%00%(upstream:remotename)%00%(upstream:remoteref) refs/heads/main refs/remotes/main [1ms]
2024-11-14 00:34:42.416 [info] > git status -z -uall [14ms]
2024-11-14 00:34:42.417 [info] > git for-each-ref --sort -committerdate --format %(refname) %(objectname) %(*objectname) [2ms]
2024-11-14 00:34:42.433 [info] > git merge-base refs/heads/main refs/remotes/origin/main [2ms]
2024-11-14 00:34:42.449 [info] > git diff --name-status -z --diff-filter=ADMR 698f133e98edc8f67a0f2c2e697d6c17cbd8268e...refs/remotes/origin/main [2ms]
2024-11-14 00:34:43.170 [info] > git fetch [845ms]
2024-11-14 00:34:43.187 [info] > git config --get commit.template [1ms]
2024-11-14 00:34:43.198 [info] > git for-each-ref --format=%(refname)%00%(upstream:short)%00%(objectname)%00%(upstream:track)%00%(upstream:remotename)%00%(upstream:remoteref) refs/heads/master refs/remotes/master [1ms]
2024-11-14 00:34:43.219 [info] > git for-each-ref --sort -committerdate --format %(refname) %(objectname) %(*objectname) [1ms]
2024-11-14 00:34:43.234 [info] > git status -z -uall [25ms]
2024-11-14 00:34:44.508 [info] > git fetch [2168ms]
2024-11-14 00:34:44.522 [info] > git config --get commit.template [0ms]
2024-11-14 00:34:44.522 [info] > git fetch [2168ms]
2024-11-14 00:34:44.546 [info] > git config --get commit.template [12ms]
2024-11-14 00:34:44.556 [info] > git for-each-ref --format=%(refname)%00%(upstream:short)%00%(objectname)%00%(upstream:track)%00%(upstream:remotename)%00%(upstream:remoteref) refs/heads/main refs/remotes/main [11ms]
2024-11-14 00:34:44.557 [info] > git for-each-ref --format=%(refname)%00%(upstream:short)%00%(objectname)%00%(upstream:track)%00%(upstream:remotename)%00%(upstream:remoteref) refs/heads/main refs/remotes/main [1ms]
2024-11-14 00:34:44.599 [info] > git status -z -uall [11ms]
2024-11-14 00:34:44.599 [info] > git for-each-ref --sort -committerdate --format %(refname) %(objectname) %(*objectname) [21ms]
2024-11-14 00:34:44.600 [info] > git for-each-ref --sort -committerdate --format %(refname) %(objectname) %(*objectname) [2ms]
2024-11-14 00:34:44.612 [info] > git merge-base refs/heads/main refs/remotes/origin/main [1ms]
2024-11-14 00:34:44.622 [info] > git diff --name-status -z --diff-filter=ADMR 698f133e98edc8f67a0f2c2e697d6c17cbd8268e...refs/remotes/origin/main [1ms]
2024-11-14 00:34:44.627 [info] > git status -z -uall [61ms]
2024-11-14 00:35:34.055 [info] > git config --get commit.template [1ms]
2024-11-14 00:35:34.055 [info] > git config --get commit.template [11ms]
2024-11-14 00:35:34.056 [info] > git config --get commit.template [21ms]
2024-11-14 00:35:34.087 [info] > git for-each-ref --format=%(refname)%00%(upstream:short)%00%(objectname)%00%(upstream:track)%00%(upstream:remotename)%00%(upstream:remoteref) refs/heads/main refs/remotes/main [10ms]
2024-11-14 00:35:34.088 [info] > git for-each-ref --format=%(refname)%00%(upstream:short)%00%(objectname)%00%(upstream:track)%00%(upstream:remotename)%00%(upstream:remoteref) refs/heads/master refs/remotes/master [22ms]
2024-11-14 00:35:34.088 [info] > git for-each-ref --format=%(refname)%00%(upstream:short)%00%(objectname)%00%(upstream:track)%00%(upstream:remotename)%00%(upstream:remoteref) refs/heads/main refs/remotes/main [1ms]
2024-11-14 00:35:34.157 [info] > git status -z -uall [58ms]
2024-11-14 00:35:34.157 [info] > git status -z -uall [37ms]
2024-11-14 00:35:34.157 [info] > git for-each-ref --sort -committerdate --format %(refname) %(objectname) %(*objectname) [47ms]
2024-11-14 00:35:34.172 [info] > git merge-base refs/heads/main refs/remotes/origin/main [2ms]
2024-11-14 00:35:34.183 [info] > git for-each-ref --sort -committerdate --format %(refname) %(objectname) %(*objectname) [27ms]
2024-11-14 00:35:34.184 [info] > git for-each-ref --sort -committerdate --format %(refname) %(objectname) %(*objectname) [54ms]
2024-11-14 00:35:34.185 [info] > git diff --name-status -z --diff-filter=ADMR 7d8c6bbf1dc44d66e66825005c0745b5ad68599f...refs/remotes/origin/main [3ms]
2024-11-14 00:35:36.339 [info] > git status -z -uall [2196ms]
2024-11-14 00:35:39.191 [info] > git config --get commit.template [0ms]
2024-11-14 00:35:39.202 [info] > git for-each-ref --format=%(refname)%00%(upstream:short)%00%(objectname)%00%(upstream:track)%00%(upstream:remotename)%00%(upstream:remoteref) refs/heads/main refs/remotes/main [1ms]
2024-11-14 00:35:39.223 [info] > git status -z -uall [10ms]
2024-11-14 00:35:39.224 [info] > git for-each-ref --sort -committerdate --format %(refname) %(objectname) %(*objectname) [1ms]
2024-11-14 00:35:40.273 [info] > git log --format=%H%n%aN%n%aE%n%at%n%ct%n%P%n%D%n%B -z --shortstat --diff-merges=first-parent -n50 --skip=0 --topo-order --decorate=full --stdin [41ms]
2024-11-14 00:35:40.336 [info] > git rev-parse --show-toplevel [4ms]
2024-11-14 00:35:40.336 [info] fatal: not a git repository (or any of the parent directories): .git
2024-11-14 00:35:40.358 [info] > git rev-parse --show-toplevel [3ms]
2024-11-14 00:35:40.358 [info] fatal: not a git repository (or any of the parent directories): .git
2024-11-14 00:35:40.912 [info] > git check-ignore -v -z --stdin [4ms]
2024-11-14 00:35:47.065 [info] > git check-ignore -v -z --stdin [3ms]
2024-11-14 00:35:50.829 [info] [Model][close] Repository: /home/fgress2/.oh-my-zsh
2024-11-14 00:35:51.401 [info] > git check-ignore -v -z --stdin [4ms]
2024-11-14 00:35:51.962 [info] > git rev-parse --show-toplevel [3ms]
2024-11-14 00:35:51.962 [info] fatal: not a git repository (or any of the parent directories): .git
2024-11-14 00:35:54.348 [info] > git log --format=%H%n%aN%n%aE%n%at%n%ct%n%P%n%D%n%B -z --shortstat --diff-merges=first-parent -n50 --skip=0 --topo-order --decorate=full --stdin [3498ms]
2024-11-14 00:35:54.394 [info] > git log --format=%H%n%aN%n%aE%n%at%n%ct%n%P%n%D%n%B -z --shortstat --diff-merges=first-parent -n50 --skip=0 --topo-order --decorate=full --stdin [29ms]
2024-11-14 00:35:57.752 [info] [Model][close] Repository: /home/fgress2/dotfiles
2024-11-14 00:35:57.950 [info] > git log --format=%H%n%aN%n%aE%n%at%n%ct%n%P%n%D%n%B -z --shortstat --diff-merges=first-parent -n50 --skip=0 --topo-order --decorate=full --stdin [3512ms]
2024-11-14 00:35:57.981 [info] > git log --format=%H%n%aN%n%aE%n%at%n%ct%n%P%n%D%n%B -z --shortstat --diff-merges=first-parent -n50 --skip=0 --topo-order --decorate=full --stdin [17ms]
2024-11-14 00:36:33.715 [info] > git rev-parse --show-toplevel [1ms]
2024-11-14 00:36:35.199 [info] > git rev-parse --show-toplevel [1ms]
2024-11-14 00:36:35.209 [info] > git rev-parse --show-toplevel [1ms]
2024-11-14 00:36:35.219 [info] > git rev-parse --git-dir --git-common-dir [0ms]
2024-11-14 00:36:35.223 [info] [Model][openRepository] Opened repository: /home/fgress2/dotfiles/.config/nvim
2024-11-14 00:36:35.245 [info] > git rev-parse --show-toplevel [2ms]
2024-11-14 00:36:35.245 [info] > git config --get commit.template [11ms]
2024-11-14 00:36:35.266 [info] > git rev-parse --git-dir --git-common-dir [12ms]
2024-11-14 00:36:35.269 [info] [Model][openRepository] Opened repository: /home/fgress2/dotfiles/.oh-my-zsh
2024-11-14 00:36:35.290 [info] > git for-each-ref --format=%(refname)%00%(upstream:short)%00%(objectname)%00%(upstream:track)%00%(upstream:remotename)%00%(upstream:remoteref) refs/heads/main refs/remotes/main [25ms]
2024-11-14 00:36:35.300 [warning] [Git][revParse] Unable to read file: ENOENT: no such file or directory, open '/home/fgress2/dotfiles/.config/nvim/.git/refs/remotes/origin/main'
2024-11-14 00:36:35.300 [info] > git rev-parse --show-toplevel [10ms]
2024-11-14 00:36:35.300 [info] > git config --get commit.template [19ms]
2024-11-14 00:36:35.314 [info] > git rev-parse refs/remotes/origin/main [14ms]
2024-11-14 00:36:35.346 [info] > git status -z -uall [21ms]
2024-11-14 00:36:35.346 [info] > git rev-parse --git-dir --git-common-dir [33ms]
2024-11-14 00:36:35.349 [info] [Model][openRepository] Opened repository: /home/fgress2/dotfiles/.zsh/powerlevel10k
2024-11-14 00:36:35.372 [info] > git for-each-ref --format=%(refname)%00%(upstream:short)%00%(objectname)%00%(upstream:track)%00%(upstream:remotename)%00%(upstream:remoteref) refs/heads/master refs/remotes/master [27ms]
2024-11-14 00:36:35.372 [info] > git for-each-ref --sort -committerdate --format %(refname) %(objectname) %(*objectname) [37ms]
2024-11-14 00:36:35.400 [info] > git for-each-ref --format=%(refname)%00%(upstream:short)%00%(objectname)%00%(upstream:track)%00%(upstream:remotename)%00%(upstream:remoteref) refs/heads/main refs/remotes/main [14ms]
2024-11-14 00:36:35.411 [info] > git rev-parse --show-toplevel [39ms]
2024-11-14 00:36:35.411 [info] > git config --get commit.template [50ms]
2024-11-14 00:36:35.424 [info] > git config --local branch.main.vscode-merge-base [14ms]
2024-11-14 00:36:35.424 [warning] [Git][config] git config failed: Failed to execute git
2024-11-14 00:36:35.434 [info] > git config --get commit.template [35ms]
2024-11-14 00:36:35.446 [info] > git rev-parse --git-dir --git-common-dir [23ms]
2024-11-14 00:36:35.448 [info] [Model][openRepository] Opened repository: /home/fgress2/dotfiles/.zsh/zsh-autosuggestions
2024-11-14 00:36:35.502 [info] > git status -z -uall [42ms]
2024-11-14 00:36:35.503 [info] > git for-each-ref --format=%(refname)%00%(upstream:short)%00%(objectname)%00%(upstream:track)%00%(upstream:remotename)%00%(upstream:remoteref) refs/heads/master refs/remotes/master [56ms]
2024-11-14 00:36:35.503 [info] > git reflog main --grep-reflog=branch: Created from *. [69ms]
2024-11-14 00:36:35.523 [warning] [Git][revParse] Unable to read file: ENOENT: no such file or directory, open '/home/fgress2/dotfiles/.zsh/powerlevel10k/.git/refs/remotes/origin/master'
2024-11-14 00:36:35.524 [info] > git symbolic-ref --short refs/remotes/origin/HEAD [12ms]
2024-11-14 00:36:35.534 [info] > git rev-parse --show-toplevel [32ms]
2024-11-14 00:36:35.535 [info] > git config --get commit.template [43ms]
2024-11-14 00:36:35.535 [info] > git for-each-ref --format=%(refname)%00%(upstream:short)%00%(objectname)%00%(upstream:track)%00%(upstream:remotename)%00%(upstream:remoteref) refs/heads/main refs/remotes/main [55ms]
2024-11-14 00:36:35.535 [info] > git for-each-ref --sort -committerdate --format %(refname) %(objectname) %(*objectname) [63ms]
2024-11-14 00:36:35.571 [warning] [Git][revParse] Unable to read file: ENOENT: no such file or directory, open '/home/fgress2/dotfiles/.config/nvim/.git/refs/remotes/origin/main'
2024-11-14 00:36:35.582 [info] > git for-each-ref --format=%(refname)%00%(upstream:short)%00%(objectname)%00%(upstream:track)%00%(upstream:remotename)%00%(upstream:remoteref) refs/heads/master refs/remotes/master [32ms]
2024-11-14 00:36:35.590 [info] > git for-each-ref --format=%(refname)%00%(upstream:short)%00%(objectname)%00%(upstream:track)%00%(upstream:remotename)%00%(upstream:remoteref) refs/heads/origin/main refs/remotes/origin/main [56ms]
2024-11-14 00:36:35.601 [info] > git rev-parse refs/remotes/origin/master [78ms]
2024-11-14 00:36:35.632 [info] > git status -z -uall [21ms]
2024-11-14 00:36:35.632 [info] > git for-each-ref --sort -committerdate --format %(refname) %(objectname) %(*objectname) [12ms]
2024-11-14 00:36:35.647 [info] > git config --local branch.main.vscode-merge-base origin/main [46ms]
2024-11-14 00:36:35.647 [info] > git config --local branch.master.vscode-merge-base [57ms]
2024-11-14 00:36:35.659 [info] > git config --get commit.template [77ms]
2024-11-14 00:36:35.659 [info] > git rev-parse refs/remotes/origin/main [88ms]
2024-11-14 00:36:35.671 [info] > git rev-parse --git-dir --git-common-dir [109ms]
2024-11-14 00:36:35.672 [info] [Model][openRepository] Opened repository: /home/fgress2/dotfiles/.zsh/zsh-syntax-highlighting
2024-11-14 00:36:35.711 [info] > git for-each-ref --format=%(refname)%00%(upstream:short)%00%(objectname)%00%(upstream:track)%00%(upstream:remotename)%00%(upstream:remoteref) refs/heads/main refs/remotes/main [41ms]
2024-11-14 00:36:35.722 [info] > git for-each-ref --format=%(refname)%00%(upstream:short)%00%(objectname)%00%(upstream:track)%00%(upstream:remotename)%00%(upstream:remoteref) refs/heads/origin/master refs/remotes/origin/master [64ms]
2024-11-14 00:36:35.732 [info] > git for-each-ref --format=%(refname)%00%(upstream:short)%00%(objectname)%00%(upstream:track)%00%(upstream:remotename)%00%(upstream:remoteref) refs/heads/master refs/remotes/master [87ms]
2024-11-14 00:36:35.744 [info] > git for-each-ref --format=%(refname)%00%(upstream:short)%00%(objectname)%00%(upstream:track)%00%(upstream:remotename)%00%(upstream:remoteref) refs/heads/master refs/remotes/master [113ms]
2024-11-14 00:36:35.764 [warning] [Git][revParse] Unable to read file: ENOENT: no such file or directory, open '/home/fgress2/dotfiles/.zsh/zsh-autosuggestions/.git/refs/remotes/origin/master'
2024-11-14 00:36:35.764 [info] > git config --local branch.master.vscode-merge-base [21ms]
2024-11-14 00:36:35.774 [info] > git merge-base refs/heads/master refs/remotes/origin/master [42ms]
2024-11-14 00:36:35.784 [info] > git config --local branch.main.vscode-merge-base [62ms]
2024-11-14 00:36:35.794 [info] > git config --get commit.template [85ms]
2024-11-14 00:36:35.794 [info] > git config --get commit.template [99ms]
2024-11-14 00:36:35.794 [info] > git config --get commit.template [111ms]
2024-11-14 00:36:35.797 [info] > git for-each-ref --format=%(refname)%00%(upstream:short)%00%(objectname)%00%(upstream:track)%00%(upstream:remotename)%00%(upstream:remoteref) refs/heads/origin/main refs/remotes/origin/main [3ms]
2024-11-14 00:36:35.807 [info] > git diff --name-status -z --diff-filter=ADMR 7ed475cb589c9e82211f71b3a5d7083b69cea93c...refs/remotes/origin/master [23ms]
2024-11-14 00:36:35.807 [info] > git for-each-ref --format=%(refname)%00%(upstream:short)%00%(objectname)%00%(upstream:track)%00%(upstream:remotename)%00%(upstream:remoteref) refs/heads/origin/master refs/remotes/origin/master [33ms]
2024-11-14 00:36:35.818 [info] > git rev-parse refs/remotes/origin/master [54ms]
2024-11-14 00:36:35.837 [info] > git for-each-ref --format=%(refname)%00%(upstream:short)%00%(objectname)%00%(upstream:track)%00%(upstream:remotename)%00%(upstream:remoteref) refs/heads/master refs/remotes/master [83ms]
2024-11-14 00:36:35.864 [info] > git status -z -uall [36ms]
2024-11-14 00:36:35.865 [info] > git merge-base refs/heads/master refs/remotes/origin/master [47ms]
2024-11-14 00:36:35.876 [info] > git merge-base refs/heads/main refs/remotes/origin/main [70ms]
2024-11-14 00:36:35.887 [info] > git diff --name-status -z --diff-filter=ADMR 8a331b82108dd5c5834cebdc0abbe778cc1a2735...refs/remotes/origin/master [11ms]
2024-11-14 00:36:35.887 [info] > git for-each-ref --format=%(refname)%00%(upstream:short)%00%(objectname)%00%(upstream:track)%00%(upstream:remotename)%00%(upstream:remoteref) refs/heads/master refs/remotes/master [23ms]
2024-11-14 00:36:35.887 [info] > git for-each-ref --format=%(refname)%00%(upstream:short)%00%(objectname)%00%(upstream:track)%00%(upstream:remotename)%00%(upstream:remoteref) refs/heads/main refs/remotes/main [32ms]
2024-11-14 00:36:35.887 [info] > git for-each-ref --format=%(refname)%00%(upstream:short)%00%(objectname)%00%(upstream:track)%00%(upstream:remotename)%00%(upstream:remoteref) refs/heads/master refs/remotes/master [41ms]
2024-11-14 00:36:35.887 [info] > git for-each-ref --sort -committerdate --format %(refname) %(objectname) %(*objectname) [50ms]
2024-11-14 00:36:35.909 [warning] [Git][revParse] Unable to read file: ENOENT: no such file or directory, open '/home/fgress2/dotfiles/.zsh/zsh-syntax-highlighting/.git/refs/remotes/origin/master'
2024-11-14 00:36:35.919 [warning] [Git][revParse] Unable to read file: ENOENT: no such file or directory, open '/home/fgress2/dotfiles/.config/nvim/.git/refs/remotes/origin/main'
2024-11-14 00:36:35.928 [warning] [Git][revParse] Unable to read file: ENOENT: no such file or directory, open '/home/fgress2/dotfiles/.zsh/powerlevel10k/.git/refs/remotes/origin/master'
2024-11-14 00:36:35.937 [info] > git for-each-ref --format=%(refname)%00%(upstream:short)%00%(objectname)%00%(upstream:track)%00%(upstream:remotename)%00%(upstream:remoteref) refs/heads/master refs/remotes/master [39ms]
2024-11-14 00:36:35.949 [info] > git diff --name-status -z --diff-filter=ADMR d0c602f5f155d4d1261609219e9b8a61e936d681...refs/remotes/origin/main [64ms]
2024-11-14 00:36:35.972 [info] > git status -z -uall [12ms]
2024-11-14 00:36:35.972 [info] > git config --local branch.master.vscode-merge-base [23ms]
2024-11-14 00:36:35.982 [info] > git config --get commit.template [46ms]
2024-11-14 00:36:35.982 [info] > git rev-parse refs/remotes/origin/master [54ms]
2024-11-14 00:36:36.001 [info] > git rev-parse refs/remotes/origin/main [82ms]
2024-11-14 00:36:36.022 [info] > git rev-parse refs/remotes/origin/master [114ms]
2024-11-14 00:36:36.042 [info] > git status -z -uall [52ms]
2024-11-14 00:36:36.043 [info] > git status -z -uall [30ms]
2024-11-14 00:36:36.043 [info] > git status -z -uall [13ms]
2024-11-14 00:36:36.043 [info] > git for-each-ref --sort -committerdate --format %(refname) %(objectname) %(*objectname) [21ms]
2024-11-14 00:36:36.044 [info] > git for-each-ref --sort -committerdate --format %(refname) %(objectname) %(*objectname) [43ms]
2024-11-14 00:36:36.046 [info] > git for-each-ref --format=%(refname)%00%(upstream:short)%00%(objectname)%00%(upstream:track)%00%(upstream:remotename)%00%(upstream:remoteref) refs/heads/origin/master refs/remotes/origin/master [63ms]
2024-11-14 00:36:36.057 [info] > git for-each-ref --sort -committerdate --format %(refname) %(objectname) %(*objectname) [86ms]
2024-11-14 00:36:36.068 [info] > git merge-base refs/heads/master refs/remotes/origin/master [12ms]
2024-11-14 00:36:36.079 [info] > git for-each-ref --sort -committerdate --format %(refname) %(objectname) %(*objectname) [39ms]
2024-11-14 00:36:36.105 [info] > git for-each-ref --format=%(refname)%00%(upstream:short)%00%(objectname)%00%(upstream:track)%00%(upstream:remotename)%00%(upstream:remoteref) refs/heads/master refs/remotes/master [14ms]
2024-11-14 00:36:36.114 [info] > git diff --name-status -z --diff-filter=ADMR c3d4e576c9c86eac62884bd47c01f6faed043fc5...refs/remotes/origin/master [35ms]
2024-11-14 00:36:36.114 [info] > git for-each-ref --format=%(refname)%00%(upstream:short)%00%(objectname)%00%(upstream:track)%00%(upstream:remotename)%00%(upstream:remoteref) refs/heads/master refs/remotes/master [47ms]
2024-11-14 00:36:36.126 [warning] [Git][revParse] Unable to read file: ENOENT: no such file or directory, open '/home/fgress2/dotfiles/.zsh/zsh-autosuggestions/.git/refs/remotes/origin/master'
2024-11-14 00:36:36.126 [info] > git config --local branch.master.vscode-merge-base [12ms]
2024-11-14 00:36:36.136 [info] > git config --get commit.template [32ms]
2024-11-14 00:36:36.137 [info] > git rev-parse refs/remotes/origin/master [11ms]
2024-11-14 00:36:36.164 [info] > git status -z -uall [19ms]
2024-11-14 00:36:36.164 [info] > git for-each-ref --format=%(refname)%00%(upstream:short)%00%(objectname)%00%(upstream:track)%00%(upstream:remotename)%00%(upstream:remoteref) refs/heads/origin/master refs/remotes/origin/master [28ms]
2024-11-14 00:36:36.175 [info] > git for-each-ref --format=%(refname)%00%(upstream:short)%00%(objectname)%00%(upstream:track)%00%(upstream:remotename)%00%(upstream:remoteref) refs/heads/master refs/remotes/master [11ms]
2024-11-14 00:36:36.175 [info] > git for-each-ref --sort -committerdate --format %(refname) %(objectname) %(*objectname) [20ms]
2024-11-14 00:36:36.186 [warning] [Git][revParse] Unable to read file: ENOENT: no such file or directory, open '/home/fgress2/dotfiles/.zsh/zsh-syntax-highlighting/.git/refs/remotes/origin/master'
2024-11-14 00:36:36.186 [info] > git merge-base refs/heads/master refs/remotes/origin/master [12ms]
2024-11-14 00:36:36.196 [info] > git rev-parse refs/remotes/origin/master [10ms]
2024-11-14 00:36:36.216 [info] > git status -z -uall [12ms]
2024-11-14 00:36:36.216 [info] > git diff --name-status -z --diff-filter=ADMR e0165eaa730dd0fa321a6a6de74f092fe87630b0...refs/remotes/origin/master [21ms]
2024-11-14 00:36:36.217 [info] > git for-each-ref --sort -committerdate --format %(refname) %(objectname) %(*objectname) [2ms]
2024-11-14 00:36:38.210 [info] > git rev-parse --show-toplevel [1ms]
2024-11-14 00:38:47.963 [info] > git rev-parse --show-toplevel [1ms]
2024-11-14 00:39:05.615 [info] > git rev-parse --show-toplevel [1ms]
2024-11-14 00:56:11.345 [info] > git rev-parse --show-toplevel [1ms]
2024-11-14 00:56:12.268 [info] > git rev-parse --show-toplevel [1ms]
2024-11-14 00:56:14.654 [info] > git rev-parse --show-toplevel [1ms]
2024-11-14 00:56:22.555 [info] > git rev-parse --show-toplevel [1ms]
2024-11-14 00:56:27.208 [info] > git rev-parse --show-toplevel [1ms]
2024-11-14 01:00:29.717 [info] > git config --get commit.template [11ms]
2024-11-14 01:00:29.718 [info] > git config --get commit.template [2ms]
2024-11-14 01:00:29.739 [info] > git for-each-ref --format=%(refname)%00%(upstream:short)%00%(objectname)%00%(upstream:track)%00%(upstream:remotename)%00%(upstream:remoteref) refs/heads/main refs/remotes/main [11ms]
2024-11-14 01:00:29.749 [warning] [Git][revParse] Unable to read file: ENOENT: no such file or directory, open '/home/fgress2/dotfiles/.config/nvim/.git/refs/remotes/origin/main'
2024-11-14 01:00:29.749 [info] > git for-each-ref --format=%(refname)%00%(upstream:short)%00%(objectname)%00%(upstream:track)%00%(upstream:remotename)%00%(upstream:remoteref) refs/heads/main refs/remotes/main [11ms]
2024-11-14 01:00:29.750 [info] > git rev-parse refs/remotes/origin/main [1ms]
2024-11-14 01:00:29.772 [info] > git status -z -uall [12ms]
2024-11-14 01:00:29.772 [info] > git for-each-ref --sort -committerdate --format %(refname) %(objectname) %(*objectname) [1ms]
2024-11-14 01:00:29.796 [info] > git status -z -uall [12ms]
2024-11-14 01:00:29.796 [info] > git for-each-ref --sort -committerdate --format %(refname) %(objectname) %(*objectname) [2ms]
2024-11-14 01:00:29.810 [info] > git merge-base refs/heads/main refs/remotes/origin/main [1ms]
2024-11-14 01:00:29.822 [info] > git diff --name-status -z --diff-filter=ADMR e130bc8f212e7b9149c704e70783cba8def7d291...refs/remotes/origin/main [2ms]
2024-11-14 01:00:30.082 [info] > git fetch [447ms]
2024-11-14 01:00:30.111 [info] > git config --get commit.template [12ms]
2024-11-14 01:00:30.111 [info] > git for-each-ref --format=%(refname)%00%(upstream:short)%00%(objectname)%00%(upstream:track)%00%(upstream:remotename)%00%(upstream:remoteref) refs/heads/main refs/remotes/main [1ms]
2024-11-14 01:00:30.111 [info] > git fetch [462ms]
2024-11-14 01:00:30.124 [warning] [Git][revParse] Unable to read file: ENOENT: no such file or directory, open '/home/fgress2/dotfiles/.config/nvim/.git/refs/remotes/origin/main'
2024-11-14 01:00:30.135 [info] > git rev-parse refs/remotes/origin/main [11ms]
2024-11-14 01:00:30.153 [info] > git fetch [480ms]
2024-11-14 01:00:30.153 [info] > git fetch [470ms]
2024-11-14 01:00:30.170 [info] > git status -z -uall [27ms]
2024-11-14 01:00:30.170 [info] > git for-each-ref --sort -committerdate --format %(refname) %(objectname) %(*objectname) [18ms]
2024-11-14 01:00:30.171 [info] > git config --get commit.template [36ms]
2024-11-14 01:00:30.180 [info] > git config --get commit.template [10ms]
2024-11-14 01:00:30.181 [info] > git config --get commit.template [18ms]
2024-11-14 01:00:30.181 [info] > git for-each-ref --format=%(refname)%00%(upstream:short)%00%(objectname)%00%(upstream:track)%00%(upstream:remotename)%00%(upstream:remoteref) refs/heads/master refs/remotes/master [1ms]
2024-11-14 01:00:30.200 [info] > git for-each-ref --format=%(refname)%00%(upstream:short)%00%(objectname)%00%(upstream:track)%00%(upstream:remotename)%00%(upstream:remoteref) refs/heads/master refs/remotes/master [10ms]
2024-11-14 01:00:30.209 [warning] [Git][revParse] Unable to read file: ENOENT: no such file or directory, open '/home/fgress2/dotfiles/.zsh/zsh-autosuggestions/.git/refs/remotes/origin/master'
2024-11-14 01:00:30.229 [info] > git status -z -uall [11ms]
2024-11-14 01:00:30.230 [info] > git for-each-ref --format=%(refname)%00%(upstream:short)%00%(objectname)%00%(upstream:track)%00%(upstream:remotename)%00%(upstream:remoteref) refs/heads/master refs/remotes/master [31ms]
2024-11-14 01:00:30.239 [warning] [Git][revParse] Unable to read file: ENOENT: no such file or directory, open '/home/fgress2/dotfiles/.zsh/zsh-syntax-highlighting/.git/refs/remotes/origin/master'
2024-11-14 01:00:30.240 [info] > git for-each-ref --sort -committerdate --format %(refname) %(objectname) %(*objectname) [12ms]
2024-11-14 01:00:30.241 [info] > git rev-parse refs/remotes/origin/master [32ms]
2024-11-14 01:00:30.261 [info] > git status -z -uall [11ms]
2024-11-14 01:00:30.261 [info] > git rev-parse refs/remotes/origin/master [22ms]
2024-11-14 01:00:30.280 [info] > git fetch [620ms]
2024-11-14 01:00:30.280 [info] From https://github.com/romkatv/powerlevel10k
   8a331b8..f2f0149  master     -> origin/master
2024-11-14 01:00:30.291 [info] > git status -z -uall [21ms]
2024-11-14 01:00:30.292 [info] > git for-each-ref --sort -committerdate --format %(refname) %(objectname) %(*objectname) [11ms]
2024-11-14 01:00:30.293 [info] > git for-each-ref --sort -committerdate --format %(refname) %(objectname) %(*objectname) [32ms]
2024-11-14 01:00:30.295 [info] > git config --get commit.template [4ms]
2024-11-14 01:00:30.305 [info] > git for-each-ref --format=%(refname)%00%(upstream:short)%00%(objectname)%00%(upstream:track)%00%(upstream:remotename)%00%(upstream:remoteref) refs/heads/master refs/remotes/master [1ms]
2024-11-14 01:00:30.326 [info] > git status -z -uall [9ms]
2024-11-14 01:00:30.326 [info] > git for-each-ref --sort -committerdate --format %(refname) %(objectname) %(*objectname) [1ms]
2024-11-14 01:00:30.337 [info] > git merge-base refs/heads/master refs/remotes/origin/master [1ms]
2024-11-14 01:00:30.348 [info] > git diff --name-status -z --diff-filter=ADMR 8a331b82108dd5c5834cebdc0abbe778cc1a2735...refs/remotes/origin/master [1ms]
2024-11-14 01:00:32.134 [info] > git fetch [2440ms]
2024-11-14 01:00:32.366 [info] > git rev-parse --show-toplevel [2ms]
2024-11-14 01:00:32.366 [info] fatal: not a git repository (or any of the parent directories): .git
2024-11-14 01:00:32.366 [info] > git config --get commit.template [11ms]
2024-11-14 01:00:32.367 [info] > git config --get commit.template [22ms]
2024-11-14 01:00:32.367 [info] > git config --get commit.template [31ms]
2024-11-14 01:00:32.367 [info] > git config --get commit.template [41ms]
2024-11-14 01:00:32.367 [info] > git config --get commit.template [51ms]
2024-11-14 01:00:32.416 [info] > git for-each-ref --format=%(refname)%00%(upstream:short)%00%(objectname)%00%(upstream:track)%00%(upstream:remotename)%00%(upstream:remoteref) refs/heads/master refs/remotes/master [9ms]
2024-11-14 01:00:32.416 [info] > git for-each-ref --format=%(refname)%00%(upstream:short)%00%(objectname)%00%(upstream:track)%00%(upstream:remotename)%00%(upstream:remoteref) refs/heads/master refs/remotes/master [20ms]
2024-11-14 01:00:32.416 [info] > git for-each-ref --format=%(refname)%00%(upstream:short)%00%(objectname)%00%(upstream:track)%00%(upstream:remotename)%00%(upstream:remoteref) refs/heads/master refs/remotes/master [30ms]
2024-11-14 01:00:32.416 [info] > git for-each-ref --format=%(refname)%00%(upstream:short)%00%(objectname)%00%(upstream:track)%00%(upstream:remotename)%00%(upstream:remoteref) refs/heads/main refs/remotes/main [39ms]
2024-11-14 01:00:32.425 [warning] [Git][revParse] Unable to read file: ENOENT: no such file or directory, open '/home/fgress2/dotfiles/.zsh/zsh-syntax-highlighting/.git/refs/remotes/origin/master'
2024-11-14 01:00:32.434 [warning] [Git][revParse] Unable to read file: ENOENT: no such file or directory, open '/home/fgress2/dotfiles/.zsh/zsh-autosuggestions/.git/refs/remotes/origin/master'
2024-11-14 01:00:32.435 [info] > git for-each-ref --format=%(refname)%00%(upstream:short)%00%(objectname)%00%(upstream:track)%00%(upstream:remotename)%00%(upstream:remoteref) refs/heads/master refs/remotes/master [20ms]
2024-11-14 01:00:32.435 [info] > git rev-parse refs/remotes/origin/master [10ms]
2024-11-14 01:00:32.455 [info] > git status -z -uall [10ms]
2024-11-14 01:00:32.455 [info] > git rev-parse refs/remotes/origin/master [21ms]
2024-11-14 01:00:32.514 [info] > git status -z -uall [48ms]
2024-11-14 01:00:32.514 [info] > git status -z -uall [30ms]
2024-11-14 01:00:32.514 [info] > git status -z -uall [11ms]
2024-11-14 01:00:32.514 [info] > git for-each-ref --sort -committerdate --format %(refname) %(objectname) %(*objectname) [60ms]
2024-11-14 01:00:32.534 [info] > git status -z -uall [10ms]
2024-11-14 01:00:32.535 [info] > git for-each-ref --sort -committerdate --format %(refname) %(objectname) %(*objectname) [21ms]
2024-11-14 01:00:32.535 [info] > git for-each-ref --sort -committerdate --format %(refname) %(objectname) %(*objectname) [41ms]
2024-11-14 01:00:32.536 [info] > git for-each-ref --sort -committerdate --format %(refname) %(objectname) %(*objectname) [61ms]
2024-11-14 01:00:32.537 [info] > git for-each-ref --sort -committerdate --format %(refname) %(objectname) %(*objectname) [3ms]
2024-11-14 01:00:34.788 [info] > git config --get commit.template [1ms]
2024-11-14 01:00:34.798 [info] > git for-each-ref --format=%(refname)%00%(upstream:short)%00%(objectname)%00%(upstream:track)%00%(upstream:remotename)%00%(upstream:remoteref) refs/heads/main refs/remotes/main [1ms]
2024-11-14 01:00:34.808 [warning] [Git][revParse] Unable to read file: ENOENT: no such file or directory, open '/home/fgress2/dotfiles/.config/nvim/.git/refs/remotes/origin/main'
2024-11-14 01:00:34.808 [info] > git rev-parse refs/remotes/origin/main [0ms]
2024-11-14 01:00:34.841 [info] > git status -z -uall [23ms]
2024-11-14 01:00:34.841 [info] > git for-each-ref --sort -committerdate --format %(refname) %(objectname) %(*objectname) [13ms]
2024-11-14 01:00:34.843 [info] > git config --get commit.template [3ms]
2024-11-14 01:00:34.854 [info] > git for-each-ref --format=%(refname)%00%(upstream:short)%00%(objectname)%00%(upstream:track)%00%(upstream:remotename)%00%(upstream:remoteref) refs/heads/main refs/remotes/main [1ms]
2024-11-14 01:00:34.876 [info] > git status -z -uall [11ms]
2024-11-14 01:00:34.877 [info] > git for-each-ref --sort -committerdate --format %(refname) %(objectname) %(*objectname) [1ms]
2024-11-14 01:03:33.315 [info] > git fetch [3123ms]
2024-11-14 01:03:33.345 [info] > git config --get commit.template [13ms]
2024-11-14 01:03:33.345 [info] > git for-each-ref --format=%(refname)%00%(upstream:short)%00%(objectname)%00%(upstream:track)%00%(upstream:remotename)%00%(upstream:remoteref) refs/heads/main refs/remotes/main [1ms]
2024-11-14 01:03:33.359 [warning] [Git][revParse] Unable to read file: ENOENT: no such file or directory, open '/home/fgress2/dotfiles/.config/nvim/.git/refs/remotes/origin/main'
2024-11-14 01:03:33.360 [info] > git fetch [3103ms]
2024-11-14 01:03:33.361 [info] > git fetch [3008ms]
2024-11-14 01:03:33.386 [info] > git rev-parse refs/remotes/origin/main [27ms]
2024-11-14 01:03:33.409 [info] > git status -z -uall [11ms]
2024-11-14 01:03:33.410 [info] > git config --get commit.template [24ms]
2024-11-14 01:03:33.410 [info] > git config --get commit.template [37ms]
2024-11-14 01:03:33.410 [info] > git for-each-ref --sort -committerdate --format %(refname) %(objectname) %(*objectname) [1ms]
2024-11-14 01:03:33.429 [info] > git for-each-ref --format=%(refname)%00%(upstream:short)%00%(objectname)%00%(upstream:track)%00%(upstream:remotename)%00%(upstream:remoteref) refs/heads/master refs/remotes/master [9ms]
2024-11-14 01:03:33.430 [info] > git for-each-ref --format=%(refname)%00%(upstream:short)%00%(objectname)%00%(upstream:track)%00%(upstream:remotename)%00%(upstream:remoteref) refs/heads/master refs/remotes/master [1ms]
2024-11-14 01:03:33.449 [info] > git status -z -uall [10ms]
2024-11-14 01:03:33.450 [info] > git for-each-ref --sort -committerdate --format %(refname) %(objectname) %(*objectname) [1ms]
2024-11-14 01:03:33.471 [info] > git status -z -uall [11ms]
2024-11-14 01:03:33.471 [info] > git for-each-ref --sort -committerdate --format %(refname) %(objectname) %(*objectname) [2ms]
2024-11-14 01:03:33.485 [info] > git fetch [3172ms]
2024-11-14 01:03:33.494 [info] > git config --get commit.template [1ms]
2024-11-14 01:03:33.504 [info] > git for-each-ref --format=%(refname)%00%(upstream:short)%00%(objectname)%00%(upstream:track)%00%(upstream:remotename)%00%(upstream:remoteref) refs/heads/master refs/remotes/master [1ms]
2024-11-14 01:03:33.514 [warning] [Git][revParse] Unable to read file: ENOENT: no such file or directory, open '/home/fgress2/dotfiles/.zsh/zsh-syntax-highlighting/.git/refs/remotes/origin/master'
2024-11-14 01:03:33.515 [info] > git rev-parse refs/remotes/origin/master [1ms]
2024-11-14 01:03:33.535 [info] > git status -z -uall [11ms]
2024-11-14 01:03:33.536 [info] > git fetch [3211ms]
2024-11-14 01:03:33.546 [info] > git for-each-ref --sort -committerdate --format %(refname) %(objectname) %(*objectname) [11ms]
2024-11-14 01:03:33.547 [info] > git config --get commit.template [2ms]
2024-11-14 01:03:33.558 [info] > git for-each-ref --format=%(refname)%00%(upstream:short)%00%(objectname)%00%(upstream:track)%00%(upstream:remotename)%00%(upstream:remoteref) refs/heads/master refs/remotes/master [2ms]
2024-11-14 01:03:33.567 [warning] [Git][revParse] Unable to read file: ENOENT: no such file or directory, open '/home/fgress2/dotfiles/.zsh/zsh-autosuggestions/.git/refs/remotes/origin/master'
2024-11-14 01:03:33.567 [info] > git rev-parse refs/remotes/origin/master [0ms]
2024-11-14 01:03:33.586 [info] > git status -z -uall [10ms]
2024-11-14 01:03:33.588 [info] > git for-each-ref --sort -committerdate --format %(refname) %(objectname) %(*objectname) [2ms]
2024-11-14 01:03:34.770 [info] > git config --get commit.template [1ms]
2024-11-14 01:03:34.771 [info] > git config --get commit.template [12ms]
2024-11-14 01:03:34.771 [info] > git config --get commit.template [23ms]
2024-11-14 01:03:34.771 [info] > git config --get commit.template [32ms]
2024-11-14 01:03:34.806 [info] > git for-each-ref --format=%(refname)%00%(upstream:short)%00%(objectname)%00%(upstream:track)%00%(upstream:remotename)%00%(upstream:remoteref) refs/heads/master refs/remotes/master [9ms]
2024-11-14 01:03:34.806 [info] > git for-each-ref --format=%(refname)%00%(upstream:short)%00%(objectname)%00%(upstream:track)%00%(upstream:remotename)%00%(upstream:remoteref) refs/heads/master refs/remotes/master [17ms]
2024-11-14 01:03:34.806 [info] > git for-each-ref --format=%(refname)%00%(upstream:short)%00%(objectname)%00%(upstream:track)%00%(upstream:remotename)%00%(upstream:remoteref) refs/heads/master refs/remotes/master [26ms]
2024-11-14 01:03:34.816 [warning] [Git][revParse] Unable to read file: ENOENT: no such file or directory, open '/home/fgress2/dotfiles/.zsh/zsh-autosuggestions/.git/refs/remotes/origin/master'
2024-11-14 01:03:34.816 [info] > git for-each-ref --format=%(refname)%00%(upstream:short)%00%(objectname)%00%(upstream:track)%00%(upstream:remotename)%00%(upstream:remoteref) refs/heads/master refs/remotes/master [10ms]
2024-11-14 01:03:34.826 [warning] [Git][revParse] Unable to read file: ENOENT: no such file or directory, open '/home/fgress2/dotfiles/.zsh/zsh-syntax-highlighting/.git/refs/remotes/origin/master'
2024-11-14 01:03:34.826 [info] > git rev-parse refs/remotes/origin/master [10ms]
2024-11-14 01:03:34.846 [info] > git status -z -uall [11ms]
2024-11-14 01:03:34.846 [info] > git rev-parse refs/remotes/origin/master [21ms]
2024-11-14 01:03:34.907 [info] > git status -z -uall [52ms]
2024-11-14 01:03:34.907 [info] > git status -z -uall [32ms]
2024-11-14 01:03:34.907 [info] > git status -z -uall [12ms]
2024-11-14 01:03:34.908 [info] > git for-each-ref --sort -committerdate --format %(refname) %(objectname) %(*objectname) [62ms]
2024-11-14 01:03:34.909 [info] > git for-each-ref --sort -committerdate --format %(refname) %(objectname) %(*objectname) [3ms]
2024-11-14 01:03:34.909 [info] > git for-each-ref --sort -committerdate --format %(refname) %(objectname) %(*objectname) [23ms]
2024-11-14 01:03:34.910 [info] > git for-each-ref --sort -committerdate --format %(refname) %(objectname) %(*objectname) [45ms]
2024-11-14 01:03:35.011 [info] > git fetch [2455ms]
2024-11-14 01:03:35.025 [info] > git config --get commit.template [2ms]
2024-11-14 01:03:35.036 [info] > git for-each-ref --format=%(refname)%00%(upstream:short)%00%(objectname)%00%(upstream:track)%00%(upstream:remotename)%00%(upstream:remoteref) refs/heads/main refs/remotes/main [1ms]
2024-11-14 01:03:35.057 [info] > git status -z -uall [9ms]
2024-11-14 01:03:35.057 [info] > git for-each-ref --sort -committerdate --format %(refname) %(objectname) %(*objectname) [1ms]
