2024-11-13 18:49:45.802 [info] 2024-11-13T17:49:45.718Z extension INFO  Activating extension... [
  {
    id: 'mongodb.mongodb-vscode',
    version: '1.9.3',
    mode: 'Production',
    kind: 'UI',
    extensionPath: '/home/fgress2/.vscode/extensions/mongodb.mongodb-vscode-1.9.3',
    logPath: '/home/fgress2/.config/Code/logs/20241113T184943/window1/exthost/mongodb.mongodb-vscode',
    workspaceStoragePath: '/home/fgress2/.config/Code/User/workspaceStorage/196e1d868c8db305c4c4e80ab639ba68/mongodb.mongodb-vscode',
    globalStoragePath: '/home/fgress2/.config/Code/User/globalStorage/mongodb.mongodb-vscode',
    defaultConnectionSavingLocation: 'Global',
    buildInfo: {
      nodeVersion: 'v20.18.0',
      runtimePlatform: 'linux',
      runtimeArch: 'x64'
    }
  }
]

2024-11-13 18:49:45.802 [info] 2024-11-13T17:49:45.721Z language server controller INFO  Creating MongoDB Language Server... [
  {
    extensionPath: '/home/fgress2/.vscode/extensions/mongodb.mongodb-vscode-1.9.3',
    languageServer: {
      id: 'mongodbLanguageServer',
      name: 'MongoDB Language Server',
      path: '/home/fgress2/.vscode/extensions/mongodb.mongodb-vscode-1.9.3/dist/languageServer.js',
      documentSelector: '[{"pattern":"**/*.mongodb.js"},{"pattern":"**/*.mongodb"}]'
    }
  }
]

2024-11-13 18:49:45.802 [info] 2024-11-13T17:49:45.729Z telemetry INFO  Segment analytics activated [ { anonymousId: '88e97310-e986-4e15-8583-1143a4546ae4' } ]

2024-11-13 18:49:45.802 [info] 2024-11-13T17:49:45.729Z participant INFO  Chat participant created [ { participantId: 'mongodb.participant' } ]

2024-11-13 18:49:45.802 [info] 2024-11-13T17:49:45.730Z language server controller INFO  Starting the language server... []

2024-11-13 18:49:50.112 [info] 2024-11-13T17:49:50.112Z language server controller INFO  MongoDBService initialized. Sending default settings... {"extensionPath":"/home/fgress2/.vscode/extensions/mongodb.mongodb-vscode-1.9.3","connectionId":null,"hasConnectionString":false,"hasConnectionOptions":false} []

2024-11-13 18:56:18.089 [info] 2024-11-13T17:56:18.081Z extension INFO  Deactivating extension... []

2024-11-13 18:56:18.089 [info] 2024-11-13T17:56:18.081Z connection controller INFO  Disconnect called, currently connected to [ null ]

2024-11-13 18:56:18.089 [info] 2024-11-13T17:56:18.081Z language server controller INFO  Changing MongoDBService active connection... [ { connectionId: null } ]

2024-11-13 18:56:18.089 [info] 2024-11-13T17:56:18.081Z connection controller ERROR Unable to disconnect: no active connection []

2024-11-13 18:56:18.089 [info] 2024-11-13T17:56:18.083Z connection controller INFO  Disconnect called, currently connected to [ null ]

2024-11-13 18:56:18.089 [info] 2024-11-13T17:56:18.083Z language server controller INFO  Changing MongoDBService active connection... [ { connectionId: null } ]

2024-11-13 18:56:18.089 [info] 2024-11-13T17:56:18.083Z connection controller ERROR Unable to disconnect: no active connection []

2024-11-13 18:56:18.090 [info] 2024-11-13T17:56:18.089Z language server controller INFO  Deactivating the language server... []

2024-11-13 18:56:18.090 [info] 2024-11-13T17:56:18.089Z language server controller INFO  Deactivating the language server... []

2024-11-13 18:56:19.870 [info] 2024-11-13T17:56:19.832Z extension INFO  Activating extension... [
  {
    id: 'mongodb.mongodb-vscode',
    version: '1.9.3',
    mode: 'Production',
    kind: 'UI',
    extensionPath: '/home/fgress2/.vscode/extensions/mongodb.mongodb-vscode-1.9.3',
    logPath: '/home/fgress2/.config/Code/logs/20241113T184943/window1/exthost/mongodb.mongodb-vscode',
    workspaceStoragePath: '/home/fgress2/.config/Code/User/workspaceStorage/196e1d868c8db305c4c4e80ab639ba68/mongodb.mongodb-vscode',
    globalStoragePath: '/home/fgress2/.config/Code/User/globalStorage/mongodb.mongodb-vscode',
    defaultConnectionSavingLocation: 'Global',
    buildInfo: {
      nodeVersion: 'v20.18.0',
      runtimePlatform: 'linux',
      runtimeArch: 'x64'
    }
  }
]

2024-11-13 18:56:19.870 [info] 2024-11-13T17:56:19.835Z language server controller INFO  Creating MongoDB Language Server... [
  {
    extensionPath: '/home/fgress2/.vscode/extensions/mongodb.mongodb-vscode-1.9.3',
    languageServer: {
      id: 'mongodbLanguageServer',
      name: 'MongoDB Language Server',
      path: '/home/fgress2/.vscode/extensions/mongodb.mongodb-vscode-1.9.3/dist/languageServer.js',
      documentSelector: '[{"pattern":"**/*.mongodb.js"},{"pattern":"**/*.mongodb"}]'
    }
  }
]

2024-11-13 18:56:19.870 [info] 2024-11-13T17:56:19.843Z telemetry INFO  Segment analytics activated [ { anonymousId: '88e97310-e986-4e15-8583-1143a4546ae4' } ]

2024-11-13 18:56:19.870 [info] 2024-11-13T17:56:19.844Z participant INFO  Chat participant created [ { participantId: 'mongodb.participant' } ]

2024-11-13 18:56:19.870 [info] 2024-11-13T17:56:19.844Z language server controller INFO  Starting the language server... []

2024-11-13 18:56:20.321 [info] 2024-11-13T17:56:20.321Z language server controller INFO  MongoDBService initialized. Sending default settings... {"extensionPath":"/home/fgress2/.vscode/extensions/mongodb.mongodb-vscode-1.9.3","connectionId":null,"hasConnectionString":false,"hasConnectionOptions":false} []

