2024-11-13 22:57:12.370 [info] Started local extension host with pid 2129.
2024-11-13 22:57:17.621 [error] [Extension Host] (node:2129) [DEP0005] DeprecationWarning: Buffer() is deprecated due to security and usability issues. Please use the Buffer.alloc(), Buffer.allocUnsafe(), or Buffer.from() methods instead.
(Use `exe --trace-deprecation ...` to show where the warning was created)
2024-11-13 22:57:35.457 [info] Settings Sync: Updating authentication providers. Authentication Providers from store: [{"id":"github","scopes":["user:email"]},{"id":"microsoft","scopes":["openid","profile","email","offline_access"]}]
2024-11-13 22:57:35.457 [info] Settings Sync: Authentication providers updated []
2024-11-13 22:57:47.499 [info] Settings Sync: Updating authentication providers. Authentication Providers from store: [{"id":"github","scopes":["user:email"]},{"id":"microsoft","scopes":["openid","profile","email","offline_access"]}]
2024-11-13 22:57:47.499 [info] Settings Sync: Authentication providers updated ["github"]
2024-11-13 22:57:47.500 [info] Settings Sync: Updating authentication providers. Authentication Providers from store: [{"id":"github","scopes":["user:email"]},{"id":"microsoft","scopes":["openid","profile","email","offline_access"]}]
2024-11-13 22:57:47.500 [info] Settings Sync: Authentication providers updated ["github"]
2024-11-13 22:57:47.500 [info] Settings Sync: Updating due to declared authentication providers changed
2024-11-13 22:57:47.500 [info] Settings Sync: Updating authentication providers. Authentication Providers from store: [{"id":"github","scopes":["user:email"]},{"id":"microsoft","scopes":["openid","profile","email","offline_access"]}]
2024-11-13 22:57:47.501 [info] Settings Sync: Authentication providers updated ["github"]
2024-11-13 22:57:47.501 [info] Settings Sync: Updating authentication providers. Authentication Providers from store: [{"id":"github","scopes":["user:email"]},{"id":"microsoft","scopes":["openid","profile","email","offline_access"]}]
2024-11-13 22:57:47.501 [info] Settings Sync: Authentication providers updated ["github","microsoft"]
2024-11-13 22:57:47.501 [info] Settings Sync: Updating authentication providers. Authentication Providers from store: [{"id":"github","scopes":["user:email"]},{"id":"microsoft","scopes":["openid","profile","email","offline_access"]}]
2024-11-13 22:57:47.501 [info] Settings Sync: Authentication providers updated ["github","microsoft"]
2024-11-13 22:57:47.502 [info] Settings Sync: Updating due to declared authentication providers changed
2024-11-13 22:57:47.502 [info] Settings Sync: Updating authentication providers. Authentication Providers from store: [{"id":"github","scopes":["user:email"]},{"id":"microsoft","scopes":["openid","profile","email","offline_access"]}]
2024-11-13 22:57:47.502 [info] Settings Sync: Authentication providers updated ["github","microsoft"]
2024-11-13 22:59:00.556 [error] [sidthesloth.html5-boilerplate]: Unknown language in `contributes.html5-boilerplate.language`. Provided value: njk
2024-11-13 22:59:00.580 [info] [perf] Render performance baseline is 17ms
