2024-11-18 12:45:46.406 [info] Reading sessions from keychain...
2024-11-18 12:45:46.406 [info] Getting sessions for all scopes...
2024-11-18 12:45:46.406 [info] Getting sessions for all scopes...
2024-11-18 12:45:46.406 [info] Getting sessions for all scopes...
2024-11-18 12:45:46.406 [info] Getting sessions for user:email...
2024-11-18 12:45:46.406 [info] Got stored sessions!
2024-11-18 12:45:46.406 [info] Got 1 verified sessions.
2024-11-18 12:45:46.406 [info] Got 1 sessions for ...
2024-11-18 12:45:46.406 [info] Got 1 sessions for ...
2024-11-18 12:45:46.406 [info] Got 1 sessions for ...
2024-11-18 12:45:46.406 [info] Got 1 sessions for user:email...
2024-11-18 12:45:46.406 [info] Getting sessions for user:email...
2024-11-18 12:45:46.406 [info] Got 1 sessions for user:email...
2024-11-18 12:45:46.406 [info] Getting sessions for user:email...
2024-11-18 12:45:46.406 [info] Got 1 sessions for user:email...
2024-11-18 12:45:47.177 [info] Getting sessions for all scopes...
2024-11-18 12:45:47.177 [info] Got 1 sessions for ...
2024-11-18 12:45:50.366 [info] Getting sessions for read:user,repo,user:email...
2024-11-18 12:45:50.366 [info] Got 0 sessions for read:user,repo,user:email...
2024-11-18 12:45:50.369 [info] Getting sessions for read:user,repo,user:email,workflow...
2024-11-18 12:45:50.369 [info] Got 0 sessions for read:user,repo,user:email,workflow...
2024-11-18 12:45:50.369 [info] Getting sessions for all scopes...
2024-11-18 12:45:50.369 [info] Got 1 sessions for ...
2024-11-18 12:45:50.369 [info] Getting sessions for all scopes...
2024-11-18 12:45:50.369 [info] Got 1 sessions for ...
2024-11-18 12:45:50.376 [info] Getting sessions for read:user...
2024-11-18 12:45:50.376 [info] Got 0 sessions for read:user...
2024-11-18 12:45:50.376 [info] Getting sessions for read:user,repo,user:email,workflow...
2024-11-18 12:45:50.376 [info] Got 0 sessions for read:user,repo,user:email,workflow...
2024-11-18 12:45:50.651 [info] Getting sessions for user:email...
2024-11-18 12:45:50.651 [info] Got 1 sessions for user:email...
2024-11-18 12:45:50.679 [info] Getting sessions for user:email...
2024-11-18 12:45:50.679 [info] Got 1 sessions for user:email...
2024-11-18 12:45:50.721 [info] Getting sessions for all scopes...
2024-11-18 12:45:50.722 [info] Got 1 sessions for ...
2024-11-18 12:45:50.722 [info] Getting sessions for all scopes...
2024-11-18 12:45:50.722 [info] Got 1 sessions for ...
2024-11-18 12:45:51.548 [info] Getting sessions for read:user,repo,user:email,workflow...
2024-11-18 12:45:51.548 [info] Got 0 sessions for read:user,repo,user:email,workflow...
2024-11-18 12:45:51.633 [info] Getting sessions for read:user,repo,user:email,workflow...
2024-11-18 12:45:51.633 [info] Got 0 sessions for read:user,repo,user:email,workflow...
2024-11-18 12:45:51.656 [info] Getting sessions for user:email...
2024-11-18 12:45:51.656 [info] Got 1 sessions for user:email...
2024-11-18 12:45:52.430 [info] Getting sessions for all scopes...
2024-11-18 12:45:52.430 [info] Got 1 sessions for ...
2024-11-18 12:45:52.430 [info] Getting sessions for all scopes...
2024-11-18 12:45:52.430 [info] Got 1 sessions for ...
2024-11-18 12:45:52.431 [info] Getting sessions for read:user,repo,user:email,workflow...
2024-11-18 12:45:52.431 [info] Got 0 sessions for read:user,repo,user:email,workflow...
2024-11-18 12:45:52.438 [info] Getting sessions for user:email...
2024-11-18 12:45:52.438 [info] Got 1 sessions for user:email...
2024-11-18 12:45:52.440 [info] Getting sessions for all scopes...
2024-11-18 12:45:52.440 [info] Got 1 sessions for ...
2024-11-18 12:45:52.441 [info] Getting sessions for read:user,repo,user:email,workflow...
2024-11-18 12:45:52.441 [info] Got 0 sessions for read:user,repo,user:email,workflow...
2024-11-18 12:45:52.474 [info] Getting sessions for user:email...
2024-11-18 12:45:52.474 [info] Got 1 sessions for user:email...
2024-11-18 12:45:52.524 [info] Getting sessions for all scopes...
2024-11-18 12:45:52.524 [info] Got 1 sessions for ...
2024-11-18 12:45:52.537 [info] Getting sessions for read:user,repo,user:email,workflow...
2024-11-18 12:45:52.537 [info] Got 0 sessions for read:user,repo,user:email,workflow...
2024-11-18 12:45:52.538 [info] Getting sessions for user:email...
2024-11-18 12:45:52.538 [info] Got 1 sessions for user:email...
2024-11-18 12:46:55.485 [info] Getting sessions for read:user,repo,user:email,workflow...
2024-11-18 12:46:55.485 [info] Got 0 sessions for read:user,repo,user:email,workflow...
