2024-11-13 19:13:17.143 [info] [main] Log level: Info
2024-11-13 19:13:17.143 [info] [main] Validating found git in: "git"
2024-11-13 19:13:17.143 [info] [main] Using git "2.47.0" from "git"
2024-11-13 19:13:17.143 [info] [Model][doInitialScan] Initial repository scan started
2024-11-13 19:13:17.143 [info] > git rev-parse --show-toplevel [13ms]
2024-11-13 19:13:17.143 [info] fatal: not a git repository (or any of the parent directories): .git
2024-11-13 19:13:17.143 [info] > git rev-parse --show-toplevel [7ms]
2024-11-13 19:13:17.143 [info] fatal: not a git repository (or any of the parent directories): .git
2024-11-13 19:13:17.541 [info] > git rev-parse --show-toplevel [2ms]
2024-11-13 19:13:17.541 [info] fatal: not a git repository (or any of the parent directories): .git
2024-11-13 19:13:17.606 [info] > git rev-parse --show-toplevel [60ms]
2024-11-13 19:13:17.606 [info] fatal: not a git repository (or any of the parent directories): .git
2024-11-13 19:13:17.615 [info] > git rev-parse --show-toplevel [4ms]
2024-11-13 19:13:17.615 [info] fatal: not a git repository (or any of the parent directories): .git
2024-11-13 19:13:17.631 [info] > git rev-parse --show-toplevel [11ms]
2024-11-13 19:13:17.631 [info] fatal: not a git repository (or any of the parent directories): .git
2024-11-13 19:13:17.638 [info] > git rev-parse --show-toplevel [2ms]
2024-11-13 19:13:17.638 [info] fatal: not a git repository (or any of the parent directories): .git
2024-11-13 19:13:17.647 [info] > git rev-parse --show-toplevel [4ms]
2024-11-13 19:13:17.647 [info] fatal: not a git repository (or any of the parent directories): .git
2024-11-13 19:13:17.667 [info] > git rev-parse --show-toplevel [14ms]
2024-11-13 19:13:17.673 [info] > git rev-parse --git-dir --git-common-dir [1ms]
2024-11-13 19:13:17.681 [info] [Model][openRepository] Opened repository: /home/fgress2/.oh-my-zsh
2024-11-13 19:13:17.701 [info] > git rev-parse --show-toplevel [7ms]
2024-11-13 19:13:17.701 [info] fatal: not a git repository (or any of the parent directories): .git
2024-11-13 19:13:17.701 [info] > git config --get commit.template [13ms]
2024-11-13 19:13:17.718 [info] > git rev-parse --show-toplevel [11ms]
2024-11-13 19:13:17.718 [info] fatal: not a git repository (or any of the parent directories): .git
2024-11-13 19:13:17.725 [info] > git for-each-ref --format=%(refname)%00%(upstream:short)%00%(objectname)%00%(upstream:track)%00%(upstream:remotename)%00%(upstream:remoteref) refs/heads/master refs/remotes/master [10ms]
2024-11-13 19:13:17.726 [info] > git rev-parse --show-toplevel [3ms]
2024-11-13 19:13:17.726 [info] fatal: not a git repository (or any of the parent directories): .git
2024-11-13 19:13:17.869 [info] > git rev-parse --show-toplevel [136ms]
2024-11-13 19:13:17.869 [info] fatal: not a git repository (or any of the parent directories): .git
2024-11-13 19:13:17.885 [info] > git status -z -uall [106ms]
2024-11-13 19:13:17.925 [info] > git for-each-ref --sort -committerdate --format %(refname) %(objectname) %(*objectname) [140ms]
2024-11-13 19:13:18.001 [info] > git for-each-ref --format=%(refname)%00%(upstream:short)%00%(objectname)%00%(upstream:track)%00%(upstream:remotename)%00%(upstream:remoteref) refs/heads/master refs/remotes/master [69ms]
2024-11-13 19:13:18.008 [info] > git rev-parse --show-toplevel [122ms]
2024-11-13 19:13:18.008 [info] fatal: not a git repository (or any of the parent directories): .git
2024-11-13 19:13:18.046 [info] > git config --local branch.master.vscode-merge-base [39ms]
2024-11-13 19:13:18.051 [info] > git config --get commit.template [107ms]
2024-11-13 19:13:18.053 [info] > git rev-parse --show-toplevel [36ms]
2024-11-13 19:13:18.053 [info] fatal: not a git repository (or any of the parent directories): .git
2024-11-13 19:13:18.070 [info] > git for-each-ref --format=%(refname)%00%(upstream:short)%00%(objectname)%00%(upstream:track)%00%(upstream:remotename)%00%(upstream:remoteref) refs/heads/origin/master refs/remotes/origin/master [19ms]
2024-11-13 19:13:18.080 [info] > git rev-parse --show-toplevel [11ms]
2024-11-13 19:13:18.080 [info] fatal: not a git repository (or any of the parent directories): .git
2024-11-13 19:13:18.080 [info] > git for-each-ref --format=%(refname)%00%(upstream:short)%00%(objectname)%00%(upstream:track)%00%(upstream:remotename)%00%(upstream:remoteref) refs/heads/master refs/remotes/master [16ms]
2024-11-13 19:13:18.086 [info] > git merge-base refs/heads/master refs/remotes/origin/master [11ms]
2024-11-13 19:13:18.099 [info] > git diff --name-status -z --diff-filter=ADMR 7ed475cb589c9e82211f71b3a5d7083b69cea93c...refs/remotes/origin/master [9ms]
2024-11-13 19:13:18.099 [info] > git rev-parse --show-toplevel [14ms]
2024-11-13 19:13:18.099 [info] fatal: not a git repository (or any of the parent directories): .git
2024-11-13 19:13:18.132 [info] > git for-each-ref --sort -committerdate --format %(refname) %(objectname) %(*objectname) [17ms]
2024-11-13 19:13:18.133 [info] > git rev-parse --show-toplevel [27ms]
2024-11-13 19:13:18.133 [info] fatal: not a git repository (or any of the parent directories): .git
2024-11-13 19:13:18.155 [info] > git status -z -uall [45ms]
2024-11-13 19:13:18.239 [info] > git rev-parse --show-toplevel [84ms]
2024-11-13 19:13:18.240 [info] fatal: not a git repository (or any of the parent directories): .git
2024-11-13 19:13:18.242 [info] [Model][doInitialScan] Initial repository scan completed - repositories (1), closed repositories (0), parent repositories (0), unsafe repositories (0)
2024-11-13 19:13:26.030 [info] > git rev-parse --show-toplevel [2ms]
2024-11-13 19:13:26.030 [info] fatal: not a git repository (or any of the parent directories): .git
2024-11-13 19:13:27.443 [info] > git fetch [485ms]
2024-11-13 19:13:27.466 [info] > git config --get commit.template [5ms]
2024-11-13 19:13:27.475 [info] > git for-each-ref --format=%(refname)%00%(upstream:short)%00%(objectname)%00%(upstream:track)%00%(upstream:remotename)%00%(upstream:remoteref) refs/heads/master refs/remotes/master [0ms]
2024-11-13 19:13:27.495 [info] > git for-each-ref --sort -committerdate --format %(refname) %(objectname) %(*objectname) [1ms]
2024-11-13 19:13:27.505 [info] > git status -z -uall [20ms]
2024-11-13 19:13:28.649 [info] > git config --get commit.template [2ms]
2024-11-13 19:13:28.662 [info] > git for-each-ref --format=%(refname)%00%(upstream:short)%00%(objectname)%00%(upstream:track)%00%(upstream:remotename)%00%(upstream:remoteref) refs/heads/master refs/remotes/master [1ms]
2024-11-13 19:13:28.685 [info] > git for-each-ref --sort -committerdate --format %(refname) %(objectname) %(*objectname) [1ms]
2024-11-13 19:13:28.707 [info] > git status -z -uall [33ms]
