2024-11-07 13:22:39 Loading main app package /usr/lib/obsidian/obsidian.asar
2024-11-07 13:22:39 Checking for update using Github
2024-11-07 13:22:39 Success.
2024-11-07 13:22:39 Latest version is 1.7.5
2024-11-07 13:22:39 App is up to date.
2024-11-07 13:23:10 Loading main app package /usr/lib/obsidian/obsidian.asar
2024-11-07 13:23:10 Checking for update using Github
2024-11-07 13:23:10 Success.
2024-11-07 13:23:10 Latest version is 1.7.5
2024-11-07 13:23:10 App is up to date.
2024-11-07 13:32:29 Loading main app package /usr/lib/obsidian/obsidian.asar
2024-11-07 13:32:29 Checking for update using Github
2024-11-07 13:32:29 Success.
2024-11-07 13:32:29 Latest version is 1.7.5
2024-11-07 13:32:29 App is up to date.
2024-11-07 13:32:48 Loading main app package /usr/lib/obsidian/obsidian.asar
2024-11-07 13:32:49 Checking for update using Github
2024-11-07 13:32:49 Success.
2024-11-07 13:32:49 Latest version is 1.7.5
2024-11-07 13:32:49 App is up to date.
2024-11-07 13:38:35 Loading main app package /usr/lib/obsidian/obsidian.asar
2024-11-07 13:38:35 Checking for update using Github
2024-11-07 13:41:53 Loading main app package /usr/lib/obsidian/obsidian.asar
2024-11-07 13:41:53 Checking for update using Github
2024-11-07 13:41:53 Success.
2024-11-07 13:41:53 Latest version is 1.7.5
2024-11-07 13:41:53 App is up to date.
2024-11-07 13:42:00 Loading main app package /usr/lib/obsidian/obsidian.asar
2024-11-07 13:42:00 Checking for update using Github
2024-11-07 13:44:19 Loading main app package /usr/lib/obsidian/obsidian.asar
2024-11-07 13:44:19 Checking for update using Github
2024-11-07 13:44:19 Success.
2024-11-07 13:44:19 Latest version is 1.7.5
2024-11-07 13:44:19 App is up to date.
2024-11-07 16:24:06 Loading main app package /usr/lib/obsidian/obsidian.asar
2024-11-07 16:24:06 Checking for update using Github
2024-11-07 16:24:07 Success.
2024-11-07 16:24:07 Latest version is 1.7.5
2024-11-07 16:24:07 App is up to date.
2024-11-08 07:00:49 Checking for update using Github
2024-11-08 07:00:49 Success.
2024-11-08 07:00:49 Latest version is 1.7.5
2024-11-08 07:00:49 App is up to date.
2024-11-08 09:33:50 Loading main app package /usr/lib/obsidian/obsidian.asar
2024-11-08 09:33:50 Checking for update using Github
2024-11-08 09:33:50 Success.
2024-11-08 09:33:50 Latest version is 1.7.5
2024-11-08 09:33:50 App is up to date.
2024-11-08 10:04:58 Loading main app package /usr/lib/obsidian/obsidian.asar
2024-11-08 10:04:59 Checking for update using Github
2024-11-08 10:04:59 Success.
2024-11-08 10:04:59 Latest version is 1.7.5
2024-11-08 10:04:59 App is up to date.
2024-11-08 10:26:22 Loading main app package /usr/lib/obsidian/obsidian.asar
2024-11-08 10:26:22 Checking for update using Github
2024-11-08 10:26:22 Failed to check for update using Github (net::ERR_INTERNET_DISCONNECTED)
2024-11-08 10:26:22 Checking for update using obsidian.md
2024-11-08 10:26:22 Failed to check for update using obsidian.md (net::ERR_INTERNET_DISCONNECTED)
2024-11-08 10:27:12 Loading main app package /usr/lib/obsidian/obsidian.asar
2024-11-08 10:27:12 Checking for update using Github
2024-11-08 10:27:12 Failed to check for update using Github (net::ERR_NAME_NOT_RESOLVED)
2024-11-08 10:27:12 Checking for update using obsidian.md
2024-11-08 10:27:12 Failed to check for update using obsidian.md (net::ERR_NAME_NOT_RESOLVED)
2024-11-08 10:36:05 Loading main app package /usr/lib/obsidian/obsidian.asar
2024-11-08 10:36:06 Checking for update using Github
2024-11-08 10:36:16 Success.
2024-11-08 10:36:16 Latest version is 1.7.5
2024-11-08 10:36:16 App is up to date.
2024-11-08 10:38:18 Loading main app package /usr/lib/obsidian/obsidian.asar
2024-11-08 10:38:18 Checking for update using Github
2024-11-08 10:38:18 Success.
2024-11-08 10:38:18 Latest version is 1.7.5
2024-11-08 10:38:18 App is up to date.
2024-11-08 10:41:17 Loading main app package /usr/lib/obsidian/obsidian.asar
2024-11-08 10:41:18 Checking for update using Github
2024-11-08 10:41:19 Success.
2024-11-08 10:41:19 Latest version is 1.7.5
2024-11-08 10:41:19 App is up to date.
2024-11-08 10:50:59 Loading main app package /usr/lib/obsidian/obsidian.asar
2024-11-08 10:51:00 Checking for update using Github
2024-11-08 10:51:00 Failed to check for update using Github (net::ERR_NAME_NOT_RESOLVED)
2024-11-08 10:51:00 Checking for update using obsidian.md
2024-11-08 10:51:00 Failed to check for update using obsidian.md (net::ERR_NAME_NOT_RESOLVED)
2024-11-08 11:36:06 Loading main app package /usr/lib/obsidian/obsidian.asar
2024-11-08 11:36:06 Checking for update using Github
2024-11-08 11:36:29 Failed to check for update using Github (net::ERR_NETWORK_CHANGED)
2024-11-08 11:36:29 Checking for update using obsidian.md
2024-11-08 11:36:29 Failed to check for update using obsidian.md (net::ERR_INTERNET_DISCONNECTED)
2024-11-08 12:01:15 Loading main app package /usr/lib/obsidian/obsidian.asar
2024-11-08 12:01:15 Checking for update using Github
2024-11-08 12:01:16 Failed to check for update using Github (net::ERR_NETWORK_CHANGED)
2024-11-08 12:01:16 Checking for update using obsidian.md
2024-11-08 12:02:57 Failed to check for update using obsidian.md (net::ERR_NETWORK_CHANGED)
2024-11-08 12:05:13 Loading main app package /usr/lib/obsidian/obsidian.asar
2024-11-08 12:05:14 Checking for update using Github
2024-11-08 12:05:33 Loading main app package /usr/lib/obsidian/obsidian.asar
2024-11-08 12:05:33 Checking for update using Github
2024-11-08 12:07:48 Success.
2024-11-08 12:07:48 Latest version is 1.7.5
2024-11-08 12:07:48 App is up to date.
2024-11-08 12:23:48 Loading main app package /usr/lib/obsidian/obsidian.asar
2024-11-08 12:23:48 Checking for update using Github
2024-11-08 12:23:48 Success.
2024-11-08 12:23:48 Latest version is 1.7.5
2024-11-08 12:23:48 App is up to date.
2024-11-08 12:51:16 Loading main app package /usr/lib/obsidian/obsidian.asar
2024-11-08 12:51:16 Checking for update using Github
2024-11-08 12:51:27 Failed to check for update using Github (net::ERR_NETWORK_CHANGED)
2024-11-08 12:51:27 Checking for update using obsidian.md
2024-11-08 12:51:27 Failed to check for update using obsidian.md (net::ERR_INTERNET_DISCONNECTED)
2024-11-08 14:39:01 Checking for update using Github
2024-11-08 14:39:02 Success.
2024-11-08 14:39:02 Latest version is 1.7.5
2024-11-08 14:39:02 App is up to date.
2024-11-13 17:26:27 Loading main app package /usr/lib/obsidian/obsidian.asar
2024-11-13 17:26:27 Checking for update using Github
2024-11-13 17:26:27 Failed to check for update using Github (net::ERR_INTERNET_DISCONNECTED)
2024-11-13 17:26:27 Checking for update using obsidian.md
2024-11-13 17:26:27 Failed to check for update using obsidian.md (net::ERR_INTERNET_DISCONNECTED)
2024-11-13 17:29:16 Loading main app package /usr/lib/obsidian/obsidian.asar
2024-11-13 17:29:16 Checking for update using Github
2024-11-13 17:29:17 Success.
2024-11-13 17:29:17 Latest version is 1.7.6
2024-11-13 17:29:17 Downloading update from https://github.com/obsidianmd/obsidian-releases/releases/download/v1.7.6/obsidian-1.7.6.asar.gz
2024-11-13 17:29:21 Verifying hash & signature. Size= 8000010
2024-11-13 17:29:21 Saving file
2024-11-13 17:29:21 Update complete.
2024-11-13 17:31:07 Loading updated app package /home/fgress2/.config/obsidian/obsidian-1.7.6.asar
2024-11-13 17:31:08 Checking for update using Github
2024-11-13 17:31:08 Success.
2024-11-13 17:31:08 Latest version is 1.7.6
2024-11-13 17:31:08 App is up to date.
2024-11-13 17:40:45 Loading updated app package /home/fgress2/.config/obsidian/obsidian-1.7.6.asar
2024-11-13 17:40:45 Checking for update using Github
2024-11-13 17:40:45 Success.
2024-11-13 17:40:45 Latest version is 1.7.6
2024-11-13 17:40:45 App is up to date.
2024-11-13 17:46:45 Loading updated app package /home/fgress2/.config/obsidian/obsidian-1.7.6.asar
2024-11-13 17:46:52 Checking for update using Github
2024-11-13 17:46:52 Success.
2024-11-13 17:46:52 Latest version is 1.7.6
2024-11-13 17:46:52 App is up to date.
2024-11-13 17:49:34 Loading updated app package /home/fgress2/.config/obsidian/obsidian-1.7.6.asar
2024-11-13 17:49:43 Checking for update using Github
2024-11-13 17:49:43 Success.
2024-11-13 17:49:43 Latest version is 1.7.6
2024-11-13 17:49:43 App is up to date.
2024-11-13 18:07:23 Loading main app package /usr/lib/obsidian/obsidian.asar
2024-11-13 18:07:28 Checking for update using Github
2024-11-13 18:07:28 Failed to check for update using Github (net::ERR_INTERNET_DISCONNECTED)
2024-11-13 18:07:28 Checking for update using obsidian.md
2024-11-13 18:07:28 Failed to check for update using obsidian.md (net::ERR_INTERNET_DISCONNECTED)
2024-11-13 18:12:39 Loading main app package /usr/lib/obsidian/obsidian.asar
2024-11-13 18:13:12 Checking for update using Github
2024-11-13 18:13:12 Failed to check for update using Github (net::ERR_NAME_NOT_RESOLVED)
2024-11-13 18:13:12 Checking for update using obsidian.md
2024-11-13 18:13:12 Failed to check for update using obsidian.md (net::ERR_NAME_NOT_RESOLVED)
2024-11-13 18:14:45 Loading main app package /usr/lib/obsidian/obsidian.asar
2024-11-13 19:29:44 Checking for update using Github
2024-11-13 19:29:44 Failed to check for update using Github (net::ERR_INTERNET_DISCONNECTED)
2024-11-13 19:29:44 Checking for update using obsidian.md
2024-11-13 19:29:44 Failed to check for update using obsidian.md (net::ERR_INTERNET_DISCONNECTED)
2024-11-13 20:14:42 Loading main app package /usr/lib/obsidian/obsidian.asar
2024-11-13 20:14:42 Checking for update using Github
2024-11-13 20:14:42 Failed to check for update using Github (net::ERR_CERT_COMMON_NAME_INVALID)
2024-11-13 20:14:42 Checking for update using obsidian.md
2024-11-13 20:14:43 Failed to check for update using obsidian.md (Unexpected end of JSON input)
2024-11-13 21:14:42 Checking for update using Github
2024-11-13 21:14:42 Success.
2024-11-13 21:14:42 Latest version is 1.7.6
2024-11-13 21:14:42 App is up to date.
2024-11-13 21:57:11 Loading main app package /usr/lib/obsidian/obsidian.asar
2024-11-13 21:57:11 Checking for update using Github
2024-11-13 21:57:11 Success.
2024-11-13 21:57:11 Latest version is 1.7.6
2024-11-13 21:57:11 App is up to date.
2024-11-13 22:15:59 Loading main app package /usr/lib/obsidian/obsidian.asar
2024-11-13 22:15:59 Checking for update using Github
2024-11-13 22:15:59 Failed to check for update using Github (net::ERR_CERT_COMMON_NAME_INVALID)
2024-11-13 22:15:59 Checking for update using obsidian.md
2024-11-13 22:15:59 Failed to check for update using obsidian.md (net::ERR_CERT_COMMON_NAME_INVALID)
2024-11-13 23:16:08 Checking for update using Github
2024-11-13 23:16:08 Success.
2024-11-13 23:16:08 Latest version is 1.7.6
2024-11-13 23:16:08 App is up to date.
2024-11-13 23:31:54 Loading main app package /usr/lib/obsidian/obsidian.asar
2024-11-13 23:31:55 Checking for update using Github
2024-11-13 23:31:55 Success.
2024-11-13 23:31:55 Latest version is 1.7.6
2024-11-13 23:31:55 App is up to date.
2024-11-14 00:04:35 Loading main app package /usr/lib/obsidian/obsidian.asar
2024-11-14 00:04:36 Checking for update using Github
2024-11-14 00:04:36 Success.
2024-11-14 00:04:36 Latest version is 1.7.6
2024-11-14 00:04:36 App is up to date.
2024-11-14 00:08:25 Loading main app package /usr/lib/obsidian/obsidian.asar
2024-11-14 00:08:25 Checking for update using Github
2024-11-14 00:08:25 Success.
2024-11-14 00:08:25 Latest version is 1.7.6
2024-11-14 00:08:25 App is up to date.
2024-11-14 00:24:45 Loading main app package /usr/lib/obsidian/obsidian.asar
2024-11-14 00:24:45 Checking for update using Github
2024-11-14 00:24:46 Success.
2024-11-14 00:24:46 Latest version is 1.7.6
2024-11-14 00:24:46 App is up to date.
2024-11-14 00:45:09 Loading main app package /usr/lib/obsidian/obsidian.asar
2024-11-14 00:45:09 Checking for update using Github
2024-11-14 00:45:09 Success.
2024-11-14 00:45:09 Latest version is 1.7.6
2024-11-14 00:45:09 App is up to date.
2024-11-17 15:07:58 Loading main app package /usr/lib/obsidian/obsidian.asar
2024-11-17 15:07:58 Checking for update using Github
2024-11-17 15:07:58 Failed to check for update using Github (net::ERR_INTERNET_DISCONNECTED)
2024-11-17 15:07:58 Checking for update using obsidian.md
2024-11-17 15:07:58 Failed to check for update using obsidian.md (net::ERR_INTERNET_DISCONNECTED)
2024-11-18 07:04:35 Loading main app package /usr/lib/obsidian/obsidian.asar
2024-11-18 07:04:36 Checking for update using Github
2024-11-18 07:04:36 Failed to check for update using Github (net::ERR_INTERNET_DISCONNECTED)
2024-11-18 07:04:36 Checking for update using obsidian.md
2024-11-18 07:04:36 Failed to check for update using obsidian.md (net::ERR_INTERNET_DISCONNECTED)
2024-11-18 07:12:38 Loading main app package /usr/lib/obsidian/obsidian.asar
2024-11-18 07:12:39 Checking for update using Github
2024-11-18 07:12:39 Success.
2024-11-18 07:12:39 Latest version is 1.7.6
2024-11-18 07:12:39 App is up to date.
2024-11-18 08:54:58 Loading main app package /usr/lib/obsidian/obsidian.asar
2024-11-18 08:54:58 Checking for update using Github
2024-11-18 08:54:58 Success.
2024-11-18 08:54:58 Latest version is 1.7.6
2024-11-18 08:54:58 App is up to date.
2024-11-18 10:26:48 Loading main app package /usr/lib/obsidian/obsidian.asar
2024-11-18 10:26:48 Checking for update using Github
2024-11-18 10:26:48 Success.
2024-11-18 10:26:48 Latest version is 1.7.6
2024-11-18 10:26:48 App is up to date.
2024-11-18 11:26:53 Checking for update using Github
2024-11-18 11:26:53 Success.
2024-11-18 11:26:53 Latest version is 1.7.6
2024-11-18 11:26:53 App is up to date.
2024-11-18 11:47:30 Loading main app package /usr/lib/obsidian/obsidian.asar
2024-11-18 11:47:30 Checking for update using Github
2024-11-18 11:47:31 Success.
2024-11-18 11:47:31 Latest version is 1.7.6
2024-11-18 11:47:31 App is up to date.
2024-11-18 12:47:30 Checking for update using Github
2024-11-18 12:47:30 Success.
2024-11-18 12:47:30 Latest version is 1.7.6
2024-11-18 12:47:30 App is up to date.
