2024-11-14 01:04:38.691 [info] Reading sessions from keychain...
2024-11-14 01:04:38.691 [info] Getting sessions for all scopes...
2024-11-14 01:04:38.691 [info] Getting sessions for all scopes...
2024-11-14 01:04:38.691 [info] Getting sessions for all scopes...
2024-11-14 01:04:38.691 [info] Got stored sessions!
2024-11-14 01:04:38.691 [info] Got 1 verified sessions.
2024-11-14 01:04:38.691 [info] Got 1 sessions for ...
2024-11-14 01:04:38.691 [info] Got 1 sessions for ...
2024-11-14 01:04:38.691 [info] Got 1 sessions for ...
2024-11-14 01:04:38.691 [info] Getting sessions for user:email...
2024-11-14 01:04:38.691 [info] Got 1 sessions for user:email...
2024-11-14 01:04:39.495 [info] Getting sessions for all scopes...
2024-11-14 01:04:39.495 [info] Got 1 sessions for ...
2024-11-14 01:04:42.475 [info] Getting sessions for read:user,repo,user:email...
2024-11-14 01:04:42.475 [info] Got 0 sessions for read:user,repo,user:email...
2024-11-14 01:04:42.476 [info] Getting sessions for read:user,repo,user:email,workflow...
2024-11-14 01:04:42.476 [info] Got 0 sessions for read:user,repo,user:email,workflow...
2024-11-14 01:04:42.476 [info] Getting sessions for all scopes...
2024-11-14 01:04:42.476 [info] Got 1 sessions for ...
2024-11-14 01:04:42.476 [info] Getting sessions for all scopes...
2024-11-14 01:04:42.476 [info] Got 1 sessions for ...
2024-11-14 01:04:42.614 [info] Getting sessions for read:user...
2024-11-14 01:04:42.614 [info] Got 0 sessions for read:user...
2024-11-14 01:04:42.614 [info] Getting sessions for read:user,repo,user:email,workflow...
2024-11-14 01:04:42.614 [info] Got 0 sessions for read:user,repo,user:email,workflow...
2024-11-14 01:04:43.012 [info] Getting sessions for user:email...
2024-11-14 01:04:43.012 [info] Got 1 sessions for user:email...
2024-11-14 01:04:43.012 [info] Getting sessions for user:email...
2024-11-14 01:04:43.012 [info] Got 1 sessions for user:email...
2024-11-14 01:04:43.071 [info] Getting sessions for all scopes...
2024-11-14 01:04:43.071 [info] Got 1 sessions for ...
2024-11-14 01:04:43.071 [info] Getting sessions for all scopes...
2024-11-14 01:04:43.071 [info] Got 1 sessions for ...
2024-11-14 01:04:43.987 [info] Getting sessions for read:user,repo,user:email,workflow...
2024-11-14 01:04:43.987 [info] Got 0 sessions for read:user,repo,user:email,workflow...
2024-11-14 01:04:43.990 [info] Getting sessions for read:user,repo,user:email,workflow...
2024-11-14 01:04:43.990 [info] Got 0 sessions for read:user,repo,user:email,workflow...
2024-11-14 01:04:44.002 [info] Getting sessions for user:email...
2024-11-14 01:04:44.002 [info] Got 1 sessions for user:email...
2024-11-14 01:04:46.030 [info] Getting sessions for all scopes...
2024-11-14 01:04:46.030 [info] Got 1 sessions for ...
2024-11-14 01:04:46.030 [info] Getting sessions for all scopes...
2024-11-14 01:04:46.030 [info] Got 1 sessions for ...
2024-11-14 01:04:46.037 [info] Getting sessions for read:user,repo,user:email,workflow...
2024-11-14 01:04:46.037 [info] Got 0 sessions for read:user,repo,user:email,workflow...
2024-11-14 01:04:46.038 [info] Getting sessions for user:email...
2024-11-14 01:04:46.038 [info] Got 1 sessions for user:email...
2024-11-14 01:04:46.040 [info] Getting sessions for all scopes...
2024-11-14 01:04:46.040 [info] Got 1 sessions for ...
2024-11-14 01:04:46.040 [info] Getting sessions for read:user,repo,user:email,workflow...
2024-11-14 01:04:46.040 [info] Got 0 sessions for read:user,repo,user:email,workflow...
2024-11-14 01:04:46.041 [info] Getting sessions for user:email...
2024-11-14 01:04:46.041 [info] Got 1 sessions for user:email...
2024-11-14 01:04:46.068 [info] Getting sessions for all scopes...
2024-11-14 01:04:46.068 [info] Got 1 sessions for ...
2024-11-14 01:04:46.068 [info] Getting sessions for read:user,repo,user:email,workflow...
2024-11-14 01:04:46.068 [info] Got 0 sessions for read:user,repo,user:email,workflow...
2024-11-14 01:04:46.069 [info] Getting sessions for user:email...
2024-11-14 01:04:46.069 [info] Got 1 sessions for user:email...
