2024-11-13 20:29:45.406 [info] Using settings sync service https://vscode-sync.trafficmanager.net/
2024-11-13 20:29:45.406 [info] Auto Sync is enabled.
2024-11-13 20:29:45.406 [info] Auto Sync: Suspended until auth token is available.
2024-11-13 20:29:46.969 [info] Auto Sync: Triggered by Interval
2024-11-13 20:29:46.969 [info] Sync started.
2024-11-13 20:29:47.095 [info] Request failed https://vscode-sync.trafficmanager.net/v1/manifest
2024-11-13 20:29:47.095 [error] RequestFailed (UserDataSyncError) syncResource:unknown operationId:unknown: Connection refused for the request 'https://vscode-sync.trafficmanager.net/v1/manifest'.
    at kh.D (file:///opt/visual-studio-code/resources/app/out/vs/code/electron-utility/sharedProcess/sharedProcessMain.js:98:22115)
    at async kh.manifest (file:///opt/visual-studio-code/resources/app/out/vs/code/electron-utility/sharedProcess/sharedProcessMain.js:98:19962)
    at async eu.createSyncTask (file:///opt/visual-studio-code/resources/app/out/vs/code/electron-utility/sharedProcess/sharedProcessMain.js:98:121454)
    at async Xu.I (file:///opt/visual-studio-code/resources/app/out/vs/code/electron-utility/sharedProcess/sharedProcessMain.js:105:9288)
    at async Xu.H (file:///opt/visual-studio-code/resources/app/out/vs/code/electron-utility/sharedProcess/sharedProcessMain.js:105:8932)
2024-11-13 20:29:47.096 [error] RequestFailed (UserDataSyncError) syncResource:unknown operationId:unknown: Connection refused for the request 'https://vscode-sync.trafficmanager.net/v1/manifest'.
    at kh.D (file:///opt/visual-studio-code/resources/app/out/vs/code/electron-utility/sharedProcess/sharedProcessMain.js:98:22115)
    at async kh.manifest (file:///opt/visual-studio-code/resources/app/out/vs/code/electron-utility/sharedProcess/sharedProcessMain.js:98:19962)
    at async eu.createSyncTask (file:///opt/visual-studio-code/resources/app/out/vs/code/electron-utility/sharedProcess/sharedProcessMain.js:98:121454)
    at async Xu.I (file:///opt/visual-studio-code/resources/app/out/vs/code/electron-utility/sharedProcess/sharedProcessMain.js:105:9288)
    at async Xu.H (file:///opt/visual-studio-code/resources/app/out/vs/code/electron-utility/sharedProcess/sharedProcessMain.js:105:8932)
2024-11-13 20:30:34.047 [info] Auto Sync: Triggered by Activity
2024-11-13 20:30:34.047 [info] Sync started.
2024-11-13 20:30:34.189 [info] Request failed https://vscode-sync.trafficmanager.net/v1/manifest
2024-11-13 20:30:34.189 [error] RequestFailed (UserDataSyncError) syncResource:unknown operationId:unknown: Connection refused for the request 'https://vscode-sync.trafficmanager.net/v1/manifest'.
    at kh.D (file:///opt/visual-studio-code/resources/app/out/vs/code/electron-utility/sharedProcess/sharedProcessMain.js:98:22115)
    at async kh.manifest (file:///opt/visual-studio-code/resources/app/out/vs/code/electron-utility/sharedProcess/sharedProcessMain.js:98:19962)
    at async eu.createSyncTask (file:///opt/visual-studio-code/resources/app/out/vs/code/electron-utility/sharedProcess/sharedProcessMain.js:98:121454)
    at async Xu.I (file:///opt/visual-studio-code/resources/app/out/vs/code/electron-utility/sharedProcess/sharedProcessMain.js:105:9288)
    at async Xu.H (file:///opt/visual-studio-code/resources/app/out/vs/code/electron-utility/sharedProcess/sharedProcessMain.js:105:8932)
2024-11-13 20:30:34.189 [error] RequestFailed (UserDataSyncError) syncResource:unknown operationId:unknown: Connection refused for the request 'https://vscode-sync.trafficmanager.net/v1/manifest'.
    at kh.D (file:///opt/visual-studio-code/resources/app/out/vs/code/electron-utility/sharedProcess/sharedProcessMain.js:98:22115)
    at async kh.manifest (file:///opt/visual-studio-code/resources/app/out/vs/code/electron-utility/sharedProcess/sharedProcessMain.js:98:19962)
    at async eu.createSyncTask (file:///opt/visual-studio-code/resources/app/out/vs/code/electron-utility/sharedProcess/sharedProcessMain.js:98:121454)
    at async Xu.I (file:///opt/visual-studio-code/resources/app/out/vs/code/electron-utility/sharedProcess/sharedProcessMain.js:105:9288)
    at async Xu.H (file:///opt/visual-studio-code/resources/app/out/vs/code/electron-utility/sharedProcess/sharedProcessMain.js:105:8932)
2024-11-13 20:30:57.439 [info] Auto Sync: Triggered by Activity
2024-11-13 20:30:57.440 [info] Sync started.
2024-11-13 20:30:57.491 [info] Request failed https://vscode-sync.trafficmanager.net/v1/manifest
2024-11-13 20:30:57.491 [error] RequestFailed (UserDataSyncError) syncResource:unknown operationId:unknown: Connection refused for the request 'https://vscode-sync.trafficmanager.net/v1/manifest'.
    at kh.D (file:///opt/visual-studio-code/resources/app/out/vs/code/electron-utility/sharedProcess/sharedProcessMain.js:98:22115)
    at async kh.manifest (file:///opt/visual-studio-code/resources/app/out/vs/code/electron-utility/sharedProcess/sharedProcessMain.js:98:19962)
    at async eu.createSyncTask (file:///opt/visual-studio-code/resources/app/out/vs/code/electron-utility/sharedProcess/sharedProcessMain.js:98:121454)
    at async Xu.I (file:///opt/visual-studio-code/resources/app/out/vs/code/electron-utility/sharedProcess/sharedProcessMain.js:105:9288)
    at async Xu.H (file:///opt/visual-studio-code/resources/app/out/vs/code/electron-utility/sharedProcess/sharedProcessMain.js:105:8932)
2024-11-13 20:30:57.491 [error] RequestFailed (UserDataSyncError) syncResource:unknown operationId:unknown: Connection refused for the request 'https://vscode-sync.trafficmanager.net/v1/manifest'.
    at kh.D (file:///opt/visual-studio-code/resources/app/out/vs/code/electron-utility/sharedProcess/sharedProcessMain.js:98:22115)
    at async kh.manifest (file:///opt/visual-studio-code/resources/app/out/vs/code/electron-utility/sharedProcess/sharedProcessMain.js:98:19962)
    at async eu.createSyncTask (file:///opt/visual-studio-code/resources/app/out/vs/code/electron-utility/sharedProcess/sharedProcessMain.js:98:121454)
    at async Xu.I (file:///opt/visual-studio-code/resources/app/out/vs/code/electron-utility/sharedProcess/sharedProcessMain.js:105:9288)
    at async Xu.H (file:///opt/visual-studio-code/resources/app/out/vs/code/electron-utility/sharedProcess/sharedProcessMain.js:105:8932)
