2024-11-13 22:57:13.738 [info] Reading sessions from keychain...
2024-11-13 22:57:13.738 [info] Getting sessions for all scopes...
2024-11-13 22:57:13.738 [info] Getting sessions for all scopes...
2024-11-13 22:57:13.738 [info] Got stored sessions!
2024-11-13 22:57:13.738 [info] Got 1 verified sessions.
2024-11-13 22:57:13.738 [info] Got 1 sessions for ...
2024-11-13 22:57:13.738 [info] Got 1 sessions for ...
2024-11-13 22:57:13.738 [info] Getting sessions for read:user,repo,user:email,workflow...
2024-11-13 22:57:13.738 [info] Got 0 sessions for read:user,repo,user:email,workflow...
2024-11-13 22:57:17.676 [info] Getting sessions for read:user,repo,user:email...
2024-11-13 22:57:17.676 [info] Got 0 sessions for read:user,repo,user:email...
2024-11-13 22:57:17.677 [info] Getting sessions for read:user,repo,user:email,workflow...
2024-11-13 22:57:17.677 [info] Got 0 sessions for read:user,repo,user:email,workflow...
2024-11-13 22:57:17.678 [info] Getting sessions for all scopes...
2024-11-13 22:57:17.678 [info] Got 1 sessions for ...
2024-11-13 22:57:17.679 [info] Getting sessions for all scopes...
2024-11-13 22:57:17.679 [info] Got 1 sessions for ...
2024-11-13 22:57:17.709 [info] Getting sessions for read:user...
2024-11-13 22:57:17.709 [info] Got 0 sessions for read:user...
2024-11-13 22:57:17.709 [info] Getting sessions for read:user,repo,user:email,workflow...
2024-11-13 22:57:17.709 [info] Got 0 sessions for read:user,repo,user:email,workflow...
2024-11-13 22:57:17.934 [info] Getting sessions for user:email...
2024-11-13 22:57:17.934 [info] Got 1 sessions for user:email...
2024-11-13 22:57:17.940 [info] Getting sessions for user:email...
2024-11-13 22:57:17.940 [info] Got 1 sessions for user:email...
2024-11-13 22:57:17.991 [info] Getting sessions for all scopes...
2024-11-13 22:57:17.991 [info] Got 1 sessions for ...
2024-11-13 22:57:18.028 [info] Getting sessions for read:user,repo,user:email,workflow...
2024-11-13 22:57:18.028 [info] Got 0 sessions for read:user,repo,user:email,workflow...
2024-11-13 22:57:18.737 [info] Getting sessions for read:user,repo,user:email,workflow...
2024-11-13 22:57:18.737 [info] Got 0 sessions for read:user,repo,user:email,workflow...
2024-11-13 22:57:18.791 [info] Getting sessions for user:email...
2024-11-13 22:57:18.791 [info] Got 1 sessions for user:email...
2024-11-13 22:57:18.838 [info] Getting sessions for all scopes...
2024-11-13 22:57:18.838 [info] Got 1 sessions for ...
2024-11-13 22:57:18.847 [info] Getting sessions for read:user,repo,user:email,workflow...
2024-11-13 22:57:18.847 [info] Got 0 sessions for read:user,repo,user:email,workflow...
2024-11-13 22:57:18.850 [info] Getting sessions for user:email...
2024-11-13 22:57:18.850 [info] Got 1 sessions for user:email...
2024-11-13 22:57:19.202 [info] Getting sessions for all scopes...
2024-11-13 22:57:19.202 [info] Got 1 sessions for ...
2024-11-13 22:57:19.204 [info] Getting sessions for read:user,repo,user:email,workflow...
2024-11-13 22:57:19.204 [info] Got 0 sessions for read:user,repo,user:email,workflow...
2024-11-13 22:57:19.205 [info] Getting sessions for user:email...
2024-11-13 22:57:19.205 [info] Got 1 sessions for user:email...
2024-11-13 22:57:20.111 [info] Getting sessions for all scopes...
2024-11-13 22:57:20.111 [info] Got 1 sessions for ...
2024-11-13 22:57:20.112 [info] Getting sessions for all scopes...
2024-11-13 22:57:20.112 [info] Got 1 sessions for ...
2024-11-13 22:57:20.118 [info] Getting sessions for read:user,repo,user:email,workflow...
2024-11-13 22:57:20.118 [info] Got 0 sessions for read:user,repo,user:email,workflow...
2024-11-13 22:57:20.120 [info] Getting sessions for user:email...
2024-11-13 22:57:20.120 [info] Got 1 sessions for user:email...
2024-11-13 22:57:20.121 [info] Getting sessions for all scopes...
2024-11-13 22:57:20.121 [info] Got 1 sessions for ...
2024-11-13 22:57:20.122 [info] Getting sessions for read:user,repo,user:email,workflow...
2024-11-13 22:57:20.122 [info] Got 0 sessions for read:user,repo,user:email,workflow...
2024-11-13 22:57:20.123 [info] Getting sessions for user:email...
2024-11-13 22:57:20.123 [info] Got 1 sessions for user:email...
2024-11-13 22:57:20.139 [info] Getting sessions for all scopes...
2024-11-13 22:57:20.139 [info] Got 1 sessions for ...
2024-11-13 22:57:20.140 [info] Getting sessions for read:user,repo,user:email,workflow...
2024-11-13 22:57:20.140 [info] Got 0 sessions for read:user,repo,user:email,workflow...
2024-11-13 22:57:20.141 [info] Getting sessions for user:email...
2024-11-13 22:57:20.141 [info] Got 1 sessions for user:email...
2024-11-13 22:57:47.501 [info] Getting sessions for user:email...
2024-11-13 22:57:47.501 [info] Got 1 sessions for user:email...
2024-11-13 22:57:47.503 [info] Getting sessions for user:email...
2024-11-13 22:57:47.503 [info] Got 1 sessions for user:email...
2024-11-13 22:59:00.554 [info] Getting sessions for all scopes...
2024-11-13 22:59:00.554 [info] Got 1 sessions for ...
2024-11-13 22:59:00.570 [info] Getting sessions for all scopes...
2024-11-13 22:59:00.570 [info] Got 1 sessions for ...
2024-11-13 23:00:14.271 [info] Getting sessions for read:user,repo,user:email,workflow...
2024-11-13 23:00:14.271 [info] Got 0 sessions for read:user,repo,user:email,workflow...
2024-11-13 23:12:22.484 [info] Getting sessions for all scopes...
2024-11-13 23:12:22.484 [info] Got 1 sessions for ...
2024-11-13 23:12:22.489 [info] Getting sessions for read:user,repo,user:email,workflow...
2024-11-13 23:12:22.489 [info] Got 0 sessions for read:user,repo,user:email,workflow...
2024-11-13 23:12:22.492 [info] Getting sessions for user:email...
2024-11-13 23:12:22.492 [info] Got 1 sessions for user:email...
2024-11-13 23:12:22.518 [info] Getting sessions for all scopes...
2024-11-13 23:12:22.518 [info] Got 1 sessions for ...
2024-11-13 23:12:22.519 [info] Getting sessions for read:user,repo,user:email,workflow...
2024-11-13 23:12:22.519 [info] Got 0 sessions for read:user,repo,user:email,workflow...
2024-11-13 23:12:22.520 [info] Getting sessions for user:email...
2024-11-13 23:12:22.520 [info] Got 1 sessions for user:email...
