2024-11-13 19:07:30.891 [info] Reading sessions from keychain...
2024-11-13 19:07:30.891 [info] Getting sessions for all scopes...
2024-11-13 19:07:30.891 [info] Getting sessions for all scopes...
2024-11-13 19:07:30.891 [info] Getting sessions for all scopes...
2024-11-13 19:07:30.891 [info] Got stored sessions!
2024-11-13 19:07:30.891 [info] Got 1 verified sessions.
2024-11-13 19:07:30.891 [info] Got 1 sessions for ...
2024-11-13 19:07:30.891 [info] Got 1 sessions for ...
2024-11-13 19:07:30.891 [info] Got 1 sessions for ...
2024-11-13 19:07:30.891 [info] Getting sessions for user:email...
2024-11-13 19:07:30.891 [info] Got 1 sessions for user:email...
2024-11-13 19:07:31.956 [info] Getting sessions for read:user,repo,user:email,workflow...
2024-11-13 19:07:31.956 [info] Got 0 sessions for read:user,repo,user:email,workflow...
2024-11-13 19:07:32.014 [info] Getting sessions for all scopes...
2024-11-13 19:07:32.014 [info] Got 1 sessions for ...
2024-11-13 19:07:35.214 [info] Getting sessions for read:user,repo,user:email...
2024-11-13 19:07:35.214 [info] Got 0 sessions for read:user,repo,user:email...
2024-11-13 19:07:35.214 [info] Getting sessions for read:user,repo,user:email,workflow...
2024-11-13 19:07:35.214 [info] Got 0 sessions for read:user,repo,user:email,workflow...
2024-11-13 19:07:35.214 [info] Getting sessions for all scopes...
2024-11-13 19:07:35.215 [info] Got 1 sessions for ...
2024-11-13 19:07:35.215 [info] Getting sessions for all scopes...
2024-11-13 19:07:35.215 [info] Got 1 sessions for ...
2024-11-13 19:07:35.314 [info] Getting sessions for read:user...
2024-11-13 19:07:35.314 [info] Got 0 sessions for read:user...
2024-11-13 19:07:35.314 [info] Getting sessions for read:user,repo,user:email,workflow...
2024-11-13 19:07:35.314 [info] Got 0 sessions for read:user,repo,user:email,workflow...
2024-11-13 19:07:35.547 [info] Getting sessions for user:email...
2024-11-13 19:07:35.547 [info] Got 1 sessions for user:email...
2024-11-13 19:07:35.547 [info] Getting sessions for user:email...
2024-11-13 19:07:35.547 [info] Got 1 sessions for user:email...
2024-11-13 19:07:35.664 [info] Getting sessions for all scopes...
2024-11-13 19:07:35.664 [info] Got 1 sessions for ...
2024-11-13 19:07:36.570 [info] Getting sessions for read:user,repo,user:email,workflow...
2024-11-13 19:07:36.570 [info] Got 0 sessions for read:user,repo,user:email,workflow...
2024-11-13 19:07:36.577 [info] Getting sessions for read:user,repo,user:email,workflow...
2024-11-13 19:07:36.577 [info] Got 0 sessions for read:user,repo,user:email,workflow...
2024-11-13 19:07:36.650 [info] Getting sessions for user:email...
2024-11-13 19:07:36.650 [info] Got 1 sessions for user:email...
2024-11-13 19:07:36.665 [info] Getting sessions for all scopes...
2024-11-13 19:07:36.665 [info] Got 1 sessions for ...
2024-11-13 19:07:36.667 [info] Getting sessions for read:user,repo,user:email,workflow...
2024-11-13 19:07:36.667 [info] Got 0 sessions for read:user,repo,user:email,workflow...
2024-11-13 19:07:36.668 [info] Getting sessions for user:email...
2024-11-13 19:07:36.668 [info] Got 1 sessions for user:email...
2024-11-13 19:07:37.441 [info] Getting sessions for all scopes...
2024-11-13 19:07:37.441 [info] Got 1 sessions for ...
2024-11-13 19:07:37.441 [info] Getting sessions for all scopes...
2024-11-13 19:07:37.441 [info] Got 1 sessions for ...
2024-11-13 19:07:37.464 [info] Getting sessions for read:user,repo,user:email,workflow...
2024-11-13 19:07:37.464 [info] Got 0 sessions for read:user,repo,user:email,workflow...
2024-11-13 19:07:37.465 [info] Getting sessions for user:email...
2024-11-13 19:07:37.465 [info] Got 1 sessions for user:email...
2024-11-13 19:07:37.467 [info] Getting sessions for all scopes...
2024-11-13 19:07:37.467 [info] Got 1 sessions for ...
2024-11-13 19:07:37.467 [info] Getting sessions for read:user,repo,user:email,workflow...
2024-11-13 19:07:37.468 [info] Got 0 sessions for read:user,repo,user:email,workflow...
2024-11-13 19:07:37.468 [info] Getting sessions for user:email...
2024-11-13 19:07:37.468 [info] Got 1 sessions for user:email...
2024-11-13 19:07:37.503 [info] Getting sessions for all scopes...
2024-11-13 19:07:37.503 [info] Got 1 sessions for ...
2024-11-13 19:07:37.504 [info] Getting sessions for read:user,repo,user:email,workflow...
2024-11-13 19:07:37.504 [info] Got 0 sessions for read:user,repo,user:email,workflow...
2024-11-13 19:07:37.504 [info] Getting sessions for user:email...
2024-11-13 19:07:37.504 [info] Got 1 sessions for user:email...
2024-11-13 19:08:32.235 [info] Getting sessions for read:user,repo,user:email,workflow...
2024-11-13 19:08:32.235 [info] Got 0 sessions for read:user,repo,user:email,workflow...
