2024-11-13 18:31:09.226 [info] Using settings sync service https://vscode-sync.trafficmanager.net/
2024-11-13 18:31:09.226 [info] Auto Sync is enabled.
2024-11-13 18:31:09.226 [info] Auto Sync: Suspended until auth token is available.
2024-11-13 18:31:12.559 [info] Auto Sync: Triggered by Interval
2024-11-13 18:31:12.559 [info] Sync started.
2024-11-13 18:31:12.909 [info] Settings: No changes found during synchronizing settings.
2024-11-13 18:31:12.917 [info] Keybindings: No changes found during synchronizing keybindings.
2024-11-13 18:31:12.919 [info] Snippets: No changes found during synchronizing snippets.
2024-11-13 18:31:12.920 [info] Tasks: No changes found during synchronizing tasks.
2024-11-13 18:31:12.923 [info] GlobalState: No changes found during synchronizing ui state.
2024-11-13 18:31:12.965 [info] Extensions: No changes found during synchronizing extensions.
2024-11-13 18:31:12.966 [info] Profiles: No changes found during synchronizing profiles.
2024-11-13 18:31:12.967 [info] Sync done. Took 409ms
2024-11-13 18:36:12.970 [info] Auto Sync: Triggered by Interval
2024-11-13 18:36:12.970 [info] Sync started.
2024-11-13 18:36:13.246 [info] Settings: No changes found during synchronizing settings.
2024-11-13 18:36:13.248 [info] Keybindings: No changes found during synchronizing keybindings.
2024-11-13 18:36:13.250 [info] Snippets: No changes found during synchronizing snippets.
2024-11-13 18:36:13.251 [info] Tasks: No changes found during synchronizing tasks.
2024-11-13 18:36:13.255 [info] GlobalState: No changes found during synchronizing ui state.
2024-11-13 18:36:13.296 [info] Extensions: No changes found during synchronizing extensions.
2024-11-13 18:36:13.298 [info] Profiles: No changes found during synchronizing profiles.
2024-11-13 18:36:13.299 [info] Sync done. Took 331ms
2024-11-13 18:37:40.739 [info] Auto Sync: Triggered by Activity
2024-11-13 18:37:40.739 [info] Sync started.
2024-11-13 18:37:40.799 [info] Settings: No changes found during synchronizing settings.
2024-11-13 18:37:40.802 [info] Keybindings: No changes found during synchronizing keybindings.
2024-11-13 18:37:40.804 [info] Snippets: No changes found during synchronizing snippets.
2024-11-13 18:37:40.805 [info] Tasks: No changes found during synchronizing tasks.
2024-11-13 18:37:40.809 [info] GlobalState: No changes found during synchronizing ui state.
2024-11-13 18:37:40.855 [info] Extensions: No changes found during synchronizing extensions.
2024-11-13 18:37:40.856 [info] Profiles: No changes found during synchronizing profiles.
2024-11-13 18:37:40.857 [info] Sync done. Took 119ms
2024-11-13 18:42:40.892 [info] Auto Sync: Triggered by Interval
2024-11-13 18:42:40.892 [info] Sync started.
2024-11-13 18:42:41.151 [info] Settings: No changes found during synchronizing settings.
2024-11-13 18:42:41.154 [info] Keybindings: No changes found during synchronizing keybindings.
2024-11-13 18:42:41.156 [info] Snippets: No changes found during synchronizing snippets.
2024-11-13 18:42:41.157 [info] Tasks: No changes found during synchronizing tasks.
2024-11-13 18:42:41.161 [info] GlobalState: No changes found during synchronizing ui state.
2024-11-13 18:42:41.203 [info] Extensions: No changes found during synchronizing extensions.
2024-11-13 18:42:41.204 [info] Profiles: No changes found during synchronizing profiles.
2024-11-13 18:42:41.204 [info] Sync done. Took 316ms
