2024-11-13 20:29:45.110 [info] Started local extension host with pid 5909.
2024-11-13 20:29:46.031 [error] [sidthesloth.html5-boilerplate]: Unknown language in `contributes.html5-boilerplate.language`. Provided value: njk
2024-11-13 20:29:46.178 [info] Settings Sync: Updating authentication providers. Authentication Providers from store: [{"id":"github","scopes":["user:email"]},{"id":"microsoft","scopes":["openid","profile","email","offline_access"]}]
2024-11-13 20:29:46.178 [info] Settings Sync: Authentication providers updated []
2024-11-13 20:29:46.304 [info] Settings Sync: Updating authentication providers. Authentication Providers from store: [{"id":"github","scopes":["user:email"]},{"id":"microsoft","scopes":["openid","profile","email","offline_access"]}]
2024-11-13 20:29:46.304 [info] Settings Sync: Authentication providers updated ["github"]
2024-11-13 20:29:46.304 [info] Settings Sync: Updating authentication providers. Authentication Providers from store: [{"id":"github","scopes":["user:email"]},{"id":"microsoft","scopes":["openid","profile","email","offline_access"]}]
2024-11-13 20:29:46.304 [info] Settings Sync: Authentication providers updated ["github"]
2024-11-13 20:29:46.304 [info] Settings Sync: Updating due to declared authentication providers changed
2024-11-13 20:29:46.304 [info] Settings Sync: Updating authentication providers. Authentication Providers from store: [{"id":"github","scopes":["user:email"]},{"id":"microsoft","scopes":["openid","profile","email","offline_access"]}]
2024-11-13 20:29:46.304 [info] Settings Sync: Authentication providers updated ["github"]
2024-11-13 20:29:46.305 [info] Settings Sync: Updating authentication providers. Authentication Providers from store: [{"id":"github","scopes":["user:email"]},{"id":"microsoft","scopes":["openid","profile","email","offline_access"]}]
2024-11-13 20:29:46.305 [info] Settings Sync: Authentication providers updated ["github","microsoft"]
2024-11-13 20:29:46.305 [info] Settings Sync: Updating authentication providers. Authentication Providers from store: [{"id":"github","scopes":["user:email"]},{"id":"microsoft","scopes":["openid","profile","email","offline_access"]}]
2024-11-13 20:29:46.305 [info] Settings Sync: Authentication providers updated ["github","microsoft"]
2024-11-13 20:29:46.305 [info] Settings Sync: Updating due to declared authentication providers changed
2024-11-13 20:29:46.305 [info] Settings Sync: Updating authentication providers. Authentication Providers from store: [{"id":"github","scopes":["user:email"]},{"id":"microsoft","scopes":["openid","profile","email","offline_access"]}]
2024-11-13 20:29:46.305 [info] Settings Sync: Authentication providers updated ["github","microsoft"]
2024-11-13 20:29:46.939 [info] Settings Sync: Updating authentication providers. Authentication Providers from store: [{"id":"github","scopes":["user:email"]},{"id":"microsoft","scopes":["openid","profile","email","offline_access"]}]
2024-11-13 20:29:46.939 [info] Settings Sync: Authentication providers updated ["github","microsoft"]
2024-11-13 20:29:47.064 [error] [network] #1: https://api.github.com/copilot_internal/user - error GET Failed to fetch
2024-11-13 20:29:47.065 [error] Failed to fetch: TypeError: Failed to fetch
    at i$s (vscode-file://vscode-app/opt/visual-studio-code/resources/app/out/vs/workbench/workbench.desktop.main.js:3090:35915)
    at vscode-file://vscode-app/opt/visual-studio-code/resources/app/out/vs/workbench/workbench.desktop.main.js:3090:37096
    at prt.c (vscode-file://vscode-app/opt/visual-studio-code/resources/app/out/vs/workbench/workbench.desktop.main.js:494:27265)
    at prt.request (vscode-file://vscode-app/opt/visual-studio-code/resources/app/out/vs/workbench/workbench.desktop.main.js:3090:37088)
    at Kat.y (vscode-file://vscode-app/opt/visual-studio-code/resources/app/out/vs/workbench/workbench.desktop.main.js:3422:1914)
    at Kat.w (vscode-file://vscode-app/opt/visual-studio-code/resources/app/out/vs/workbench/workbench.desktop.main.js:3422:1776)
    at vZ.value (vscode-file://vscode-app/opt/visual-studio-code/resources/app/out/vs/workbench/workbench.desktop.main.js:3422:1691)
2024-11-13 20:29:47.769 [error] [network] #2: https://marketplace.visualstudio.com/_apis/public/gallery/extensionquery - error POST Failed to fetch
2024-11-13 20:29:47.789 [error] [network] #3: https://az764295.vo.msecnd.net/extensions/chat.json - error GET Failed to fetch
2024-11-13 20:29:47.789 [warning] Failed to fetch chat participant registry Failed to fetch
2024-11-13 20:29:47.836 [info] [perf] Render performance baseline is 24ms
2024-11-13 20:29:50.741 [error] [Extension Host] (node:5909) [DEP0005] DeprecationWarning: Buffer() is deprecated due to security and usability issues. Please use the Buffer.alloc(), Buffer.allocUnsafe(), or Buffer.from() methods instead.
(Use `exe --trace-deprecation ...` to show where the warning was created)
