2024-11-14 01:08:26.210 [info] Started local extension host with pid 31511.
2024-11-14 01:08:28.771 [error] [sidthesloth.html5-boilerplate]: Unknown language in `contributes.html5-boilerplate.language`. Provided value: njk
2024-11-14 01:08:28.841 [info] Settings Sync: Updating authentication providers. Authentication Providers from store: [{"id":"github","scopes":["user:email"]},{"id":"microsoft","scopes":["openid","profile","email","offline_access"]}]
2024-11-14 01:08:28.841 [info] Settings Sync: Authentication providers updated []
2024-11-14 01:08:29.003 [info] Settings Sync: Updating authentication providers. Authentication Providers from store: [{"id":"github","scopes":["user:email"]},{"id":"microsoft","scopes":["openid","profile","email","offline_access"]}]
2024-11-14 01:08:29.003 [info] Settings Sync: Authentication providers updated ["github"]
2024-11-14 01:08:29.003 [info] Settings Sync: Updating authentication providers. Authentication Providers from store: [{"id":"github","scopes":["user:email"]},{"id":"microsoft","scopes":["openid","profile","email","offline_access"]}]
2024-11-14 01:08:29.003 [info] Settings Sync: Authentication providers updated ["github"]
2024-11-14 01:08:29.003 [info] Settings Sync: Updating due to declared authentication providers changed
2024-11-14 01:08:29.003 [info] Settings Sync: Updating authentication providers. Authentication Providers from store: [{"id":"github","scopes":["user:email"]},{"id":"microsoft","scopes":["openid","profile","email","offline_access"]}]
2024-11-14 01:08:29.003 [info] Settings Sync: Authentication providers updated ["github"]
2024-11-14 01:08:29.003 [info] Settings Sync: Updating authentication providers. Authentication Providers from store: [{"id":"github","scopes":["user:email"]},{"id":"microsoft","scopes":["openid","profile","email","offline_access"]}]
2024-11-14 01:08:29.004 [info] Settings Sync: Authentication providers updated ["github","microsoft"]
2024-11-14 01:08:29.004 [info] Settings Sync: Updating authentication providers. Authentication Providers from store: [{"id":"github","scopes":["user:email"]},{"id":"microsoft","scopes":["openid","profile","email","offline_access"]}]
2024-11-14 01:08:29.004 [info] Settings Sync: Authentication providers updated ["github","microsoft"]
2024-11-14 01:08:29.004 [info] Settings Sync: Updating due to declared authentication providers changed
2024-11-14 01:08:29.004 [info] Settings Sync: Updating authentication providers. Authentication Providers from store: [{"id":"github","scopes":["user:email"]},{"id":"microsoft","scopes":["openid","profile","email","offline_access"]}]
2024-11-14 01:08:29.004 [info] Settings Sync: Authentication providers updated ["github","microsoft"]
2024-11-14 01:08:29.170 [info] Settings Sync: Updating authentication providers. Authentication Providers from store: [{"id":"github","scopes":["user:email"]},{"id":"microsoft","scopes":["openid","profile","email","offline_access"]}]
2024-11-14 01:08:29.171 [info] Settings Sync: Authentication providers updated ["github","microsoft"]
2024-11-14 01:08:30.417 [info] [perf] Render performance baseline is 24ms
2024-11-14 01:08:31.832 [error] [Extension Host] (node:31511) [DEP0005] DeprecationWarning: Buffer() is deprecated due to security and usability issues. Please use the Buffer.alloc(), Buffer.allocUnsafe(), or Buffer.from() methods instead.
(Use `exe --trace-deprecation ...` to show where the warning was created)
