2024-11-13 18:46:55.906 [info] Reading sessions from keychain...
2024-11-13 18:46:55.906 [info] Getting sessions for all scopes...
2024-11-13 18:46:55.906 [info] Getting sessions for all scopes...
2024-11-13 18:46:55.906 [info] Getting sessions for all scopes...
2024-11-13 18:46:55.906 [info] Getting sessions for user:email...
2024-11-13 18:46:55.906 [info] Got stored sessions!
2024-11-13 18:46:55.906 [info] Got 1 verified sessions.
2024-11-13 18:46:55.906 [info] Got 1 sessions for ...
2024-11-13 18:46:55.906 [info] Got 1 sessions for ...
2024-11-13 18:46:55.906 [info] Got 1 sessions for ...
2024-11-13 18:46:55.906 [info] Got 1 sessions for user:email...
2024-11-13 18:46:55.906 [info] Getting sessions for user:email...
2024-11-13 18:46:55.906 [info] Got 1 sessions for user:email...
2024-11-13 18:46:55.906 [info] Getting sessions for user:email...
2024-11-13 18:46:55.906 [info] Got 1 sessions for user:email...
2024-11-13 18:46:56.557 [info] Getting sessions for read:user,repo,user:email,workflow...
2024-11-13 18:46:56.557 [info] Got 0 sessions for read:user,repo,user:email,workflow...
2024-11-13 18:46:59.946 [info] Getting sessions for all scopes...
2024-11-13 18:46:59.946 [info] Got 1 sessions for ...
2024-11-13 18:46:59.978 [info] Getting sessions for read:user,repo,user:email...
2024-11-13 18:46:59.978 [info] Got 0 sessions for read:user,repo,user:email...
2024-11-13 18:46:59.979 [info] Getting sessions for read:user,repo,user:email,workflow...
2024-11-13 18:46:59.979 [info] Got 0 sessions for read:user,repo,user:email,workflow...
2024-11-13 18:46:59.979 [info] Getting sessions for all scopes...
2024-11-13 18:46:59.979 [info] Got 1 sessions for ...
2024-11-13 18:46:59.979 [info] Getting sessions for all scopes...
2024-11-13 18:46:59.979 [info] Got 1 sessions for ...
2024-11-13 18:47:00.064 [info] Getting sessions for read:user...
2024-11-13 18:47:00.064 [info] Got 0 sessions for read:user...
2024-11-13 18:47:00.068 [info] Getting sessions for read:user,repo,user:email,workflow...
2024-11-13 18:47:00.068 [info] Got 0 sessions for read:user,repo,user:email,workflow...
2024-11-13 18:47:00.269 [info] Getting sessions for user:email...
2024-11-13 18:47:00.269 [info] Got 1 sessions for user:email...
2024-11-13 18:47:00.271 [info] Getting sessions for user:email...
2024-11-13 18:47:00.271 [info] Got 1 sessions for user:email...
2024-11-13 18:47:00.375 [info] Getting sessions for all scopes...
2024-11-13 18:47:00.375 [info] Got 1 sessions for ...
2024-11-13 18:47:00.375 [info] Getting sessions for all scopes...
2024-11-13 18:47:00.375 [info] Got 1 sessions for ...
2024-11-13 18:47:01.189 [info] Getting sessions for read:user,repo,user:email,workflow...
2024-11-13 18:47:01.189 [info] Got 0 sessions for read:user,repo,user:email,workflow...
2024-11-13 18:47:01.189 [info] Getting sessions for read:user,repo,user:email,workflow...
2024-11-13 18:47:01.189 [info] Got 0 sessions for read:user,repo,user:email,workflow...
2024-11-13 18:47:01.272 [info] Getting sessions for user:email...
2024-11-13 18:47:01.273 [info] Got 1 sessions for user:email...
2024-11-13 18:47:02.086 [info] Getting sessions for all scopes...
2024-11-13 18:47:02.086 [info] Got 1 sessions for ...
2024-11-13 18:47:02.086 [info] Getting sessions for all scopes...
2024-11-13 18:47:02.086 [info] Got 1 sessions for ...
2024-11-13 18:47:02.093 [info] Getting sessions for read:user,repo,user:email,workflow...
2024-11-13 18:47:02.093 [info] Got 0 sessions for read:user,repo,user:email,workflow...
2024-11-13 18:47:02.095 [info] Getting sessions for user:email...
2024-11-13 18:47:02.095 [info] Got 1 sessions for user:email...
2024-11-13 18:47:02.097 [info] Getting sessions for all scopes...
2024-11-13 18:47:02.097 [info] Got 1 sessions for ...
2024-11-13 18:47:02.098 [info] Getting sessions for read:user,repo,user:email,workflow...
2024-11-13 18:47:02.098 [info] Got 0 sessions for read:user,repo,user:email,workflow...
2024-11-13 18:47:02.100 [info] Getting sessions for user:email...
2024-11-13 18:47:02.100 [info] Got 1 sessions for user:email...
2024-11-13 18:47:02.132 [info] Getting sessions for all scopes...
2024-11-13 18:47:02.132 [info] Got 1 sessions for ...
2024-11-13 18:47:02.133 [info] Getting sessions for read:user,repo,user:email,workflow...
2024-11-13 18:47:02.133 [info] Got 0 sessions for read:user,repo,user:email,workflow...
2024-11-13 18:47:02.133 [info] Getting sessions for user:email...
2024-11-13 18:47:02.133 [info] Got 1 sessions for user:email...
