2024-11-18 12:47:48.737 [info] Reading sessions from keychain...
2024-11-18 12:47:48.737 [info] Getting sessions for all scopes...
2024-11-18 12:47:48.737 [info] Getting sessions for all scopes...
2024-11-18 12:47:48.737 [info] Getting sessions for all scopes...
2024-11-18 12:47:48.737 [info] Got stored sessions!
2024-11-18 12:47:48.737 [info] Got 1 verified sessions.
2024-11-18 12:47:48.737 [info] Got 1 sessions for ...
2024-11-18 12:47:48.737 [info] Got 1 sessions for ...
2024-11-18 12:47:48.737 [info] Got 1 sessions for ...
2024-11-18 12:47:48.737 [info] Getting sessions for user:email...
2024-11-18 12:47:48.737 [info] Got 1 sessions for user:email...
2024-11-18 12:47:49.408 [info] Getting sessions for all scopes...
2024-11-18 12:47:49.408 [info] Got 1 sessions for ...
2024-11-18 12:47:52.577 [info] Getting sessions for read:user,repo,user:email...
2024-11-18 12:47:52.577 [info] Got 0 sessions for read:user,repo,user:email...
2024-11-18 12:47:52.578 [info] Getting sessions for read:user,repo,user:email,workflow...
2024-11-18 12:47:52.578 [info] Got 0 sessions for read:user,repo,user:email,workflow...
2024-11-18 12:47:52.578 [info] Getting sessions for all scopes...
2024-11-18 12:47:52.578 [info] Got 1 sessions for ...
2024-11-18 12:47:52.578 [info] Getting sessions for all scopes...
2024-11-18 12:47:52.578 [info] Got 1 sessions for ...
2024-11-18 12:47:52.711 [info] Getting sessions for read:user...
2024-11-18 12:47:52.711 [info] Got 0 sessions for read:user...
2024-11-18 12:47:52.712 [info] Getting sessions for read:user,repo,user:email,workflow...
2024-11-18 12:47:52.712 [info] Got 0 sessions for read:user,repo,user:email,workflow...
2024-11-18 12:47:52.781 [info] Getting sessions for user:email...
2024-11-18 12:47:52.781 [info] Got 1 sessions for user:email...
2024-11-18 12:47:52.781 [info] Getting sessions for user:email...
2024-11-18 12:47:52.781 [info] Got 1 sessions for user:email...
2024-11-18 12:47:53.013 [info] Getting sessions for all scopes...
2024-11-18 12:47:53.013 [info] Got 1 sessions for ...
2024-11-18 12:47:53.013 [info] Getting sessions for all scopes...
2024-11-18 12:47:53.013 [info] Got 1 sessions for ...
2024-11-18 12:47:53.049 [info] Getting sessions for read:user,repo,user:email,workflow...
2024-11-18 12:47:53.049 [info] Got 0 sessions for read:user,repo,user:email,workflow...
2024-11-18 12:47:53.903 [info] Getting sessions for user:email...
2024-11-18 12:47:53.903 [info] Got 1 sessions for user:email...
2024-11-18 12:47:53.965 [info] Getting sessions for read:user,repo,user:email,workflow...
2024-11-18 12:47:53.965 [info] Got 0 sessions for read:user,repo,user:email,workflow...
2024-11-18 12:47:54.573 [info] Getting sessions for all scopes...
2024-11-18 12:47:54.573 [info] Got 1 sessions for ...
2024-11-18 12:47:54.573 [info] Getting sessions for all scopes...
2024-11-18 12:47:54.573 [info] Got 1 sessions for ...
2024-11-18 12:47:54.587 [info] Getting sessions for read:user,repo,user:email,workflow...
2024-11-18 12:47:54.587 [info] Got 0 sessions for read:user,repo,user:email,workflow...
2024-11-18 12:47:54.588 [info] Getting sessions for user:email...
2024-11-18 12:47:54.588 [info] Got 1 sessions for user:email...
2024-11-18 12:47:54.599 [info] Getting sessions for all scopes...
2024-11-18 12:47:54.599 [info] Got 1 sessions for ...
2024-11-18 12:47:54.601 [info] Getting sessions for read:user,repo,user:email,workflow...
2024-11-18 12:47:54.601 [info] Got 0 sessions for read:user,repo,user:email,workflow...
2024-11-18 12:47:54.601 [info] Getting sessions for user:email...
2024-11-18 12:47:54.601 [info] Got 1 sessions for user:email...
2024-11-18 12:47:54.645 [info] Getting sessions for all scopes...
2024-11-18 12:47:54.645 [info] Got 1 sessions for ...
2024-11-18 12:47:54.649 [info] Getting sessions for read:user,repo,user:email,workflow...
2024-11-18 12:47:54.649 [info] Got 0 sessions for read:user,repo,user:email,workflow...
2024-11-18 12:47:54.650 [info] Getting sessions for user:email...
2024-11-18 12:47:54.650 [info] Got 1 sessions for user:email...
2024-11-18 12:56:32.537 [info] Getting sessions for read:user,repo,user:email,workflow...
2024-11-18 12:56:32.537 [info] Got 0 sessions for read:user,repo,user:email,workflow...
2024-11-18 13:02:55.392 [info] Getting sessions for all scopes...
2024-11-18 13:02:55.393 [info] Got 1 sessions for ...
2024-11-18 13:02:55.400 [info] Getting sessions for read:user,repo,user:email,workflow...
2024-11-18 13:02:55.401 [info] Got 0 sessions for read:user,repo,user:email,workflow...
2024-11-18 13:02:55.403 [info] Getting sessions for user:email...
2024-11-18 13:02:55.403 [info] Got 1 sessions for user:email...
2024-11-18 13:02:55.406 [info] Getting sessions for all scopes...
2024-11-18 13:02:55.406 [info] Got 1 sessions for ...
2024-11-18 13:02:55.408 [info] Getting sessions for read:user,repo,user:email,workflow...
2024-11-18 13:02:55.408 [info] Got 0 sessions for read:user,repo,user:email,workflow...
2024-11-18 13:02:55.410 [info] Getting sessions for user:email...
2024-11-18 13:02:55.410 [info] Got 1 sessions for user:email...
2024-11-18 13:12:54.193 [info] Getting sessions for read:user,repo,user:email,workflow...
2024-11-18 13:12:54.193 [info] Got 0 sessions for read:user,repo,user:email,workflow...
2024-11-18 13:12:54.196 [info] Getting sessions for read:user...
2024-11-18 13:12:54.196 [info] Got 0 sessions for read:user...
2024-11-18 13:12:54.199 [info] Getting sessions for user:email...
2024-11-18 13:12:54.199 [info] Got 1 sessions for user:email...
2024-11-18 13:12:54.573 [info] Getting sessions for all scopes...
2024-11-18 13:12:54.573 [info] Got 1 sessions for ...
2024-11-18 13:12:54.578 [info] Getting sessions for read:user,repo,user:email,workflow...
2024-11-18 13:12:54.578 [info] Got 0 sessions for read:user,repo,user:email,workflow...
2024-11-18 13:12:54.579 [info] Getting sessions for user:email...
2024-11-18 13:12:54.579 [info] Got 1 sessions for user:email...
2024-11-18 13:12:55.501 [info] Getting sessions for all scopes...
2024-11-18 13:12:55.501 [info] Got 1 sessions for ...
2024-11-18 13:12:55.501 [info] Getting sessions for all scopes...
2024-11-18 13:12:55.501 [info] Got 1 sessions for ...
2024-11-18 13:12:55.502 [info] Getting sessions for read:user,repo,user:email,workflow...
2024-11-18 13:12:55.502 [info] Got 0 sessions for read:user,repo,user:email,workflow...
2024-11-18 13:12:55.504 [info] Getting sessions for user:email...
2024-11-18 13:12:55.504 [info] Got 1 sessions for user:email...
2024-11-18 13:12:55.507 [info] Getting sessions for all scopes...
2024-11-18 13:12:55.507 [info] Got 1 sessions for ...
2024-11-18 13:12:55.510 [info] Getting sessions for read:user,repo,user:email,workflow...
2024-11-18 13:12:55.510 [info] Got 0 sessions for read:user,repo,user:email,workflow...
2024-11-18 13:12:55.512 [info] Getting sessions for user:email...
2024-11-18 13:12:55.512 [info] Got 1 sessions for user:email...
2024-11-18 13:12:55.524 [info] Getting sessions for all scopes...
2024-11-18 13:12:55.524 [info] Got 1 sessions for ...
2024-11-18 13:12:55.525 [info] Getting sessions for read:user,repo,user:email,workflow...
2024-11-18 13:12:55.525 [info] Got 0 sessions for read:user,repo,user:email,workflow...
2024-11-18 13:12:55.525 [info] Getting sessions for user:email...
2024-11-18 13:12:55.525 [info] Got 1 sessions for user:email...
2024-11-18 13:17:56.154 [info] Getting sessions for all scopes...
2024-11-18 13:17:56.154 [info] Got 1 sessions for ...
2024-11-18 13:17:56.157 [info] Getting sessions for read:user,repo,user:email,workflow...
2024-11-18 13:17:56.157 [info] Got 0 sessions for read:user,repo,user:email,workflow...
2024-11-18 13:17:56.161 [info] Getting sessions for user:email...
2024-11-18 13:17:56.161 [info] Got 1 sessions for user:email...
2024-11-18 13:17:56.165 [info] Getting sessions for all scopes...
2024-11-18 13:17:56.165 [info] Got 1 sessions for ...
2024-11-18 13:17:56.168 [info] Getting sessions for read:user,repo,user:email,workflow...
2024-11-18 13:17:56.168 [info] Got 0 sessions for read:user,repo,user:email,workflow...
2024-11-18 13:17:56.170 [info] Getting sessions for user:email...
2024-11-18 13:17:56.170 [info] Got 1 sessions for user:email...
2024-11-18 13:27:55.531 [info] Getting sessions for all scopes...
2024-11-18 13:27:55.531 [info] Got 1 sessions for ...
2024-11-18 13:27:55.534 [info] Getting sessions for read:user,repo,user:email,workflow...
2024-11-18 13:27:55.534 [info] Got 0 sessions for read:user,repo,user:email,workflow...
2024-11-18 13:27:55.536 [info] Getting sessions for user:email...
2024-11-18 13:27:55.537 [info] Got 1 sessions for user:email...
2024-11-18 13:32:56.885 [info] Getting sessions for all scopes...
2024-11-18 13:32:56.885 [info] Got 1 sessions for ...
2024-11-18 13:32:56.889 [info] Getting sessions for read:user,repo,user:email,workflow...
2024-11-18 13:32:56.889 [info] Got 0 sessions for read:user,repo,user:email,workflow...
2024-11-18 13:32:56.892 [info] Getting sessions for user:email...
2024-11-18 13:32:56.892 [info] Got 1 sessions for user:email...
2024-11-18 13:32:56.895 [info] Getting sessions for all scopes...
2024-11-18 13:32:56.896 [info] Got 1 sessions for ...
2024-11-18 13:32:56.899 [info] Getting sessions for read:user,repo,user:email,workflow...
2024-11-18 13:32:56.899 [info] Got 0 sessions for read:user,repo,user:email,workflow...
2024-11-18 13:32:56.902 [info] Getting sessions for user:email...
2024-11-18 13:32:56.902 [info] Got 1 sessions for user:email...
2024-11-18 13:37:54.583 [info] Getting sessions for read:user,repo,user:email,workflow...
2024-11-18 13:37:54.584 [info] Got 0 sessions for read:user,repo,user:email,workflow...
2024-11-18 13:37:54.586 [info] Getting sessions for read:user...
2024-11-18 13:37:54.586 [info] Got 0 sessions for read:user...
2024-11-18 13:37:54.588 [info] Getting sessions for user:email...
2024-11-18 13:37:54.588 [info] Got 1 sessions for user:email...
2024-11-18 13:37:55.503 [info] Getting sessions for all scopes...
2024-11-18 13:37:55.503 [info] Got 1 sessions for ...
2024-11-18 13:37:55.507 [info] Getting sessions for read:user,repo,user:email,workflow...
2024-11-18 13:37:55.507 [info] Got 0 sessions for read:user,repo,user:email,workflow...
2024-11-18 13:37:55.509 [info] Getting sessions for user:email...
2024-11-18 13:37:55.509 [info] Got 1 sessions for user:email...
2024-11-18 13:37:56.286 [info] Getting sessions for all scopes...
2024-11-18 13:37:56.286 [info] Got 1 sessions for ...
2024-11-18 13:37:56.286 [info] Getting sessions for all scopes...
2024-11-18 13:37:56.286 [info] Got 1 sessions for ...
2024-11-18 13:37:56.288 [info] Getting sessions for read:user,repo,user:email,workflow...
2024-11-18 13:37:56.288 [info] Got 0 sessions for read:user,repo,user:email,workflow...
2024-11-18 13:37:56.289 [info] Getting sessions for user:email...
2024-11-18 13:37:56.290 [info] Got 1 sessions for user:email...
2024-11-18 13:37:56.292 [info] Getting sessions for all scopes...
2024-11-18 13:37:56.292 [info] Got 1 sessions for ...
2024-11-18 13:37:56.294 [info] Getting sessions for read:user,repo,user:email,workflow...
2024-11-18 13:37:56.294 [info] Got 0 sessions for read:user,repo,user:email,workflow...
2024-11-18 13:37:56.296 [info] Getting sessions for user:email...
2024-11-18 13:37:56.296 [info] Got 1 sessions for user:email...
2024-11-18 13:37:56.303 [info] Getting sessions for all scopes...
2024-11-18 13:37:56.303 [info] Got 1 sessions for ...
2024-11-18 13:37:56.304 [info] Getting sessions for read:user,repo,user:email,workflow...
2024-11-18 13:37:56.304 [info] Got 0 sessions for read:user,repo,user:email,workflow...
2024-11-18 13:37:56.305 [info] Getting sessions for user:email...
2024-11-18 13:37:56.305 [info] Got 1 sessions for user:email...
2024-11-18 13:42:55.543 [info] Getting sessions for all scopes...
2024-11-18 13:42:55.543 [info] Got 1 sessions for ...
2024-11-18 13:42:55.548 [info] Getting sessions for read:user,repo,user:email,workflow...
2024-11-18 13:42:55.548 [info] Got 0 sessions for read:user,repo,user:email,workflow...
2024-11-18 13:42:55.551 [info] Getting sessions for user:email...
2024-11-18 13:42:55.551 [info] Got 1 sessions for user:email...
2024-11-18 13:47:57.461 [info] Getting sessions for all scopes...
2024-11-18 13:47:57.462 [info] Got 1 sessions for ...
2024-11-18 13:47:57.465 [info] Getting sessions for read:user,repo,user:email,workflow...
2024-11-18 13:47:57.465 [info] Got 0 sessions for read:user,repo,user:email,workflow...
2024-11-18 13:47:57.467 [info] Getting sessions for user:email...
2024-11-18 13:47:57.467 [info] Got 1 sessions for user:email...
2024-11-18 13:47:57.470 [info] Getting sessions for all scopes...
2024-11-18 13:47:57.470 [info] Got 1 sessions for ...
2024-11-18 13:47:57.472 [info] Getting sessions for read:user,repo,user:email,workflow...
2024-11-18 13:47:57.472 [info] Got 0 sessions for read:user,repo,user:email,workflow...
2024-11-18 13:47:57.474 [info] Getting sessions for user:email...
2024-11-18 13:47:57.474 [info] Got 1 sessions for user:email...
2024-11-18 13:52:56.311 [info] Getting sessions for all scopes...
2024-11-18 13:52:56.311 [info] Got 1 sessions for ...
2024-11-18 13:52:56.314 [info] Getting sessions for read:user,repo,user:email,workflow...
2024-11-18 13:52:56.314 [info] Got 0 sessions for read:user,repo,user:email,workflow...
2024-11-18 13:52:56.318 [info] Getting sessions for user:email...
2024-11-18 13:52:56.318 [info] Got 1 sessions for user:email...
2024-11-18 13:57:55.558 [info] Getting sessions for all scopes...
2024-11-18 13:57:55.558 [info] Got 1 sessions for ...
2024-11-18 13:57:55.561 [info] Getting sessions for read:user,repo,user:email,workflow...
2024-11-18 13:57:55.561 [info] Got 0 sessions for read:user,repo,user:email,workflow...
2024-11-18 13:57:55.564 [info] Getting sessions for user:email...
2024-11-18 13:57:55.564 [info] Got 1 sessions for user:email...
