2024-11-13 22:57:12.601 [info] Using settings sync service https://vscode-sync.trafficmanager.net/
2024-11-13 22:57:12.601 [info] Auto Sync is enabled.
2024-11-13 22:57:12.601 [info] Auto Sync: Suspended until auth token is available.
2024-11-13 22:57:47.511 [info] Auto Sync: Triggered by Interval
2024-11-13 22:57:47.512 [info] Sync started.
2024-11-13 22:57:48.121 [info] Settings: No changes found during synchronizing settings.
2024-11-13 22:57:48.149 [info] Keybindings: No changes found during synchronizing keybindings.
2024-11-13 22:57:48.153 [info] Snippets: No changes found during synchronizing snippets.
2024-11-13 22:57:48.154 [info] Tasks: No changes found during synchronizing tasks.
2024-11-13 22:57:48.159 [info] GlobalState: No changes found during synchronizing ui state.
2024-11-13 22:57:48.205 [info] Extensions: No changes found during synchronizing extensions.
2024-11-13 22:57:48.207 [info] Profiles: No changes found during synchronizing profiles.
2024-11-13 22:57:48.209 [info] Sync done. Took 699ms
2024-11-13 22:59:03.523 [info] Auto Sync: Triggered by Activity
2024-11-13 22:59:03.523 [info] Sync started.
2024-11-13 22:59:03.616 [info] Settings: No changes found during synchronizing settings.
2024-11-13 22:59:03.618 [info] Keybindings: No changes found during synchronizing keybindings.
2024-11-13 22:59:03.621 [info] Snippets: No changes found during synchronizing snippets.
2024-11-13 22:59:03.623 [info] Tasks: No changes found during synchronizing tasks.
2024-11-13 22:59:03.626 [info] GlobalState: No changes found during synchronizing ui state.
2024-11-13 22:59:03.668 [info] Extensions: No changes found during synchronizing extensions.
2024-11-13 22:59:03.671 [info] Profiles: No changes found during synchronizing profiles.
2024-11-13 22:59:03.672 [info] Sync done. Took 149ms
2024-11-13 22:59:22.352 [info] Auto Sync: Triggered by Activity
2024-11-13 22:59:22.352 [info] Sync started.
2024-11-13 22:59:22.829 [info] Settings: No changes found during synchronizing settings.
2024-11-13 22:59:22.832 [info] Keybindings: No changes found during synchronizing keybindings.
2024-11-13 22:59:22.835 [info] Snippets: No changes found during synchronizing snippets.
2024-11-13 22:59:22.837 [info] Tasks: No changes found during synchronizing tasks.
2024-11-13 22:59:22.840 [info] GlobalState: No changes found during synchronizing ui state.
2024-11-13 22:59:22.875 [info] Extensions: No changes found during synchronizing extensions.
2024-11-13 22:59:22.876 [info] Profiles: No changes found during synchronizing profiles.
2024-11-13 22:59:22.876 [info] Sync done. Took 527ms
2024-11-13 23:01:51.987 [info] Auto Sync: Triggered by Activity
2024-11-13 23:01:51.987 [info] Sync started.
2024-11-13 23:01:52.246 [info] Settings: No changes found during synchronizing settings.
2024-11-13 23:01:52.251 [info] Keybindings: No changes found during synchronizing keybindings.
2024-11-13 23:01:52.254 [info] Snippets: No changes found during synchronizing snippets.
2024-11-13 23:01:52.256 [info] Tasks: No changes found during synchronizing tasks.
2024-11-13 23:01:52.260 [info] GlobalState: No changes found during synchronizing ui state.
2024-11-13 23:01:52.308 [info] Extensions: No changes found during synchronizing extensions.
2024-11-13 23:01:52.309 [info] Profiles: No changes found during synchronizing profiles.
2024-11-13 23:01:52.310 [info] Sync done. Took 326ms
2024-11-13 23:02:44.711 [info] Auto Sync: Triggered by Activity
2024-11-13 23:02:44.711 [info] Sync started.
2024-11-13 23:02:44.776 [info] Settings: No changes found during synchronizing settings.
2024-11-13 23:02:44.779 [info] Keybindings: No changes found during synchronizing keybindings.
2024-11-13 23:02:44.782 [info] Snippets: No changes found during synchronizing snippets.
2024-11-13 23:02:44.784 [info] Tasks: No changes found during synchronizing tasks.
2024-11-13 23:02:44.787 [info] GlobalState: No changes found during synchronizing ui state.
2024-11-13 23:02:44.824 [info] Extensions: No changes found during synchronizing extensions.
2024-11-13 23:02:44.825 [info] Profiles: No changes found during synchronizing profiles.
2024-11-13 23:02:44.826 [info] Sync done. Took 116ms
2024-11-13 23:03:02.070 [info] Auto Sync: Triggered by Activity
2024-11-13 23:03:02.070 [info] Sync started.
2024-11-13 23:03:02.168 [info] Settings: No changes found during synchronizing settings.
2024-11-13 23:03:02.170 [info] Keybindings: No changes found during synchronizing keybindings.
2024-11-13 23:03:02.172 [info] Snippets: No changes found during synchronizing snippets.
2024-11-13 23:03:02.174 [info] Tasks: No changes found during synchronizing tasks.
2024-11-13 23:03:02.177 [info] GlobalState: No changes found during synchronizing ui state.
2024-11-13 23:03:02.224 [info] Extensions: No changes found during synchronizing extensions.
2024-11-13 23:03:02.224 [info] Profiles: No changes found during synchronizing profiles.
2024-11-13 23:03:02.225 [info] Sync done. Took 159ms
2024-11-13 23:08:02.247 [info] Auto Sync: Triggered by Interval
2024-11-13 23:08:02.248 [info] Sync started.
2024-11-13 23:08:02.961 [info] Settings: No changes found during synchronizing settings.
2024-11-13 23:08:02.963 [info] Keybindings: No changes found during synchronizing keybindings.
2024-11-13 23:08:02.966 [info] Snippets: No changes found during synchronizing snippets.
2024-11-13 23:08:02.967 [info] Tasks: No changes found during synchronizing tasks.
2024-11-13 23:08:02.970 [info] GlobalState: No changes found during synchronizing ui state.
2024-11-13 23:08:03.012 [info] Extensions: No changes found during synchronizing extensions.
2024-11-13 23:08:03.013 [info] Profiles: No changes found during synchronizing profiles.
2024-11-13 23:08:03.014 [info] Sync done. Took 769ms
2024-11-13 23:13:03.043 [info] Auto Sync: Triggered by Interval
2024-11-13 23:13:03.043 [info] Sync started.
2024-11-13 23:13:03.357 [info] Settings: No changes found during synchronizing settings.
2024-11-13 23:13:03.360 [info] Keybindings: No changes found during synchronizing keybindings.
2024-11-13 23:13:03.363 [info] Snippets: No changes found during synchronizing snippets.
2024-11-13 23:13:03.364 [info] Tasks: No changes found during synchronizing tasks.
2024-11-13 23:13:03.366 [info] GlobalState: No changes found during synchronizing ui state.
2024-11-13 23:13:03.405 [info] Extensions: No changes found during synchronizing extensions.
2024-11-13 23:13:03.405 [info] Profiles: No changes found during synchronizing profiles.
2024-11-13 23:13:03.406 [info] Sync done. Took 364ms
