2024-11-18 12:45:44.852 [info] Using settings sync service https://vscode-sync.trafficmanager.net/
2024-11-18 12:45:44.852 [info] Auto Sync is enabled.
2024-11-18 12:45:44.852 [info] Auto Sync: Suspended until auth token is available.
2024-11-18 12:45:46.109 [info] Auto Sync: Triggered by Interval
2024-11-18 12:45:46.109 [info] Sync started.
2024-11-18 12:45:46.636 [info] Settings: No changes found during synchronizing settings.
2024-11-18 12:45:46.642 [info] Keybindings: No changes found during synchronizing keybindings.
2024-11-18 12:45:46.646 [info] Snippets: No changes found during synchronizing snippets.
2024-11-18 12:45:46.648 [info] Tasks: No changes found during synchronizing tasks.
2024-11-18 12:45:47.097 [info] GlobalState: Updated remote ui state. Updated: cpp.1.lastSessionDate,cpp.1.sessionCount,java.2.lastSessionDate,java.2.sessionCount,csharp.1.lastSessionDate,csharp.1.sessionCount.
2024-11-18 12:45:47.102 [info] GlobalState: Updated last synchronized ui state
2024-11-18 12:45:47.185 [info] Extensions: No changes found during synchronizing extensions.
2024-11-18 12:45:47.195 [info] Profiles: No changes found during synchronizing profiles.
2024-11-18 12:45:47.209 [info] Sync done. Took 1101ms
2024-11-18 12:45:58.267 [info] Auto Sync: Triggered by Activity
2024-11-18 12:45:58.268 [info] Sync started.
2024-11-18 12:45:58.339 [info] Settings: No changes found during synchronizing settings.
2024-11-18 12:45:58.341 [info] Keybindings: No changes found during synchronizing keybindings.
2024-11-18 12:45:58.342 [info] Snippets: No changes found during synchronizing snippets.
2024-11-18 12:45:58.345 [info] Tasks: No changes found during synchronizing tasks.
2024-11-18 12:45:58.347 [info] GlobalState: No changes found during synchronizing ui state.
2024-11-18 12:45:58.890 [info] Extensions: Updated remote extensions. Updated: ["eamodio.gitlens"].
2024-11-18 12:45:58.895 [info] Extensions: Updated last synchronized extensions. Skipped: ["undefined_publisher.tracker","geyao.html-snippets","msjsdiag.debugger-for-edge","kiteco.kite","olekirchner.botanical"].
2024-11-18 12:45:58.897 [info] Profiles: No changes found during synchronizing profiles.
2024-11-18 12:45:58.899 [info] Sync done. Took 632ms
2024-11-18 12:47:16.755 [info] Auto Sync: Triggered by Activity
2024-11-18 12:47:16.756 [info] Sync started.
2024-11-18 12:47:16.821 [info] Settings: No changes found during synchronizing settings.
2024-11-18 12:47:16.822 [info] Keybindings: No changes found during synchronizing keybindings.
2024-11-18 12:47:16.824 [info] Snippets: No changes found during synchronizing snippets.
2024-11-18 12:47:16.826 [info] Tasks: No changes found during synchronizing tasks.
2024-11-18 12:47:16.829 [info] GlobalState: No changes found during synchronizing ui state.
2024-11-18 12:47:16.881 [info] Extensions: No changes found during synchronizing extensions.
2024-11-18 12:47:16.881 [info] Profiles: No changes found during synchronizing profiles.
2024-11-18 12:47:16.883 [info] Sync done. Took 129ms
