2024-11-14 01:24:48.616 [info] [main] Log level: Info
2024-11-14 01:24:48.616 [info] [main] Validating found git in: "git"
2024-11-14 01:24:48.616 [info] [main] Using git "2.47.0" from "git"
2024-11-14 01:24:48.616 [info] [Model][doInitialScan] Initial repository scan started
2024-11-14 01:24:48.616 [info] > git rev-parse --show-toplevel [12ms]
2024-11-14 01:24:48.616 [info] fatal: not a git repository (or any of the parent directories): .git
2024-11-14 01:24:48.616 [info] > git rev-parse --show-toplevel [2ms]
2024-11-14 01:24:48.616 [info] fatal: not a git repository (or any of the parent directories): .git
2024-11-14 01:24:48.626 [info] > git rev-parse --show-toplevel [1ms]
2024-11-14 01:24:48.626 [info] fatal: not a git repository (or any of the parent directories): .git
2024-11-14 01:24:48.632 [info] > git rev-parse --show-toplevel [1ms]
2024-11-14 01:24:48.632 [info] fatal: not a git repository (or any of the parent directories): .git
2024-11-14 01:24:48.638 [info] > git rev-parse --show-toplevel [1ms]
2024-11-14 01:24:48.638 [info] fatal: not a git repository (or any of the parent directories): .git
2024-11-14 01:24:48.646 [info] > git rev-parse --show-toplevel [4ms]
2024-11-14 01:24:48.646 [info] fatal: not a git repository (or any of the parent directories): .git
2024-11-14 01:24:48.653 [info] > git rev-parse --show-toplevel [1ms]
2024-11-14 01:24:48.653 [info] fatal: not a git repository (or any of the parent directories): .git
2024-11-14 01:24:48.659 [info] > git rev-parse --show-toplevel [1ms]
2024-11-14 01:24:48.659 [info] fatal: not a git repository (or any of the parent directories): .git
2024-11-14 01:24:48.666 [info] > git rev-parse --show-toplevel [2ms]
2024-11-14 01:24:48.673 [info] > git rev-parse --show-toplevel [1ms]
2024-11-14 01:24:48.673 [info] fatal: not a git repository (or any of the parent directories): .git
2024-11-14 01:24:48.679 [info] > git rev-parse --show-toplevel [1ms]
2024-11-14 01:24:48.679 [info] fatal: not a git repository (or any of the parent directories): .git
2024-11-14 01:24:48.685 [info] > git rev-parse --show-toplevel [1ms]
2024-11-14 01:24:48.685 [info] fatal: not a git repository (or any of the parent directories): .git
2024-11-14 01:24:48.693 [info] > git rev-parse --show-toplevel [4ms]
2024-11-14 01:24:48.693 [info] fatal: not a git repository (or any of the parent directories): .git
2024-11-14 01:24:48.697 [info] > git rev-parse --show-toplevel [0ms]
2024-11-14 01:24:48.698 [info] fatal: not a git repository (or any of the parent directories): .git
2024-11-14 01:24:48.753 [info] > git rev-parse --show-toplevel [36ms]
2024-11-14 01:24:48.753 [info] fatal: not a git repository (or any of the parent directories): .git
2024-11-14 01:24:48.770 [info] > git rev-parse --show-toplevel [12ms]
2024-11-14 01:24:48.770 [info] fatal: not a git repository (or any of the parent directories): .git
2024-11-14 01:24:48.860 [info] > git rev-parse --show-toplevel [38ms]
2024-11-14 01:24:48.860 [info] fatal: not a git repository (or any of the parent directories): .git
2024-11-14 01:24:48.887 [info] > git rev-parse --show-toplevel [20ms]
2024-11-14 01:24:48.887 [info] fatal: not a git repository (or any of the parent directories): .git
2024-11-14 01:24:48.904 [info] > git rev-parse --show-toplevel [2ms]
2024-11-14 01:24:48.904 [info] fatal: not a git repository (or any of the parent directories): .git
2024-11-14 01:24:49.088 [info] > git rev-parse --show-toplevel [9ms]
2024-11-14 01:24:49.088 [info] fatal: not a git repository (or any of the parent directories): .git
2024-11-14 01:24:49.170 [info] > git rev-parse --show-toplevel [77ms]
2024-11-14 01:24:49.187 [info] > git rev-parse --show-toplevel [11ms]
2024-11-14 01:24:49.187 [info] fatal: not a git repository (or any of the parent directories): .git
2024-11-14 01:24:49.189 [info] [Model][doInitialScan] Initial repository scan completed - repositories (0), closed repositories (2), parent repositories (0), unsafe repositories (0)
2024-11-14 01:24:49.278 [info] > git rev-parse --show-toplevel [8ms]
2024-11-14 01:24:49.278 [info] fatal: not a git repository (or any of the parent directories): .git
2024-11-14 01:24:53.554 [info] > git rev-parse --show-toplevel [3ms]
2024-11-14 01:24:53.643 [info] > git rev-parse --show-toplevel [18ms]
2024-11-14 01:24:53.660 [info] > git rev-parse --show-toplevel [2ms]
2024-11-14 01:24:53.672 [info] > git rev-parse --show-toplevel [2ms]
2024-11-14 01:29:47.340 [info] > git rev-parse --show-toplevel [1ms]
2024-11-14 01:29:47.352 [info] > git rev-parse --git-dir --git-common-dir [1ms]
2024-11-14 01:29:47.362 [info] [Model][openRepository] Opened repository: /home/fgress2/documents/Obsidian
2024-11-14 01:29:47.386 [info] > git config --get commit.template [12ms]
2024-11-14 01:29:47.387 [info] > git for-each-ref --format=%(refname)%00%(upstream:short)%00%(objectname)%00%(upstream:track)%00%(upstream:remotename)%00%(upstream:remoteref) refs/heads/main refs/remotes/main [2ms]
2024-11-14 01:29:47.425 [info] > git status -z -uall [11ms]
2024-11-14 01:29:47.426 [info] > git for-each-ref --sort -committerdate --format %(refname) %(objectname) %(*objectname) [2ms]
2024-11-14 01:29:47.488 [info] > git for-each-ref --format=%(refname)%00%(upstream:short)%00%(objectname)%00%(upstream:track)%00%(upstream:remotename)%00%(upstream:remoteref) refs/heads/main refs/remotes/main [46ms]
2024-11-14 01:29:47.508 [info] > git config --local branch.main.vscode-merge-base [10ms]
2024-11-14 01:29:47.508 [warning] [Git][config] git config failed: Failed to execute git
2024-11-14 01:29:47.517 [info] > git config --get commit.template [30ms]
2024-11-14 01:29:47.532 [info] > git for-each-ref --format=%(refname)%00%(upstream:short)%00%(objectname)%00%(upstream:track)%00%(upstream:remotename)%00%(upstream:remoteref) refs/heads/main refs/remotes/main [2ms]
2024-11-14 01:29:47.532 [info] > git reflog main --grep-reflog=branch: Created from *. [15ms]
2024-11-14 01:29:47.559 [info] > git status -z -uall [9ms]
2024-11-14 01:29:47.559 [info] > git symbolic-ref --short refs/remotes/origin/HEAD [19ms]
2024-11-14 01:29:47.559 [info] fatal: ref refs/remotes/origin/HEAD is not a symbolic ref
2024-11-14 01:29:47.559 [warning] [Repository][getDefaultBranch] Failed to get default branch details: Failed to execute git.
2024-11-14 01:29:47.570 [info] > git merge-base refs/heads/main refs/remotes/origin/main [1ms]
2024-11-14 01:29:47.579 [info] > git for-each-ref --sort -committerdate --format %(refname) %(objectname) %(*objectname) [20ms]
2024-11-14 01:29:47.590 [info] > git merge-base refs/heads/main refs/remotes/origin/main [2ms]
2024-11-14 01:29:47.598 [info] > git diff --name-status -z --diff-filter=ADMR 9b18ea86865adf5f7f6fe9652692917e81388995...refs/remotes/origin/main [19ms]
2024-11-14 01:29:47.599 [info] > git diff --name-status -z --diff-filter=ADMR 9b18ea86865adf5f7f6fe9652692917e81388995...refs/remotes/origin/main [1ms]
