2024-11-13 18:46:54.103 [info] Using settings sync service https://vscode-sync.trafficmanager.net/
2024-11-13 18:46:54.103 [info] Auto Sync is enabled.
2024-11-13 18:46:54.103 [info] Auto Sync: Suspended until auth token is available.
2024-11-13 18:46:55.676 [info] Auto Sync: Triggered by Interval
2024-11-13 18:46:55.677 [info] Sync started.
2024-11-13 18:46:56.799 [info] Settings: No changes found during synchronizing settings.
2024-11-13 18:46:56.805 [info] Keybindings: No changes found during synchronizing keybindings.
2024-11-13 18:46:56.808 [info] Snippets: No changes found during synchronizing snippets.
2024-11-13 18:46:56.810 [info] Tasks: No changes found during synchronizing tasks.
2024-11-13 18:46:56.814 [info] GlobalState: No changes found during synchronizing ui state.
2024-11-13 18:46:56.848 [info] Extensions: No changes found during synchronizing extensions.
2024-11-13 18:46:56.849 [info] Profiles: No changes found during synchronizing profiles.
2024-11-13 18:46:56.850 [info] Sync done. Took 1174ms
2024-11-13 18:48:00.018 [info] Auto Sync: Triggered by Activity
2024-11-13 18:48:00.018 [info] Sync started.
2024-11-13 18:48:00.873 [info] Settings: No changes found during synchronizing settings.
2024-11-13 18:48:00.876 [info] Keybindings: No changes found during synchronizing keybindings.
2024-11-13 18:48:00.878 [info] Snippets: No changes found during synchronizing snippets.
2024-11-13 18:48:00.879 [info] Tasks: No changes found during synchronizing tasks.
2024-11-13 18:48:00.882 [info] GlobalState: No changes found during synchronizing ui state.
2024-11-13 18:48:00.930 [info] Extensions: No changes found during synchronizing extensions.
2024-11-13 18:48:00.931 [info] Profiles: No changes found during synchronizing profiles.
2024-11-13 18:48:00.932 [info] Sync done. Took 914ms
2024-11-13 18:48:21.392 [info] Auto Sync: Triggered by Activity
2024-11-13 18:48:21.392 [info] Sync started.
2024-11-13 18:48:21.629 [info] Settings: No changes found during synchronizing settings.
2024-11-13 18:48:21.633 [info] Keybindings: No changes found during synchronizing keybindings.
2024-11-13 18:48:21.636 [info] Snippets: No changes found during synchronizing snippets.
2024-11-13 18:48:21.637 [info] Tasks: No changes found during synchronizing tasks.
2024-11-13 18:48:21.641 [info] GlobalState: No changes found during synchronizing ui state.
2024-11-13 18:48:21.703 [info] Extensions: No changes found during synchronizing extensions.
2024-11-13 18:48:21.704 [info] Profiles: No changes found during synchronizing profiles.
2024-11-13 18:48:21.705 [info] Sync done. Took 318ms
2024-11-13 18:48:58.585 [info] Auto Sync: Triggered by Activity
2024-11-13 18:48:58.585 [info] Sync started.
2024-11-13 18:48:58.836 [info] Settings: No changes found during synchronizing settings.
2024-11-13 18:48:58.838 [info] Keybindings: No changes found during synchronizing keybindings.
2024-11-13 18:48:58.841 [info] Snippets: No changes found during synchronizing snippets.
2024-11-13 18:48:58.844 [info] Tasks: No changes found during synchronizing tasks.
2024-11-13 18:48:58.848 [info] GlobalState: No changes found during synchronizing ui state.
2024-11-13 18:48:58.903 [info] Extensions: No changes found during synchronizing extensions.
2024-11-13 18:48:58.904 [info] Profiles: No changes found during synchronizing profiles.
2024-11-13 18:48:58.905 [info] Sync done. Took 322ms
