2024-11-14 01:08:29.314 [info] Reading sessions from keychain...
2024-11-14 01:08:29.314 [info] Getting sessions for all scopes...
2024-11-14 01:08:29.314 [info] Getting sessions for all scopes...
2024-11-14 01:08:29.314 [info] Getting sessions for all scopes...
2024-11-14 01:08:29.314 [info] Getting sessions for user:email...
2024-11-14 01:08:29.314 [info] Got stored sessions!
2024-11-14 01:08:29.314 [info] Got 1 verified sessions.
2024-11-14 01:08:29.314 [info] Got 1 sessions for ...
2024-11-14 01:08:29.314 [info] Got 1 sessions for ...
2024-11-14 01:08:29.314 [info] Got 1 sessions for ...
2024-11-14 01:08:29.314 [info] Got 1 sessions for user:email...
2024-11-14 01:08:29.314 [info] Getting sessions for user:email...
2024-11-14 01:08:29.314 [info] Got 1 sessions for user:email...
2024-11-14 01:08:29.314 [info] Getting sessions for user:email...
2024-11-14 01:08:29.314 [info] Got 1 sessions for user:email...
2024-11-14 01:08:29.409 [info] Getting sessions for all scopes...
2024-11-14 01:08:29.409 [info] Got 1 sessions for ...
2024-11-14 01:08:31.884 [info] Getting sessions for read:user,repo,user:email...
2024-11-14 01:08:31.884 [info] Got 0 sessions for read:user,repo,user:email...
2024-11-14 01:08:31.895 [info] Getting sessions for read:user,repo,user:email,workflow...
2024-11-14 01:08:31.896 [info] Got 0 sessions for read:user,repo,user:email,workflow...
2024-11-14 01:08:31.896 [info] Getting sessions for all scopes...
2024-11-14 01:08:31.896 [info] Got 1 sessions for ...
2024-11-14 01:08:31.897 [info] Getting sessions for all scopes...
2024-11-14 01:08:31.897 [info] Got 1 sessions for ...
2024-11-14 01:08:31.987 [info] Getting sessions for read:user...
2024-11-14 01:08:31.987 [info] Got 0 sessions for read:user...
2024-11-14 01:08:31.987 [info] Getting sessions for read:user,repo,user:email,workflow...
2024-11-14 01:08:31.988 [info] Got 0 sessions for read:user,repo,user:email,workflow...
2024-11-14 01:08:32.231 [info] Getting sessions for user:email...
2024-11-14 01:08:32.231 [info] Got 1 sessions for user:email...
2024-11-14 01:08:32.231 [info] Getting sessions for user:email...
2024-11-14 01:08:32.231 [info] Got 1 sessions for user:email...
2024-11-14 01:08:32.248 [info] Getting sessions for all scopes...
2024-11-14 01:08:32.248 [info] Got 1 sessions for ...
2024-11-14 01:08:32.307 [info] Getting sessions for read:user,repo,user:email,workflow...
2024-11-14 01:08:32.307 [info] Got 0 sessions for read:user,repo,user:email,workflow...
2024-11-14 01:08:33.104 [info] Getting sessions for read:user,repo,user:email,workflow...
2024-11-14 01:08:33.104 [info] Got 0 sessions for read:user,repo,user:email,workflow...
2024-11-14 01:08:33.108 [info] Getting sessions for user:email...
2024-11-14 01:08:33.108 [info] Got 1 sessions for user:email...
2024-11-14 01:08:33.158 [info] Getting sessions for all scopes...
2024-11-14 01:08:33.158 [info] Got 1 sessions for ...
2024-11-14 01:08:33.262 [info] Getting sessions for read:user,repo,user:email,workflow...
2024-11-14 01:08:33.262 [info] Got 0 sessions for read:user,repo,user:email,workflow...
2024-11-14 01:08:33.277 [info] Getting sessions for user:email...
2024-11-14 01:08:33.277 [info] Got 1 sessions for user:email...
2024-11-14 01:08:40.810 [info] Getting sessions for all scopes...
2024-11-14 01:08:40.810 [info] Got 1 sessions for ...
2024-11-14 01:08:40.811 [info] Getting sessions for read:user,repo,user:email,workflow...
2024-11-14 01:08:40.811 [info] Got 0 sessions for read:user,repo,user:email,workflow...
2024-11-14 01:08:40.812 [info] Getting sessions for user:email...
2024-11-14 01:08:40.812 [info] Got 1 sessions for user:email...
2024-11-14 01:08:42.414 [info] Getting sessions for all scopes...
2024-11-14 01:08:42.414 [info] Got 1 sessions for ...
2024-11-14 01:08:42.415 [info] Getting sessions for all scopes...
2024-11-14 01:08:42.415 [info] Got 1 sessions for ...
2024-11-14 01:08:42.421 [info] Getting sessions for read:user,repo,user:email,workflow...
2024-11-14 01:08:42.421 [info] Got 0 sessions for read:user,repo,user:email,workflow...
2024-11-14 01:08:42.422 [info] Getting sessions for user:email...
2024-11-14 01:08:42.422 [info] Got 1 sessions for user:email...
2024-11-14 01:08:42.430 [info] Getting sessions for all scopes...
2024-11-14 01:08:42.430 [info] Got 1 sessions for ...
2024-11-14 01:08:42.431 [info] Getting sessions for read:user,repo,user:email,workflow...
2024-11-14 01:08:42.431 [info] Got 0 sessions for read:user,repo,user:email,workflow...
2024-11-14 01:08:42.432 [info] Getting sessions for user:email...
2024-11-14 01:08:42.432 [info] Got 1 sessions for user:email...
2024-11-14 01:08:42.481 [info] Getting sessions for all scopes...
2024-11-14 01:08:42.482 [info] Got 1 sessions for ...
2024-11-14 01:08:42.502 [info] Getting sessions for read:user,repo,user:email,workflow...
2024-11-14 01:08:42.502 [info] Got 0 sessions for read:user,repo,user:email,workflow...
2024-11-14 01:08:42.503 [info] Getting sessions for user:email...
2024-11-14 01:08:42.503 [info] Got 1 sessions for user:email...
2024-11-14 01:08:42.908 [info] Getting sessions for read:user,repo,user:email,workflow...
2024-11-14 01:08:42.908 [info] Got 0 sessions for read:user,repo,user:email,workflow...
