2024-11-14 01:04:38.718 [info] [main] Log level: Info
2024-11-14 01:04:38.718 [info] [main] Validating found git in: "git"
2024-11-14 01:04:38.718 [info] [main] Using git "2.47.0" from "git"
2024-11-14 01:04:38.718 [info] [Model][doInitialScan] Initial repository scan started
2024-11-14 01:04:38.718 [info] > git rev-parse --show-toplevel [3ms]
2024-11-14 01:04:38.718 [info] fatal: not a git repository (or any of the parent directories): .git
2024-11-14 01:04:38.718 [info] > git rev-parse --show-toplevel [15ms]
2024-11-14 01:04:38.719 [info] fatal: not a git repository (or any of the parent directories): .git
2024-11-14 01:04:39.224 [info] > git rev-parse --show-toplevel [64ms]
2024-11-14 01:04:39.224 [info] fatal: not a git repository (or any of the parent directories): .git
2024-11-14 01:04:39.297 [info] > git rev-parse --show-toplevel [68ms]
2024-11-14 01:04:39.297 [info] fatal: not a git repository (or any of the parent directories): .git
2024-11-14 01:04:39.330 [info] > git rev-parse --show-toplevel [13ms]
2024-11-14 01:04:39.330 [info] fatal: not a git repository (or any of the parent directories): .git
2024-11-14 01:04:39.458 [info] > git rev-parse --show-toplevel [123ms]
2024-11-14 01:04:39.459 [info] fatal: not a git repository (or any of the parent directories): .git
2024-11-14 01:04:39.517 [info] > git rev-parse --show-toplevel [49ms]
2024-11-14 01:04:39.517 [info] fatal: not a git repository (or any of the parent directories): .git
2024-11-14 01:04:39.608 [info] > git rev-parse --show-toplevel [83ms]
2024-11-14 01:04:39.608 [info] fatal: not a git repository (or any of the parent directories): .git
2024-11-14 01:04:39.631 [info] > git rev-parse --show-toplevel [3ms]
2024-11-14 01:04:39.713 [info] > git rev-parse --show-toplevel [8ms]
2024-11-14 01:04:39.713 [info] fatal: not a git repository (or any of the parent directories): .git
2024-11-14 01:04:39.722 [info] > git rev-parse --show-toplevel [2ms]
2024-11-14 01:04:39.722 [info] fatal: not a git repository (or any of the parent directories): .git
2024-11-14 01:04:39.755 [info] > git rev-parse --show-toplevel [26ms]
2024-11-14 01:04:39.755 [info] fatal: not a git repository (or any of the parent directories): .git
2024-11-14 01:04:39.853 [info] > git rev-parse --show-toplevel [93ms]
2024-11-14 01:04:39.853 [info] fatal: not a git repository (or any of the parent directories): .git
2024-11-14 01:04:39.865 [info] > git rev-parse --show-toplevel [7ms]
2024-11-14 01:04:39.865 [info] fatal: not a git repository (or any of the parent directories): .git
2024-11-14 01:04:39.879 [info] > git rev-parse --show-toplevel [8ms]
2024-11-14 01:04:39.879 [info] fatal: not a git repository (or any of the parent directories): .git
2024-11-14 01:04:39.901 [info] > git rev-parse --show-toplevel [15ms]
2024-11-14 01:04:39.901 [info] fatal: not a git repository (or any of the parent directories): .git
2024-11-14 01:04:39.910 [info] > git rev-parse --show-toplevel [3ms]
2024-11-14 01:04:39.910 [info] fatal: not a git repository (or any of the parent directories): .git
2024-11-14 01:04:39.944 [info] > git rev-parse --show-toplevel [4ms]
2024-11-14 01:04:39.944 [info] fatal: not a git repository (or any of the parent directories): .git
2024-11-14 01:04:39.969 [info] > git rev-parse --show-toplevel [18ms]
2024-11-14 01:04:39.969 [info] fatal: not a git repository (or any of the parent directories): .git
2024-11-14 01:04:39.995 [info] > git rev-parse --show-toplevel [2ms]
2024-11-14 01:04:39.995 [info] fatal: not a git repository (or any of the parent directories): .git
2024-11-14 01:04:40.021 [info] > git rev-parse --show-toplevel [9ms]
2024-11-14 01:04:40.024 [info] [Model][doInitialScan] Initial repository scan completed - repositories (0), closed repositories (2), parent repositories (0), unsafe repositories (0)
2024-11-14 01:04:40.035 [info] > git rev-parse --show-toplevel [2ms]
2024-11-14 01:04:40.035 [info] fatal: not a git repository (or any of the parent directories): .git
2024-11-14 01:04:42.665 [info] > git rev-parse --show-toplevel [42ms]
2024-11-14 01:04:43.040 [info] > git rev-parse --show-toplevel [33ms]
2024-11-14 01:04:43.070 [info] > git rev-parse --show-toplevel [3ms]
2024-11-14 01:04:43.103 [info] > git rev-parse --show-toplevel [20ms]
