2024-11-13 18:49:50.113 [info] Reading sessions from keychain...
2024-11-13 18:49:50.113 [info] Getting sessions for all scopes...
2024-11-13 18:49:50.113 [info] Getting sessions for all scopes...
2024-11-13 18:49:50.113 [info] Getting sessions for all scopes...
2024-11-13 18:49:50.113 [info] Getting sessions for user:email...
2024-11-13 18:49:50.113 [info] Got stored sessions!
2024-11-13 18:49:50.113 [info] Got 1 verified sessions.
2024-11-13 18:49:50.113 [info] Got 1 sessions for ...
2024-11-13 18:49:50.113 [info] Got 1 sessions for ...
2024-11-13 18:49:50.113 [info] Got 1 sessions for ...
2024-11-13 18:49:50.113 [info] Got 1 sessions for user:email...
2024-11-13 18:49:50.113 [info] Getting sessions for user:email...
2024-11-13 18:49:50.113 [info] Got 1 sessions for user:email...
2024-11-13 18:49:50.113 [info] Getting sessions for user:email...
2024-11-13 18:49:50.113 [info] Got 1 sessions for user:email...
2024-11-13 18:49:50.238 [info] Getting sessions for all scopes...
2024-11-13 18:49:50.238 [info] Got 1 sessions for ...
2024-11-13 18:49:51.092 [info] Getting sessions for read:user,repo,user:email,workflow...
2024-11-13 18:49:51.092 [info] Got 0 sessions for read:user,repo,user:email,workflow...
2024-11-13 18:49:53.444 [info] Getting sessions for read:user,repo,user:email...
2024-11-13 18:49:53.444 [info] Got 0 sessions for read:user,repo,user:email...
2024-11-13 18:49:53.444 [info] Getting sessions for read:user,repo,user:email,workflow...
2024-11-13 18:49:53.444 [info] Got 0 sessions for read:user,repo,user:email,workflow...
2024-11-13 18:49:53.444 [info] Getting sessions for all scopes...
2024-11-13 18:49:53.444 [info] Got 1 sessions for ...
2024-11-13 18:49:53.444 [info] Getting sessions for all scopes...
2024-11-13 18:49:53.444 [info] Got 1 sessions for ...
2024-11-13 18:49:53.524 [info] Getting sessions for read:user...
2024-11-13 18:49:53.524 [info] Got 0 sessions for read:user...
2024-11-13 18:49:53.525 [info] Getting sessions for read:user,repo,user:email,workflow...
2024-11-13 18:49:53.525 [info] Got 0 sessions for read:user,repo,user:email,workflow...
2024-11-13 18:49:53.781 [info] Getting sessions for user:email...
2024-11-13 18:49:53.781 [info] Got 1 sessions for user:email...
2024-11-13 18:49:53.781 [info] Getting sessions for user:email...
2024-11-13 18:49:53.781 [info] Got 1 sessions for user:email...
2024-11-13 18:49:53.816 [info] Getting sessions for all scopes...
2024-11-13 18:49:53.816 [info] Got 1 sessions for ...
2024-11-13 18:49:53.816 [info] Getting sessions for all scopes...
2024-11-13 18:49:53.816 [info] Got 1 sessions for ...
2024-11-13 18:49:54.773 [info] Getting sessions for read:user,repo,user:email,workflow...
2024-11-13 18:49:54.773 [info] Got 0 sessions for read:user,repo,user:email,workflow...
2024-11-13 18:49:54.864 [info] Getting sessions for read:user,repo,user:email,workflow...
2024-11-13 18:49:54.864 [info] Got 0 sessions for read:user,repo,user:email,workflow...
2024-11-13 18:49:54.874 [info] Getting sessions for user:email...
2024-11-13 18:49:54.874 [info] Got 1 sessions for user:email...
2024-11-13 18:49:59.337 [info] Getting sessions for all scopes...
2024-11-13 18:49:59.338 [info] Got 1 sessions for ...
2024-11-13 18:49:59.344 [info] Getting sessions for read:user,repo,user:email,workflow...
2024-11-13 18:49:59.344 [info] Got 0 sessions for read:user,repo,user:email,workflow...
2024-11-13 18:49:59.345 [info] Getting sessions for user:email...
2024-11-13 18:49:59.345 [info] Got 1 sessions for user:email...
2024-11-13 18:49:59.346 [info] Getting sessions for all scopes...
2024-11-13 18:49:59.346 [info] Got 1 sessions for ...
2024-11-13 18:49:59.346 [info] Getting sessions for read:user,repo,user:email,workflow...
2024-11-13 18:49:59.346 [info] Got 0 sessions for read:user,repo,user:email,workflow...
2024-11-13 18:49:59.347 [info] Getting sessions for user:email...
2024-11-13 18:49:59.347 [info] Got 1 sessions for user:email...
2024-11-13 18:50:00.170 [info] Getting sessions for all scopes...
2024-11-13 18:50:00.170 [info] Got 1 sessions for ...
2024-11-13 18:50:00.170 [info] Getting sessions for all scopes...
2024-11-13 18:50:00.170 [info] Got 1 sessions for ...
2024-11-13 18:50:00.181 [info] Getting sessions for read:user,repo,user:email,workflow...
2024-11-13 18:50:00.181 [info] Got 0 sessions for read:user,repo,user:email,workflow...
2024-11-13 18:50:00.182 [info] Getting sessions for user:email...
2024-11-13 18:50:00.182 [info] Got 1 sessions for user:email...
2024-11-13 18:50:00.184 [info] Getting sessions for all scopes...
2024-11-13 18:50:00.184 [info] Got 1 sessions for ...
2024-11-13 18:50:00.185 [info] Getting sessions for read:user,repo,user:email,workflow...
2024-11-13 18:50:00.185 [info] Got 0 sessions for read:user,repo,user:email,workflow...
2024-11-13 18:50:00.186 [info] Getting sessions for user:email...
2024-11-13 18:50:00.186 [info] Got 1 sessions for user:email...
2024-11-13 18:50:00.230 [info] Getting sessions for all scopes...
2024-11-13 18:50:00.230 [info] Got 1 sessions for ...
2024-11-13 18:50:00.231 [info] Getting sessions for read:user,repo,user:email,workflow...
2024-11-13 18:50:00.231 [info] Got 0 sessions for read:user,repo,user:email,workflow...
2024-11-13 18:50:00.231 [info] Getting sessions for user:email...
2024-11-13 18:50:00.231 [info] Got 1 sessions for user:email...
2024-11-13 18:50:00.234 [info] Getting sessions for all scopes...
2024-11-13 18:50:00.234 [info] Got 1 sessions for ...
2024-11-13 18:50:00.234 [info] Getting sessions for read:user,repo,user:email,workflow...
2024-11-13 18:50:00.234 [info] Got 0 sessions for read:user,repo,user:email,workflow...
2024-11-13 18:50:00.235 [info] Getting sessions for user:email...
2024-11-13 18:50:00.235 [info] Got 1 sessions for user:email...
2024-11-13 18:55:58.466 [info] Getting sessions for read:user,repo,user:email,workflow...
2024-11-13 18:55:58.466 [info] Got 0 sessions for read:user,repo,user:email,workflow...
2024-11-13 18:55:58.470 [info] Getting sessions for read:user...
2024-11-13 18:55:58.470 [info] Got 0 sessions for read:user...
2024-11-13 18:55:58.473 [info] Getting sessions for user:email...
2024-11-13 18:55:58.473 [info] Got 1 sessions for user:email...
2024-11-13 18:56:19.931 [info] Reading sessions from keychain...
2024-11-13 18:56:19.931 [info] Getting sessions for all scopes...
2024-11-13 18:56:19.931 [info] Getting sessions for all scopes...
2024-11-13 18:56:19.931 [info] Getting sessions for all scopes...
2024-11-13 18:56:19.931 [info] Getting sessions for user:email...
2024-11-13 18:56:19.931 [info] Got stored sessions!
2024-11-13 18:56:19.931 [info] Got 1 verified sessions.
2024-11-13 18:56:19.931 [info] Got 1 sessions for ...
2024-11-13 18:56:19.931 [info] Got 1 sessions for ...
2024-11-13 18:56:19.931 [info] Got 1 sessions for ...
2024-11-13 18:56:19.931 [info] Got 1 sessions for user:email...
2024-11-13 18:56:19.931 [info] Getting sessions for user:email...
2024-11-13 18:56:19.931 [info] Got 1 sessions for user:email...
2024-11-13 18:56:19.931 [info] Getting sessions for user:email...
2024-11-13 18:56:19.931 [info] Got 1 sessions for user:email...
2024-11-13 18:56:21.115 [info] Getting sessions for all scopes...
2024-11-13 18:56:21.115 [info] Got 1 sessions for ...
2024-11-13 18:56:21.292 [info] Getting sessions for read:user,repo,user:email,workflow...
2024-11-13 18:56:21.292 [info] Got 0 sessions for read:user,repo,user:email,workflow...
2024-11-13 18:56:23.700 [info] Getting sessions for read:user,repo,user:email...
2024-11-13 18:56:23.700 [info] Got 0 sessions for read:user,repo,user:email...
2024-11-13 18:56:23.700 [info] Getting sessions for read:user,repo,user:email,workflow...
2024-11-13 18:56:23.700 [info] Got 0 sessions for read:user,repo,user:email,workflow...
2024-11-13 18:56:23.701 [info] Getting sessions for all scopes...
2024-11-13 18:56:23.701 [info] Got 1 sessions for ...
2024-11-13 18:56:23.701 [info] Getting sessions for all scopes...
2024-11-13 18:56:23.701 [info] Got 1 sessions for ...
2024-11-13 18:56:23.808 [info] Getting sessions for read:user...
2024-11-13 18:56:23.808 [info] Got 0 sessions for read:user...
2024-11-13 18:56:23.808 [info] Getting sessions for read:user,repo,user:email,workflow...
2024-11-13 18:56:23.808 [info] Got 0 sessions for read:user,repo,user:email,workflow...
2024-11-13 18:56:23.866 [info] Getting sessions for user:email...
2024-11-13 18:56:23.866 [info] Got 1 sessions for user:email...
2024-11-13 18:56:23.867 [info] Getting sessions for user:email...
2024-11-13 18:56:23.867 [info] Got 1 sessions for user:email...
2024-11-13 18:56:24.140 [info] Getting sessions for all scopes...
2024-11-13 18:56:24.140 [info] Got 1 sessions for ...
2024-11-13 18:56:24.140 [info] Getting sessions for all scopes...
2024-11-13 18:56:24.140 [info] Got 1 sessions for ...
2024-11-13 18:56:24.179 [info] Getting sessions for read:user,repo,user:email,workflow...
2024-11-13 18:56:24.179 [info] Got 0 sessions for read:user,repo,user:email,workflow...
2024-11-13 18:56:25.117 [info] Getting sessions for user:email...
2024-11-13 18:56:25.117 [info] Got 1 sessions for user:email...
2024-11-13 18:56:25.157 [info] Getting sessions for read:user,repo,user:email,workflow...
2024-11-13 18:56:25.157 [info] Got 0 sessions for read:user,repo,user:email,workflow...
2024-11-13 18:56:25.886 [info] Getting sessions for all scopes...
2024-11-13 18:56:25.886 [info] Got 1 sessions for ...
2024-11-13 18:56:25.886 [info] Getting sessions for all scopes...
2024-11-13 18:56:25.886 [info] Got 1 sessions for ...
2024-11-13 18:56:25.887 [info] Getting sessions for read:user,repo,user:email,workflow...
2024-11-13 18:56:25.887 [info] Got 0 sessions for read:user,repo,user:email,workflow...
2024-11-13 18:56:25.893 [info] Getting sessions for user:email...
2024-11-13 18:56:25.893 [info] Got 1 sessions for user:email...
2024-11-13 18:56:25.895 [info] Getting sessions for all scopes...
2024-11-13 18:56:25.895 [info] Got 1 sessions for ...
2024-11-13 18:56:25.895 [info] Getting sessions for read:user,repo,user:email,workflow...
2024-11-13 18:56:25.895 [info] Got 0 sessions for read:user,repo,user:email,workflow...
2024-11-13 18:56:25.896 [info] Getting sessions for user:email...
2024-11-13 18:56:25.896 [info] Got 1 sessions for user:email...
2024-11-13 18:56:25.963 [info] Getting sessions for all scopes...
2024-11-13 18:56:25.963 [info] Got 1 sessions for ...
2024-11-13 18:56:25.969 [info] Getting sessions for read:user,repo,user:email,workflow...
2024-11-13 18:56:25.969 [info] Got 0 sessions for read:user,repo,user:email,workflow...
2024-11-13 18:56:25.969 [info] Getting sessions for user:email...
2024-11-13 18:56:25.969 [info] Got 1 sessions for user:email...
2024-11-13 18:57:01.710 [info] Getting sessions for read:user,repo,user:email,workflow...
2024-11-13 18:57:01.710 [info] Got 0 sessions for read:user,repo,user:email,workflow...
2024-11-13 18:57:41.791 [info] Getting sessions for read:user,repo,user:email,workflow...
2024-11-13 18:57:41.791 [info] Got 0 sessions for read:user,repo,user:email,workflow...
