2024-11-13 23:16:00.698 [info] Using settings sync service https://vscode-sync.trafficmanager.net/
2024-11-13 23:16:00.698 [info] Auto Sync is enabled.
2024-11-13 23:16:00.698 [info] Auto Sync: Suspended until auth token is available.
2024-11-13 23:16:35.664 [info] Auto Sync: Triggered by Interval
2024-11-13 23:16:35.664 [info] Sync started.
2024-11-13 23:16:36.084 [info] Settings: No changes found during synchronizing settings.
2024-11-13 23:16:36.091 [info] Keybindings: No changes found during synchronizing keybindings.
2024-11-13 23:16:36.094 [info] Snippets: No changes found during synchronizing snippets.
2024-11-13 23:16:36.096 [info] Tasks: No changes found during synchronizing tasks.
2024-11-13 23:16:36.101 [info] GlobalState: No changes found during synchronizing ui state.
2024-11-13 23:16:36.153 [info] Extensions: No changes found during synchronizing extensions.
2024-11-13 23:16:36.154 [info] Profiles: No changes found during synchronizing profiles.
2024-11-13 23:16:36.155 [info] Sync done. Took 492ms
2024-11-13 23:21:36.194 [info] Auto Sync: Triggered by Interval
2024-11-13 23:21:36.195 [info] Sync started.
2024-11-13 23:21:36.528 [info] Settings: No changes found during synchronizing settings.
2024-11-13 23:21:36.531 [info] Keybindings: No changes found during synchronizing keybindings.
2024-11-13 23:21:36.534 [info] Snippets: No changes found during synchronizing snippets.
2024-11-13 23:21:36.536 [info] Tasks: No changes found during synchronizing tasks.
2024-11-13 23:21:36.539 [info] GlobalState: No changes found during synchronizing ui state.
2024-11-13 23:21:36.594 [info] Extensions: No changes found during synchronizing extensions.
2024-11-13 23:21:36.594 [info] Profiles: No changes found during synchronizing profiles.
2024-11-13 23:21:36.595 [info] Sync done. Took 403ms
2024-11-13 23:26:41.265 [info] Auto Sync: Triggered by Activity
2024-11-13 23:26:41.265 [info] Sync started.
2024-11-13 23:26:41.541 [info] Settings: No changes found during synchronizing settings.
2024-11-13 23:26:41.543 [info] Keybindings: No changes found during synchronizing keybindings.
2024-11-13 23:26:41.546 [info] Snippets: No changes found during synchronizing snippets.
2024-11-13 23:26:41.547 [info] Tasks: No changes found during synchronizing tasks.
2024-11-13 23:26:41.548 [info] GlobalState: No changes found during synchronizing ui state.
2024-11-13 23:26:41.590 [info] Extensions: No changes found during synchronizing extensions.
2024-11-13 23:26:41.591 [info] Profiles: No changes found during synchronizing profiles.
2024-11-13 23:26:41.592 [info] Sync done. Took 329ms
2024-11-13 23:31:41.598 [info] Auto Sync: Triggered by Interval
2024-11-13 23:31:41.598 [info] Sync started.
2024-11-13 23:31:42.368 [info] Settings: No changes found during synchronizing settings.
2024-11-13 23:31:42.371 [info] Keybindings: No changes found during synchronizing keybindings.
2024-11-13 23:31:42.373 [info] Snippets: No changes found during synchronizing snippets.
2024-11-13 23:31:42.374 [info] Tasks: No changes found during synchronizing tasks.
2024-11-13 23:31:42.378 [info] GlobalState: No changes found during synchronizing ui state.
2024-11-13 23:31:42.423 [info] Extensions: No changes found during synchronizing extensions.
2024-11-13 23:31:42.424 [info] Profiles: No changes found during synchronizing profiles.
2024-11-13 23:31:42.424 [info] Sync done. Took 827ms
2024-11-13 23:36:42.445 [info] Auto Sync: Triggered by Interval
2024-11-13 23:36:42.446 [info] Sync started.
2024-11-13 23:36:42.968 [info] Settings: No changes found during synchronizing settings.
2024-11-13 23:36:42.971 [info] Keybindings: No changes found during synchronizing keybindings.
2024-11-13 23:36:42.973 [info] Snippets: No changes found during synchronizing snippets.
2024-11-13 23:36:42.974 [info] Tasks: No changes found during synchronizing tasks.
2024-11-13 23:36:42.977 [info] GlobalState: No changes found during synchronizing ui state.
2024-11-13 23:36:43.012 [info] Extensions: No changes found during synchronizing extensions.
2024-11-13 23:36:43.013 [info] Profiles: No changes found during synchronizing profiles.
2024-11-13 23:36:43.014 [info] Sync done. Took 572ms
2024-11-13 23:41:43.024 [info] Auto Sync: Triggered by Interval
2024-11-13 23:41:43.024 [info] Sync started.
2024-11-13 23:41:43.801 [info] Settings: No changes found during synchronizing settings.
2024-11-13 23:41:43.804 [info] Keybindings: No changes found during synchronizing keybindings.
2024-11-13 23:41:43.806 [info] Snippets: No changes found during synchronizing snippets.
2024-11-13 23:41:43.808 [info] Tasks: No changes found during synchronizing tasks.
2024-11-13 23:41:43.810 [info] GlobalState: No changes found during synchronizing ui state.
2024-11-13 23:41:43.849 [info] Extensions: No changes found during synchronizing extensions.
2024-11-13 23:41:43.850 [info] Profiles: No changes found during synchronizing profiles.
2024-11-13 23:41:43.851 [info] Sync done. Took 828ms
2024-11-13 23:46:43.858 [info] Auto Sync: Triggered by Interval
2024-11-13 23:46:43.858 [info] Sync started.
2024-11-13 23:46:44.133 [info] Settings: No changes found during synchronizing settings.
2024-11-13 23:46:44.137 [info] Keybindings: No changes found during synchronizing keybindings.
2024-11-13 23:46:44.139 [info] Snippets: No changes found during synchronizing snippets.
2024-11-13 23:46:44.141 [info] Tasks: No changes found during synchronizing tasks.
2024-11-13 23:46:44.146 [info] GlobalState: No changes found during synchronizing ui state.
2024-11-13 23:46:44.200 [info] Extensions: No changes found during synchronizing extensions.
2024-11-13 23:46:44.201 [info] Profiles: No changes found during synchronizing profiles.
2024-11-13 23:46:44.202 [info] Sync done. Took 344ms
2024-11-13 23:50:59.569 [info] Auto Sync: Triggered by Activity
2024-11-13 23:50:59.570 [info] Sync started.
2024-11-13 23:50:59.848 [info] Settings: No changes found during synchronizing settings.
2024-11-13 23:50:59.850 [info] Keybindings: No changes found during synchronizing keybindings.
2024-11-13 23:50:59.852 [info] Snippets: No changes found during synchronizing snippets.
2024-11-13 23:50:59.853 [info] Tasks: No changes found during synchronizing tasks.
2024-11-13 23:50:59.855 [info] GlobalState: No changes found during synchronizing ui state.
2024-11-13 23:50:59.898 [info] Extensions: No changes found during synchronizing extensions.
2024-11-13 23:50:59.899 [info] Profiles: No changes found during synchronizing profiles.
2024-11-13 23:50:59.899 [info] Sync done. Took 333ms
2024-11-13 23:51:59.380 [info] Auto Sync: Triggered by Activity
2024-11-13 23:51:59.380 [info] Sync started.
2024-11-13 23:51:59.448 [info] Settings: No changes found during synchronizing settings.
2024-11-13 23:51:59.451 [info] Keybindings: No changes found during synchronizing keybindings.
2024-11-13 23:51:59.453 [info] Snippets: No changes found during synchronizing snippets.
2024-11-13 23:51:59.454 [info] Tasks: No changes found during synchronizing tasks.
2024-11-13 23:51:59.457 [info] GlobalState: No changes found during synchronizing ui state.
2024-11-13 23:51:59.495 [info] Extensions: No changes found during synchronizing extensions.
2024-11-13 23:51:59.496 [info] Profiles: No changes found during synchronizing profiles.
2024-11-13 23:51:59.496 [info] Sync done. Took 120ms
2024-11-13 23:56:59.523 [info] Auto Sync: Triggered by Interval
2024-11-13 23:56:59.523 [info] Sync started.
2024-11-13 23:56:59.776 [info] Settings: No changes found during synchronizing settings.
2024-11-13 23:56:59.779 [info] Keybindings: No changes found during synchronizing keybindings.
2024-11-13 23:56:59.781 [info] Snippets: No changes found during synchronizing snippets.
2024-11-13 23:56:59.783 [info] Tasks: No changes found during synchronizing tasks.
2024-11-13 23:56:59.785 [info] GlobalState: No changes found during synchronizing ui state.
2024-11-13 23:56:59.825 [info] Extensions: No changes found during synchronizing extensions.
2024-11-13 23:56:59.826 [info] Profiles: No changes found during synchronizing profiles.
2024-11-13 23:56:59.827 [info] Sync done. Took 307ms
2024-11-14 00:01:59.849 [info] Auto Sync: Triggered by Interval
2024-11-14 00:01:59.850 [info] Sync started.
2024-11-14 00:02:00.340 [info] Settings: No changes found during synchronizing settings.
2024-11-14 00:02:00.342 [info] Keybindings: No changes found during synchronizing keybindings.
2024-11-14 00:02:00.347 [info] Snippets: No changes found during synchronizing snippets.
2024-11-14 00:02:00.349 [info] Tasks: No changes found during synchronizing tasks.
2024-11-14 00:02:00.351 [info] GlobalState: No changes found during synchronizing ui state.
2024-11-14 00:02:00.390 [info] Extensions: No changes found during synchronizing extensions.
2024-11-14 00:02:00.393 [info] Profiles: No changes found during synchronizing profiles.
2024-11-14 00:02:00.394 [info] Sync done. Took 548ms
2024-11-14 00:03:12.875 [info] Auto Sync: Triggered by Activity
2024-11-14 00:03:12.875 [info] Sync started.
2024-11-14 00:03:12.969 [info] Settings: No changes found during synchronizing settings.
2024-11-14 00:03:12.972 [info] Keybindings: No changes found during synchronizing keybindings.
2024-11-14 00:03:12.974 [info] Snippets: No changes found during synchronizing snippets.
2024-11-14 00:03:12.975 [info] Tasks: No changes found during synchronizing tasks.
2024-11-14 00:03:12.977 [info] GlobalState: No changes found during synchronizing ui state.
2024-11-14 00:03:13.014 [info] Extensions: No changes found during synchronizing extensions.
2024-11-14 00:03:13.015 [info] Profiles: No changes found during synchronizing profiles.
2024-11-14 00:03:13.015 [info] Sync done. Took 144ms
2024-11-14 00:05:09.311 [info] Auto Sync: Triggered by Activity
2024-11-14 00:05:09.311 [info] Sync started.
2024-11-14 00:05:09.385 [info] Settings: No changes found during synchronizing settings.
2024-11-14 00:05:09.391 [info] Keybindings: No changes found during synchronizing keybindings.
2024-11-14 00:05:09.393 [info] Snippets: No changes found during synchronizing snippets.
2024-11-14 00:05:09.396 [info] Tasks: No changes found during synchronizing tasks.
2024-11-14 00:05:09.400 [info] GlobalState: No changes found during synchronizing ui state.
2024-11-14 00:05:09.446 [info] Extensions: No changes found during synchronizing extensions.
2024-11-14 00:05:09.447 [info] Profiles: No changes found during synchronizing profiles.
2024-11-14 00:05:09.448 [info] Sync done. Took 141ms
2024-11-14 00:06:42.632 [info] Auto Sync: Triggered by Activity
2024-11-14 00:06:42.633 [info] Sync started.
2024-11-14 00:06:42.729 [info] Settings: No changes found during synchronizing settings.
2024-11-14 00:06:42.733 [info] Keybindings: No changes found during synchronizing keybindings.
2024-11-14 00:06:42.735 [info] Snippets: No changes found during synchronizing snippets.
2024-11-14 00:06:42.736 [info] Tasks: No changes found during synchronizing tasks.
2024-11-14 00:06:42.738 [info] GlobalState: No changes found during synchronizing ui state.
2024-11-14 00:06:42.783 [info] Extensions: No changes found during synchronizing extensions.
2024-11-14 00:06:42.784 [info] Profiles: No changes found during synchronizing profiles.
2024-11-14 00:06:42.784 [info] Sync done. Took 155ms
2024-11-14 00:07:48.702 [info] Auto Sync: Triggered by Activity
2024-11-14 00:07:48.703 [info] Sync started.
2024-11-14 00:07:48.768 [info] Settings: No changes found during synchronizing settings.
2024-11-14 00:07:48.770 [info] Keybindings: No changes found during synchronizing keybindings.
2024-11-14 00:07:48.771 [info] Snippets: No changes found during synchronizing snippets.
2024-11-14 00:07:48.772 [info] Tasks: No changes found during synchronizing tasks.
2024-11-14 00:07:48.775 [info] GlobalState: No changes found during synchronizing ui state.
2024-11-14 00:07:48.814 [info] Extensions: No changes found during synchronizing extensions.
2024-11-14 00:07:48.814 [info] Profiles: No changes found during synchronizing profiles.
2024-11-14 00:07:48.815 [info] Sync done. Took 117ms
2024-11-14 00:09:43.498 [info] Auto Sync: Triggered by Activity
2024-11-14 00:09:43.498 [info] Sync started.
2024-11-14 00:09:43.679 [info] Settings: No changes found during synchronizing settings.
2024-11-14 00:09:43.682 [info] Keybindings: No changes found during synchronizing keybindings.
2024-11-14 00:09:43.685 [info] Snippets: No changes found during synchronizing snippets.
2024-11-14 00:09:43.686 [info] Tasks: No changes found during synchronizing tasks.
2024-11-14 00:09:43.689 [info] GlobalState: No changes found during synchronizing ui state.
2024-11-14 00:09:43.749 [info] Extensions: No changes found during synchronizing extensions.
2024-11-14 00:09:43.751 [info] Profiles: No changes found during synchronizing profiles.
2024-11-14 00:09:43.752 [info] Sync done. Took 256ms
2024-11-14 00:14:43.763 [info] Auto Sync: Triggered by Interval
2024-11-14 00:14:43.764 [info] Sync started.
2024-11-14 00:14:44.019 [info] Settings: No changes found during synchronizing settings.
2024-11-14 00:14:44.021 [info] Keybindings: No changes found during synchronizing keybindings.
2024-11-14 00:14:44.023 [info] Snippets: No changes found during synchronizing snippets.
2024-11-14 00:14:44.025 [info] Tasks: No changes found during synchronizing tasks.
2024-11-14 00:14:44.027 [info] GlobalState: No changes found during synchronizing ui state.
2024-11-14 00:14:44.068 [info] Extensions: No changes found during synchronizing extensions.
2024-11-14 00:14:44.069 [info] Profiles: No changes found during synchronizing profiles.
2024-11-14 00:14:44.070 [info] Sync done. Took 310ms
2024-11-14 00:19:44.089 [info] Auto Sync: Triggered by Interval
2024-11-14 00:19:44.090 [info] Sync started.
2024-11-14 00:19:44.372 [info] Settings: No changes found during synchronizing settings.
2024-11-14 00:19:44.375 [info] Keybindings: No changes found during synchronizing keybindings.
2024-11-14 00:19:44.377 [info] Snippets: No changes found during synchronizing snippets.
2024-11-14 00:19:44.378 [info] Tasks: No changes found during synchronizing tasks.
2024-11-14 00:19:44.381 [info] GlobalState: No changes found during synchronizing ui state.
2024-11-14 00:19:44.418 [info] Extensions: No changes found during synchronizing extensions.
2024-11-14 00:19:44.418 [info] Profiles: No changes found during synchronizing profiles.
2024-11-14 00:19:44.419 [info] Sync done. Took 333ms
2024-11-14 00:24:44.440 [info] Auto Sync: Triggered by Interval
2024-11-14 00:24:44.441 [info] Sync started.
2024-11-14 00:24:45.344 [info] Settings: No changes found during synchronizing settings.
2024-11-14 00:24:45.347 [info] Keybindings: No changes found during synchronizing keybindings.
2024-11-14 00:24:45.350 [info] Snippets: No changes found during synchronizing snippets.
2024-11-14 00:24:45.351 [info] Tasks: No changes found during synchronizing tasks.
2024-11-14 00:24:45.354 [info] GlobalState: No changes found during synchronizing ui state.
2024-11-14 00:24:45.396 [info] Extensions: No changes found during synchronizing extensions.
2024-11-14 00:24:45.399 [info] Profiles: No changes found during synchronizing profiles.
2024-11-14 00:24:45.400 [info] Sync done. Took 962ms
2024-11-14 00:26:37.786 [info] Auto Sync: Triggered by Activity
2024-11-14 00:26:37.786 [info] Sync started.
2024-11-14 00:26:37.845 [info] Settings: No changes found during synchronizing settings.
2024-11-14 00:26:37.848 [info] Keybindings: No changes found during synchronizing keybindings.
2024-11-14 00:26:37.850 [info] Snippets: No changes found during synchronizing snippets.
2024-11-14 00:26:37.852 [info] Tasks: No changes found during synchronizing tasks.
2024-11-14 00:26:37.855 [info] GlobalState: No changes found during synchronizing ui state.
2024-11-14 00:26:37.905 [info] Extensions: No changes found during synchronizing extensions.
2024-11-14 00:26:37.905 [info] Profiles: No changes found during synchronizing profiles.
2024-11-14 00:26:37.906 [info] Sync done. Took 121ms
2024-11-14 00:26:57.353 [info] Auto Sync: Triggered by Activity
2024-11-14 00:26:57.354 [info] Sync started.
2024-11-14 00:26:57.506 [info] Settings: No changes found during synchronizing settings.
2024-11-14 00:26:57.508 [info] Keybindings: No changes found during synchronizing keybindings.
2024-11-14 00:26:57.510 [info] Snippets: No changes found during synchronizing snippets.
2024-11-14 00:26:57.512 [info] Tasks: No changes found during synchronizing tasks.
2024-11-14 00:26:57.515 [info] GlobalState: No changes found during synchronizing ui state.
2024-11-14 00:26:57.560 [info] Extensions: No changes found during synchronizing extensions.
2024-11-14 00:26:57.561 [info] Profiles: No changes found during synchronizing profiles.
2024-11-14 00:26:57.561 [info] Sync done. Took 211ms
2024-11-14 00:27:18.595 [info] Auto Sync: Triggered by Activity
2024-11-14 00:27:18.596 [info] Sync started.
2024-11-14 00:27:18.669 [info] Settings: No changes found during synchronizing settings.
2024-11-14 00:27:18.671 [info] Keybindings: No changes found during synchronizing keybindings.
2024-11-14 00:27:18.673 [info] Snippets: No changes found during synchronizing snippets.
2024-11-14 00:27:18.674 [info] Tasks: No changes found during synchronizing tasks.
2024-11-14 00:27:18.676 [info] GlobalState: No changes found during synchronizing ui state.
2024-11-14 00:27:18.714 [info] Extensions: No changes found during synchronizing extensions.
2024-11-14 00:27:18.715 [info] Profiles: No changes found during synchronizing profiles.
2024-11-14 00:27:18.715 [info] Sync done. Took 123ms
