2024-11-18 12:45:46.307 [info] 2024-11-18T11:45:46.017Z extension INFO  Activating extension... [
  {
    id: 'mongodb.mongodb-vscode',
    version: '1.9.3',
    mode: 'Production',
    kind: 'UI',
    extensionPath: '/home/fgress2/.vscode/extensions/mongodb.mongodb-vscode-1.9.3',
    logPath: '/home/fgress2/.config/Code/logs/20241118T124543/window1/exthost/mongodb.mongodb-vscode',
    workspaceStoragePath: '/home/fgress2/.config/Code/User/workspaceStorage/196e1d868c8db305c4c4e80ab639ba68/mongodb.mongodb-vscode',
    globalStoragePath: '/home/fgress2/.config/Code/User/globalStorage/mongodb.mongodb-vscode',
    defaultConnectionSavingLocation: 'Global',
    buildInfo: {
      nodeVersion: 'v20.18.0',
      runtimePlatform: 'linux',
      runtimeArch: 'x64'
    }
  }
]

2024-11-18 12:45:46.307 [info] 2024-11-18T11:45:46.019Z language server controller INFO  Creating MongoDB Language Server... [
  {
    extensionPath: '/home/fgress2/.vscode/extensions/mongodb.mongodb-vscode-1.9.3',
    languageServer: {
      id: 'mongodbLanguageServer',
      name: 'MongoDB Language Server',
      path: '/home/fgress2/.vscode/extensions/mongodb.mongodb-vscode-1.9.3/dist/languageServer.js',
      documentSelector: '[{"pattern":"**/*.mongodb.js"},{"pattern":"**/*.mongodb"}]'
    }
  }
]

2024-11-18 12:45:46.307 [info] 2024-11-18T11:45:46.029Z telemetry INFO  Segment analytics activated [ { anonymousId: '88e97310-e986-4e15-8583-1143a4546ae4' } ]

2024-11-18 12:45:46.307 [info] 2024-11-18T11:45:46.029Z participant INFO  Chat participant created [ { participantId: 'mongodb.participant' } ]

2024-11-18 12:45:46.307 [info] 2024-11-18T11:45:46.030Z language server controller INFO  Starting the language server... []

2024-11-18 12:45:46.473 [info] 2024-11-18T11:45:46.472Z language server controller INFO  MongoDBService initialized. Sending default settings... {"extensionPath":"/home/fgress2/.vscode/extensions/mongodb.mongodb-vscode-1.9.3","connectionId":null,"hasConnectionString":false,"hasConnectionOptions":false} []

