2024-11-13 19:13:17.077 [info] Reading sessions from keychain...
2024-11-13 19:13:17.077 [info] Getting sessions for all scopes...
2024-11-13 19:13:17.077 [info] Getting sessions for all scopes...
2024-11-13 19:13:17.077 [info] Getting sessions for all scopes...
2024-11-13 19:13:17.077 [info] Getting sessions for user:email...
2024-11-13 19:13:17.077 [info] Got stored sessions!
2024-11-13 19:13:17.077 [info] Got 1 verified sessions.
2024-11-13 19:13:17.077 [info] Got 1 sessions for ...
2024-11-13 19:13:17.077 [info] Got 1 sessions for ...
2024-11-13 19:13:17.077 [info] Got 1 sessions for ...
2024-11-13 19:13:17.077 [info] Got 1 sessions for user:email...
2024-11-13 19:13:17.077 [info] Getting sessions for user:email...
2024-11-13 19:13:17.077 [info] Got 1 sessions for user:email...
2024-11-13 19:13:17.077 [info] Getting sessions for user:email...
2024-11-13 19:13:17.077 [info] Got 1 sessions for user:email...
2024-11-13 19:13:18.053 [info] Getting sessions for read:user,repo,user:email,workflow...
2024-11-13 19:13:18.053 [info] Got 0 sessions for read:user,repo,user:email,workflow...
2024-11-13 19:13:20.486 [info] Getting sessions for read:user,repo,user:email...
2024-11-13 19:13:20.486 [info] Got 0 sessions for read:user,repo,user:email...
2024-11-13 19:13:20.486 [info] Getting sessions for read:user,repo,user:email,workflow...
2024-11-13 19:13:20.486 [info] Got 0 sessions for read:user,repo,user:email,workflow...
2024-11-13 19:13:20.486 [info] Getting sessions for all scopes...
2024-11-13 19:13:20.486 [info] Got 1 sessions for ...
2024-11-13 19:13:20.487 [info] Getting sessions for all scopes...
2024-11-13 19:13:20.487 [info] Got 1 sessions for ...
2024-11-13 19:13:20.567 [info] Getting sessions for read:user...
2024-11-13 19:13:20.567 [info] Got 0 sessions for read:user...
2024-11-13 19:13:20.568 [info] Getting sessions for read:user,repo,user:email,workflow...
2024-11-13 19:13:20.568 [info] Got 0 sessions for read:user,repo,user:email,workflow...
2024-11-13 19:13:20.671 [info] Getting sessions for user:email...
2024-11-13 19:13:20.671 [info] Got 1 sessions for user:email...
2024-11-13 19:13:20.671 [info] Getting sessions for user:email...
2024-11-13 19:13:20.671 [info] Got 1 sessions for user:email...
2024-11-13 19:13:20.855 [info] Getting sessions for all scopes...
2024-11-13 19:13:20.855 [info] Got 1 sessions for ...
2024-11-13 19:13:20.855 [info] Getting sessions for all scopes...
2024-11-13 19:13:20.855 [info] Got 1 sessions for ...
2024-11-13 19:13:20.901 [info] Getting sessions for read:user,repo,user:email,workflow...
2024-11-13 19:13:20.901 [info] Got 0 sessions for read:user,repo,user:email,workflow...
2024-11-13 19:13:21.716 [info] Getting sessions for user:email...
2024-11-13 19:13:21.716 [info] Got 1 sessions for user:email...
2024-11-13 19:13:21.716 [info] Getting sessions for read:user,repo,user:email,workflow...
2024-11-13 19:13:21.716 [info] Got 0 sessions for read:user,repo,user:email,workflow...
2024-11-13 19:13:23.071 [info] Getting sessions for all scopes...
2024-11-13 19:13:23.071 [info] Got 1 sessions for ...
2024-11-13 19:13:23.071 [info] Getting sessions for all scopes...
2024-11-13 19:13:23.071 [info] Got 1 sessions for ...
2024-11-13 19:13:23.085 [info] Getting sessions for read:user,repo,user:email,workflow...
2024-11-13 19:13:23.085 [info] Got 0 sessions for read:user,repo,user:email,workflow...
2024-11-13 19:13:23.085 [info] Getting sessions for user:email...
2024-11-13 19:13:23.085 [info] Got 1 sessions for user:email...
2024-11-13 19:13:23.087 [info] Getting sessions for all scopes...
2024-11-13 19:13:23.087 [info] Got 1 sessions for ...
2024-11-13 19:13:23.088 [info] Getting sessions for read:user,repo,user:email,workflow...
2024-11-13 19:13:23.088 [info] Got 0 sessions for read:user,repo,user:email,workflow...
2024-11-13 19:13:23.088 [info] Getting sessions for user:email...
2024-11-13 19:13:23.088 [info] Got 1 sessions for user:email...
2024-11-13 19:13:23.112 [info] Getting sessions for all scopes...
2024-11-13 19:13:23.112 [info] Got 1 sessions for ...
2024-11-13 19:13:23.112 [info] Getting sessions for read:user,repo,user:email,workflow...
2024-11-13 19:13:23.112 [info] Got 0 sessions for read:user,repo,user:email,workflow...
2024-11-13 19:13:23.113 [info] Getting sessions for user:email...
2024-11-13 19:13:23.113 [info] Got 1 sessions for user:email...
2024-11-13 19:13:26.969 [info] Getting sessions for all scopes...
2024-11-13 19:13:26.969 [info] Got 1 sessions for ...
