2024-11-14 01:24:48.289 [info] Reading sessions from keychain...
2024-11-14 01:24:48.289 [info] Getting sessions for all scopes...
2024-11-14 01:24:48.289 [info] Getting sessions for all scopes...
2024-11-14 01:24:48.289 [info] Getting sessions for all scopes...
2024-11-14 01:24:48.289 [info] Getting sessions for user:email...
2024-11-14 01:24:48.289 [info] Got stored sessions!
2024-11-14 01:24:48.289 [info] Got 1 verified sessions.
2024-11-14 01:24:48.289 [info] Got 1 sessions for ...
2024-11-14 01:24:48.289 [info] Got 1 sessions for ...
2024-11-14 01:24:48.289 [info] Got 1 sessions for ...
2024-11-14 01:24:48.289 [info] Got 1 sessions for user:email...
2024-11-14 01:24:48.289 [info] Getting sessions for user:email...
2024-11-14 01:24:48.289 [info] Got 1 sessions for user:email...
2024-11-14 01:24:48.289 [info] Getting sessions for user:email...
2024-11-14 01:24:48.289 [info] Got 1 sessions for user:email...
2024-11-14 01:24:49.278 [info] Getting sessions for all scopes...
2024-11-14 01:24:49.278 [info] Got 1 sessions for ...
2024-11-14 01:24:52.149 [info] Getting sessions for read:user,repo,user:email...
2024-11-14 01:24:52.149 [info] Got 0 sessions for read:user,repo,user:email...
2024-11-14 01:24:52.150 [info] Getting sessions for read:user,repo,user:email,workflow...
2024-11-14 01:24:52.150 [info] Got 0 sessions for read:user,repo,user:email,workflow...
2024-11-14 01:24:52.150 [info] Getting sessions for all scopes...
2024-11-14 01:24:52.150 [info] Got 1 sessions for ...
2024-11-14 01:24:52.150 [info] Getting sessions for all scopes...
2024-11-14 01:24:52.150 [info] Got 1 sessions for ...
2024-11-14 01:24:52.231 [info] Getting sessions for read:user...
2024-11-14 01:24:52.231 [info] Got 0 sessions for read:user...
2024-11-14 01:24:52.232 [info] Getting sessions for read:user,repo,user:email,workflow...
2024-11-14 01:24:52.232 [info] Got 0 sessions for read:user,repo,user:email,workflow...
2024-11-14 01:24:52.452 [info] Getting sessions for user:email...
2024-11-14 01:24:52.452 [info] Got 1 sessions for user:email...
2024-11-14 01:24:52.452 [info] Getting sessions for user:email...
2024-11-14 01:24:52.452 [info] Got 1 sessions for user:email...
2024-11-14 01:24:52.563 [info] Getting sessions for all scopes...
2024-11-14 01:24:52.563 [info] Got 1 sessions for ...
2024-11-14 01:24:52.563 [info] Getting sessions for all scopes...
2024-11-14 01:24:52.563 [info] Got 1 sessions for ...
2024-11-14 01:24:53.443 [info] Getting sessions for read:user,repo,user:email,workflow...
2024-11-14 01:24:53.443 [info] Got 0 sessions for read:user,repo,user:email,workflow...
2024-11-14 01:24:53.466 [info] Getting sessions for read:user,repo,user:email,workflow...
2024-11-14 01:24:53.466 [info] Got 0 sessions for read:user,repo,user:email,workflow...
2024-11-14 01:24:53.514 [info] Getting sessions for user:email...
2024-11-14 01:24:53.514 [info] Got 1 sessions for user:email...
2024-11-14 01:24:54.672 [info] Getting sessions for all scopes...
2024-11-14 01:24:54.672 [info] Got 1 sessions for ...
2024-11-14 01:24:54.672 [info] Getting sessions for all scopes...
2024-11-14 01:24:54.672 [info] Got 1 sessions for ...
2024-11-14 01:24:54.679 [info] Getting sessions for read:user,repo,user:email,workflow...
2024-11-14 01:24:54.679 [info] Got 0 sessions for read:user,repo,user:email,workflow...
2024-11-14 01:24:54.680 [info] Getting sessions for user:email...
2024-11-14 01:24:54.680 [info] Got 1 sessions for user:email...
2024-11-14 01:24:54.682 [info] Getting sessions for all scopes...
2024-11-14 01:24:54.682 [info] Got 1 sessions for ...
2024-11-14 01:24:54.683 [info] Getting sessions for read:user,repo,user:email,workflow...
2024-11-14 01:24:54.683 [info] Got 0 sessions for read:user,repo,user:email,workflow...
2024-11-14 01:24:54.683 [info] Getting sessions for user:email...
2024-11-14 01:24:54.683 [info] Got 1 sessions for user:email...
2024-11-14 01:24:54.725 [info] Getting sessions for all scopes...
2024-11-14 01:24:54.725 [info] Got 1 sessions for ...
2024-11-14 01:24:54.735 [info] Getting sessions for read:user,repo,user:email,workflow...
2024-11-14 01:24:54.735 [info] Got 0 sessions for read:user,repo,user:email,workflow...
2024-11-14 01:24:54.736 [info] Getting sessions for user:email...
2024-11-14 01:24:54.736 [info] Got 1 sessions for user:email...
2024-11-14 01:24:54.936 [info] Getting sessions for all scopes...
2024-11-14 01:24:54.936 [info] Got 1 sessions for ...
2024-11-14 01:24:54.937 [info] Getting sessions for read:user,repo,user:email,workflow...
2024-11-14 01:24:54.937 [info] Got 0 sessions for read:user,repo,user:email,workflow...
2024-11-14 01:24:54.937 [info] Getting sessions for user:email...
2024-11-14 01:24:54.937 [info] Got 1 sessions for user:email...
2024-11-14 01:29:47.507 [info] Getting sessions for read:user,repo,user:email,workflow...
2024-11-14 01:29:47.507 [info] Got 0 sessions for read:user,repo,user:email,workflow...
