2024-11-13 20:29:47.168 [info] Reading sessions from keychain...
2024-11-13 20:29:47.168 [info] Getting sessions for all scopes...
2024-11-13 20:29:47.168 [info] Getting sessions for all scopes...
2024-11-13 20:29:47.168 [info] Getting sessions for all scopes...
2024-11-13 20:29:47.168 [info] Getting sessions for user:email...
2024-11-13 20:29:47.168 [info] Got stored sessions!
2024-11-13 20:29:47.168 [info] Got 1 verified sessions.
2024-11-13 20:29:47.168 [info] Got 1 sessions for ...
2024-11-13 20:29:47.168 [info] Got 1 sessions for ...
2024-11-13 20:29:47.168 [info] Got 1 sessions for ...
2024-11-13 20:29:47.168 [info] Got 1 sessions for user:email...
2024-11-13 20:29:47.168 [info] Getting sessions for user:email...
2024-11-13 20:29:47.168 [info] Got 1 sessions for user:email...
2024-11-13 20:29:47.168 [info] Getting sessions for user:email...
2024-11-13 20:29:47.168 [info] Got 1 sessions for user:email...
2024-11-13 20:29:47.620 [info] Getting sessions for all scopes...
2024-11-13 20:29:47.620 [info] Got 1 sessions for ...
2024-11-13 20:29:47.823 [info] Getting sessions for read:user,repo,user:email,workflow...
2024-11-13 20:29:47.823 [info] Got 0 sessions for read:user,repo,user:email,workflow...
2024-11-13 20:29:50.775 [info] Getting sessions for read:user,repo,user:email...
2024-11-13 20:29:50.776 [info] Got 0 sessions for read:user,repo,user:email...
2024-11-13 20:29:50.776 [info] Getting sessions for read:user,repo,user:email,workflow...
2024-11-13 20:29:50.776 [info] Got 0 sessions for read:user,repo,user:email,workflow...
2024-11-13 20:29:50.776 [info] Getting sessions for all scopes...
2024-11-13 20:29:50.776 [info] Got 1 sessions for ...
2024-11-13 20:29:50.776 [info] Getting sessions for all scopes...
2024-11-13 20:29:50.776 [info] Got 1 sessions for ...
2024-11-13 20:29:50.866 [info] Getting sessions for read:user...
2024-11-13 20:29:50.866 [info] Got 0 sessions for read:user...
2024-11-13 20:29:50.866 [info] Getting sessions for read:user,repo,user:email,workflow...
2024-11-13 20:29:50.866 [info] Got 0 sessions for read:user,repo,user:email,workflow...
2024-11-13 20:29:50.902 [info] Getting sessions for user:email...
2024-11-13 20:29:50.902 [info] Got 1 sessions for user:email...
2024-11-13 20:29:50.903 [info] Getting sessions for user:email...
2024-11-13 20:29:50.903 [info] Got 1 sessions for user:email...
2024-11-13 20:29:51.207 [info] Getting sessions for all scopes...
2024-11-13 20:29:51.207 [info] Got 1 sessions for ...
2024-11-13 20:29:51.208 [info] Getting sessions for all scopes...
2024-11-13 20:29:51.208 [info] Got 1 sessions for ...
2024-11-13 20:29:51.239 [info] Getting sessions for read:user,repo,user:email,workflow...
2024-11-13 20:29:51.239 [info] Got 0 sessions for read:user,repo,user:email,workflow...
2024-11-13 20:29:52.064 [info] Getting sessions for user:email...
2024-11-13 20:29:52.064 [info] Got 1 sessions for user:email...
2024-11-13 20:29:52.128 [info] Getting sessions for read:user,repo,user:email,workflow...
2024-11-13 20:29:52.128 [info] Got 0 sessions for read:user,repo,user:email,workflow...
2024-11-13 20:29:52.918 [info] Getting sessions for all scopes...
2024-11-13 20:29:52.918 [info] Got 1 sessions for ...
2024-11-13 20:29:52.918 [info] Getting sessions for all scopes...
2024-11-13 20:29:52.918 [info] Got 1 sessions for ...
2024-11-13 20:29:52.925 [info] Getting sessions for read:user,repo,user:email,workflow...
2024-11-13 20:29:52.925 [info] Got 0 sessions for read:user,repo,user:email,workflow...
2024-11-13 20:29:52.933 [info] Getting sessions for user:email...
2024-11-13 20:29:52.933 [info] Got 1 sessions for user:email...
2024-11-13 20:29:52.935 [info] Getting sessions for all scopes...
2024-11-13 20:29:52.935 [info] Got 1 sessions for ...
2024-11-13 20:29:52.935 [info] Getting sessions for read:user,repo,user:email,workflow...
2024-11-13 20:29:52.936 [info] Got 0 sessions for read:user,repo,user:email,workflow...
2024-11-13 20:29:52.936 [info] Getting sessions for user:email...
2024-11-13 20:29:52.936 [info] Got 1 sessions for user:email...
2024-11-13 20:29:52.966 [info] Getting sessions for all scopes...
2024-11-13 20:29:52.966 [info] Got 1 sessions for ...
2024-11-13 20:29:52.969 [info] Getting sessions for read:user,repo,user:email,workflow...
2024-11-13 20:29:52.969 [info] Got 0 sessions for read:user,repo,user:email,workflow...
2024-11-13 20:29:52.969 [info] Getting sessions for user:email...
2024-11-13 20:29:52.969 [info] Got 1 sessions for user:email...
2024-11-13 20:30:46.738 [info] Getting sessions for read:user,repo,user:email,workflow...
2024-11-13 20:30:46.738 [info] Got 0 sessions for read:user,repo,user:email,workflow...
