2024-11-18 12:45:46.422 [info] [main] Log level: Info
2024-11-18 12:45:46.422 [info] [main] Validating found git in: "git"
2024-11-18 12:45:46.422 [info] [main] Using git "2.47.0" from "git"
2024-11-18 12:45:46.422 [info] [Model][doInitialScan] Initial repository scan started
2024-11-18 12:45:46.422 [info] > git rev-parse --show-toplevel [4ms]
2024-11-18 12:45:46.422 [info] fatal: not a git repository (or any of the parent directories): .git
2024-11-18 12:45:46.422 [info] > git rev-parse --show-toplevel [1ms]
2024-11-18 12:45:46.422 [info] fatal: not a git repository (or any of the parent directories): .git
2024-11-18 12:45:46.431 [info] > git rev-parse --show-toplevel [1ms]
2024-11-18 12:45:46.431 [info] fatal: not a git repository (or any of the parent directories): .git
2024-11-18 12:45:46.439 [info] > git rev-parse --show-toplevel [1ms]
2024-11-18 12:45:46.439 [info] fatal: not a git repository (or any of the parent directories): .git
2024-11-18 12:45:46.446 [info] > git rev-parse --show-toplevel [0ms]
2024-11-18 12:45:46.446 [info] fatal: not a git repository (or any of the parent directories): .git
2024-11-18 12:45:46.464 [info] > git rev-parse --show-toplevel [13ms]
2024-11-18 12:45:46.464 [info] fatal: not a git repository (or any of the parent directories): .git
2024-11-18 12:45:46.475 [info] > git rev-parse --show-toplevel [5ms]
2024-11-18 12:45:46.475 [info] fatal: not a git repository (or any of the parent directories): .git
2024-11-18 12:45:46.482 [info] > git rev-parse --show-toplevel [1ms]
2024-11-18 12:45:46.483 [info] fatal: not a git repository (or any of the parent directories): .git
2024-11-18 12:45:46.489 [info] > git rev-parse --show-toplevel [2ms]
2024-11-18 12:45:46.501 [info] > git rev-parse --show-toplevel [4ms]
2024-11-18 12:45:46.501 [info] fatal: not a git repository (or any of the parent directories): .git
2024-11-18 12:45:46.507 [info] > git rev-parse --show-toplevel [1ms]
2024-11-18 12:45:46.507 [info] fatal: not a git repository (or any of the parent directories): .git
2024-11-18 12:45:46.552 [info] > git rev-parse --show-toplevel [39ms]
2024-11-18 12:45:46.552 [info] fatal: not a git repository (or any of the parent directories): .git
2024-11-18 12:45:46.563 [info] > git rev-parse --show-toplevel [3ms]
2024-11-18 12:45:46.563 [info] fatal: not a git repository (or any of the parent directories): .git
2024-11-18 12:45:46.807 [info] > git rev-parse --show-toplevel [139ms]
2024-11-18 12:45:46.807 [info] fatal: not a git repository (or any of the parent directories): .git
2024-11-18 12:45:46.842 [info] > git rev-parse --show-toplevel [18ms]
2024-11-18 12:45:46.842 [info] fatal: not a git repository (or any of the parent directories): .git
2024-11-18 12:45:46.967 [info] > git rev-parse --show-toplevel [78ms]
2024-11-18 12:45:46.967 [info] fatal: not a git repository (or any of the parent directories): .git
2024-11-18 12:45:47.181 [info] > git rev-parse --show-toplevel [38ms]
2024-11-18 12:45:47.181 [info] fatal: not a git repository (or any of the parent directories): .git
2024-11-18 12:45:47.202 [info] > git rev-parse --show-toplevel [4ms]
2024-11-18 12:45:47.202 [info] fatal: not a git repository (or any of the parent directories): .git
2024-11-18 12:45:47.240 [info] > git rev-parse --show-toplevel [24ms]
2024-11-18 12:45:47.240 [info] fatal: not a git repository (or any of the parent directories): .git
2024-11-18 12:45:47.324 [info] > git rev-parse --show-toplevel [15ms]
2024-11-18 12:45:47.324 [info] fatal: not a git repository (or any of the parent directories): .git
2024-11-18 12:45:47.340 [info] > git rev-parse --show-toplevel [11ms]
2024-11-18 12:45:47.434 [info] > git rev-parse --show-toplevel [71ms]
2024-11-18 12:45:47.434 [info] fatal: not a git repository (or any of the parent directories): .git
2024-11-18 12:45:47.436 [info] [Model][doInitialScan] Initial repository scan completed - repositories (0), closed repositories (2), parent repositories (0), unsafe repositories (0)
2024-11-18 12:45:47.442 [info] > git rev-parse --show-toplevel [0ms]
2024-11-18 12:45:47.443 [info] fatal: not a git repository (or any of the parent directories): .git
2024-11-18 12:45:50.769 [info] > git rev-parse --show-toplevel [4ms]
2024-11-18 12:45:51.636 [info] > git rev-parse --show-toplevel [16ms]
2024-11-18 12:45:51.668 [info] > git rev-parse --show-toplevel [3ms]
2024-11-18 12:45:51.705 [info] > git rev-parse --show-toplevel [24ms]
2024-11-18 12:46:25.312 [info] > git rev-parse --show-toplevel [6ms]
2024-11-18 12:46:25.312 [info] fatal: not a git repository (or any of the parent directories): .git
2024-11-18 12:46:55.291 [info] > git rev-parse --show-toplevel [1ms]
2024-11-18 12:46:55.304 [info] > git rev-parse --git-dir --git-common-dir [1ms]
2024-11-18 12:46:55.322 [info] [Model][openRepository] Opened repository: /home/fgress2/documents/Obsidian
2024-11-18 12:46:55.349 [info] > git config --get commit.template [15ms]
2024-11-18 12:46:55.401 [info] > git for-each-ref --format=%(refname)%00%(upstream:short)%00%(objectname)%00%(upstream:track)%00%(upstream:remotename)%00%(upstream:remoteref) refs/heads/main refs/remotes/main [41ms]
2024-11-18 12:46:55.423 [info] > git status -z -uall [12ms]
2024-11-18 12:46:55.424 [info] > git for-each-ref --sort -committerdate --format %(refname) %(objectname) %(*objectname) [1ms]
2024-11-18 12:46:55.456 [info] > git for-each-ref --format=%(refname)%00%(upstream:short)%00%(objectname)%00%(upstream:track)%00%(upstream:remotename)%00%(upstream:remoteref) refs/heads/main refs/remotes/main [20ms]
2024-11-18 12:46:55.471 [info] > git config --local branch.main.vscode-merge-base [2ms]
2024-11-18 12:46:55.471 [warning] [Git][config] git config failed: Failed to execute git
2024-11-18 12:46:55.483 [info] > git config --get commit.template [29ms]
2024-11-18 12:46:55.495 [info] > git reflog main --grep-reflog=branch: Created from *. [12ms]
2024-11-18 12:46:55.506 [info] > git for-each-ref --format=%(refname)%00%(upstream:short)%00%(objectname)%00%(upstream:track)%00%(upstream:remotename)%00%(upstream:remoteref) refs/heads/main refs/remotes/main [11ms]
2024-11-18 12:46:55.506 [info] > git symbolic-ref --short refs/remotes/origin/HEAD [1ms]
2024-11-18 12:46:55.506 [info] fatal: ref refs/remotes/origin/HEAD is not a symbolic ref
2024-11-18 12:46:55.506 [warning] [Repository][getDefaultBranch] Failed to get default branch details: Failed to execute git.
2024-11-18 12:46:55.517 [info] > git merge-base refs/heads/main refs/remotes/origin/main [2ms]
2024-11-18 12:46:55.546 [info] > git status -z -uall [10ms]
2024-11-18 12:46:55.546 [info] > git diff --name-status -z --diff-filter=ADMR a1c7628cbb726e319903571b075265ac3dd0800f...refs/remotes/origin/main [20ms]
2024-11-18 12:46:55.547 [info] > git for-each-ref --sort -committerdate --format %(refname) %(objectname) %(*objectname) [2ms]
2024-11-18 12:46:56.836 [info] > git fetch [1515ms]
2024-11-18 12:46:56.855 [info] > git config --get commit.template [1ms]
2024-11-18 12:46:56.866 [info] > git for-each-ref --format=%(refname)%00%(upstream:short)%00%(objectname)%00%(upstream:track)%00%(upstream:remotename)%00%(upstream:remoteref) refs/heads/main refs/remotes/main [1ms]
2024-11-18 12:46:56.885 [info] > git status -z -uall [10ms]
2024-11-18 12:46:56.886 [info] > git for-each-ref --sort -committerdate --format %(refname) %(objectname) %(*objectname) [1ms]
2024-11-18 12:47:02.819 [info] > git check-ignore -v -z --stdin [1ms]
