2024-11-13 18:31:08.916 [info] Started local extension host with pid 5416.
2024-11-13 18:31:12.037 [error] [sidthesloth.html5-boilerplate]: Unknown language in `contributes.html5-boilerplate.language`. Provided value: njk
2024-11-13 18:31:12.275 [info] Settings Sync: Updating authentication providers. Authentication Providers from store: [{"id":"github","scopes":["user:email"]},{"id":"microsoft","scopes":["openid","profile","email","offline_access"]}]
2024-11-13 18:31:12.275 [info] Settings Sync: Authentication providers updated []
2024-11-13 18:31:12.289 [info] Settings Sync: Updating authentication providers. Authentication Providers from store: [{"id":"github","scopes":["user:email"]},{"id":"microsoft","scopes":["openid","profile","email","offline_access"]}]
2024-11-13 18:31:12.289 [info] Settings Sync: Authentication providers updated ["github"]
2024-11-13 18:31:12.290 [info] Settings Sync: Updating authentication providers. Authentication Providers from store: [{"id":"github","scopes":["user:email"]},{"id":"microsoft","scopes":["openid","profile","email","offline_access"]}]
2024-11-13 18:31:12.290 [info] Settings Sync: Authentication providers updated ["github"]
2024-11-13 18:31:12.290 [info] Settings Sync: Updating due to declared authentication providers changed
2024-11-13 18:31:12.290 [info] Settings Sync: Updating authentication providers. Authentication Providers from store: [{"id":"github","scopes":["user:email"]},{"id":"microsoft","scopes":["openid","profile","email","offline_access"]}]
2024-11-13 18:31:12.290 [info] Settings Sync: Authentication providers updated ["github"]
2024-11-13 18:31:12.290 [info] Settings Sync: Updating authentication providers. Authentication Providers from store: [{"id":"github","scopes":["user:email"]},{"id":"microsoft","scopes":["openid","profile","email","offline_access"]}]
2024-11-13 18:31:12.290 [info] Settings Sync: Authentication providers updated ["github","microsoft"]
2024-11-13 18:31:12.291 [info] Settings Sync: Updating authentication providers. Authentication Providers from store: [{"id":"github","scopes":["user:email"]},{"id":"microsoft","scopes":["openid","profile","email","offline_access"]}]
2024-11-13 18:31:12.291 [info] Settings Sync: Authentication providers updated ["github","microsoft"]
2024-11-13 18:31:12.291 [info] Settings Sync: Updating due to declared authentication providers changed
2024-11-13 18:31:12.291 [info] Settings Sync: Updating authentication providers. Authentication Providers from store: [{"id":"github","scopes":["user:email"]},{"id":"microsoft","scopes":["openid","profile","email","offline_access"]}]
2024-11-13 18:31:12.291 [info] Settings Sync: Authentication providers updated ["github","microsoft"]
2024-11-13 18:31:12.472 [info] [perf] Render performance baseline is 22ms
2024-11-13 18:31:14.396 [error] [Extension Host] (node:5416) [DEP0005] DeprecationWarning: Buffer() is deprecated due to security and usability issues. Please use the Buffer.alloc(), Buffer.allocUnsafe(), or Buffer.from() methods instead.
(Use `exe --trace-deprecation ...` to show where the warning was created)
