2024-11-14 01:45:12.376 [info] Reading sessions from keychain...
2024-11-14 01:45:12.376 [info] Getting sessions for all scopes...
2024-11-14 01:45:12.376 [info] Getting sessions for all scopes...
2024-11-14 01:45:12.376 [info] Getting sessions for all scopes...
2024-11-14 01:45:12.376 [info] Getting sessions for user:email...
2024-11-14 01:45:12.376 [info] Got stored sessions!
2024-11-14 01:45:12.376 [info] Got 1 verified sessions.
2024-11-14 01:45:12.376 [info] Got 1 sessions for ...
2024-11-14 01:45:12.376 [info] Got 1 sessions for ...
2024-11-14 01:45:12.376 [info] Got 1 sessions for ...
2024-11-14 01:45:12.376 [info] Got 1 sessions for user:email...
2024-11-14 01:45:12.376 [info] Getting sessions for user:email...
2024-11-14 01:45:12.376 [info] Got 1 sessions for user:email...
2024-11-14 01:45:12.376 [info] Getting sessions for user:email...
2024-11-14 01:45:12.376 [info] Got 1 sessions for user:email...
2024-11-14 01:45:13.090 [info] Getting sessions for all scopes...
2024-11-14 01:45:13.090 [info] Got 1 sessions for ...
2024-11-14 01:45:23.445 [info] Getting sessions for read:user,repo,user:email...
2024-11-14 01:45:23.446 [info] Got 0 sessions for read:user,repo,user:email...
2024-11-14 01:45:23.446 [info] Getting sessions for read:user,repo,user:email,workflow...
2024-11-14 01:45:23.446 [info] Got 0 sessions for read:user,repo,user:email,workflow...
2024-11-14 01:45:23.446 [info] Getting sessions for all scopes...
2024-11-14 01:45:23.446 [info] Got 1 sessions for ...
2024-11-14 01:45:23.446 [info] Getting sessions for all scopes...
2024-11-14 01:45:23.446 [info] Got 1 sessions for ...
2024-11-14 01:45:23.535 [info] Getting sessions for read:user...
2024-11-14 01:45:23.535 [info] Got 0 sessions for read:user...
2024-11-14 01:45:23.535 [info] Getting sessions for read:user,repo,user:email,workflow...
2024-11-14 01:45:23.535 [info] Got 0 sessions for read:user,repo,user:email,workflow...
2024-11-14 01:45:23.762 [info] Getting sessions for user:email...
2024-11-14 01:45:23.762 [info] Got 1 sessions for user:email...
2024-11-14 01:45:23.762 [info] Getting sessions for user:email...
2024-11-14 01:45:23.762 [info] Got 1 sessions for user:email...
2024-11-14 01:45:23.859 [info] Getting sessions for all scopes...
2024-11-14 01:45:23.859 [info] Got 1 sessions for ...
2024-11-14 01:45:24.633 [info] Getting sessions for read:user,repo,user:email,workflow...
2024-11-14 01:45:24.633 [info] Got 0 sessions for read:user,repo,user:email,workflow...
2024-11-14 01:45:24.665 [info] Getting sessions for read:user,repo,user:email,workflow...
2024-11-14 01:45:24.665 [info] Got 0 sessions for read:user,repo,user:email,workflow...
2024-11-14 01:45:24.711 [info] Getting sessions for user:email...
2024-11-14 01:45:24.712 [info] Got 1 sessions for user:email...
2024-11-14 01:45:24.754 [info] Getting sessions for all scopes...
2024-11-14 01:45:24.755 [info] Got 1 sessions for ...
2024-11-14 01:45:24.857 [info] Getting sessions for read:user,repo,user:email,workflow...
2024-11-14 01:45:24.857 [info] Got 0 sessions for read:user,repo,user:email,workflow...
2024-11-14 01:45:24.871 [info] Getting sessions for user:email...
2024-11-14 01:45:24.871 [info] Got 1 sessions for user:email...
2024-11-14 01:45:25.694 [info] Getting sessions for all scopes...
2024-11-14 01:45:25.694 [info] Got 1 sessions for ...
2024-11-14 01:45:25.694 [info] Getting sessions for all scopes...
2024-11-14 01:45:25.694 [info] Got 1 sessions for ...
2024-11-14 01:45:25.701 [info] Getting sessions for read:user,repo,user:email,workflow...
2024-11-14 01:45:25.701 [info] Got 0 sessions for read:user,repo,user:email,workflow...
2024-11-14 01:45:25.708 [info] Getting sessions for user:email...
2024-11-14 01:45:25.708 [info] Got 1 sessions for user:email...
2024-11-14 01:45:25.710 [info] Getting sessions for all scopes...
2024-11-14 01:45:25.710 [info] Got 1 sessions for ...
2024-11-14 01:45:25.711 [info] Getting sessions for read:user,repo,user:email,workflow...
2024-11-14 01:45:25.711 [info] Got 0 sessions for read:user,repo,user:email,workflow...
2024-11-14 01:45:25.711 [info] Getting sessions for user:email...
2024-11-14 01:45:25.711 [info] Got 1 sessions for user:email...
2024-11-14 01:45:25.748 [info] Getting sessions for all scopes...
2024-11-14 01:45:25.748 [info] Got 1 sessions for ...
2024-11-14 01:45:25.749 [info] Getting sessions for read:user,repo,user:email,workflow...
2024-11-14 01:45:25.749 [info] Got 0 sessions for read:user,repo,user:email,workflow...
2024-11-14 01:45:25.750 [info] Getting sessions for user:email...
2024-11-14 01:45:25.750 [info] Got 1 sessions for user:email...
